TN:
SF:/home/travis/build/unosquare/tubular/src/js/tubular/tubular-core.js
FN:1,(anonymous_1)
FN:16,tubular
FN:22,isValueInObject
FNF:3
FNH:3
FNDA:1,(anonymous_1)
FNDA:81,tubular
FNDA:15,isValueInObject
DA:1,1
DA:13,1
DA:16,1
DA:18,81
DA:22,1
DA:23,15
LF:6
LH:6
BRF:0
BRH:0
end_of_record
TN:
SF:/home/travis/build/unosquare/tubular/src/js/tubular/tubular-services.js
FN:2,(anonymous_1)
FNF:1
FNH:1
FNDA:1,(anonymous_1)
DA:2,1
DA:14,1
DA:18,215
DA:19,215
LF:4
LH:4
BRF:0
BRH:0
end_of_record
TN:
SF:/home/travis/build/unosquare/tubular/src/js/tubular/tubular-models.js
FN:1,(anonymous_1)
FNF:1
FNH:1
FNDA:1,(anonymous_1)
DA:1,1
DA:13,1
LF:2
LH:2
BRF:0
BRH:0
end_of_record
TN:
SF:/home/travis/build/unosquare/tubular/src/js/tubular/models/tubular-column.js
FN:18,(anonymous_1)
FN:19,(anonymous_2)
FN:37,(anonymous_3)
FNF:3
FNH:3
FNDA:79,(anonymous_1)
FNDA:7,(anonymous_2)
FNDA:5,(anonymous_3)
DA:1,1
DA:2,1
DA:4,1
DA:19,79
DA:20,7
DA:21,7
DA:22,7
DA:24,7
DA:25,1
DA:28,6
DA:29,1
DA:32,5
DA:38,5
DA:39,5
DA:42,0
DA:43,0
DA:46,0
DA:47,0
DA:50,0
DA:60,5
LF:20
LH:15
BRDA:20,1,0,7
BRDA:20,1,1,4
BRDA:21,2,0,7
BRDA:21,2,1,6
BRDA:22,3,0,7
BRDA:22,3,1,6
BRDA:24,4,0,1
BRDA:24,4,1,6
BRDA:28,5,0,1
BRDA:28,5,1,5
BRDA:33,6,0,5
BRDA:33,6,1,4
BRDA:33,7,0,4
BRDA:33,7,1,0
BRDA:36,8,0,5
BRDA:36,8,1,5
BRDA:38,9,0,5
BRDA:38,9,1,0
BRDA:42,10,0,0
BRDA:42,10,1,0
BRDA:46,11,0,0
BRDA:46,11,1,0
BRDA:52,12,0,0
BRDA:52,12,1,5
BRDA:53,13,0,0
BRDA:53,13,1,5
BRDA:54,14,0,0
BRDA:54,14,1,5
BRF:28
BRH:19
end_of_record
TN:
SF:/home/travis/build/unosquare/tubular/src/js/tubular/models/tubular-model.js
FN:1,(anonymous_1)
FN:13,(anonymous_2)
FN:14,(anonymous_3)
FNF:3
FNH:3
FNDA:1,(anonymous_1)
FNDA:15,(anonymous_2)
FNDA:14,(anonymous_3)
DA:1,1
DA:4,1
DA:14,15
DA:15,14
DA:16,2
DA:23,2
DA:25,46
DA:26,14
DA:29,32
DA:30,32
DA:32,32
DA:33,32
DA:36,2
DA:38,1
DA:39,13
DA:40,2
DA:44,1
DA:48,14
DA:49,14
DA:52,14
DA:53,14
DA:54,32
DA:56,32
DA:57,3
DA:58,1
DA:60,2
DA:63,32
DA:65,32
DA:66,15
DA:71,14
DA:72,14
DA:75,14
LF:32
LH:32
BRDA:16,1,0,2
BRDA:16,1,1,2
BRDA:23,2,0,1
BRDA:23,2,1,1
BRDA:25,3,0,14
BRDA:25,3,1,32
BRDA:32,4,0,32
BRDA:32,4,1,0
BRDA:39,5,0,2
BRDA:39,5,1,11
BRDA:48,6,0,7
BRDA:48,6,1,7
BRDA:52,7,0,14
BRDA:52,7,1,0
BRDA:54,8,0,17
BRDA:54,8,1,15
BRDA:56,9,0,3
BRDA:56,9,1,29
BRDA:56,10,0,32
BRDA:56,10,1,31
BRDA:56,10,2,30
BRDA:57,11,0,1
BRDA:57,11,1,2
BRDA:57,12,0,3
BRDA:57,12,1,3
BRDA:57,12,2,2
BRDA:60,13,0,1
BRDA:60,13,1,1
BRDA:65,14,0,15
BRDA:65,14,1,17
BRDA:71,15,0,14
BRDA:71,15,1,0
BRF:32
BRH:29
end_of_record
TN:
SF:/home/travis/build/unosquare/tubular/src/js/tubular/services/constants.js
FNF:0
FNH:0
DA:1,1
DA:2,1
DA:4,1
LF:3
LH:3
BRF:0
BRH:0
end_of_record
TN:
SF:/home/travis/build/unosquare/tubular/src/js/tubular/services/editor.js
FN:1,(anonymous_1)
FN:14,editorService
FN:24,setupScope
FNF:3
FNH:3
FNDA:1,(anonymous_1)
FNDA:15,editorService
FNDA:15,setupScope
DA:1,1
DA:4,1
DA:14,1
DA:15,15
DA:24,1
DA:25,15
DA:26,15
DA:27,15
DA:28,15
DA:29,15
DA:30,15
DA:31,15
DA:32,15
DA:35,15
DA:37,4
DA:38,4
DA:45,15
DA:46,0
DA:48,0
DA:49,0
DA:50,0
DA:52,0
DA:55,0
DA:58,0
DA:61,15
DA:63,0
DA:65,0
DA:68,15
DA:69,4
DA:70,4
DA:72,4
DA:74,1
DA:75,1
DA:77,1
DA:78,0
DA:81,1
DA:85,3
DA:86,0
DA:90,20
DA:91,10
DA:92,10
DA:95,0
DA:98,0
DA:99,0
DA:100,0
DA:103,0
DA:104,0
DA:105,0
DA:106,0
DA:107,0
DA:108,0
DA:112,0
DA:115,15
DA:118,15
DA:119,25
DA:122,0
DA:123,0
DA:126,0
DA:128,0
DA:130,0
DA:131,0
DA:133,0
DA:134,0
DA:135,0
DA:137,0
DA:138,0
DA:140,0
DA:143,0
DA:148,0
DA:149,0
DA:150,0
DA:154,0
DA:155,0
DA:156,0
DA:160,0
DA:161,0
DA:162,0
DA:165,0
DA:166,0
DA:169,0
DA:172,0
DA:175,0
DA:177,0
DA:178,0
DA:184,0
DA:185,0
DA:188,0
DA:189,0
DA:191,0
DA:192,0
DA:197,0
DA:199,0
DA:202,25
LF:93
LH:34
BRDA:25,1,0,15
BRDA:25,1,1,5
BRDA:26,2,0,5
BRDA:26,2,1,10
BRDA:27,3,0,15
BRDA:27,3,1,15
BRDA:28,4,0,15
BRDA:28,4,1,10
BRDA:28,5,0,10
BRDA:28,5,1,0
BRDA:29,6,0,15
BRDA:29,6,1,15
BRDA:30,7,0,15
BRDA:30,7,1,15
BRDA:31,8,0,15
BRDA:31,8,1,15
BRDA:49,9,0,0
BRDA:49,9,1,0
BRDA:52,10,0,0
BRDA:52,10,1,0
BRDA:65,11,0,0
BRDA:65,11,1,0
BRDA:72,12,0,1
BRDA:72,12,1,3
BRDA:72,13,0,4
BRDA:72,13,1,2
BRDA:72,13,2,3
BRDA:72,13,3,0
BRDA:72,13,4,0
BRDA:77,14,0,0
BRDA:77,14,1,1
BRDA:85,15,0,0
BRDA:85,15,1,3
BRDA:91,16,0,10
BRDA:91,16,1,0
BRDA:91,17,0,10
BRDA:91,17,1,10
BRDA:98,18,0,0
BRDA:98,18,1,0
BRDA:99,19,0,0
BRDA:99,19,1,0
BRDA:103,20,0,0
BRDA:103,20,1,0
BRDA:105,21,0,0
BRDA:105,21,1,0
BRDA:107,22,0,0
BRDA:107,22,1,0
BRDA:119,23,0,0
BRDA:119,23,1,25
BRDA:119,24,0,25
BRDA:119,24,1,25
BRDA:122,25,0,0
BRDA:122,25,1,0
BRDA:126,26,0,0
BRDA:126,26,1,0
BRDA:133,27,0,0
BRDA:133,27,1,0
BRDA:134,28,0,0
BRDA:134,28,1,0
BRDA:135,29,0,0
BRDA:135,29,1,0
BRDA:135,30,0,0
BRDA:135,30,1,0
BRDA:135,30,2,0
BRDA:135,30,3,0
BRDA:137,31,0,0
BRDA:137,31,1,0
BRDA:137,32,0,0
BRDA:137,32,1,0
BRDA:149,33,0,0
BRDA:149,33,1,0
BRDA:155,34,0,0
BRDA:155,34,1,0
BRDA:160,35,0,0
BRDA:160,35,1,0
BRDA:160,36,0,0
BRDA:160,36,1,0
BRDA:160,36,2,0
BRDA:161,37,0,0
BRDA:161,37,1,0
BRDA:161,38,0,0
BRDA:161,38,1,0
BRDA:161,38,2,0
BRDA:165,39,0,0
BRDA:165,39,1,0
BRDA:165,40,0,0
BRDA:165,40,1,0
BRDA:172,41,0,0
BRDA:172,41,1,0
BRDA:184,42,0,0
BRDA:184,42,1,0
BRDA:188,43,0,0
BRDA:188,43,1,0
BRDA:191,44,0,0
BRDA:191,44,1,0
BRF:95
BRH:28
end_of_record
TN:
SF:/home/travis/build/unosquare/tubular/src/js/tubular/services/gridExport.js
FN:2,(anonymous_1)
FN:15,(anonymous_2)
FN:94,getColumns
FN:98,getColumnsVisibility
FN:102,exportToCsv
FNF:5
FNH:1
FNDA:1,(anonymous_1)
FNDA:0,(anonymous_2)
FNDA:0,getColumns
FNDA:0,getColumnsVisibility
FNDA:0,exportToCsv
DA:2,1
DA:5,1
DA:16,0
DA:18,0
DA:19,0
DA:20,0
DA:22,0
DA:23,0
DA:24,0
DA:25,0
DA:27,0
DA:30,0
DA:32,0
DA:33,0
DA:35,0
DA:36,0
DA:40,0
DA:41,0
DA:44,0
DA:45,0
DA:47,0
DA:48,0
DA:49,0
DA:53,0
DA:54,0
DA:56,0
DA:57,0
DA:61,0
DA:62,0
DA:65,0
DA:66,0
DA:68,0
DA:71,0
DA:77,0
DA:78,0
DA:80,0
DA:81,0
DA:84,0
DA:85,0
DA:86,0
DA:87,0
DA:88,0
DA:94,1
DA:95,0
DA:98,1
DA:99,0
DA:102,1
DA:103,0
DA:104,0
DA:105,0
DA:108,0
DA:109,0
DA:110,0
DA:111,0
DA:113,0
DA:114,0
DA:117,0
DA:119,0
DA:120,0
DA:123,0
DA:124,0
DA:127,0
DA:131,0
DA:134,0
DA:136,0
DA:137,0
DA:140,0
DA:143,0
LF:68
LH:5
BRDA:40,1,0,0
BRDA:40,1,1,0
BRDA:40,2,0,0
BRDA:40,2,1,0
BRDA:57,3,0,0
BRDA:57,3,1,0
BRDA:61,4,0,0
BRDA:61,4,1,0
BRDA:66,5,0,0
BRDA:66,5,1,0
BRDA:66,6,0,0
BRDA:66,6,1,0
BRDA:80,7,0,0
BRDA:80,7,1,0
BRDA:104,8,0,0
BRDA:104,8,1,0
BRDA:110,9,0,0
BRDA:110,9,1,0
BRDA:111,10,0,0
BRDA:111,10,1,0
BRDA:113,11,0,0
BRDA:113,11,1,0
BRDA:119,12,0,0
BRDA:119,12,1,0
BRDA:123,13,0,0
BRDA:123,13,1,0
BRDA:136,14,0,0
BRDA:136,14,1,0
BRF:28
BRH:0
end_of_record
TN:
SF:/home/travis/build/unosquare/tubular/src/js/tubular/services/http.js
FN:1,(anonymous_1)
FN:21,(anonymous_2)
FN:31,init
FN:39,isAuthenticationExpired
FN:57,(anonymous_5)
FN:66,(anonymous_6)
FNF:6
FNH:6
FNDA:1,(anonymous_1)
FNDA:49,(anonymous_2)
FNDA:49,init
FNDA:6,isAuthenticationExpired
FNDA:5,(anonymous_5)
FNDA:2,(anonymous_6)
DA:1,1
DA:4,1
DA:27,49
DA:28,49
DA:29,49
DA:31,1
DA:32,49
DA:34,49
DA:35,2
DA:39,1
DA:40,6
DA:41,6
DA:43,6
DA:46,49
DA:53,49
DA:55,49
DA:57,49
DA:58,5
DA:59,5
DA:60,5
DA:61,5
DA:62,5
DA:63,5
DA:66,49
DA:67,2
DA:69,2
DA:75,1
DA:76,1
DA:78,1
DA:79,1
DA:83,49
DA:84,2
DA:85,2
DA:86,2
DA:87,2
DA:88,2
DA:89,2
DA:90,2
DA:92,2
DA:95,49
LF:40
LH:40
BRDA:34,1,0,2
BRDA:34,1,1,47
BRDA:55,2,0,5
BRDA:55,2,1,3
BRDA:85,3,0,2
BRDA:85,3,1,2
BRDA:85,3,2,1
BRF:7
BRH:7
end_of_record
TN:
SF:/home/travis/build/unosquare/tubular/src/js/tubular/services/localPager.js
FN:1,(anonymous_1)
FN:16,localPager
FN:40,sort
FN:52,search
FN:68,filter
FN:89,format
FN:103,createEmptyResponse
FNF:7
FNH:7
FNDA:1,(anonymous_1)
FNDA:82,localPager
FNDA:8,sort
FNDA:8,search
FNDA:8,filter
FNDA:8,format
FNDA:10,createEmptyResponse
DA:1,1
DA:4,1
DA:14,1
DA:16,1
DA:17,82
DA:18,10
DA:19,8
DA:20,8
DA:22,8
DA:23,1
DA:24,3
DA:26,36
DA:29,8
DA:30,8
DA:31,8
DA:33,8
DA:36,2
DA:40,1
DA:41,8
DA:42,24
DA:43,24
DA:45,8
DA:46,2
DA:49,8
DA:52,1
DA:53,8
DA:54,2
DA:55,6
DA:56,6
DA:58,2
DA:59,2
DA:61,36
DA:65,6
DA:68,1
DA:71,8
DA:72,24
DA:73,24
DA:75,8
DA:76,6
DA:80,24
DA:82,24
DA:83,8
DA:85,16
DA:89,1
DA:90,8
DA:91,8
DA:92,8
DA:93,8
DA:94,8
DA:96,8
DA:97,8
DA:100,8
DA:103,1
DA:104,10
LF:54
LH:54
BRDA:18,1,0,8
BRDA:18,1,1,2
BRDA:18,2,0,10
BRDA:18,2,1,8
BRDA:22,3,0,1
BRDA:22,3,1,7
BRDA:42,4,0,2
BRDA:42,4,1,22
BRDA:42,5,0,1
BRDA:42,5,1,1
BRDA:53,6,0,2
BRDA:53,6,1,6
BRDA:53,7,0,8
BRDA:53,7,1,8
BRDA:53,7,2,2
BRDA:55,8,0,4
BRDA:55,8,1,2
BRDA:58,9,0,2
BRDA:58,9,1,0
BRDA:61,10,0,36
BRDA:61,10,1,36
BRDA:72,11,0,2
BRDA:72,11,1,22
BRDA:72,12,0,24
BRDA:72,12,1,24
BRDA:75,13,0,6
BRDA:75,13,1,2
BRDA:82,14,0,8
BRDA:82,14,1,16
BRDA:82,15,0,24
BRDA:82,15,1,12
BRDA:96,16,0,8
BRDA:96,16,1,0
BRF:33
BRH:31
end_of_record
TN:
SF:/home/travis/build/unosquare/tubular/src/js/tubular/services/modelSaver.js
FN:1,(anonymous_1)
FN:14,(anonymous_2)
FN:15,addTimeZoneToUrl
FNF:3
FNH:2
FNDA:1,(anonymous_1)
FNDA:73,(anonymous_2)
FNDA:0,addTimeZoneToUrl
DA:1,1
DA:4,1
DA:15,1
DA:16,0
DA:19,73
DA:29,0
DA:30,0
DA:33,0
DA:34,0
DA:35,0
DA:37,0
DA:38,0
DA:39,0
DA:40,0
DA:41,0
DA:42,0
DA:43,0
DA:44,0
DA:46,0
LF:19
LH:4
BRDA:16,1,0,0
BRDA:16,1,1,0
BRDA:29,2,0,0
BRDA:29,2,1,0
BRDA:47,3,0,0
BRDA:47,3,1,0
BRDA:48,4,0,0
BRDA:48,4,1,0
BRDA:48,5,0,0
BRDA:48,5,1,0
BRDA:49,6,0,0
BRDA:49,6,1,0
BRF:12
BRH:0
end_of_record
TN:
SF:/home/travis/build/unosquare/tubular/src/js/tubular/services/popup.js
FN:1,(anonymous_1)
FN:16,(anonymous_2)
FNF:2
FNH:2
FNDA:1,(anonymous_1)
FNDA:77,(anonymous_2)
DA:1,1
DA:4,1
DA:21,77
DA:23,0
DA:25,0
DA:29,0
DA:31,0
DA:44,2
DA:45,1
DA:48,2
DA:55,2
DA:56,2
LF:12
LH:8
BRDA:44,1,0,1
BRDA:44,1,1,1
BRF:2
BRH:2
end_of_record
TN:
SF:/home/travis/build/unosquare/tubular/src/js/tubular/services/popupCtrl.js
FN:11,(anonymous_1)
FNF:1
FNH:1
FNDA:3,(anonymous_1)
DA:1,1
DA:2,1
DA:4,1
DA:18,3
DA:20,3
DA:21,0
DA:24,0
DA:25,0
DA:26,0
DA:29,0
DA:32,3
DA:33,0
DA:34,0
DA:37,0
DA:40,3
DA:41,0
DA:42,0
LF:17
LH:7
BRDA:21,1,0,0
BRDA:21,1,1,0
BRDA:24,2,0,0
BRDA:24,2,1,0
BRDA:24,3,0,0
BRDA:24,3,1,0
BRDA:24,3,2,0
BRDA:33,4,0,0
BRDA:33,4,1,0
BRF:9
BRH:0
end_of_record
TN:
SF:/home/travis/build/unosquare/tubular/src/js/tubular/services/template.js
FN:19,(anonymous_1)
FN:171,(anonymous_2)
FN:215,(anonymous_3)
FN:292,(anonymous_4)
FN:534,(anonymous_5)
FN:545,(anonymous_6)
FNF:6
FNH:4
FNDA:95,(anonymous_1)
FNDA:1,(anonymous_2)
FNDA:1,(anonymous_3)
FNDA:23,(anonymous_4)
FNDA:0,(anonymous_5)
FNDA:0,(anonymous_6)
DA:1,1
DA:2,1
DA:4,1
DA:25,95
DA:27,95
DA:28,95
DA:29,95
DA:32,95
DA:129,95
DA:137,95
DA:138,7
DA:139,15
DA:140,7
DA:142,7
DA:147,95
DA:148,14
DA:149,15
DA:150,14
DA:152,14
DA:157,95
DA:158,14
DA:171,95
DA:172,1
DA:173,1
DA:175,1
DA:176,1
DA:177,1
DA:180,1
DA:181,1
DA:189,1
DA:190,1
DA:193,1
DA:194,1
DA:198,1
DA:199,1
DA:202,1
DA:215,95
DA:216,1
DA:217,1
DA:219,1
DA:220,1
DA:221,1
DA:224,1
DA:225,1
DA:233,1
DA:234,1
DA:237,1
DA:238,1
DA:242,1
DA:243,1
DA:246,1
DA:247,1
DA:249,1
DA:273,95
DA:274,165
DA:276,24
DA:278,24
DA:280,24
DA:282,93
DA:292,95
DA:293,23
DA:294,23
DA:296,23
DA:297,163
DA:300,163
DA:301,2
DA:304,161
DA:305,23
DA:310,138
DA:311,23
DA:312,115
DA:313,23
DA:319,92
DA:321,92
DA:322,23
DA:325,92
DA:329,23
DA:331,23
DA:332,161
DA:333,161
DA:336,161
DA:337,161
DA:338,161
DA:339,161
DA:340,161
DA:341,161
DA:342,161
DA:344,161
DA:345,161
DA:346,161
DA:347,161
DA:348,161
DA:349,161
DA:351,161
DA:352,138
DA:355,23
DA:356,23
DA:357,23
DA:358,23
DA:361,23
DA:364,95
DA:365,3
DA:366,3
DA:368,3
DA:377,95
DA:378,2
DA:379,2
DA:381,2
DA:383,2
DA:393,95
DA:394,3
DA:395,3
DA:396,3
DA:398,3
DA:399,1
DA:401,2
DA:404,7
DA:406,7
DA:409,7
DA:411,7
DA:413,7
DA:418,3
DA:440,95
DA:441,56
DA:442,120
DA:443,56
DA:445,56
DA:458,95
DA:459,0
DA:470,0
DA:501,0
DA:510,0
DA:512,0
DA:513,0
DA:515,0
DA:517,0
DA:518,0
DA:521,0
DA:523,0
DA:526,0
DA:527,0
DA:528,0
DA:529,0
DA:534,0
DA:535,0
DA:537,0
DA:538,0
DA:541,0
DA:542,0
DA:545,0
DA:546,0
DA:547,0
DA:550,0
DA:551,0
DA:554,0
DA:555,0
DA:556,0
DA:557,0
DA:560,0
DA:561,0
DA:562,0
DA:565,0
DA:567,0
DA:568,0
DA:569,0
DA:570,0
DA:574,0
DA:576,0
DA:577,0
DA:578,0
DA:582,0
DA:583,0
DA:586,0
DA:587,0
DA:588,0
DA:590,0
DA:591,0
DA:595,0
DA:598,0
DA:599,0
DA:600,0
DA:602,0
DA:605,0
DA:607,0
DA:608,0
DA:612,0
DA:613,0
DA:615,0
DA:616,0
LF:189
LH:128
BRDA:29,1,0,95
BRDA:29,1,1,95
BRDA:129,2,0,0
BRDA:129,2,1,95
BRDA:138,3,0,7
BRDA:138,3,1,0
BRDA:140,4,0,7
BRDA:140,4,1,0
BRDA:143,5,0,7
BRDA:143,5,1,0
BRDA:148,6,0,7
BRDA:148,6,1,7
BRDA:150,7,0,14
BRDA:150,7,1,0
BRDA:153,8,0,7
BRDA:153,8,1,7
BRDA:160,9,0,14
BRDA:160,9,1,0
BRDA:161,10,0,14
BRDA:161,10,1,0
BRDA:175,11,0,1
BRDA:175,11,1,0
BRDA:180,12,0,1
BRDA:180,12,1,0
BRDA:189,13,0,1
BRDA:189,13,1,0
BRDA:193,14,0,1
BRDA:193,14,1,0
BRDA:198,15,0,1
BRDA:198,15,1,0
BRDA:204,16,0,0
BRDA:204,16,1,1
BRDA:204,17,0,0
BRDA:204,17,1,1
BRDA:211,18,0,0
BRDA:211,18,1,1
BRDA:219,19,0,1
BRDA:219,19,1,0
BRDA:224,20,0,1
BRDA:224,20,1,0
BRDA:233,21,0,1
BRDA:233,21,1,0
BRDA:237,22,0,1
BRDA:237,22,1,0
BRDA:242,23,0,1
BRDA:242,23,1,0
BRDA:251,24,0,0
BRDA:251,24,1,1
BRDA:251,25,0,0
BRDA:251,25,1,1
BRDA:260,26,0,0
BRDA:260,26,1,1
BRDA:261,27,0,0
BRDA:261,27,1,0
BRDA:269,28,0,0
BRDA:269,28,1,1
BRDA:274,29,0,24
BRDA:274,29,1,24
BRDA:274,29,2,24
BRDA:274,29,3,93
BRDA:293,30,0,22
BRDA:293,30,1,1
BRDA:293,31,0,23
BRDA:293,31,1,22
BRDA:300,32,0,2
BRDA:300,32,1,161
BRDA:300,33,0,163
BRDA:300,33,1,162
BRDA:300,33,2,161
BRDA:304,34,0,23
BRDA:304,34,1,138
BRDA:304,35,0,161
BRDA:304,35,1,138
BRDA:310,36,0,23
BRDA:310,36,1,115
BRDA:310,37,0,138
BRDA:310,37,1,138
BRDA:312,38,0,23
BRDA:312,38,1,92
BRDA:312,39,0,115
BRDA:312,39,1,115
BRDA:321,40,0,23
BRDA:321,40,1,69
BRDA:351,41,0,138
BRDA:351,41,1,23
BRDA:366,42,0,3
BRDA:366,42,1,1
BRDA:394,43,0,1
BRDA:394,43,1,2
BRDA:398,44,0,1
BRDA:398,44,1,2
BRDA:402,45,0,1
BRDA:402,45,1,1
BRDA:427,46,0,3
BRDA:427,46,1,0
BRDA:446,47,0,32
BRDA:446,47,1,24
BRDA:447,48,0,48
BRDA:447,48,1,8
BRDA:450,49,0,40
BRDA:450,49,1,16
BRDA:451,50,0,48
BRDA:451,50,1,8
BRDA:452,51,0,56
BRDA:452,51,1,0
BRDA:453,52,0,16
BRDA:453,52,1,40
BRDA:454,53,0,56
BRDA:454,53,1,0
BRDA:502,54,0,0
BRDA:502,54,1,0
BRDA:503,55,0,0
BRDA:503,55,1,0
BRDA:504,56,0,0
BRDA:504,56,1,0
BRDA:505,57,0,0
BRDA:505,57,1,0
BRDA:506,58,0,0
BRDA:506,58,1,0
BRDA:506,58,2,0
BRDA:510,59,0,0
BRDA:510,59,1,0
BRDA:515,60,0,0
BRDA:515,60,1,0
BRDA:517,61,0,0
BRDA:517,61,1,0
BRDA:521,62,0,0
BRDA:521,62,1,0
BRDA:521,63,0,0
BRDA:521,63,1,0
BRDA:521,63,2,0
BRDA:521,63,3,0
BRDA:522,64,0,0
BRDA:522,64,1,0
BRDA:526,65,0,0
BRDA:526,65,1,0
BRDA:537,66,0,0
BRDA:537,66,1,0
BRDA:546,67,0,0
BRDA:546,67,1,0
BRDA:550,68,0,0
BRDA:550,68,1,0
BRDA:550,69,0,0
BRDA:550,69,1,0
BRDA:568,70,0,0
BRDA:568,70,1,0
BRDA:577,71,0,0
BRDA:577,71,1,0
BRDA:582,72,0,0
BRDA:582,72,1,0
BRDA:587,73,0,0
BRDA:587,73,1,0
BRDA:590,74,0,0
BRDA:590,74,1,0
BRDA:602,75,0,0
BRDA:602,75,1,0
BRDA:602,76,0,0
BRDA:602,76,1,0
BRDA:602,76,2,0
BRDA:607,77,0,0
BRDA:607,77,1,0
BRDA:612,78,0,0
BRDA:612,78,1,0
BRDA:612,79,0,0
BRDA:612,79,1,0
BRDA:615,80,0,0
BRDA:615,80,1,0
BRF:167
BRH:80
end_of_record
TN:
SF:/home/travis/build/unosquare/tubular/src/js/tubular/services/translate.js
FN:1,(anonymous_1)
FN:12,(anonymous_2)
FNF:2
FNH:2
FNDA:1,(anonymous_1)
FNDA:93,(anonymous_2)
DA:1,1
DA:4,1
DA:13,93
DA:15,93
DA:16,93
DA:18,93
DA:130,93
DA:132,93
DA:133,1
DA:136,1
DA:139,93
DA:140,6
DA:142,6
LF:13
LH:13
BRDA:133,1,0,1
BRDA:133,1,1,1
BRDA:133,1,2,0
BRDA:140,2,0,6
BRDA:140,2,1,1
BRDA:142,3,0,6
BRDA:142,3,1,0
BRF:7
BRH:5
end_of_record
TN:
SF:/home/travis/build/unosquare/tubular/src/js/tubular/services/tubularConfig.js
FN:5,(anonymous_1)
FN:47,setPlatformConfig
FN:58,addConfig
FN:76,createConfig
FN:77,(anonymous_5)
FN:86,(anonymous_6)
FN:107,stringObj
FN:122,(anonymous_8)
FNF:8
FNH:8
FNDA:215,(anonymous_1)
FNDA:216,setPlatformConfig
FNDA:648,addConfig
FNDA:1938,createConfig
FNDA:4525,(anonymous_5)
FNDA:269,(anonymous_6)
FNDA:234,stringObj
FNDA:138,(anonymous_8)
DA:1,1
DA:2,1
DA:4,1
DA:7,215
DA:8,215
DA:9,215
DA:11,215
DA:27,215
DA:31,215
DA:47,1
DA:48,216
DA:49,216
DA:51,216
DA:53,216
DA:58,1
DA:59,648
DA:60,2376
DA:61,2160
DA:62,432
DA:63,0
DA:65,432
DA:67,1728
DA:68,2
DA:76,1
DA:77,1938
DA:79,4525
DA:81,1507
DA:82,1507
DA:86,3018
DA:87,269
DA:88,23
DA:89,23
DA:91,246
DA:98,234
DA:100,12
DA:107,1
DA:108,234
DA:109,234
DA:110,702
DA:111,702
DA:113,0
DA:116,234
DA:119,215
DA:122,215
DA:123,138
LF:45
LH:43
BRDA:60,1,0,2160
BRDA:60,1,1,216
BRDA:60,2,0,2376
BRDA:60,2,1,2160
BRDA:61,3,0,432
BRDA:61,3,1,1728
BRDA:62,4,0,0
BRDA:62,4,1,432
BRDA:67,5,0,2
BRDA:67,5,1,1726
BRDA:79,6,0,1507
BRDA:79,6,1,3018
BRDA:87,7,0,23
BRDA:87,7,1,246
BRDA:91,8,0,234
BRDA:91,8,1,12
BRDA:110,9,0,702
BRDA:110,9,1,0
BRDA:110,10,0,702
BRDA:110,10,1,702
BRF:20
BRH:18
end_of_record
TN:
SF:/home/travis/build/unosquare/tubular/src/js/tubular/interceptors/auth.js
FN:1,(anonymous_1)
FN:14,(anonymous_2)
FN:29,request
FN:69,checkStatic
FN:73,requestError
FN:77,response
FN:81,resolveRefreshToken
FN:117,responseError
FNF:8
FNH:7
FNDA:1,(anonymous_1)
FNDA:128,(anonymous_2)
FNDA:45,request
FNDA:43,checkStatic
FNDA:0,requestError
FNDA:35,response
FNDA:2,resolveRefreshToken
FNDA:6,responseError
DA:1,1
DA:13,1
DA:16,128
DA:17,128
DA:18,128
DA:20,128
DA:27,128
DA:29,1
DA:31,45
DA:32,0
DA:35,45
DA:36,2
DA:40,43
DA:41,43
DA:42,43
DA:45,43
DA:50,2
DA:51,1
DA:56,1
DA:59,0
DA:62,1
DA:66,42
DA:69,1
DA:70,43
DA:73,1
DA:74,0
DA:77,1
DA:78,35
DA:81,1
DA:82,2
DA:84,2
DA:86,2
DA:87,2
DA:95,2
DA:96,1
DA:97,1
DA:99,1
DA:100,1
DA:101,1
DA:102,1
DA:105,0
DA:108,1
DA:109,1
DA:110,1
DA:112,1
DA:113,1
DA:117,1
DA:118,6
DA:120,6
DA:121,5
DA:123,5
DA:126,4
DA:128,4
DA:132,2
DA:133,2
DA:136,2
DA:137,2
DA:142,4
DA:144,4
LF:59
LH:55
BRDA:31,1,0,0
BRDA:31,1,1,45
BRDA:35,2,0,2
BRDA:35,2,1,43
BRDA:42,3,0,43
BRDA:42,3,1,6
BRDA:45,4,0,2
BRDA:45,4,1,41
BRDA:45,5,0,43
BRDA:45,5,1,7
BRDA:45,5,2,2
BRDA:45,5,3,2
BRDA:50,6,0,1
BRDA:50,6,1,1
BRDA:56,7,0,0
BRDA:56,7,1,1
BRDA:56,8,0,1
BRDA:56,8,1,1
BRDA:56,8,2,1
BRDA:86,9,0,2
BRDA:86,9,1,0
BRDA:99,10,0,1
BRDA:99,10,1,0
BRDA:120,11,0,5
BRDA:120,11,1,1
BRDA:123,12,0,4
BRDA:123,12,1,1
BRDA:123,13,0,5
BRDA:123,13,1,4
BRDA:128,14,0,2
BRDA:128,14,1,2
BRDA:128,15,0,4
BRDA:128,15,1,2
BRDA:128,15,2,2
BRDA:128,15,3,2
BRF:35
BRH:31
end_of_record
TN:
SF:/home/travis/build/unosquare/tubular/src/js/tubular/interceptors/no-cache.js
FN:14,(anonymous_1)
FNF:1
FNH:1
FNDA:134,(anonymous_1)
DA:1,1
DA:2,1
DA:13,1
DA:16,134
DA:19,42
DA:20,5
DA:23,37
DA:24,2
DA:28,35
DA:30,35
DA:31,2
DA:32,2
DA:35,35
LF:13
LH:13
BRDA:19,1,0,5
BRDA:19,1,1,37
BRDA:23,2,0,2
BRDA:23,2,1,35
BRDA:30,3,0,2
BRDA:30,3,1,33
BRDA:31,4,0,2
BRDA:31,4,1,0
BRF:8
BRH:7
end_of_record
TN:
SF:/home/travis/build/unosquare/tubular/src/js/tubular/tubular-directives.js
FN:30,(anonymous_1)
FN:41,(anonymous_2)
FN:49,InitFromColumns
FN:94,(anonymous_4)
FN:106,(anonymous_5)
FN:114,InitFromColumns
FN:159,(anonymous_7)
FN:180,(anonymous_8)
FN:229,(anonymous_9)
FN:238,(anonymous_10)
FN:269,(anonymous_11)
FN:278,(anonymous_12)
FN:298,(anonymous_13)
FN:308,(anonymous_14)
FN:338,(anonymous_15)
FN:365,(anonymous_16)
FN:376,(anonymous_17)
FN:398,(anonymous_18)
FN:408,(anonymous_19)
FNF:19
FNH:0
FNDA:0,(anonymous_1)
FNDA:0,(anonymous_2)
FNDA:0,InitFromColumns
FNDA:0,(anonymous_4)
FNDA:0,(anonymous_5)
FNDA:0,InitFromColumns
FNDA:0,(anonymous_7)
FNDA:0,(anonymous_8)
FNDA:0,(anonymous_9)
FNDA:0,(anonymous_10)
FNDA:0,(anonymous_11)
FNDA:0,(anonymous_12)
FNDA:0,(anonymous_13)
FNDA:0,(anonymous_14)
FNDA:0,(anonymous_15)
FNDA:0,(anonymous_16)
FNDA:0,(anonymous_17)
FNDA:0,(anonymous_18)
FNDA:0,(anonymous_19)
DA:1,1
DA:2,1
DA:14,1
DA:31,0
DA:42,0
DA:43,0
DA:46,0
DA:49,1
DA:50,0
DA:52,0
DA:54,0
DA:55,0
DA:59,0
DA:61,0
DA:63,0
DA:64,0
DA:65,0
DA:66,0
DA:68,0
DA:69,0
DA:70,0
DA:73,0
DA:95,0
DA:107,0
DA:108,0
DA:111,0
DA:114,1
DA:115,0
DA:117,0
DA:119,0
DA:120,0
DA:124,0
DA:125,0
DA:126,0
DA:127,0
DA:128,0
DA:131,0
DA:160,0
DA:181,0
DA:182,0
DA:184,0
DA:186,0
DA:187,0
DA:188,0
DA:192,0
DA:193,0
DA:195,0
DA:198,0
DA:210,0
DA:211,0
DA:230,0
DA:239,0
DA:242,0
DA:246,0
DA:247,0
DA:250,0
DA:251,0
DA:271,0
DA:279,0
DA:280,0
DA:300,0
DA:309,0
DA:310,0
DA:329,0
DA:339,0
DA:340,0
DA:341,0
DA:343,0
DA:347,0
DA:367,0
DA:377,0
DA:378,0
DA:379,0
DA:382,0
DA:384,0
DA:385,0
DA:386,0
DA:388,0
DA:389,0
DA:400,0
DA:409,0
DA:410,0
DA:411,0
DA:414,0
DA:416,0
DA:417,0
DA:418,0
DA:420,0
DA:421,0
LF:89
LH:5
BRDA:52,1,0,0
BRDA:52,1,1,0
BRDA:54,2,0,0
BRDA:54,2,1,0
BRDA:59,3,0,0
BRDA:59,3,1,0
BRDA:59,4,0,0
BRDA:59,4,1,0
BRDA:73,5,0,0
BRDA:73,5,1,0
BRDA:117,6,0,0
BRDA:117,6,1,0
BRDA:119,7,0,0
BRDA:119,7,1,0
BRDA:124,8,0,0
BRDA:124,8,1,0
BRDA:124,9,0,0
BRDA:124,9,1,0
BRDA:181,10,0,0
BRDA:181,10,1,0
BRDA:187,11,0,0
BRDA:187,11,1,0
BRDA:246,12,0,0
BRDA:246,12,1,0
BRDA:250,13,0,0
BRDA:250,13,1,0
BRDA:279,14,0,0
BRDA:279,14,1,0
BRDA:309,15,0,0
BRDA:309,15,1,0
BRDA:378,16,0,0
BRDA:378,16,1,0
BRDA:379,17,0,0
BRDA:379,17,1,0
BRDA:384,18,0,0
BRDA:384,18,1,0
BRDA:388,19,0,0
BRDA:388,19,1,0
BRDA:410,20,0,0
BRDA:410,20,1,0
BRDA:411,21,0,0
BRDA:411,21,1,0
BRDA:416,22,0,0
BRDA:416,22,1,0
BRDA:420,23,0,0
BRDA:420,23,1,0
BRF:46
BRH:0
end_of_record
TN:
SF:/home/travis/build/unosquare/tubular/src/js/tubular/directives/editors/tbSimpleEditor.js
FN:5,(anonymous_1)
FNF:1
FNH:1
FNDA:10,(anonymous_1)
DA:1,1
DA:2,1
DA:4,1
DA:6,10
DA:8,10
DA:9,4
DA:10,1
DA:12,1
DA:13,1
DA:14,1
DA:15,1
DA:19,3
DA:20,1
DA:21,1
DA:22,1
DA:23,1
DA:24,1
DA:28,2
DA:29,1
DA:30,1
DA:31,1
DA:32,1
DA:36,1
DA:37,1
DA:38,1
DA:39,1
DA:40,1
DA:45,10
DA:48,1
LF:29
LH:29
BRDA:9,1,0,1
BRDA:9,1,1,3
BRDA:9,2,0,4
BRDA:9,2,1,1
BRDA:12,3,0,1
BRDA:12,3,1,0
BRDA:14,4,0,1
BRDA:14,4,1,1
BRDA:19,5,0,1
BRDA:19,5,1,2
BRDA:20,6,0,1
BRDA:20,6,1,0
BRDA:28,7,0,1
BRDA:28,7,1,1
BRDA:28,8,0,2
BRDA:28,8,1,1
BRDA:29,9,0,1
BRDA:29,9,1,0
BRDA:36,10,0,1
BRDA:36,10,1,0
BRDA:36,11,0,1
BRDA:36,11,1,1
BRDA:37,12,0,1
BRDA:37,12,1,0
BRF:24
BRH:19
end_of_record
TN:
SF:/home/travis/build/unosquare/tubular/src/js/tubular/directives/form/tbForm.js
FN:32,(anonymous_1)
FNF:1
FNH:1
FNDA:9,(anonymous_1)
DA:1,1
DA:2,1
DA:4,1
DA:33,9
DA:50,9
LF:5
LH:5
BRF:0
BRH:0
end_of_record
TN:
SF:/home/travis/build/unosquare/tubular/src/js/tubular/directives/form/tbFormCtrl.js
FN:14,(anonymous_1)
FN:25,getUrlWithKey
FN:65,(anonymous_3)
FNF:3
FNH:1
FNDA:2,(anonymous_1)
FNDA:0,getUrlWithKey
FNDA:0,(anonymous_3)
DA:1,1
DA:2,1
DA:3,1
DA:5,1
DA:22,2
DA:23,2
DA:25,1
DA:26,0
DA:27,0
DA:29,0
DA:30,0
DA:33,0
DA:36,2
DA:38,2
DA:39,2
DA:43,2
DA:46,2
DA:50,2
DA:51,0
DA:53,0
DA:54,0
DA:55,0
DA:59,0
DA:60,0
DA:63,2
DA:65,2
DA:66,0
DA:67,0
DA:69,0
DA:70,0
DA:71,0
DA:73,0
DA:76,0
DA:77,0
DA:80,0
DA:83,2
DA:84,0
DA:85,0
DA:88,0
DA:89,0
DA:90,0
DA:93,0
DA:95,0
DA:98,0
DA:99,0
DA:102,0
DA:104,0
DA:105,0
DA:108,0
DA:110,0
DA:111,0
DA:114,0
DA:115,0
DA:118,0
DA:121,0
DA:122,0
DA:127,2
DA:129,2
DA:130,0
DA:131,0
DA:134,2
DA:135,0
DA:136,0
DA:139,2
DA:140,0
DA:141,0
DA:142,0
DA:144,0
DA:146,0
DA:147,0
DA:153,2
DA:154,0
DA:155,0
DA:157,0
DA:158,0
DA:162,0
DA:164,0
LF:77
LH:21
BRDA:29,1,0,0
BRDA:29,1,1,0
BRDA:38,2,0,2
BRDA:38,2,1,2
BRDA:39,3,0,2
BRDA:39,3,1,2
BRDA:46,4,0,2
BRDA:46,4,1,0
BRDA:54,5,0,0
BRDA:54,5,1,0
BRDA:66,6,0,0
BRDA:66,6,1,0
BRDA:76,7,0,0
BRDA:76,7,1,0
BRDA:84,8,0,0
BRDA:84,8,1,0
BRDA:88,9,0,0
BRDA:88,9,1,0
BRDA:88,10,0,0
BRDA:88,10,1,0
BRDA:88,10,2,0
BRDA:98,11,0,0
BRDA:98,11,1,0
BRDA:104,12,0,0
BRDA:104,12,1,0
BRDA:110,13,0,0
BRDA:110,13,1,0
BRDA:114,14,0,0
BRDA:114,14,1,0
BRDA:141,15,0,0
BRDA:141,15,1,0
BRDA:146,16,0,0
BRDA:146,16,1,0
BRDA:157,17,0,0
BRDA:157,17,1,0
BRF:35
BRH:5
end_of_record
TN:
SF:/home/travis/build/unosquare/tubular/src/js/tubular/directives/grid/components/tbTextSearch/tbTextSearch.js
FN:1,(anonymous_1)
FNF:1
FNH:1
FNDA:1,(anonymous_1)
DA:1,1
DA:4,1
LF:2
LH:2
BRF:0
BRH:0
end_of_record
TN:
SF:/home/travis/build/unosquare/tubular/src/js/tubular/directives/grid/components/tbTextSearch/tbTextSearchCtrl.js
FN:1,(anonymous_1)
FN:6,(anonymous_2)
FN:34,search
FNF:3
FNH:2
FNDA:1,(anonymous_1)
FNDA:3,(anonymous_2)
FNDA:0,search
DA:1,1
DA:4,1
DA:7,3
DA:9,3
DA:10,3
DA:11,3
DA:14,3
DA:15,0
DA:16,0
DA:19,0
DA:21,0
DA:22,0
DA:23,0
DA:26,0
DA:27,0
DA:30,0
DA:31,0
DA:34,1
DA:35,0
DA:36,0
DA:37,0
LF:21
LH:8
BRDA:10,1,0,3
BRDA:10,1,1,2
BRDA:15,2,0,0
BRDA:15,2,1,0
BRDA:15,3,0,0
BRDA:15,3,1,0
BRDA:21,4,0,0
BRDA:21,4,1,0
BRDA:21,5,0,0
BRDA:21,5,1,0
BRDA:26,6,0,0
BRDA:26,6,1,0
BRDA:26,7,0,0
BRDA:26,7,1,0
BRDA:26,7,2,0
BRF:15
BRH:2
end_of_record
TN:
SF:/home/travis/build/unosquare/tubular/src/js/tubular/directives/grid/tbGrid.js
FN:1,(anonymous_1)
FNF:1
FNH:1
FNDA:1,(anonymous_1)
DA:1,1
DA:4,1
LF:2
LH:2
BRF:0
BRH:0
end_of_record
TN:
SF:/home/travis/build/unosquare/tubular/src/js/tubular/directives/grid/tbGridCtrl.js
FN:17,(anonymous_1)
FN:189,getRequiredAuthentication
FNF:2
FNH:2
FNDA:71,(anonymous_1)
FNDA:11,getRequiredAuthentication
DA:1,1
DA:2,1
DA:4,1
DA:28,71
DA:29,71
DA:30,71
DA:32,71
DA:33,71
DA:35,71
DA:36,0
DA:38,71
DA:40,71
DA:41,71
DA:42,71
DA:44,71
DA:45,71
DA:46,71
DA:47,71
DA:48,71
DA:49,71
DA:50,71
DA:51,71
DA:52,71
DA:53,71
DA:54,71
DA:55,71
DA:56,71
DA:57,71
DA:58,71
DA:59,71
DA:64,71
DA:65,71
DA:66,71
DA:67,71
DA:68,71
DA:69,71
DA:70,71
DA:73,71
DA:76,71
DA:77,2
DA:78,0
DA:81,2
DA:84,71
DA:86,71
DA:87,2
DA:88,0
DA:91,2
DA:94,71
DA:96,71
DA:97,0
DA:98,0
DA:101,0
DA:104,71
DA:106,71
DA:107,0
DA:108,0
DA:111,0
DA:114,71
DA:116,71
DA:117,2
DA:118,2
DA:119,1
DA:122,2
DA:126,71
DA:128,71
DA:129,1
DA:130,1
DA:134,71
DA:136,71
DA:137,3
DA:138,0
DA:141,3
DA:142,1
DA:144,2
DA:148,71
DA:149,1
DA:150,0
DA:153,1
DA:154,0
DA:157,1
DA:160,71
DA:161,3
DA:162,3
DA:163,3
DA:165,3
DA:166,1
DA:170,71
DA:171,1
DA:172,1
DA:174,1
DA:175,0
DA:178,1
DA:181,0
DA:182,0
DA:184,0
DA:185,0
DA:189,1
DA:190,11
DA:193,71
DA:194,0
DA:195,0
DA:196,0
DA:199,0
DA:201,0
DA:202,0
DA:203,0
DA:204,0
DA:205,0
DA:207,0
DA:209,0
DA:210,0
DA:211,0
DA:213,0
DA:216,0
DA:219,71
DA:220,0
DA:221,0
DA:224,0
DA:226,0
DA:227,0
DA:230,0
DA:233,0
DA:234,0
DA:237,0
DA:241,71
DA:242,2
DA:243,2
DA:245,1
DA:246,1
DA:249,1
DA:250,1
DA:252,1
DA:253,0
DA:257,1
DA:260,1
DA:261,1
DA:262,1
DA:266,1
DA:267,0
DA:270,1
DA:273,0
DA:278,71
DA:279,10
DA:280,9
DA:281,9
DA:284,10
DA:285,0
DA:298,10
DA:313,71
DA:314,0
DA:315,0
DA:317,0
DA:321,71
DA:322,7
DA:324,0
DA:327,71
DA:328,0
DA:329,0
DA:331,0
DA:334,71
DA:336,7
DA:337,0
DA:340,7
DA:341,0
DA:344,7
DA:345,7
DA:347,7
DA:348,7
DA:351,7
DA:353,7
DA:354,7
DA:356,7
DA:358,7
DA:359,0
DA:362,7
DA:364,7
DA:365,0
DA:367,7
DA:368,0
DA:371,7
DA:375,71
DA:376,0
DA:377,0
DA:380,71
DA:381,13
DA:383,13
DA:384,2
DA:388,2
DA:391,11
DA:393,11
DA:395,11
DA:396,11
DA:398,11
DA:399,0
DA:402,11
DA:405,11
DA:407,11
DA:408,11
DA:409,11
DA:410,11
DA:411,11
DA:412,11
DA:414,11
DA:415,10
DA:419,71
DA:420,14
DA:422,7
DA:423,1
DA:426,6
DA:428,6
DA:429,0
DA:433,6
DA:434,6
DA:439,6
DA:440,0
DA:441,0
DA:443,6
DA:444,6
DA:448,6
DA:449,6
DA:451,3
DA:452,3
DA:457,12
DA:460,6
DA:462,9
DA:464,6
DA:465,6
DA:468,71
DA:469,0
DA:470,0
DA:471,0
DA:476,0
DA:478,0
DA:479,0
DA:481,0
DA:482,0
DA:485,0
DA:488,71
LF:238
LH:166
BRDA:35,1,0,0
BRDA:35,1,1,71
BRDA:35,2,0,71
BRDA:35,2,1,0
BRDA:40,3,0,71
BRDA:40,3,1,71
BRDA:44,4,0,71
BRDA:44,4,1,0
BRDA:45,5,0,71
BRDA:45,5,1,0
BRDA:45,6,0,71
BRDA:45,6,1,71
BRDA:46,7,0,71
BRDA:46,7,1,0
BRDA:47,8,0,71
BRDA:47,8,1,71
BRDA:48,9,0,71
BRDA:48,9,1,0
BRDA:55,10,0,71
BRDA:55,10,1,71
BRDA:56,11,0,71
BRDA:56,11,1,71
BRDA:58,12,0,71
BRDA:58,12,1,0
BRDA:58,13,0,71
BRDA:58,13,1,71
BRDA:61,14,0,71
BRDA:61,14,1,0
BRDA:66,15,0,71
BRDA:66,15,1,71
BRDA:68,16,0,71
BRDA:68,16,1,0
BRDA:69,17,0,71
BRDA:69,17,1,0
BRDA:70,18,0,71
BRDA:70,18,1,71
BRDA:77,19,0,0
BRDA:77,19,1,2
BRDA:77,20,0,2
BRDA:77,20,1,2
BRDA:87,21,0,0
BRDA:87,21,1,2
BRDA:87,22,0,2
BRDA:87,22,1,2
BRDA:87,22,2,2
BRDA:87,22,3,2
BRDA:97,23,0,0
BRDA:97,23,1,0
BRDA:97,24,0,0
BRDA:97,24,1,0
BRDA:97,24,2,0
BRDA:97,24,3,0
BRDA:107,25,0,0
BRDA:107,25,1,0
BRDA:117,26,0,2
BRDA:117,26,1,0
BRDA:117,27,0,2
BRDA:117,27,1,2
BRDA:118,28,0,1
BRDA:118,28,1,1
BRDA:129,29,0,1
BRDA:129,29,1,0
BRDA:129,30,0,1
BRDA:129,30,1,1
BRDA:137,31,0,0
BRDA:137,31,1,3
BRDA:141,32,0,1
BRDA:141,32,1,2
BRDA:149,33,0,0
BRDA:149,33,1,1
BRDA:153,34,0,0
BRDA:153,34,1,1
BRDA:161,35,0,3
BRDA:161,35,1,2
BRDA:165,36,0,1
BRDA:165,36,1,2
BRDA:165,37,0,3
BRDA:165,37,1,3
BRDA:165,37,2,1
BRDA:174,38,0,0
BRDA:174,38,1,1
BRDA:190,39,0,0
BRDA:190,39,1,11
BRDA:194,40,0,0
BRDA:194,40,1,0
BRDA:194,41,0,0
BRDA:194,41,1,0
BRDA:194,41,2,0
BRDA:220,42,0,0
BRDA:220,42,1,0
BRDA:224,43,0,0
BRDA:224,43,1,0
BRDA:226,44,0,0
BRDA:226,44,1,0
BRDA:233,45,0,0
BRDA:233,45,1,0
BRDA:243,46,0,1
BRDA:243,46,1,1
BRDA:243,47,0,2
BRDA:243,47,1,1
BRDA:252,48,0,0
BRDA:252,48,1,1
BRDA:260,49,0,1
BRDA:260,49,1,0
BRDA:266,50,0,0
BRDA:266,50,1,1
BRDA:266,51,0,1
BRDA:266,51,1,0
BRDA:270,52,0,0
BRDA:270,52,1,1
BRDA:270,53,0,1
BRDA:270,53,1,0
BRDA:270,53,2,0
BRDA:279,54,0,9
BRDA:279,54,1,1
BRDA:281,55,0,6
BRDA:281,55,1,3
BRDA:284,56,0,0
BRDA:284,56,1,10
BRDA:300,57,0,10
BRDA:300,57,1,0
BRDA:314,58,0,0
BRDA:314,58,1,0
BRDA:336,59,0,0
BRDA:336,59,1,7
BRDA:336,60,0,7
BRDA:336,60,1,7
BRDA:336,60,2,7
BRDA:340,61,0,0
BRDA:340,61,1,7
BRDA:347,62,0,7
BRDA:347,62,1,0
BRDA:348,63,0,7
BRDA:348,63,1,6
BRDA:351,64,0,1
BRDA:351,64,1,6
BRDA:354,65,0,7
BRDA:354,65,1,0
BRDA:358,66,0,0
BRDA:358,66,1,7
BRDA:364,67,0,0
BRDA:364,67,1,7
BRDA:367,68,0,0
BRDA:367,68,1,7
BRDA:383,69,0,2
BRDA:383,69,1,11
BRDA:383,70,0,13
BRDA:383,70,1,12
BRDA:383,70,2,12
BRDA:414,71,0,10
BRDA:414,71,1,1
BRDA:422,72,0,1
BRDA:422,72,1,6
BRDA:428,73,0,0
BRDA:428,73,1,6
BRDA:434,74,0,5
BRDA:434,74,1,1
BRDA:436,75,0,1
BRDA:436,75,1,0
BRDA:439,76,0,0
BRDA:439,76,1,6
BRDA:448,77,0,3
BRDA:448,77,1,3
BRDA:460,78,0,0
BRDA:460,78,1,3
BRF:165
BRH:103
end_of_record
TN:
SF:/home/travis/build/unosquare/tubular/src/js/tubular/tubular.js
FN:1,(anonymous_1)
FNF:1
FNH:1
FNDA:1,(anonymous_1)
DA:1,1
DA:13,1
LF:2
LH:2
BRF:0
BRH:0
end_of_record
TN:
SF:/home/travis/build/unosquare/tubular/src/js/tubular/filters/errormessage.js
FN:1,(anonymous_1)
FN:16,(anonymous_2)
FNF:2
FNH:2
FNDA:1,(anonymous_1)
FNDA:3,(anonymous_2)
DA:1,1
DA:4,1
DA:17,3
DA:18,3
DA:19,1
DA:22,2
LF:6
LH:6
BRDA:18,1,0,1
BRDA:18,1,1,2
BRDA:18,2,0,3
BRDA:18,2,1,2
BRDA:18,2,2,1
BRDA:22,3,0,2
BRDA:22,3,1,1
BRF:7
BRH:7
end_of_record
TN:
SF:/home/travis/build/unosquare/tubular/src/js/tubular/filters/moment.js
FN:1,(anonymous_1)
FN:15,(anonymous_2)
FNF:2
FNH:2
FNDA:1,(anonymous_1)
FNDA:3,(anonymous_2)
DA:1,1
DA:4,1
DA:16,3
LF:3
LH:3
BRDA:16,1,0,2
BRDA:16,1,1,1
BRDA:16,2,0,2
BRDA:16,2,1,1
BRF:4
BRH:4
end_of_record
TN:
SF:/home/travis/build/unosquare/tubular/src/js/tubular/filters/numberorcurrency.js
FN:1,(anonymous_1)
FN:17,(anonymous_2)
FNF:2
FNH:2
FNDA:1,(anonymous_1)
FNDA:5,(anonymous_2)
DA:1,1
DA:4,1
DA:18,5
DA:19,5
DA:21,5
DA:22,2
DA:25,3
LF:7
LH:7
BRDA:19,1,0,5
BRDA:19,1,1,4
BRDA:21,2,0,2
BRDA:21,2,1,3
BRDA:22,3,0,2
BRDA:22,3,1,1
BRDA:25,4,0,1
BRDA:25,4,1,2
BRF:8
BRH:8
end_of_record
TN:
SF:/home/travis/build/unosquare/tubular/src/js/tubular/filters/translate.js
FN:1,(anonymous_1)
FN:12,(anonymous_2)
FN:13,(anonymous_3)
FNF:3
FNH:3
FNDA:1,(anonymous_1)
FNDA:93,(anonymous_2)
FNDA:10,(anonymous_3)
DA:1,1
DA:4,1
DA:13,93
DA:14,10
DA:15,0
DA:18,10
DA:24,10
LF:7
LH:6
BRDA:14,1,0,0
BRDA:14,1,1,10
BRDA:19,2,0,10
BRDA:19,2,1,2
BRDA:20,3,0,10
BRDA:20,3,1,6
BRDA:21,4,0,10
BRDA:21,4,1,7
BRDA:22,5,0,10
BRDA:22,5,1,8
BRF:10
BRH:9
end_of_record
