TN:
SF:/home/travis/build/unosquare/tubular/src/js/tubular/tubular-models.js
FN:1,(anonymous_1)
FN:22,(anonymous_2)
FN:23,(anonymous_3)
FNF:3
FNH:3
FNDA:1,(anonymous_1)
FNDA:15,(anonymous_2)
FNDA:14,(anonymous_3)
DA:1,1
DA:13,1
DA:23,15
DA:24,14
DA:25,2
DA:32,2
DA:34,42
DA:35,14
DA:38,28
DA:39,28
DA:40,28
DA:42,2
DA:44,1
DA:45,13
DA:46,2
DA:50,1
DA:54,14
DA:55,14
DA:58,14
DA:59,14
DA:60,28
DA:62,28
DA:63,0
DA:66,28
DA:68,28
DA:69,0
DA:70,0
DA:72,0
DA:75,28
DA:76,15
DA:81,14
DA:82,14
DA:85,14
LF:33
LH:29
BRDA:25,1,0,2
BRDA:25,1,1,2
BRDA:32,2,0,1
BRDA:32,2,1,1
BRDA:34,3,0,14
BRDA:34,3,1,28
BRDA:40,4,0,0
BRDA:40,4,1,28
BRDA:45,5,0,2
BRDA:45,5,1,11
BRDA:54,6,0,7
BRDA:54,6,1,7
BRDA:58,7,0,14
BRDA:58,7,1,0
BRDA:60,8,0,14
BRDA:60,8,1,14
BRDA:62,9,0,0
BRDA:62,9,1,28
BRDA:62,10,0,28
BRDA:62,10,1,0
BRDA:68,11,0,0
BRDA:68,11,1,28
BRDA:68,12,0,28
BRDA:68,12,1,28
BRDA:68,12,2,28
BRDA:69,13,0,0
BRDA:69,13,1,0
BRDA:69,14,0,0
BRDA:69,14,1,0
BRDA:69,14,2,0
BRDA:72,15,0,0
BRDA:72,15,1,0
BRDA:75,16,0,15
BRDA:75,16,1,13
BRDA:81,17,0,14
BRDA:81,17,1,0
BRF:36
BRH:23
end_of_record
TN:
SF:/home/travis/build/unosquare/tubular/src/js/tubular/tubular-services.js
FN:1,(anonymous_1)
FN:4,getColumns
FN:8,getColumnsVisibility
FN:12,exportToCsv
FN:76,(anonymous_5)
FNF:5
FNH:1
FNDA:1,(anonymous_1)
FNDA:0,getColumns
FNDA:0,getColumnsVisibility
FNDA:0,exportToCsv
FNDA:0,(anonymous_5)
DA:1,1
DA:4,1
DA:5,0
DA:8,1
DA:9,0
DA:12,1
DA:13,0
DA:14,0
DA:15,0
DA:18,0
DA:19,0
DA:20,0
DA:21,0
DA:24,0
DA:26,0
DA:27,0
DA:30,0
DA:32,0
DA:33,0
DA:36,0
DA:37,0
DA:40,0
DA:43,0
DA:46,0
DA:48,0
DA:49,0
DA:52,0
DA:55,0
DA:66,1
DA:77,0
DA:79,0
DA:80,0
DA:81,0
DA:83,0
DA:84,0
DA:85,0
DA:86,0
DA:88,0
DA:91,0
DA:93,0
DA:94,0
DA:96,0
DA:97,0
DA:101,0
DA:102,0
DA:105,0
DA:106,0
DA:108,0
DA:109,0
DA:110,0
DA:114,0
DA:115,0
DA:117,0
DA:118,0
DA:122,0
DA:123,0
DA:126,0
DA:127,0
DA:129,0
DA:132,0
DA:138,0
DA:139,0
DA:141,0
DA:142,0
DA:145,0
DA:146,0
DA:147,0
DA:148,0
DA:149,0
LF:69
LH:5
BRDA:14,1,0,0
BRDA:14,1,1,0
BRDA:20,2,0,0
BRDA:20,2,1,0
BRDA:24,3,0,0
BRDA:24,3,1,0
BRDA:26,4,0,0
BRDA:26,4,1,0
BRDA:32,5,0,0
BRDA:32,5,1,0
BRDA:36,6,0,0
BRDA:36,6,1,0
BRDA:48,7,0,0
BRDA:48,7,1,0
BRDA:101,8,0,0
BRDA:101,8,1,0
BRDA:101,9,0,0
BRDA:101,9,1,0
BRDA:118,10,0,0
BRDA:118,10,1,0
BRDA:122,11,0,0
BRDA:122,11,1,0
BRDA:127,12,0,0
BRDA:127,12,1,0
BRDA:127,13,0,0
BRDA:127,13,1,0
BRDA:141,14,0,0
BRDA:141,14,1,0
BRF:28
BRH:0
end_of_record
TN:
SF:/home/travis/build/unosquare/tubular/src/js/tubular-chart/chartjs/tubular-chart.module.js
FNF:0
FNH:0
DA:1,1
DA:2,1
DA:4,1
LF:3
LH:3
BRF:0
BRH:0
end_of_record
TN:
SF:/home/travis/build/unosquare/tubular/src/js/tubular/services/editor.js
FN:1,(anonymous_1)
FN:4,editorService
FN:209,(anonymous_3)
FNF:3
FNH:3
FNDA:1,(anonymous_1)
FNDA:15,editorService
FNDA:15,(anonymous_3)
DA:1,1
DA:4,1
DA:5,15
DA:11,15
DA:12,15
DA:13,15
DA:14,15
DA:15,15
DA:16,15
DA:17,15
DA:18,15
DA:21,15
DA:23,4
DA:24,4
DA:31,15
DA:32,0
DA:34,0
DA:35,0
DA:36,0
DA:38,0
DA:41,0
DA:44,0
DA:47,15
DA:49,0
DA:51,0
DA:54,15
DA:55,4
DA:56,4
DA:58,4
DA:60,1
DA:61,1
DA:63,1
DA:64,0
DA:67,1
DA:71,3
DA:72,0
DA:76,20
DA:77,10
DA:78,10
DA:81,0
DA:84,0
DA:85,0
DA:86,0
DA:89,0
DA:90,0
DA:91,0
DA:92,0
DA:93,0
DA:94,0
DA:98,0
DA:101,15
DA:104,15
DA:105,25
DA:108,0
DA:109,0
DA:112,0
DA:113,0
DA:116,0
DA:118,0
DA:120,0
DA:121,0
DA:123,0
DA:124,0
DA:125,0
DA:127,0
DA:128,0
DA:131,0
DA:132,0
DA:133,0
DA:136,0
DA:140,0
DA:141,0
DA:142,0
DA:147,0
DA:148,0
DA:149,0
DA:153,0
DA:154,0
DA:155,0
DA:158,0
DA:159,0
DA:162,0
DA:165,0
DA:168,0
DA:170,0
DA:171,0
DA:177,0
DA:178,0
DA:181,0
DA:182,0
DA:184,0
DA:185,0
DA:190,0
DA:192,0
DA:195,25
DA:201,1
DA:210,15
LF:97
LH:34
BRDA:11,1,0,15
BRDA:11,1,1,5
BRDA:12,2,0,5
BRDA:12,2,1,10
BRDA:13,3,0,15
BRDA:13,3,1,15
BRDA:14,4,0,15
BRDA:14,4,1,10
BRDA:14,5,0,10
BRDA:14,5,1,0
BRDA:15,6,0,15
BRDA:15,6,1,15
BRDA:16,7,0,15
BRDA:16,7,1,15
BRDA:17,8,0,15
BRDA:17,8,1,15
BRDA:35,9,0,0
BRDA:35,9,1,0
BRDA:38,10,0,0
BRDA:38,10,1,0
BRDA:51,11,0,0
BRDA:51,11,1,0
BRDA:58,12,0,1
BRDA:58,12,1,3
BRDA:58,13,0,4
BRDA:58,13,1,2
BRDA:58,13,2,3
BRDA:58,13,3,0
BRDA:58,13,4,0
BRDA:63,14,0,0
BRDA:63,14,1,1
BRDA:71,15,0,0
BRDA:71,15,1,3
BRDA:77,16,0,10
BRDA:77,16,1,0
BRDA:77,17,0,10
BRDA:77,17,1,10
BRDA:84,18,0,0
BRDA:84,18,1,0
BRDA:85,19,0,0
BRDA:85,19,1,0
BRDA:89,20,0,0
BRDA:89,20,1,0
BRDA:91,21,0,0
BRDA:91,21,1,0
BRDA:93,22,0,0
BRDA:93,22,1,0
BRDA:105,23,0,0
BRDA:105,23,1,25
BRDA:105,24,0,25
BRDA:105,24,1,25
BRDA:108,25,0,0
BRDA:108,25,1,0
BRDA:112,26,0,0
BRDA:112,26,1,0
BRDA:116,27,0,0
BRDA:116,27,1,0
BRDA:123,28,0,0
BRDA:123,28,1,0
BRDA:124,29,0,0
BRDA:124,29,1,0
BRDA:125,30,0,0
BRDA:125,30,1,0
BRDA:125,31,0,0
BRDA:125,31,1,0
BRDA:125,31,2,0
BRDA:127,32,0,0
BRDA:127,32,1,0
BRDA:127,33,0,0
BRDA:127,33,1,0
BRDA:141,34,0,0
BRDA:141,34,1,0
BRDA:148,35,0,0
BRDA:148,35,1,0
BRDA:153,36,0,0
BRDA:153,36,1,0
BRDA:153,37,0,0
BRDA:153,37,1,0
BRDA:153,37,2,0
BRDA:154,38,0,0
BRDA:154,38,1,0
BRDA:154,39,0,0
BRDA:154,39,1,0
BRDA:158,40,0,0
BRDA:158,40,1,0
BRDA:158,41,0,0
BRDA:158,41,1,0
BRDA:165,42,0,0
BRDA:165,42,1,0
BRDA:177,43,0,0
BRDA:177,43,1,0
BRDA:181,44,0,0
BRDA:181,44,1,0
BRDA:184,45,0,0
BRDA:184,45,1,0
BRF:95
BRH:28
end_of_record
TN:
SF:/home/travis/build/unosquare/tubular/src/js/tubular/services/http.js
FN:1,(anonymous_1)
FN:22,(anonymous_2)
FN:33,init
FN:41,isAuthenticationExpired
FN:48,retrieveSavedData
FN:81,(anonymous_6)
FN:90,(anonymous_7)
FN:119,addTimeZoneToUrl
FNF:8
FNH:7
FNDA:1,(anonymous_1)
FNDA:86,(anonymous_2)
FNDA:86,init
FNDA:20,isAuthenticationExpired
FNDA:10,retrieveSavedData
FNDA:2,(anonymous_6)
FNDA:2,(anonymous_7)
FNDA:0,addTimeZoneToUrl
DA:1,1
DA:4,1
DA:29,86
DA:30,86
DA:31,86
DA:33,1
DA:34,86
DA:36,86
DA:37,74
DA:41,1
DA:42,20
DA:43,20
DA:45,20
DA:48,1
DA:49,10
DA:51,10
DA:52,0
DA:53,10
DA:54,9
DA:56,0
DA:60,86
DA:67,86
DA:69,86
DA:70,12
DA:71,10
DA:72,10
DA:74,10
DA:78,2
DA:81,86
DA:82,2
DA:83,2
DA:84,2
DA:85,2
DA:86,2
DA:87,2
DA:90,86
DA:91,2
DA:93,2
DA:99,1
DA:100,1
DA:102,1
DA:103,1
DA:107,86
DA:108,2
DA:109,2
DA:110,2
DA:111,2
DA:112,2
DA:113,2
DA:114,2
DA:116,2
DA:119,1
DA:120,0
DA:126,86
DA:127,0
DA:128,0
DA:129,0
DA:130,0
DA:132,0
DA:134,0
DA:135,0
DA:136,0
DA:137,0
DA:138,0
DA:139,0
DA:140,0
DA:142,0
DA:143,0
DA:144,0
DA:146,0
DA:153,0
DA:155,0
DA:157,0
DA:161,86
DA:162,9
DA:163,0
DA:166,9
DA:167,0
DA:171,9
DA:172,9
DA:174,9
DA:178,0
DA:182,0
DA:183,0
DA:184,0
DA:187,0
DA:190,0
DA:194,86
LF:88
LH:58
BRDA:36,1,0,74
BRDA:36,1,1,12
BRDA:51,2,0,0
BRDA:51,2,1,10
BRDA:53,3,0,9
BRDA:53,3,1,0
BRDA:70,4,0,10
BRDA:70,4,1,2
BRDA:70,5,0,12
BRDA:70,5,1,11
BRDA:109,6,0,2
BRDA:109,6,1,2
BRDA:109,6,2,1
BRDA:121,7,0,0
BRDA:121,7,1,0
BRDA:142,8,0,0
BRDA:142,8,1,0
BRDA:162,9,0,0
BRDA:162,9,1,9
BRDA:166,10,0,0
BRDA:166,10,1,9
BRDA:171,11,0,9
BRDA:171,11,1,0
BRDA:172,12,0,9
BRDA:172,12,1,0
BRDA:172,13,0,9
BRDA:172,13,1,9
BRDA:183,14,0,0
BRDA:183,14,1,0
BRF:29
BRH:17
end_of_record
TN:
SF:/home/travis/build/unosquare/tubular/src/js/tubular/services/popup.js
FN:1,(anonymous_1)
FN:16,(anonymous_2)
FNF:2
FNH:2
FNDA:1,(anonymous_1)
FNDA:78,(anonymous_2)
DA:1,1
DA:4,1
DA:21,78
DA:23,0
DA:25,0
DA:29,0
DA:31,0
DA:44,1
DA:45,0
DA:48,1
DA:55,1
DA:56,1
LF:12
LH:7
BRDA:44,1,0,0
BRDA:44,1,1,1
BRF:2
BRH:1
end_of_record
TN:
SF:/home/travis/build/unosquare/tubular/src/js/tubular/services/popupCtrl.js
FN:11,(anonymous_1)
FNF:1
FNH:1
FNDA:3,(anonymous_1)
DA:1,1
DA:2,1
DA:4,1
DA:18,3
DA:20,3
DA:21,0
DA:24,0
DA:25,0
DA:26,0
DA:29,0
DA:32,3
DA:33,0
DA:34,0
DA:37,0
LF:14
LH:6
BRDA:21,1,0,0
BRDA:21,1,1,0
BRDA:24,2,0,0
BRDA:24,2,1,0
BRDA:24,3,0,0
BRDA:24,3,1,0
BRDA:24,3,2,0
BRDA:33,4,0,0
BRDA:33,4,1,0
BRF:9
BRH:0
end_of_record
TN:
SF:/home/travis/build/unosquare/tubular/src/js/tubular/services/template.js
FN:1,(anonymous_1)
FN:16,(anonymous_2)
FN:190,(anonymous_3)
FN:303,(anonymous_4)
FN:552,(anonymous_5)
FN:563,(anonymous_6)
FNF:6
FNH:4
FNDA:1,(anonymous_1)
FNDA:92,(anonymous_2)
FNDA:1,(anonymous_3)
FNDA:16,(anonymous_4)
FNDA:0,(anonymous_5)
FNDA:0,(anonymous_6)
DA:1,1
DA:4,1
DA:19,92
DA:21,92
DA:22,92
DA:23,92
DA:26,92
DA:38,92
DA:135,92
DA:137,92
DA:138,92
DA:143,92
DA:151,92
DA:160,92
DA:170,92
DA:171,2
DA:172,14
DA:173,30
DA:175,14
DA:190,92
DA:191,1
DA:192,1
DA:194,1
DA:195,1
DA:196,1
DA:199,1
DA:200,1
DA:208,1
DA:209,1
DA:212,1
DA:213,1
DA:217,1
DA:218,1
DA:221,1
DA:240,6
DA:284,92
DA:285,116
DA:287,17
DA:289,17
DA:291,17
DA:293,65
DA:303,92
DA:304,16
DA:305,16
DA:307,16
DA:308,112
DA:311,112
DA:312,0
DA:315,112
DA:316,16
DA:321,96
DA:322,16
DA:323,80
DA:324,16
DA:330,64
DA:332,64
DA:333,16
DA:336,64
DA:340,16
DA:342,16
DA:343,112
DA:344,112
DA:347,112
DA:348,112
DA:349,112
DA:350,112
DA:351,112
DA:352,112
DA:353,112
DA:355,112
DA:356,112
DA:357,112
DA:358,112
DA:359,112
DA:360,112
DA:362,112
DA:363,96
DA:366,16
DA:367,16
DA:368,16
DA:369,16
DA:372,16
DA:375,92
DA:376,2
DA:378,2
DA:392,92
DA:393,1
DA:394,1
DA:396,1
DA:398,1
DA:408,92
DA:409,3
DA:410,3
DA:411,3
DA:413,3
DA:414,1
DA:416,2
DA:419,7
DA:421,7
DA:424,7
DA:426,7
DA:428,7
DA:433,3
DA:455,92
DA:456,7
DA:457,49
DA:458,105
DA:459,49
DA:461,49
DA:475,92
DA:476,0
DA:487,0
DA:518,0
DA:527,0
DA:529,0
DA:530,0
DA:532,0
DA:534,0
DA:535,0
DA:538,0
DA:541,0
DA:544,0
DA:545,0
DA:546,0
DA:547,0
DA:552,0
DA:553,0
DA:555,0
DA:556,0
DA:559,0
DA:560,0
DA:563,0
DA:564,0
DA:565,0
DA:568,0
DA:569,0
DA:572,0
DA:573,0
DA:574,0
DA:575,0
DA:578,0
DA:579,0
DA:580,0
DA:583,0
DA:585,0
DA:586,0
DA:587,0
DA:588,0
DA:592,0
DA:594,0
DA:595,0
DA:596,0
DA:600,0
DA:601,0
DA:604,0
DA:605,0
DA:606,0
DA:608,0
DA:609,0
DA:613,0
DA:616,0
DA:617,0
DA:618,0
DA:620,0
DA:623,0
DA:625,0
DA:626,0
DA:630,0
DA:631,0
DA:633,0
DA:634,0
LF:171
LH:109
BRDA:23,1,0,92
BRDA:23,1,1,92
BRDA:137,2,0,92
BRDA:137,2,1,0
BRDA:154,3,0,0
BRDA:154,3,1,92
BRDA:177,4,0,7
BRDA:177,4,1,7
BRDA:194,5,0,1
BRDA:194,5,1,0
BRDA:199,6,0,1
BRDA:199,6,1,0
BRDA:208,7,0,1
BRDA:208,7,1,0
BRDA:212,8,0,1
BRDA:212,8,1,0
BRDA:217,9,0,1
BRDA:217,9,1,0
BRDA:228,10,0,0
BRDA:228,10,1,1
BRDA:230,11,0,0
BRDA:230,11,1,1
BRDA:236,12,0,0
BRDA:236,12,1,1
BRDA:245,13,0,6
BRDA:245,13,1,0
BRDA:255,14,0,6
BRDA:255,14,1,0
BRDA:262,15,0,0
BRDA:262,15,1,1
BRDA:264,16,0,0
BRDA:264,16,1,0
BRDA:279,17,0,0
BRDA:279,17,1,1
BRDA:285,18,0,17
BRDA:285,18,1,17
BRDA:285,18,2,17
BRDA:285,18,3,65
BRDA:304,19,0,16
BRDA:304,19,1,0
BRDA:304,20,0,16
BRDA:304,20,1,16
BRDA:311,21,0,0
BRDA:311,21,1,112
BRDA:311,22,0,112
BRDA:311,22,1,112
BRDA:311,22,2,112
BRDA:315,23,0,16
BRDA:315,23,1,96
BRDA:315,24,0,112
BRDA:315,24,1,96
BRDA:321,25,0,16
BRDA:321,25,1,80
BRDA:321,26,0,96
BRDA:321,26,1,96
BRDA:323,27,0,16
BRDA:323,27,1,64
BRDA:323,28,0,80
BRDA:323,28,1,80
BRDA:332,29,0,16
BRDA:332,29,1,48
BRDA:362,30,0,96
BRDA:362,30,1,16
BRDA:380,31,0,2
BRDA:380,31,1,0
BRDA:409,32,0,1
BRDA:409,32,1,2
BRDA:413,33,0,1
BRDA:413,33,1,2
BRDA:417,34,0,1
BRDA:417,34,1,1
BRDA:442,35,0,3
BRDA:442,35,1,0
BRDA:462,36,0,28
BRDA:462,36,1,21
BRDA:463,37,0,42
BRDA:463,37,1,7
BRDA:466,38,0,35
BRDA:466,38,1,14
BRDA:467,39,0,42
BRDA:467,39,1,7
BRDA:468,40,0,49
BRDA:468,40,1,0
BRDA:469,41,0,14
BRDA:469,41,1,35
BRDA:470,42,0,49
BRDA:470,42,1,0
BRDA:519,43,0,0
BRDA:519,43,1,0
BRDA:520,44,0,0
BRDA:520,44,1,0
BRDA:521,45,0,0
BRDA:521,45,1,0
BRDA:522,46,0,0
BRDA:522,46,1,0
BRDA:523,47,0,0
BRDA:523,47,1,0
BRDA:523,47,2,0
BRDA:527,48,0,0
BRDA:527,48,1,0
BRDA:532,49,0,0
BRDA:532,49,1,0
BRDA:534,50,0,0
BRDA:534,50,1,0
BRDA:538,51,0,0
BRDA:538,51,1,0
BRDA:538,52,0,0
BRDA:538,52,1,0
BRDA:538,52,2,0
BRDA:538,52,3,0
BRDA:539,53,0,0
BRDA:539,53,1,0
BRDA:544,54,0,0
BRDA:544,54,1,0
BRDA:555,55,0,0
BRDA:555,55,1,0
BRDA:564,56,0,0
BRDA:564,56,1,0
BRDA:568,57,0,0
BRDA:568,57,1,0
BRDA:568,58,0,0
BRDA:568,58,1,0
BRDA:586,59,0,0
BRDA:586,59,1,0
BRDA:595,60,0,0
BRDA:595,60,1,0
BRDA:600,61,0,0
BRDA:600,61,1,0
BRDA:605,62,0,0
BRDA:605,62,1,0
BRDA:608,63,0,0
BRDA:608,63,1,0
BRDA:620,64,0,0
BRDA:620,64,1,0
BRDA:620,65,0,0
BRDA:620,65,1,0
BRDA:620,65,2,0
BRDA:625,66,0,0
BRDA:625,66,1,0
BRDA:630,67,0,0
BRDA:630,67,1,0
BRDA:630,68,0,0
BRDA:630,68,1,0
BRDA:633,69,0,0
BRDA:633,69,1,0
BRF:145
BRH:65
end_of_record
TN:
SF:/home/travis/build/unosquare/tubular/src/js/tubular/services/translate.js
FN:1,(anonymous_1)
FN:12,(anonymous_2)
FN:154,(anonymous_3)
FN:155,(anonymous_4)
FNF:4
FNH:4
FNDA:1,(anonymous_1)
FNDA:104,(anonymous_2)
FNDA:98,(anonymous_3)
FNDA:7,(anonymous_4)
DA:1,1
DA:4,1
DA:13,104
DA:15,104
DA:16,104
DA:18,104
DA:130,104
DA:132,104
DA:133,1
DA:136,1
DA:139,104
DA:140,9
DA:142,9
DA:155,98
DA:156,7
DA:157,7
DA:159,7
DA:160,7
DA:161,7
DA:162,7
DA:164,7
DA:167,0
LF:22
LH:21
BRDA:133,1,0,1
BRDA:133,1,1,1
BRDA:133,1,2,0
BRDA:140,2,0,9
BRDA:140,2,1,1
BRDA:142,3,0,9
BRDA:142,3,1,0
BRDA:156,4,0,7
BRDA:156,4,1,0
BRDA:159,5,0,7
BRDA:159,5,1,2
BRDA:160,6,0,7
BRDA:160,6,1,6
BRDA:161,7,0,7
BRDA:161,7,1,6
BRDA:162,8,0,7
BRDA:162,8,1,7
BRF:17
BRH:14
end_of_record
TN:
SF:/home/travis/build/unosquare/tubular/src/js/tubular/services/tubularConfig.js
FN:5,(anonymous_1)
FN:43,setPlatformConfig
FN:54,addConfig
FN:72,createConfig
FN:73,(anonymous_5)
FN:82,(anonymous_6)
FN:103,stringObj
FN:118,(anonymous_8)
FNF:8
FNH:8
FNDA:178,(anonymous_1)
FNDA:178,setPlatformConfig
FNDA:534,addConfig
FNDA:1246,createConfig
FNDA:3026,(anonymous_5)
FNDA:216,(anonymous_6)
FNDA:197,stringObj
FNDA:89,(anonymous_8)
DA:1,1
DA:2,1
DA:4,1
DA:7,178
DA:8,178
DA:9,178
DA:11,178
DA:25,178
DA:29,178
DA:43,1
DA:44,178
DA:45,178
DA:47,178
DA:49,178
DA:54,1
DA:55,534
DA:56,1602
DA:57,1424
DA:58,356
DA:59,0
DA:61,356
DA:63,1068
DA:64,0
DA:72,1
DA:73,1246
DA:75,3026
DA:77,890
DA:78,890
DA:82,2136
DA:83,216
DA:84,14
DA:85,14
DA:87,202
DA:94,197
DA:96,5
DA:103,1
DA:104,197
DA:105,197
DA:106,591
DA:107,591
DA:109,0
DA:112,197
DA:115,178
DA:118,178
DA:119,89
LF:45
LH:42
BRDA:56,1,0,1424
BRDA:56,1,1,178
BRDA:56,2,0,1602
BRDA:56,2,1,1424
BRDA:57,3,0,356
BRDA:57,3,1,1068
BRDA:58,4,0,0
BRDA:58,4,1,356
BRDA:63,5,0,0
BRDA:63,5,1,1068
BRDA:75,6,0,890
BRDA:75,6,1,2136
BRDA:83,7,0,14
BRDA:83,7,1,202
BRDA:87,8,0,197
BRDA:87,8,1,5
BRDA:106,9,0,591
BRDA:106,9,1,0
BRDA:106,10,0,591
BRDA:106,10,1,591
BRF:20
BRH:17
end_of_record
TN:
SF:/home/travis/build/unosquare/tubular/src/js/tubular/interceptors/auth.js
FN:1,(anonymous_1)
FN:14,(anonymous_2)
FN:28,request
FN:53,checkStatic
FN:57,requestError
FN:61,response
FN:65,responseError
FNF:7
FNH:5
FNDA:1,(anonymous_1)
FNDA:9,(anonymous_2)
FNDA:6,request
FNDA:6,checkStatic
FNDA:0,requestError
FNDA:0,response
FNDA:2,responseError
DA:1,1
DA:13,1
DA:16,9
DA:17,9
DA:19,9
DA:26,9
DA:28,1
DA:30,6
DA:31,6
DA:33,6
DA:36,6
DA:40,1
DA:44,1
DA:46,0
DA:50,6
DA:53,1
DA:54,6
DA:57,1
DA:58,0
DA:61,1
DA:62,0
DA:65,1
DA:66,2
DA:68,2
DA:69,2
DA:70,2
DA:71,2
DA:73,2
DA:80,1
DA:82,1
DA:83,1
DA:91,1
DA:92,1
DA:93,1
DA:95,1
DA:96,1
DA:97,1
DA:98,1
DA:101,0
DA:104,0
DA:105,0
DA:106,0
DA:107,0
DA:108,0
DA:112,1
DA:116,0
DA:119,2
LF:47
LH:37
BRDA:33,1,0,6
BRDA:33,1,1,6
BRDA:36,2,0,1
BRDA:36,2,1,5
BRDA:36,3,0,6
BRDA:36,3,1,2
BRDA:36,3,2,1
BRDA:36,3,3,1
BRDA:44,4,0,0
BRDA:44,4,1,1
BRDA:44,5,0,1
BRDA:44,5,1,0
BRDA:44,5,2,0
BRDA:68,6,0,2
BRDA:68,6,1,0
BRDA:73,7,0,1
BRDA:73,7,1,1
BRDA:74,8,0,2
BRDA:74,8,1,2
BRDA:74,8,2,2
BRDA:74,8,3,1
BRDA:74,8,4,1
BRDA:82,9,0,1
BRDA:82,9,1,0
BRDA:95,10,0,1
BRDA:95,10,1,0
BRDA:95,11,0,1
BRDA:95,11,1,1
BRF:28
BRH:22
end_of_record
TN:
SF:/home/travis/build/unosquare/tubular/src/js/tubular/interceptors/no-cache.js
FN:14,(anonymous_1)
FNF:1
FNH:0
FNDA:0,(anonymous_1)
DA:1,1
DA:2,1
DA:13,1
DA:16,0
DA:18,0
DA:19,0
DA:20,0
DA:23,0
LF:8
LH:3
BRDA:18,1,0,0
BRDA:18,1,1,0
BRDA:18,2,0,0
BRDA:18,2,1,0
BRDA:18,2,2,0
BRDA:19,3,0,0
BRDA:19,3,1,0
BRF:7
BRH:0
end_of_record
TN:
SF:/home/travis/build/unosquare/tubular/src/js/tubular/tubular-directives.js
FN:28,(anonymous_1)
FN:37,(anonymous_2)
FN:56,(anonymous_3)
FN:65,(anonymous_4)
FN:97,(anonymous_5)
FN:118,(anonymous_6)
FN:138,(anonymous_7)
FN:143,(anonymous_8)
FN:187,(anonymous_9)
FN:196,(anonymous_10)
FN:227,(anonymous_11)
FN:237,(anonymous_12)
FN:257,(anonymous_13)
FN:267,(anonymous_14)
FN:298,(anonymous_15)
FN:337,(anonymous_16)
FN:348,(anonymous_17)
FNF:17
FNH:0
FNDA:0,(anonymous_1)
FNDA:0,(anonymous_2)
FNDA:0,(anonymous_3)
FNDA:0,(anonymous_4)
FNDA:0,(anonymous_5)
FNDA:0,(anonymous_6)
FNDA:0,(anonymous_7)
FNDA:0,(anonymous_8)
FNDA:0,(anonymous_9)
FNDA:0,(anonymous_10)
FNDA:0,(anonymous_11)
FNDA:0,(anonymous_12)
FNDA:0,(anonymous_13)
FNDA:0,(anonymous_14)
FNDA:0,(anonymous_15)
FNDA:0,(anonymous_16)
FNDA:0,(anonymous_17)
DA:1,1
DA:2,1
DA:14,1
DA:29,0
DA:38,0
DA:39,0
DA:57,0
DA:66,0
DA:67,0
DA:70,0
DA:98,0
DA:119,0
DA:120,0
DA:121,0
DA:122,0
DA:124,0
DA:126,0
DA:127,0
DA:128,0
DA:132,0
DA:133,0
DA:135,0
DA:138,0
DA:139,0
DA:140,0
DA:141,0
DA:142,0
DA:143,0
DA:144,0
DA:145,0
DA:148,0
DA:149,0
DA:152,0
DA:153,0
DA:156,0
DA:159,0
DA:160,0
DA:161,0
DA:162,0
DA:163,0
DA:164,0
DA:167,0
DA:168,0
DA:169,0
DA:188,0
DA:197,0
DA:200,0
DA:204,0
DA:205,0
DA:208,0
DA:209,0
DA:229,0
DA:238,0
DA:239,0
DA:259,0
DA:268,0
DA:269,0
DA:289,0
DA:299,0
DA:300,0
DA:301,0
DA:302,0
DA:304,0
DA:305,0
DA:306,0
DA:309,0
DA:312,0
DA:317,0
DA:339,0
DA:349,0
DA:350,0
DA:351,0
DA:354,0
DA:356,0
DA:357,0
DA:358,0
DA:360,0
DA:361,0
LF:78
LH:3
BRDA:122,1,0,0
BRDA:122,1,1,0
BRDA:122,2,0,0
BRDA:122,2,1,0
BRDA:127,3,0,0
BRDA:127,3,1,0
BRDA:139,4,0,0
BRDA:139,4,1,0
BRDA:140,5,0,0
BRDA:140,5,1,0
BRDA:142,6,0,0
BRDA:142,6,1,0
BRDA:144,7,0,0
BRDA:144,7,1,0
BRDA:148,8,0,0
BRDA:148,8,1,0
BRDA:152,9,0,0
BRDA:152,9,1,0
BRDA:159,10,0,0
BRDA:159,10,1,0
BRDA:160,11,0,0
BRDA:160,11,1,0
BRDA:161,12,0,0
BRDA:161,12,1,0
BRDA:163,13,0,0
BRDA:163,13,1,0
BRDA:164,14,0,0
BRDA:164,14,1,0
BRDA:204,15,0,0
BRDA:204,15,1,0
BRDA:208,16,0,0
BRDA:208,16,1,0
BRDA:238,17,0,0
BRDA:238,17,1,0
BRDA:268,18,0,0
BRDA:268,18,1,0
BRDA:305,19,0,0
BRDA:305,19,1,0
BRDA:305,20,0,0
BRDA:305,20,1,0
BRDA:350,21,0,0
BRDA:350,21,1,0
BRDA:356,22,0,0
BRDA:356,22,1,0
BRDA:360,23,0,0
BRDA:360,23,1,0
BRF:46
BRH:0
end_of_record
TN:
SF:/home/travis/build/unosquare/tubular/src/js/tubular/directives/editors/tbSimpleEditor.js
FN:5,(anonymous_1)
FNF:1
FNH:1
FNDA:10,(anonymous_1)
DA:1,1
DA:2,1
DA:4,1
DA:6,10
DA:8,10
DA:9,4
DA:10,1
DA:12,1
DA:13,1
DA:14,1
DA:15,1
DA:19,3
DA:20,1
DA:21,1
DA:22,1
DA:23,1
DA:24,1
DA:28,2
DA:29,1
DA:30,1
DA:31,1
DA:32,1
DA:36,1
DA:37,1
DA:38,1
DA:39,1
DA:40,1
DA:45,10
DA:48,1
LF:29
LH:29
BRDA:9,1,0,1
BRDA:9,1,1,3
BRDA:9,2,0,4
BRDA:9,2,1,1
BRDA:12,3,0,1
BRDA:12,3,1,0
BRDA:14,4,0,1
BRDA:14,4,1,1
BRDA:19,5,0,1
BRDA:19,5,1,2
BRDA:20,6,0,1
BRDA:20,6,1,0
BRDA:28,7,0,1
BRDA:28,7,1,1
BRDA:28,8,0,2
BRDA:28,8,1,1
BRDA:29,9,0,1
BRDA:29,9,1,0
BRDA:36,10,0,1
BRDA:36,10,1,0
BRDA:36,11,0,1
BRDA:36,11,1,1
BRDA:37,12,0,1
BRDA:37,12,1,0
BRF:24
BRH:19
end_of_record
TN:
SF:/home/travis/build/unosquare/tubular/src/js/tubular/directives/form/tbForm.js
FN:32,(anonymous_1)
FNF:1
FNH:1
FNDA:9,(anonymous_1)
DA:1,1
DA:2,1
DA:4,1
DA:33,9
DA:48,9
LF:5
LH:5
BRF:0
BRH:0
end_of_record
TN:
SF:/home/travis/build/unosquare/tubular/src/js/tubular/directives/form/tbFormCtrl.js
FN:13,(anonymous_1)
FN:24,getUrlWithKey
FN:70,(anonymous_3)
FNF:3
FNH:1
FNDA:2,(anonymous_1)
FNDA:0,getUrlWithKey
FNDA:0,(anonymous_3)
DA:1,1
DA:2,1
DA:3,1
DA:5,1
DA:20,2
DA:21,2
DA:22,2
DA:24,1
DA:25,0
DA:26,0
DA:28,0
DA:29,0
DA:32,0
DA:35,2
DA:37,2
DA:38,2
DA:42,2
DA:45,2
DA:49,2
DA:50,0
DA:51,0
DA:55,2
DA:56,0
DA:58,0
DA:59,0
DA:60,0
DA:64,0
DA:65,0
DA:68,2
DA:70,2
DA:71,0
DA:73,0
DA:74,0
DA:75,0
DA:76,0
DA:77,0
DA:79,0
DA:82,0
DA:83,0
DA:86,0
DA:89,2
DA:90,0
DA:91,0
DA:94,0
DA:95,0
DA:96,0
DA:99,0
DA:102,0
DA:108,0
DA:109,0
DA:111,0
DA:113,0
DA:114,0
DA:117,0
DA:119,0
DA:120,0
DA:122,0
DA:124,0
DA:125,0
DA:130,2
DA:132,2
DA:133,0
DA:134,0
DA:137,2
DA:138,0
DA:139,0
DA:142,2
DA:143,0
DA:144,0
DA:145,0
DA:147,0
DA:149,0
DA:150,0
DA:156,2
DA:157,0
DA:158,0
DA:160,0
DA:161,0
DA:165,0
DA:167,0
LF:80
LH:23
BRDA:28,1,0,0
BRDA:28,1,1,0
BRDA:37,2,0,2
BRDA:37,2,1,2
BRDA:38,3,0,2
BRDA:38,3,1,2
BRDA:45,4,0,2
BRDA:45,4,1,0
BRDA:50,5,0,0
BRDA:50,5,1,0
BRDA:59,6,0,0
BRDA:59,6,1,0
BRDA:71,7,0,0
BRDA:71,7,1,0
BRDA:74,8,0,0
BRDA:74,8,1,0
BRDA:74,8,2,0
BRDA:82,9,0,0
BRDA:82,9,1,0
BRDA:90,10,0,0
BRDA:90,10,1,0
BRDA:94,11,0,0
BRDA:94,11,1,0
BRDA:94,12,0,0
BRDA:94,12,1,0
BRDA:94,12,2,0
BRDA:105,13,0,0
BRDA:105,13,1,0
BRDA:105,14,0,0
BRDA:105,14,1,0
BRDA:113,15,0,0
BRDA:113,15,1,0
BRDA:119,16,0,0
BRDA:119,16,1,0
BRDA:144,17,0,0
BRDA:144,17,1,0
BRDA:149,18,0,0
BRDA:149,18,1,0
BRDA:160,19,0,0
BRDA:160,19,1,0
BRF:40
BRH:5
end_of_record
TN:
SF:/home/travis/build/unosquare/tubular/src/js/tubular/directives/grid/components/tbTextSearch/tbTextSearch.js
FN:1,(anonymous_1)
FNF:1
FNH:1
FNDA:1,(anonymous_1)
DA:1,1
DA:4,1
LF:2
LH:2
BRF:0
BRH:0
end_of_record
TN:
SF:/home/travis/build/unosquare/tubular/src/js/tubular/directives/grid/components/tbTextSearch/tbTextSearchCtrl.js
FN:1,(anonymous_1)
FN:6,(anonymous_2)
FN:34,search
FNF:3
FNH:2
FNDA:1,(anonymous_1)
FNDA:3,(anonymous_2)
FNDA:0,search
DA:1,1
DA:4,1
DA:7,3
DA:9,3
DA:10,3
DA:11,3
DA:14,3
DA:15,0
DA:16,0
DA:19,0
DA:21,0
DA:22,0
DA:23,0
DA:26,0
DA:27,0
DA:30,0
DA:31,0
DA:34,1
DA:35,0
DA:36,0
DA:37,0
LF:21
LH:8
BRDA:10,1,0,3
BRDA:10,1,1,2
BRDA:15,2,0,0
BRDA:15,2,1,0
BRDA:15,3,0,0
BRDA:15,3,1,0
BRDA:21,4,0,0
BRDA:21,4,1,0
BRDA:21,5,0,0
BRDA:21,5,1,0
BRDA:26,6,0,0
BRDA:26,6,1,0
BRDA:26,7,0,0
BRDA:26,7,1,0
BRDA:26,7,2,0
BRF:15
BRH:2
end_of_record
TN:
SF:/home/travis/build/unosquare/tubular/src/js/tubular/directives/grid/tbGrid.js
FN:1,(anonymous_1)
FNF:1
FNH:1
FNDA:1,(anonymous_1)
DA:1,1
DA:4,1
LF:2
LH:2
BRF:0
BRH:0
end_of_record
TN:
SF:/home/travis/build/unosquare/tubular/src/js/tubular/directives/grid/tbGridCtrl.js
FN:14,(anonymous_1)
FNF:1
FNH:1
FNDA:73,(anonymous_1)
DA:1,1
DA:2,1
DA:4,1
DA:22,73
DA:23,73
DA:24,73
DA:26,73
DA:27,73
DA:29,73
DA:30,73
DA:31,73
DA:33,73
DA:34,73
DA:36,73
DA:37,73
DA:38,73
DA:39,73
DA:40,73
DA:41,73
DA:42,73
DA:43,73
DA:44,73
DA:45,73
DA:46,73
DA:47,73
DA:48,73
DA:50,73
DA:55,73
DA:56,73
DA:57,73
DA:58,73
DA:59,73
DA:60,73
DA:61,73
DA:62,73
DA:65,73
DA:68,73
DA:69,2
DA:70,0
DA:73,2
DA:76,73
DA:78,73
DA:79,2
DA:80,0
DA:83,2
DA:86,73
DA:88,73
DA:89,0
DA:90,0
DA:93,0
DA:96,73
DA:98,73
DA:99,2
DA:100,2
DA:101,1
DA:104,2
DA:108,73
DA:110,73
DA:111,1
DA:112,1
DA:116,73
DA:118,73
DA:119,3
DA:120,0
DA:123,3
DA:124,1
DA:126,2
DA:130,73
DA:131,1
DA:132,0
DA:135,1
DA:136,0
DA:139,1
DA:142,73
DA:143,3
DA:144,3
DA:145,3
DA:146,3
DA:148,3
DA:149,1
DA:153,73
DA:154,1
DA:155,1
DA:157,1
DA:158,0
DA:161,1
DA:167,1
DA:169,0
DA:170,0
DA:172,0
DA:173,0
DA:177,73
DA:178,0
DA:179,0
DA:182,0
DA:183,0
DA:184,0
DA:187,0
DA:189,0
DA:194,0
DA:195,0
DA:196,0
DA:197,0
DA:198,0
DA:199,0
DA:201,0
DA:203,0
DA:204,0
DA:205,0
DA:207,0
DA:210,0
DA:213,73
DA:214,2
DA:215,2
DA:217,1
DA:218,1
DA:221,1
DA:222,1
DA:224,1
DA:225,0
DA:228,1
DA:230,1
DA:233,1
DA:234,1
DA:235,1
DA:239,1
DA:240,0
DA:243,1
DA:246,0
DA:251,73
DA:252,11
DA:253,10
DA:254,10
DA:257,11
DA:272,73
DA:274,8
DA:275,0
DA:278,8
DA:279,8
DA:281,8
DA:282,8
DA:285,8
DA:287,8
DA:288,8
DA:290,8
DA:292,8
DA:294,8
DA:296,8
DA:297,0
DA:298,0
DA:299,0
DA:302,73
DA:303,13
DA:305,13
DA:306,1
DA:312,1
DA:315,12
DA:317,12
DA:318,1
DA:319,1
DA:322,11
DA:323,11
DA:324,11
DA:326,11
DA:327,0
DA:330,11
DA:333,11
DA:335,11
DA:336,11
DA:337,11
DA:338,11
DA:339,11
DA:340,11
DA:342,11
DA:343,10
DA:347,73
DA:348,14
DA:350,7
DA:351,1
DA:354,6
DA:356,6
DA:357,0
DA:361,6
DA:362,6
DA:367,6
DA:368,0
DA:369,0
DA:371,6
DA:372,6
DA:376,6
DA:377,6
DA:379,3
DA:380,3
DA:385,12
DA:388,6
DA:390,9
DA:392,6
DA:393,6
DA:396,73
DA:397,0
DA:398,0
DA:399,0
DA:404,0
DA:405,0
DA:406,0
DA:407,0
DA:410,73
LF:207
LH:157
BRDA:29,1,0,73
BRDA:29,1,1,73
BRDA:33,2,0,73
BRDA:33,2,1,0
BRDA:34,3,0,73
BRDA:34,3,1,0
BRDA:34,4,0,73
BRDA:34,4,1,73
BRDA:36,5,0,73
BRDA:36,5,1,0
BRDA:37,6,0,73
BRDA:37,6,1,73
BRDA:38,7,0,73
BRDA:38,7,1,0
BRDA:45,8,0,73
BRDA:45,8,1,73
BRDA:46,9,0,73
BRDA:46,9,1,73
BRDA:48,10,0,73
BRDA:48,10,1,73
BRDA:49,11,0,73
BRDA:49,11,1,0
BRDA:49,12,0,73
BRDA:49,12,1,73
BRDA:52,13,0,73
BRDA:52,13,1,0
BRDA:57,14,0,0
BRDA:57,14,1,73
BRDA:58,15,0,73
BRDA:58,15,1,73
BRDA:60,16,0,73
BRDA:60,16,1,0
BRDA:61,17,0,73
BRDA:61,17,1,0
BRDA:62,18,0,73
BRDA:62,18,1,73
BRDA:69,19,0,0
BRDA:69,19,1,2
BRDA:69,20,0,2
BRDA:69,20,1,2
BRDA:79,21,0,0
BRDA:79,21,1,2
BRDA:79,22,0,2
BRDA:79,22,1,2
BRDA:79,22,2,2
BRDA:89,23,0,0
BRDA:89,23,1,0
BRDA:99,24,0,2
BRDA:99,24,1,0
BRDA:99,25,0,2
BRDA:99,25,1,2
BRDA:100,26,0,1
BRDA:100,26,1,1
BRDA:111,27,0,1
BRDA:111,27,1,0
BRDA:111,28,0,1
BRDA:111,28,1,1
BRDA:119,29,0,0
BRDA:119,29,1,3
BRDA:123,30,0,1
BRDA:123,30,1,2
BRDA:131,31,0,0
BRDA:131,31,1,1
BRDA:135,32,0,0
BRDA:135,32,1,1
BRDA:143,33,0,3
BRDA:143,33,1,2
BRDA:148,34,0,1
BRDA:148,34,1,2
BRDA:148,35,0,3
BRDA:148,35,1,3
BRDA:148,35,2,1
BRDA:157,36,0,0
BRDA:157,36,1,1
BRDA:178,37,0,0
BRDA:178,37,1,0
BRDA:182,38,0,0
BRDA:182,38,1,0
BRDA:182,39,0,0
BRDA:182,39,1,0
BRDA:182,39,2,0
BRDA:191,40,0,0
BRDA:191,40,1,0
BRDA:191,41,0,0
BRDA:191,41,1,0
BRDA:215,42,0,1
BRDA:215,42,1,1
BRDA:215,43,0,2
BRDA:215,43,1,1
BRDA:224,44,0,0
BRDA:224,44,1,1
BRDA:233,45,0,1
BRDA:233,45,1,0
BRDA:239,46,0,0
BRDA:239,46,1,1
BRDA:239,47,0,1
BRDA:239,47,1,0
BRDA:243,48,0,0
BRDA:243,48,1,1
BRDA:243,49,0,1
BRDA:243,49,1,0
BRDA:243,49,2,0
BRDA:252,50,0,10
BRDA:252,50,1,1
BRDA:254,51,0,7
BRDA:254,51,1,3
BRDA:259,52,0,11
BRDA:259,52,1,0
BRDA:274,53,0,0
BRDA:274,53,1,8
BRDA:274,54,0,8
BRDA:274,54,1,8
BRDA:281,55,0,8
BRDA:281,55,1,0
BRDA:282,56,0,8
BRDA:282,56,1,7
BRDA:285,57,0,2
BRDA:285,57,1,6
BRDA:288,58,0,8
BRDA:288,58,1,0
BRDA:305,59,0,1
BRDA:305,59,1,12
BRDA:305,60,0,13
BRDA:305,60,1,12
BRDA:317,61,0,1
BRDA:317,61,1,11
BRDA:342,62,0,10
BRDA:342,62,1,1
BRDA:350,63,0,1
BRDA:350,63,1,6
BRDA:356,64,0,0
BRDA:356,64,1,6
BRDA:362,65,0,5
BRDA:362,65,1,1
BRDA:364,66,0,1
BRDA:364,66,1,0
BRDA:367,67,0,0
BRDA:367,67,1,6
BRDA:376,68,0,3
BRDA:376,68,1,3
BRDA:388,69,0,0
BRDA:388,69,1,3
BRF:142
BRH:97
end_of_record
TN:
SF:/home/travis/build/unosquare/tubular/src/js/tubular/tubular.js
FN:1,(anonymous_1)
FN:15,(anonymous_2)
FN:31,(anonymous_3)
FN:53,(anonymous_4)
FN:74,(anonymous_5)
FNF:5
FNH:5
FNDA:1,(anonymous_1)
FNDA:4,(anonymous_2)
FNDA:1,(anonymous_3)
FNDA:1,(anonymous_4)
FNDA:1,(anonymous_5)
DA:1,1
DA:13,1
DA:16,4
DA:17,4
DA:32,1
DA:33,3
DA:36,1
DA:39,2
DA:54,1
DA:55,5
DA:57,5
DA:58,2
DA:61,3
DA:75,3
LF:14
LH:14
BRDA:33,1,0,1
BRDA:33,1,1,2
BRDA:33,2,0,3
BRDA:33,2,1,3
BRDA:33,2,2,1
BRDA:33,2,3,1
BRDA:39,3,0,2
BRDA:39,3,1,1
BRDA:55,4,0,5
BRDA:55,4,1,4
BRDA:57,5,0,2
BRDA:57,5,1,3
BRDA:58,6,0,2
BRDA:58,6,1,1
BRDA:61,7,0,1
BRDA:61,7,1,2
BRDA:75,8,0,2
BRDA:75,8,1,1
BRDA:75,9,0,2
BRDA:75,9,1,1
BRF:20
BRH:20
end_of_record
TN:
SF:/home/travis/build/unosquare/tubular/src/js/tubular-chart/chartjs/tbChartJs.js
FNF:0
FNH:0
DA:1,1
DA:2,1
DA:4,1
LF:3
LH:3
BRF:0
BRH:0
end_of_record
TN:
SF:/home/travis/build/unosquare/tubular/src/js/tubular-chart/chartjs/tbChartJsCtrl.js
FN:8,(anonymous_1)
FNF:1
FNH:0
FNDA:0,(anonymous_1)
DA:1,1
DA:2,1
DA:4,1
DA:11,0
DA:13,0
DA:14,0
DA:17,0
DA:21,0
DA:23,0
DA:25,0
DA:27,0
DA:28,0
DA:30,0
DA:31,0
DA:34,0
DA:38,0
DA:39,0
DA:42,0
DA:45,0
DA:47,0
DA:48,0
DA:49,0
DA:51,0
DA:52,0
DA:54,0
DA:57,0
DA:58,0
DA:59,0
DA:63,0
DA:64,0
DA:65,0
DA:67,0
LF:32
LH:3
BRDA:13,1,0,0
BRDA:13,1,1,0
BRDA:14,2,0,0
BRDA:14,2,1,0
BRDA:17,3,0,0
BRDA:17,3,1,0
BRDA:27,4,0,0
BRDA:27,4,1,0
BRDA:27,5,0,0
BRDA:27,5,1,0
BRDA:27,5,2,0
BRDA:30,6,0,0
BRDA:30,6,1,0
BRDA:38,7,0,0
BRDA:38,7,1,0
BRDA:51,8,0,0
BRDA:51,8,1,0
BRDA:58,9,0,0
BRDA:58,9,1,0
BRDA:58,10,0,0
BRDA:58,10,1,0
BRDA:64,11,0,0
BRDA:64,11,1,0
BRDA:64,12,0,0
BRDA:64,12,1,0
BRF:25
BRH:0
end_of_record
TN:
SF:/home/travis/build/unosquare/tubular/src/js/tubular-chart/tubular-directives-highcharts.js
FN:42,(anonymous_1)
FNF:1
FNH:0
FNDA:0,(anonymous_1)
DA:1,1
DA:2,1
DA:4,1
DA:43,0
DA:45,0
DA:46,0
DA:48,0
DA:77,0
DA:79,0
DA:81,0
DA:83,0
DA:84,0
DA:85,0
DA:89,0
DA:90,0
DA:92,0
DA:93,0
DA:94,0
DA:96,0
DA:97,0
DA:100,0
DA:103,0
DA:105,0
DA:106,0
DA:107,0
DA:109,0
DA:111,0
DA:114,0
DA:115,0
DA:116,0
DA:120,0
DA:121,0
DA:122,0
DA:126,0
DA:127,0
DA:128,0
LF:36
LH:3
BRDA:45,1,0,0
BRDA:45,1,1,0
BRDA:46,2,0,0
BRDA:46,2,1,0
BRDA:55,3,0,0
BRDA:55,3,1,0
BRDA:62,4,0,0
BRDA:62,4,1,0
BRDA:68,5,0,0
BRDA:68,5,1,0
BRDA:77,6,0,0
BRDA:77,6,1,0
BRDA:92,7,0,0
BRDA:92,7,1,0
BRDA:92,8,0,0
BRDA:92,8,1,0
BRDA:92,8,2,0
BRDA:96,9,0,0
BRDA:96,9,1,0
BRDA:105,10,0,0
BRDA:105,10,1,0
BRDA:111,11,0,0
BRDA:111,11,1,0
BRDA:111,12,0,0
BRDA:111,12,1,0
BRDA:114,13,0,0
BRDA:114,13,1,0
BRDA:121,14,0,0
BRDA:121,14,1,0
BRDA:121,15,0,0
BRDA:121,15,1,0
BRDA:121,15,2,0
BRDA:127,16,0,0
BRDA:127,16,1,0
BRDA:127,17,0,0
BRDA:127,17,1,0
BRF:36
BRH:0
end_of_record
