TN:
SF:/home/travis/build/unosquare/tubular/src/Unosquare.Tubular/Javascript/tubular/tubular-models.js
FN:1,(anonymous_1)
FN:22,(anonymous_2)
FN:23,(anonymous_3)
FN:27,(anonymous_4)
FN:40,(anonymous_5)
FN:42,(anonymous_6)
FN:50,(anonymous_7)
FN:56,(anonymous_8)
FN:86,(anonymous_9)
FN:89,(anonymous_10)
FN:99,(anonymous_11)
FN:120,(anonymous_12)
FN:128,(anonymous_13)
FN:132,(anonymous_14)
FN:133,(anonymous_15)
FN:138,(anonymous_16)
FN:139,(anonymous_17)
FNF:17
FNH:1
FNDA:1,(anonymous_1)
FNDA:0,(anonymous_2)
FNDA:0,(anonymous_3)
FNDA:0,(anonymous_4)
FNDA:0,(anonymous_5)
FNDA:0,(anonymous_6)
FNDA:0,(anonymous_7)
FNDA:0,(anonymous_8)
FNDA:0,(anonymous_9)
FNDA:0,(anonymous_10)
FNDA:0,(anonymous_11)
FNDA:0,(anonymous_12)
FNDA:0,(anonymous_13)
FNDA:0,(anonymous_14)
FNDA:0,(anonymous_15)
FNDA:0,(anonymous_16)
FNDA:0,(anonymous_17)
DA:1,1
DA:13,1
DA:23,0
DA:24,0
DA:28,0
DA:29,0
DA:30,0
DA:32,0
DA:34,0
DA:35,0
DA:38,0
DA:40,0
DA:41,0
DA:43,0
DA:44,0
DA:49,0
DA:50,0
DA:51,0
DA:55,0
DA:56,0
DA:57,0
DA:59,0
DA:60,0
DA:63,0
DA:65,0
DA:66,0
DA:67,0
DA:69,0
DA:72,0
DA:73,0
DA:78,0
DA:79,0
DA:82,0
DA:83,0
DA:84,0
DA:86,0
DA:87,0
DA:89,0
DA:90,0
DA:92,0
DA:95,0
DA:99,0
DA:100,0
DA:101,0
DA:104,0
DA:105,0
DA:108,0
DA:109,0
DA:112,0
DA:114,0
DA:120,0
DA:121,0
DA:122,0
DA:125,0
DA:128,0
DA:129,0
DA:132,0
DA:133,0
DA:134,0
DA:138,0
DA:139,0
DA:140,0
DA:141,0
DA:144,0
DA:147,0
DA:150,0
LF:66
LH:2
BRDA:30,1,0,0
BRDA:30,1,1,0
BRDA:32,2,0,0
BRDA:32,2,1,0
BRDA:34,3,0,0
BRDA:34,3,1,0
BRDA:38,4,0,0
BRDA:38,4,1,0
BRDA:43,5,0,0
BRDA:43,5,1,0
BRDA:49,6,0,0
BRDA:49,6,1,0
BRDA:55,7,0,0
BRDA:55,7,1,0
BRDA:57,8,0,0
BRDA:57,8,1,0
BRDA:59,9,0,0
BRDA:59,9,1,0
BRDA:59,10,0,0
BRDA:59,10,1,0
BRDA:65,11,0,0
BRDA:65,11,1,0
BRDA:65,12,0,0
BRDA:65,12,1,0
BRDA:65,12,2,0
BRDA:66,13,0,0
BRDA:66,13,1,0
BRDA:66,14,0,0
BRDA:66,14,1,0
BRDA:66,14,2,0
BRDA:69,15,0,0
BRDA:69,15,1,0
BRDA:72,16,0,0
BRDA:72,16,1,0
BRDA:78,17,0,0
BRDA:78,17,1,0
BRDA:90,18,0,0
BRDA:90,18,1,0
BRDA:90,19,0,0
BRDA:90,19,1,0
BRDA:100,20,0,0
BRDA:100,20,1,0
BRDA:100,21,0,0
BRDA:100,21,1,0
BRDA:104,22,0,0
BRDA:104,22,1,0
BRDA:104,23,0,0
BRDA:104,23,1,0
BRDA:108,24,0,0
BRDA:108,24,1,0
BRDA:108,25,0,0
BRDA:108,25,1,0
BRDA:108,25,2,0
BRDA:116,26,0,0
BRDA:116,26,1,0
BRDA:116,27,0,0
BRDA:116,27,1,0
BRDA:121,28,0,0
BRDA:121,28,1,0
BRDA:121,29,0,0
BRDA:121,29,1,0
BRDA:140,30,0,0
BRDA:140,30,1,0
BRDA:140,31,0,0
BRDA:140,31,1,0
BRF:65
BRH:0
end_of_record
TN:
SF:/home/travis/build/unosquare/tubular/src/Unosquare.Tubular/Javascript/tubular/tubular-services.js
FN:1,(anonymous_1)
FN:4,getColumns
FN:5,(anonymous_3)
FN:8,getColumnsVisibility
FN:10,(anonymous_5)
FN:13,exportToCsv
FN:14,(anonymous_7)
FN:16,(anonymous_8)
FN:79,(anonymous_9)
FN:81,(anonymous_10)
FN:85,(anonymous_11)
FN:90,(anonymous_12)
FNF:12
FNH:1
FNDA:1,(anonymous_1)
FNDA:0,getColumns
FNDA:0,(anonymous_3)
FNDA:0,getColumnsVisibility
FNDA:0,(anonymous_5)
FNDA:0,exportToCsv
FNDA:0,(anonymous_7)
FNDA:0,(anonymous_8)
FNDA:0,(anonymous_9)
FNDA:0,(anonymous_10)
FNDA:0,(anonymous_11)
FNDA:0,(anonymous_12)
DA:1,1
DA:4,1
DA:5,0
DA:8,1
DA:9,0
DA:10,0
DA:13,1
DA:14,0
DA:15,0
DA:16,0
DA:19,0
DA:20,0
DA:21,0
DA:22,0
DA:25,0
DA:27,0
DA:28,0
DA:31,0
DA:33,0
DA:34,0
DA:37,0
DA:38,0
DA:41,0
DA:43,0
DA:46,0
DA:48,0
DA:49,0
DA:52,0
DA:53,0
DA:57,0
DA:58,0
DA:69,1
DA:80,0
DA:82,0
DA:83,0
DA:85,0
DA:86,0
DA:91,0
DA:92,0
DA:94,0
DA:95,0
DA:96,0
LF:42
LH:5
BRDA:15,1,0,0
BRDA:15,1,1,0
BRDA:21,2,0,0
BRDA:21,2,1,0
BRDA:25,3,0,0
BRDA:25,3,1,0
BRDA:27,4,0,0
BRDA:27,4,1,0
BRDA:33,5,0,0
BRDA:33,5,1,0
BRDA:37,6,0,0
BRDA:37,6,1,0
BRDA:48,7,0,0
BRDA:48,7,1,0
BRF:14
BRH:0
end_of_record
TN:
SF:/home/travis/build/unosquare/tubular/src/Unosquare.Tubular/Javascript/tubular-chart/chartjs/tubular-chart.module.js
FN:1,(anonymous_1)
FNF:1
FNH:1
FNDA:1,(anonymous_1)
DA:1,1
DA:4,1
LF:2
LH:2
BRF:0
BRH:0
end_of_record
TN:
SF:/home/travis/build/unosquare/tubular/src/Unosquare.Tubular/Javascript/tubular/services/editor.js
FN:1,(anonymous_1)
FN:13,(anonymous_2)
FN:19,(anonymous_3)
FN:29,(anonymous_4)
FN:41,(anonymous_5)
FN:50,(anonymous_6)
FN:66,(anonymous_7)
FN:73,(anonymous_8)
FN:97,(anonymous_9)
FN:99,(anonymous_10)
FN:143,(anonymous_11)
FN:163,(anonymous_12)
FN:165,(anonymous_13)
FN:174,(anonymous_14)
FN:176,(anonymous_15)
FN:200,(anonymous_16)
FNF:16
FNH:6
FNDA:1,(anonymous_1)
FNDA:6,(anonymous_2)
FNDA:1,(anonymous_3)
FNDA:6,(anonymous_4)
FNDA:4,(anonymous_5)
FNDA:0,(anonymous_6)
FNDA:0,(anonymous_7)
FNDA:4,(anonymous_8)
FNDA:0,(anonymous_9)
FNDA:0,(anonymous_10)
FNDA:0,(anonymous_11)
FNDA:0,(anonymous_12)
FNDA:0,(anonymous_13)
FNDA:0,(anonymous_14)
FNDA:0,(anonymous_15)
FNDA:0,(anonymous_16)
DA:1,1
DA:4,1
DA:14,6
DA:19,6
DA:20,1
DA:21,1
DA:22,1
DA:29,6
DA:30,6
DA:31,6
DA:32,6
DA:33,6
DA:34,6
DA:35,6
DA:36,6
DA:37,6
DA:40,6
DA:42,4
DA:43,4
DA:50,6
DA:51,0
DA:53,0
DA:54,0
DA:55,0
DA:57,0
DA:60,0
DA:63,0
DA:66,6
DA:68,0
DA:70,0
DA:73,6
DA:74,4
DA:75,4
DA:77,4
DA:79,1
DA:80,1
DA:82,1
DA:83,0
DA:86,1
DA:90,3
DA:91,3
DA:94,0
DA:97,6
DA:98,0
DA:100,0
DA:101,0
DA:104,0
DA:107,0
DA:108,0
DA:109,0
DA:112,0
DA:113,0
DA:114,0
DA:115,0
DA:116,0
DA:117,0
DA:121,0
DA:124,6
DA:127,6
DA:128,6
DA:131,0
DA:132,0
DA:135,0
DA:136,0
DA:139,0
DA:141,0
DA:143,0
DA:144,0
DA:146,0
DA:147,0
DA:148,0
DA:150,0
DA:151,0
DA:154,0
DA:155,0
DA:156,0
DA:159,0
DA:163,0
DA:164,0
DA:166,0
DA:167,0
DA:170,0
DA:174,0
DA:175,0
DA:177,0
DA:178,0
DA:181,0
DA:184,0
DA:185,0
DA:186,0
DA:189,0
DA:190,0
DA:193,0
DA:196,0
DA:199,0
DA:201,0
DA:202,0
DA:208,0
DA:209,0
DA:212,0
DA:213,0
DA:215,0
DA:216,0
DA:221,0
DA:223,0
DA:226,6
LF:106
LH:36
BRDA:20,1,0,1
BRDA:20,1,1,1
BRDA:30,2,0,6
BRDA:30,2,1,6
BRDA:31,3,0,6
BRDA:31,3,1,0
BRDA:32,4,0,6
BRDA:32,4,1,6
BRDA:33,5,0,6
BRDA:33,5,1,0
BRDA:33,6,0,0
BRDA:33,6,1,0
BRDA:34,7,0,6
BRDA:34,7,1,6
BRDA:35,8,0,6
BRDA:35,8,1,6
BRDA:36,9,0,6
BRDA:36,9,1,6
BRDA:54,10,0,0
BRDA:54,10,1,0
BRDA:57,11,0,0
BRDA:57,11,1,0
BRDA:70,12,0,0
BRDA:70,12,1,0
BRDA:77,13,0,1
BRDA:77,13,1,3
BRDA:77,14,0,4
BRDA:77,14,1,2
BRDA:77,14,2,3
BRDA:77,14,3,0
BRDA:77,14,4,0
BRDA:82,15,0,0
BRDA:82,15,1,1
BRDA:90,16,0,3
BRDA:90,16,1,0
BRDA:100,17,0,0
BRDA:100,17,1,0
BRDA:100,18,0,0
BRDA:100,18,1,0
BRDA:107,19,0,0
BRDA:107,19,1,0
BRDA:108,20,0,0
BRDA:108,20,1,0
BRDA:112,21,0,0
BRDA:112,21,1,0
BRDA:114,22,0,0
BRDA:114,22,1,0
BRDA:116,23,0,0
BRDA:116,23,1,0
BRDA:128,24,0,0
BRDA:128,24,1,6
BRDA:128,25,0,6
BRDA:128,25,1,6
BRDA:131,26,0,0
BRDA:131,26,1,0
BRDA:135,27,0,0
BRDA:135,27,1,0
BRDA:139,28,0,0
BRDA:139,28,1,0
BRDA:146,29,0,0
BRDA:146,29,1,0
BRDA:147,30,0,0
BRDA:147,30,1,0
BRDA:148,31,0,0
BRDA:148,31,1,0
BRDA:148,32,0,0
BRDA:148,32,1,0
BRDA:148,32,2,0
BRDA:150,33,0,0
BRDA:150,33,1,0
BRDA:150,34,0,0
BRDA:150,34,1,0
BRDA:166,35,0,0
BRDA:166,35,1,0
BRDA:177,36,0,0
BRDA:177,36,1,0
BRDA:184,37,0,0
BRDA:184,37,1,0
BRDA:184,38,0,0
BRDA:184,38,1,0
BRDA:184,38,2,0
BRDA:185,39,0,0
BRDA:185,39,1,0
BRDA:185,40,0,0
BRDA:185,40,1,0
BRDA:189,41,0,0
BRDA:189,41,1,0
BRDA:189,42,0,0
BRDA:189,42,1,0
BRDA:196,43,0,0
BRDA:196,43,1,0
BRDA:208,44,0,0
BRDA:208,44,1,0
BRDA:212,45,0,0
BRDA:212,45,1,0
BRDA:215,46,0,0
BRDA:215,46,1,0
BRF:97
BRH:24
end_of_record
TN:
SF:/home/travis/build/unosquare/tubular/src/Unosquare.Tubular/Javascript/tubular/services/http.js
FN:1,(anonymous_1)
FN:24,(anonymous_2)
FN:36,init
FN:44,isAuthenticationExpired
FN:51,retrieveSavedData
FN:63,getCancel
FN:64,(anonymous_7)
FN:77,(anonymous_8)
FN:81,(anonymous_9)
FN:93,(anonymous_10)
FN:103,(anonymous_11)
FN:111,(anonymous_12)
FN:116,(anonymous_13)
FN:121,(anonymous_14)
FN:133,(anonymous_15)
FN:140,(anonymous_16)
FN:170,(anonymous_17)
FN:178,(anonymous_18)
FN:183,(anonymous_19)
FN:198,(anonymous_20)
FN:204,(anonymous_21)
FN:213,(anonymous_22)
FN:217,(anonymous_23)
FN:229,(anonymous_24)
FN:234,(anonymous_25)
FN:239,(anonymous_26)
FN:242,(anonymous_27)
FN:246,(anonymous_28)
FN:253,(anonymous_29)
FN:268,(anonymous_30)
FN:272,(anonymous_31)
FN:280,(anonymous_32)
FN:285,(anonymous_33)
FN:293,(anonymous_34)
FN:307,(anonymous_35)
FN:311,(anonymous_36)
FNF:36
FNH:15
FNDA:1,(anonymous_1)
FNDA:13,(anonymous_2)
FNDA:13,init
FNDA:2,isAuthenticationExpired
FNDA:2,retrieveSavedData
FNDA:0,getCancel
FNDA:0,(anonymous_7)
FNDA:0,(anonymous_8)
FNDA:4,(anonymous_9)
FNDA:2,(anonymous_10)
FNDA:2,(anonymous_11)
FNDA:1,(anonymous_12)
FNDA:1,(anonymous_13)
FNDA:2,(anonymous_14)
FNDA:0,(anonymous_15)
FNDA:0,(anonymous_16)
FNDA:0,(anonymous_17)
FNDA:0,(anonymous_18)
FNDA:0,(anonymous_19)
FNDA:0,(anonymous_20)
FNDA:0,(anonymous_21)
FNDA:0,(anonymous_22)
FNDA:0,(anonymous_23)
FNDA:3,(anonymous_24)
FNDA:1,(anonymous_25)
FNDA:1,(anonymous_26)
FNDA:0,(anonymous_27)
FNDA:0,(anonymous_28)
FNDA:0,(anonymous_29)
FNDA:0,(anonymous_30)
FNDA:0,(anonymous_31)
FNDA:0,(anonymous_32)
FNDA:0,(anonymous_33)
FNDA:0,(anonymous_34)
FNDA:0,(anonymous_35)
FNDA:1,(anonymous_36)
DA:1,1
DA:4,1
DA:33,13
DA:34,13
DA:36,1
DA:37,13
DA:39,13
DA:40,1
DA:44,1
DA:45,2
DA:46,2
DA:48,2
DA:51,1
DA:52,2
DA:54,2
DA:55,0
DA:56,2
DA:57,0
DA:59,0
DA:63,1
DA:64,0
DA:65,0
DA:66,0
DA:70,13
DA:77,13
DA:78,0
DA:81,13
DA:82,4
DA:83,2
DA:84,2
DA:86,2
DA:90,2
DA:93,13
DA:94,2
DA:96,2
DA:97,2
DA:98,2
DA:99,2
DA:100,2
DA:103,13
DA:104,2
DA:106,2
DA:112,1
DA:113,1
DA:115,1
DA:117,1
DA:121,13
DA:122,2
DA:123,2
DA:124,2
DA:125,2
DA:126,2
DA:127,2
DA:128,2
DA:130,2
DA:133,13
DA:134,0
DA:140,13
DA:141,0
DA:142,0
DA:143,0
DA:144,0
DA:146,0
DA:148,0
DA:149,0
DA:150,0
DA:151,0
DA:152,0
DA:153,0
DA:154,0
DA:155,0
DA:156,0
DA:158,0
DA:159,0
DA:160,0
DA:162,0
DA:169,0
DA:171,0
DA:172,0
DA:174,0
DA:178,13
DA:179,0
DA:180,0
DA:183,13
DA:184,0
DA:185,0
DA:187,0
DA:188,0
DA:191,0
DA:192,0
DA:195,0
DA:196,0
DA:198,0
DA:202,0
DA:204,0
DA:205,0
DA:208,0
DA:214,0
DA:216,0
DA:218,0
DA:219,0
DA:222,0
DA:225,0
DA:229,13
DA:230,3
DA:231,3
DA:234,1
DA:238,2
DA:239,1
DA:242,13
DA:243,0
DA:246,13
DA:247,0
DA:253,13
DA:254,0
DA:268,13
DA:269,0
DA:270,0
DA:272,0
DA:276,0
DA:280,0
DA:285,13
DA:286,0
DA:293,13
DA:294,0
DA:295,0
DA:297,0
DA:298,0
DA:301,0
DA:305,13
DA:307,13
DA:308,0
DA:311,13
DA:312,1
DA:313,1
DA:316,0
DA:318,0
DA:321,13
LF:138
LH:70
BRDA:39,1,0,1
BRDA:39,1,1,12
BRDA:39,2,0,13
BRDA:39,2,1,13
BRDA:54,3,0,0
BRDA:54,3,1,2
BRDA:56,4,0,0
BRDA:56,4,1,0
BRDA:82,5,0,2
BRDA:82,5,1,2
BRDA:82,6,0,4
BRDA:82,6,1,2
BRDA:123,7,0,2
BRDA:123,7,1,2
BRDA:123,7,2,1
BRDA:135,8,0,0
BRDA:135,8,1,0
BRDA:158,9,0,0
BRDA:158,9,1,0
BRDA:187,10,0,0
BRDA:187,10,1,0
BRDA:191,11,0,0
BRDA:191,11,1,0
BRDA:195,12,0,0
BRDA:195,12,1,0
BRDA:196,13,0,0
BRDA:196,13,1,0
BRDA:196,14,0,0
BRDA:196,14,1,0
BRDA:202,15,0,0
BRDA:202,15,1,0
BRDA:218,16,0,0
BRDA:218,16,1,0
BRDA:230,17,0,3
BRDA:230,17,1,0
BRDA:231,18,0,1
BRDA:231,18,1,2
BRDA:231,19,0,3
BRDA:231,19,1,1
BRDA:269,20,0,0
BRDA:269,20,1,0
BRDA:270,21,0,0
BRDA:270,21,1,0
BRDA:270,22,0,0
BRDA:270,22,1,0
BRDA:297,23,0,0
BRDA:297,23,1,0
BRDA:312,24,0,1
BRDA:312,24,1,0
BRDA:312,25,0,1
BRDA:312,25,1,0
BRDA:312,25,2,0
BRDA:318,26,0,0
BRDA:318,26,1,0
BRF:54
BRH:19
end_of_record
TN:
SF:/home/travis/build/unosquare/tubular/src/Unosquare.Tubular/Javascript/tubular/services/popup.js
FN:1,(anonymous_1)
FN:16,(anonymous_2)
FN:22,(anonymous_3)
FN:28,(anonymous_4)
FN:43,(anonymous_5)
FN:55,(anonymous_6)
FN:58,(anonymous_7)
FNF:7
FNH:5
FNDA:1,(anonymous_1)
FNDA:5,(anonymous_2)
FNDA:0,(anonymous_3)
FNDA:0,(anonymous_4)
FNDA:1,(anonymous_5)
FNDA:1,(anonymous_6)
FNDA:1,(anonymous_7)
DA:1,1
DA:4,1
DA:21,5
DA:23,0
DA:25,0
DA:29,0
DA:31,0
DA:44,1
DA:45,0
DA:48,1
DA:56,1
DA:59,1
DA:64,1
LF:13
LH:8
BRDA:44,1,0,0
BRDA:44,1,1,1
BRF:2
BRH:1
end_of_record
TN:
SF:/home/travis/build/unosquare/tubular/src/Unosquare.Tubular/Javascript/tubular/services/popupCtrl.js
FN:1,(anonymous_1)
FN:12,(anonymous_2)
FN:21,(anonymous_3)
FN:37,(anonymous_4)
FN:46,(anonymous_5)
FN:57,(anonymous_6)
FNF:6
FNH:4
FNDA:1,(anonymous_1)
FNDA:6,(anonymous_2)
FNDA:3,(anonymous_3)
FNDA:0,(anonymous_4)
FNDA:0,(anonymous_5)
FNDA:1,(anonymous_6)
DA:1,1
DA:5,1
DA:19,6
DA:21,6
DA:22,3
DA:25,3
DA:26,1
DA:27,1
DA:30,2
DA:32,2
DA:33,1
DA:36,1
DA:38,0
DA:39,0
DA:40,0
DA:41,0
DA:42,0
DA:44,0
DA:47,0
DA:48,0
DA:49,0
DA:51,0
DA:54,1
DA:57,6
DA:58,1
DA:59,0
DA:62,1
LF:27
LH:16
BRDA:22,1,0,3
BRDA:22,1,1,0
BRDA:25,2,0,1
BRDA:25,2,1,2
BRDA:25,3,0,3
BRDA:25,3,1,1
BRDA:25,3,2,1
BRDA:32,4,0,1
BRDA:32,4,1,1
BRDA:32,5,0,2
BRDA:32,5,1,2
BRDA:41,6,0,0
BRDA:41,6,1,0
BRDA:58,7,0,0
BRDA:58,7,1,1
BRF:15
BRH:11
end_of_record
TN:
SF:/home/travis/build/unosquare/tubular/src/Unosquare.Tubular/Javascript/tubular/services/template.js
FN:1,(anonymous_1)
FN:16,(anonymous_2)
FN:21,(anonymous_3)
FN:181,(anonymous_4)
FN:182,(anonymous_5)
FN:184,(anonymous_6)
FN:209,(anonymous_7)
FN:261,(anonymous_8)
FN:307,(anonymous_9)
FN:326,(anonymous_10)
FN:330,(anonymous_11)
FN:365,(anonymous_12)
FN:398,(anonymous_13)
FN:415,(anonymous_14)
FN:431,(anonymous_15)
FN:442,(anonymous_16)
FN:444,(anonymous_17)
FN:447,(anonymous_18)
FN:449,(anonymous_19)
FN:451,(anonymous_20)
FN:484,(anonymous_21)
FN:485,(anonymous_22)
FN:487,(anonymous_23)
FN:510,(anonymous_24)
FN:564,(anonymous_25)
FN:566,(anonymous_26)
FN:570,(anonymous_27)
FN:583,(anonymous_28)
FN:584,(anonymous_29)
FN:594,(anonymous_30)
FN:609,(anonymous_31)
FN:614,(anonymous_32)
FN:618,(anonymous_33)
FN:625,(anonymous_34)
FN:627,(anonymous_35)
FN:633,(anonymous_36)
FNF:36
FNH:23
FNDA:1,(anonymous_1)
FNDA:19,(anonymous_2)
FNDA:19,(anonymous_3)
FNDA:2,(anonymous_4)
FNDA:14,(anonymous_5)
FNDA:30,(anonymous_6)
FNDA:1,(anonymous_7)
FNDA:7,(anonymous_8)
FNDA:116,(anonymous_9)
FNDA:16,(anonymous_10)
FNDA:112,(anonymous_11)
FNDA:112,(anonymous_12)
FNDA:2,(anonymous_13)
FNDA:1,(anonymous_14)
FNDA:3,(anonymous_15)
FNDA:7,(anonymous_16)
FNDA:7,(anonymous_17)
FNDA:7,(anonymous_18)
FNDA:7,(anonymous_19)
FNDA:7,(anonymous_20)
FNDA:7,(anonymous_21)
FNDA:49,(anonymous_22)
FNDA:105,(anonymous_23)
FNDA:0,(anonymous_24)
FNDA:0,(anonymous_25)
FNDA:0,(anonymous_26)
FNDA:0,(anonymous_27)
FNDA:0,(anonymous_28)
FNDA:0,(anonymous_29)
FNDA:0,(anonymous_30)
FNDA:0,(anonymous_31)
FNDA:0,(anonymous_32)
FNDA:0,(anonymous_33)
FNDA:0,(anonymous_34)
FNDA:0,(anonymous_35)
FNDA:0,(anonymous_36)
DA:1,1
DA:4,1
DA:19,19
DA:21,19
DA:22,19
DA:23,19
DA:26,19
DA:38,19
DA:146,19
DA:148,19
DA:149,19
DA:154,19
DA:162,19
DA:171,19
DA:181,19
DA:182,2
DA:183,14
DA:184,30
DA:186,14
DA:209,19
DA:210,1
DA:211,1
DA:213,1
DA:214,1
DA:215,1
DA:218,1
DA:219,1
DA:227,1
DA:228,1
DA:231,1
DA:232,1
DA:236,1
DA:237,1
DA:240,1
DA:262,7
DA:307,19
DA:308,116
DA:310,17
DA:312,17
DA:314,17
DA:316,65
DA:326,19
DA:327,16
DA:328,16
DA:330,16
DA:331,112
DA:334,112
DA:335,0
DA:338,112
DA:339,16
DA:344,96
DA:345,16
DA:346,80
DA:347,16
DA:353,64
DA:355,64
DA:356,16
DA:359,64
DA:363,16
DA:365,16
DA:366,112
DA:367,112
DA:370,112
DA:371,112
DA:372,112
DA:373,112
DA:374,112
DA:375,112
DA:376,112
DA:378,112
DA:379,112
DA:380,112
DA:381,112
DA:382,112
DA:383,112
DA:385,112
DA:386,96
DA:389,16
DA:390,16
DA:391,16
DA:392,16
DA:395,16
DA:398,19
DA:399,2
DA:401,2
DA:415,19
DA:416,1
DA:417,1
DA:419,1
DA:421,1
DA:431,19
DA:432,3
DA:433,3
DA:434,3
DA:436,3
DA:437,1
DA:439,2
DA:442,7
DA:444,7
DA:447,7
DA:449,7
DA:451,7
DA:456,3
DA:484,19
DA:485,7
DA:486,49
DA:487,105
DA:488,49
DA:490,49
DA:510,19
DA:511,0
DA:522,0
DA:553,0
DA:562,0
DA:564,0
DA:565,0
DA:566,0
DA:568,0
DA:571,0
DA:572,0
DA:575,0
DA:576,0
DA:577,0
DA:578,0
DA:583,0
DA:584,0
DA:586,0
DA:587,0
DA:590,0
DA:591,0
DA:594,0
DA:595,0
DA:596,0
DA:599,0
DA:600,0
DA:603,0
DA:604,0
DA:605,0
DA:606,0
DA:609,0
DA:610,0
DA:611,0
DA:614,0
DA:615,0
DA:618,0
DA:619,0
DA:620,0
DA:621,0
DA:625,0
DA:627,0
DA:629,0
DA:630,0
DA:633,0
DA:634,0
DA:635,0
DA:637,0
DA:638,0
DA:642,0
DA:645,0
DA:646,0
DA:647,0
DA:649,0
DA:652,0
DA:654,0
DA:655,0
DA:659,0
DA:660,0
DA:662,0
DA:663,0
LF:169
LH:109
BRDA:23,1,0,19
BRDA:23,1,1,19
BRDA:148,2,0,19
BRDA:148,2,1,0
BRDA:165,3,0,0
BRDA:165,3,1,19
BRDA:188,4,0,7
BRDA:188,4,1,7
BRDA:213,5,0,1
BRDA:213,5,1,0
BRDA:218,6,0,1
BRDA:218,6,1,0
BRDA:227,7,0,1
BRDA:227,7,1,0
BRDA:231,8,0,1
BRDA:231,8,1,0
BRDA:236,9,0,1
BRDA:236,9,1,0
BRDA:249,10,0,0
BRDA:249,10,1,1
BRDA:250,11,0,0
BRDA:250,11,1,1
BRDA:252,12,0,0
BRDA:252,12,1,1
BRDA:258,13,0,0
BRDA:258,13,1,1
BRDA:267,14,0,7
BRDA:267,14,1,0
BRDA:277,15,0,7
BRDA:277,15,1,0
BRDA:285,16,0,0
BRDA:285,16,1,1
BRDA:287,17,0,0
BRDA:287,17,1,0
BRDA:302,18,0,0
BRDA:302,18,1,1
BRDA:308,19,0,17
BRDA:308,19,1,17
BRDA:308,19,2,17
BRDA:308,19,3,65
BRDA:327,20,0,16
BRDA:327,20,1,0
BRDA:327,21,0,16
BRDA:327,21,1,16
BRDA:334,22,0,0
BRDA:334,22,1,112
BRDA:334,23,0,112
BRDA:334,23,1,112
BRDA:334,23,2,112
BRDA:338,24,0,16
BRDA:338,24,1,96
BRDA:338,25,0,112
BRDA:338,25,1,96
BRDA:344,26,0,16
BRDA:344,26,1,80
BRDA:344,27,0,96
BRDA:344,27,1,96
BRDA:346,28,0,16
BRDA:346,28,1,64
BRDA:346,29,0,80
BRDA:346,29,1,80
BRDA:355,30,0,16
BRDA:355,30,1,48
BRDA:385,31,0,96
BRDA:385,31,1,16
BRDA:403,32,0,2
BRDA:403,32,1,0
BRDA:432,33,0,1
BRDA:432,33,1,2
BRDA:436,34,0,1
BRDA:436,34,1,2
BRDA:440,35,0,1
BRDA:440,35,1,1
BRDA:465,36,0,0
BRDA:465,36,1,3
BRDA:471,37,0,3
BRDA:471,37,1,0
BRDA:495,38,0,28
BRDA:495,38,1,21
BRDA:496,39,0,42
BRDA:496,39,1,7
BRDA:499,40,0,35
BRDA:499,40,1,14
BRDA:500,41,0,42
BRDA:500,41,1,7
BRDA:501,42,0,49
BRDA:501,42,1,0
BRDA:502,43,0,14
BRDA:502,43,1,35
BRDA:503,44,0,49
BRDA:503,44,1,0
BRDA:554,45,0,0
BRDA:554,45,1,0
BRDA:555,46,0,0
BRDA:555,46,1,0
BRDA:556,47,0,0
BRDA:556,47,1,0
BRDA:557,48,0,0
BRDA:557,48,1,0
BRDA:562,49,0,0
BRDA:562,49,1,0
BRDA:568,50,0,0
BRDA:568,50,1,0
BRDA:571,51,0,0
BRDA:571,51,1,0
BRDA:575,52,0,0
BRDA:575,52,1,0
BRDA:586,53,0,0
BRDA:586,53,1,0
BRDA:595,54,0,0
BRDA:595,54,1,0
BRDA:599,55,0,0
BRDA:599,55,1,0
BRDA:599,56,0,0
BRDA:599,56,1,0
BRDA:619,57,0,0
BRDA:619,57,1,0
BRDA:627,58,0,0
BRDA:627,58,1,0
BRDA:629,59,0,0
BRDA:629,59,1,0
BRDA:634,60,0,0
BRDA:634,60,1,0
BRDA:637,61,0,0
BRDA:637,61,1,0
BRDA:649,62,0,0
BRDA:649,62,1,0
BRDA:649,63,0,0
BRDA:649,63,1,0
BRDA:649,63,2,0
BRDA:654,64,0,0
BRDA:654,64,1,0
BRDA:659,65,0,0
BRDA:659,65,1,0
BRDA:659,66,0,0
BRDA:659,66,1,0
BRDA:662,67,0,0
BRDA:662,67,1,0
BRF:138
BRH:67
end_of_record
TN:
SF:/home/travis/build/unosquare/tubular/src/Unosquare.Tubular/Javascript/tubular/services/translate.js
FN:1,(anonymous_1)
FN:12,(anonymous_2)
FN:129,(anonymous_3)
FN:136,(anonymous_4)
FN:145,(anonymous_5)
FN:160,(anonymous_6)
FN:161,(anonymous_7)
FNF:7
FNH:7
FNDA:1,(anonymous_1)
FNDA:17,(anonymous_2)
FNDA:3,(anonymous_3)
FNDA:1,(anonymous_4)
FNDA:5,(anonymous_5)
FNDA:11,(anonymous_6)
FNDA:3,(anonymous_7)
DA:1,1
DA:4,1
DA:13,17
DA:15,17
DA:16,17
DA:18,17
DA:129,17
DA:131,3
DA:133,3
DA:136,17
DA:137,1
DA:140,1
DA:142,1
DA:145,17
DA:146,5
DA:148,5
DA:161,11
DA:162,3
DA:163,3
DA:165,3
DA:166,3
DA:167,3
DA:168,3
DA:170,3
DA:173,0
LF:25
LH:24
BRDA:137,1,0,1
BRDA:137,1,1,1
BRDA:137,1,2,0
BRDA:146,2,0,5
BRDA:146,2,1,1
BRDA:148,3,0,5
BRDA:148,3,1,0
BRDA:162,4,0,3
BRDA:162,4,1,0
BRDA:165,5,0,3
BRDA:165,5,1,1
BRDA:166,6,0,3
BRDA:166,6,1,2
BRDA:167,7,0,3
BRDA:167,7,1,2
BRDA:168,8,0,3
BRDA:168,8,1,3
BRF:17
BRH:14
end_of_record
TN:
SF:/home/travis/build/unosquare/tubular/src/Unosquare.Tubular/Javascript/tubular/services/tubularConfig.js
FN:1,(anonymous_1)
FN:5,(anonymous_2)
FN:37,setPlatformConfig
FN:48,addConfig
FN:66,createConfig
FN:67,(anonymous_6)
FN:76,(anonymous_7)
FN:97,stringObj
FN:113,(anonymous_9)
FNF:9
FNH:9
FNDA:1,(anonymous_1)
FNDA:86,(anonymous_2)
FNDA:86,setPlatformConfig
FNDA:172,addConfig
FNDA:430,createConfig
FNDA:1118,(anonymous_6)
FNDA:49,(anonymous_7)
FNDA:34,stringObj
FNDA:19,(anonymous_9)
DA:1,1
DA:4,1
DA:7,86
DA:8,86
DA:9,86
DA:11,86
DA:22,86
DA:26,86
DA:37,1
DA:38,86
DA:39,86
DA:41,86
DA:43,86
DA:48,1
DA:49,172
DA:50,602
DA:51,516
DA:52,86
DA:53,0
DA:55,86
DA:57,430
DA:58,0
DA:66,1
DA:67,430
DA:69,1118
DA:71,258
DA:72,258
DA:76,860
DA:77,49
DA:78,8
DA:79,8
DA:81,41
DA:88,34
DA:90,7
DA:97,1
DA:98,34
DA:99,34
DA:100,102
DA:101,102
DA:103,0
DA:106,34
DA:109,86
DA:113,86
DA:114,19
LF:44
LH:41
BRDA:50,1,0,516
BRDA:50,1,1,86
BRDA:50,2,0,602
BRDA:50,2,1,516
BRDA:51,3,0,86
BRDA:51,3,1,430
BRDA:52,4,0,0
BRDA:52,4,1,86
BRDA:57,5,0,0
BRDA:57,5,1,430
BRDA:69,6,0,258
BRDA:69,6,1,860
BRDA:77,7,0,8
BRDA:77,7,1,41
BRDA:81,8,0,34
BRDA:81,8,1,7
BRDA:100,9,0,102
BRDA:100,9,1,0
BRDA:100,10,0,102
BRDA:100,10,1,102
BRF:20
BRH:17
end_of_record
TN:
SF:/home/travis/build/unosquare/tubular/src/Unosquare.Tubular/Javascript/tubular/interceptors/auth.js
FN:1,(anonymous_1)
FN:14,(anonymous_2)
FN:28,request
FN:55,requestError
FN:59,response
FN:63,responseError
FN:90,(anonymous_7)
FN:96,(anonymous_8)
FN:98,(anonymous_9)
FN:105,(anonymous_10)
FNF:10
FNH:6
FNDA:1,(anonymous_1)
FNDA:5,(anonymous_2)
FNDA:5,request
FNDA:0,requestError
FNDA:0,response
FNDA:2,responseError
FNDA:1,(anonymous_7)
FNDA:1,(anonymous_8)
FNDA:0,(anonymous_9)
FNDA:0,(anonymous_10)
DA:1,1
DA:13,1
DA:16,5
DA:17,5
DA:19,5
DA:26,5
DA:28,1
DA:30,5
DA:31,5
DA:32,5
DA:34,5
DA:37,5
DA:42,3
DA:46,3
DA:48,0
DA:52,5
DA:55,1
DA:56,0
DA:59,1
DA:60,0
DA:63,1
DA:64,2
DA:66,2
DA:68,2
DA:69,2
DA:70,2
DA:72,2
DA:79,1
DA:81,1
DA:82,1
DA:90,1
DA:91,1
DA:92,1
DA:94,1
DA:95,1
DA:96,1
DA:97,1
DA:99,0
DA:103,0
DA:106,0
DA:107,0
DA:108,0
DA:109,0
DA:110,0
DA:114,1
DA:117,2
DA:119,0
DA:122,0
DA:123,0
LF:49
LH:36
BRDA:34,1,0,5
BRDA:34,1,1,2
BRDA:37,2,0,3
BRDA:37,2,1,2
BRDA:37,3,0,5
BRDA:37,3,1,3
BRDA:37,3,2,3
BRDA:37,3,3,3
BRDA:46,4,0,0
BRDA:46,4,1,3
BRDA:46,5,0,3
BRDA:46,5,1,0
BRDA:46,5,2,0
BRDA:66,6,0,2
BRDA:66,6,1,0
BRDA:72,7,0,1
BRDA:72,7,1,1
BRDA:73,8,0,2
BRDA:73,8,1,2
BRDA:73,8,2,2
BRDA:73,8,3,1
BRDA:73,8,4,1
BRDA:81,9,0,1
BRDA:81,9,1,0
BRDA:94,10,0,1
BRDA:94,10,1,0
BRDA:94,11,0,1
BRDA:94,11,1,1
BRF:28
BRH:22
end_of_record
TN:
SF:/home/travis/build/unosquare/tubular/src/Unosquare.Tubular/Javascript/tubular/interceptors/no-cache.js
FN:1,(anonymous_1)
FN:14,(anonymous_2)
FN:17,(anonymous_3)
FNF:3
FNH:1
FNDA:1,(anonymous_1)
FNDA:0,(anonymous_2)
FNDA:0,(anonymous_3)
DA:1,1
DA:13,1
DA:16,0
DA:18,0
DA:19,0
DA:20,0
DA:23,0
LF:7
LH:2
BRDA:18,1,0,0
BRDA:18,1,1,0
BRDA:18,2,0,0
BRDA:18,2,1,0
BRDA:18,2,2,0
BRDA:19,3,0,0
BRDA:19,3,1,0
BRF:7
BRH:0
end_of_record
TN:
SF:/home/travis/build/unosquare/tubular/src/Unosquare.Tubular/Javascript/tubular/tubular-directives.js
FN:1,(anonymous_1)
FN:28,(anonymous_2)
FN:37,(anonymous_3)
FN:57,(anonymous_4)
FN:67,(anonymous_5)
FN:72,(anonymous_6)
FN:74,(anonymous_7)
FN:105,(anonymous_8)
FN:126,(anonymous_9)
FN:132,(anonymous_10)
FN:136,(anonymous_11)
FN:142,(anonymous_12)
FN:148,(anonymous_13)
FN:153,(anonymous_14)
FN:197,(anonymous_15)
FN:206,(anonymous_16)
FN:207,(anonymous_17)
FN:212,(anonymous_18)
FN:217,(anonymous_19)
FN:241,(anonymous_20)
FN:251,(anonymous_21)
FN:271,(anonymous_22)
FN:281,(anonymous_23)
FN:304,(anonymous_24)
FN:316,(anonymous_25)
FN:323,(anonymous_26)
FN:331,(anonymous_27)
FN:332,(anonymous_28)
FN:341,(anonymous_29)
FN:350,(anonymous_30)
FN:352,(anonymous_31)
FN:354,(anonymous_32)
FN:379,(anonymous_33)
FN:391,(anonymous_34)
FN:396,(anonymous_35)
FN:403,(anonymous_36)
FNF:36
FNH:1
FNDA:1,(anonymous_1)
FNDA:0,(anonymous_2)
FNDA:0,(anonymous_3)
FNDA:0,(anonymous_4)
FNDA:0,(anonymous_5)
FNDA:0,(anonymous_6)
FNDA:0,(anonymous_7)
FNDA:0,(anonymous_8)
FNDA:0,(anonymous_9)
FNDA:0,(anonymous_10)
FNDA:0,(anonymous_11)
FNDA:0,(anonymous_12)
FNDA:0,(anonymous_13)
FNDA:0,(anonymous_14)
FNDA:0,(anonymous_15)
FNDA:0,(anonymous_16)
FNDA:0,(anonymous_17)
FNDA:0,(anonymous_18)
FNDA:0,(anonymous_19)
FNDA:0,(anonymous_20)
FNDA:0,(anonymous_21)
FNDA:0,(anonymous_22)
FNDA:0,(anonymous_23)
FNDA:0,(anonymous_24)
FNDA:0,(anonymous_25)
FNDA:0,(anonymous_26)
FNDA:0,(anonymous_27)
FNDA:0,(anonymous_28)
FNDA:0,(anonymous_29)
FNDA:0,(anonymous_30)
FNDA:0,(anonymous_31)
FNDA:0,(anonymous_32)
FNDA:0,(anonymous_33)
FNDA:0,(anonymous_34)
FNDA:0,(anonymous_35)
FNDA:0,(anonymous_36)
DA:1,1
DA:14,1
DA:29,0
DA:38,0
DA:39,0
DA:59,0
DA:68,0
DA:69,0
DA:73,0
DA:75,0
DA:106,0
DA:127,0
DA:128,0
DA:129,0
DA:130,0
DA:132,0
DA:133,0
DA:136,0
DA:137,0
DA:138,0
DA:142,0
DA:143,0
DA:145,0
DA:148,0
DA:149,0
DA:150,0
DA:151,0
DA:152,0
DA:153,0
DA:154,0
DA:155,0
DA:158,0
DA:159,0
DA:162,0
DA:163,0
DA:166,0
DA:169,0
DA:170,0
DA:171,0
DA:172,0
DA:173,0
DA:174,0
DA:177,0
DA:178,0
DA:179,0
DA:198,0
DA:207,0
DA:208,0
DA:211,0
DA:213,0
DA:218,0
DA:219,0
DA:222,0
DA:223,0
DA:243,0
DA:252,0
DA:253,0
DA:273,0
DA:282,0
DA:283,0
DA:306,0
DA:317,0
DA:318,0
DA:319,0
DA:320,0
DA:321,0
DA:323,0
DA:324,0
DA:325,0
DA:328,0
DA:331,0
DA:332,0
DA:333,0
DA:337,0
DA:338,0
DA:341,0
DA:342,0
DA:343,0
DA:346,0
DA:351,0
DA:354,0
DA:355,0
DA:381,0
DA:392,0
DA:393,0
DA:394,0
DA:396,0
DA:398,0
DA:401,0
DA:402,0
DA:403,0
DA:405,0
DA:406,0
LF:93
LH:2
BRDA:130,1,0,0
BRDA:130,1,1,0
BRDA:130,2,0,0
BRDA:130,2,1,0
BRDA:137,3,0,0
BRDA:137,3,1,0
BRDA:149,4,0,0
BRDA:149,4,1,0
BRDA:150,5,0,0
BRDA:150,5,1,0
BRDA:152,6,0,0
BRDA:152,6,1,0
BRDA:154,7,0,0
BRDA:154,7,1,0
BRDA:158,8,0,0
BRDA:158,8,1,0
BRDA:162,9,0,0
BRDA:162,9,1,0
BRDA:169,10,0,0
BRDA:169,10,1,0
BRDA:170,11,0,0
BRDA:170,11,1,0
BRDA:171,12,0,0
BRDA:171,12,1,0
BRDA:173,13,0,0
BRDA:173,13,1,0
BRDA:174,14,0,0
BRDA:174,14,1,0
BRDA:218,15,0,0
BRDA:218,15,1,0
BRDA:222,16,0,0
BRDA:222,16,1,0
BRDA:252,17,0,0
BRDA:252,17,1,0
BRDA:282,18,0,0
BRDA:282,18,1,0
BRDA:324,19,0,0
BRDA:324,19,1,0
BRDA:324,20,0,0
BRDA:324,20,1,0
BRDA:337,21,0,0
BRDA:337,21,1,0
BRDA:337,22,0,0
BRDA:337,22,1,0
BRDA:342,23,0,0
BRDA:342,23,1,0
BRDA:393,24,0,0
BRDA:393,24,1,0
BRDA:401,25,0,0
BRDA:401,25,1,0
BRDA:405,26,0,0
BRDA:405,26,1,0
BRF:52
BRH:0
end_of_record
TN:
SF:/home/travis/build/unosquare/tubular/src/Unosquare.Tubular/Javascript/tubular/directives/editors/tbSimpleEditor.js
FN:1,(anonymous_1)
FN:5,(anonymous_2)
FN:8,(anonymous_3)
FN:45,(anonymous_4)
FNF:4
FNH:1
FNDA:1,(anonymous_1)
FNDA:0,(anonymous_2)
FNDA:0,(anonymous_3)
FNDA:0,(anonymous_4)
DA:1,1
DA:4,1
DA:6,0
DA:8,0
DA:9,0
DA:10,0
DA:12,0
DA:13,0
DA:14,0
DA:15,0
DA:19,0
DA:20,0
DA:21,0
DA:22,0
DA:23,0
DA:24,0
DA:28,0
DA:29,0
DA:30,0
DA:31,0
DA:32,0
DA:36,0
DA:37,0
DA:38,0
DA:39,0
DA:40,0
DA:45,0
DA:46,0
DA:50,1
LF:29
LH:3
BRDA:9,1,0,0
BRDA:9,1,1,0
BRDA:9,2,0,0
BRDA:9,2,1,0
BRDA:12,3,0,0
BRDA:12,3,1,0
BRDA:14,4,0,0
BRDA:14,4,1,0
BRDA:19,5,0,0
BRDA:19,5,1,0
BRDA:20,6,0,0
BRDA:20,6,1,0
BRDA:28,7,0,0
BRDA:28,7,1,0
BRDA:28,8,0,0
BRDA:28,8,1,0
BRDA:29,9,0,0
BRDA:29,9,1,0
BRDA:36,10,0,0
BRDA:36,10,1,0
BRDA:36,11,0,0
BRDA:36,11,1,0
BRDA:37,12,0,0
BRDA:37,12,1,0
BRF:24
BRH:0
end_of_record
TN:
SF:/home/travis/build/unosquare/tubular/src/Unosquare.Tubular/Javascript/tubular/directives/form/tbForm.js
FN:1,(anonymous_1)
FN:33,(anonymous_2)
FN:50,(anonymous_3)
FN:52,(anonymous_4)
FNF:4
FNH:4
FNDA:1,(anonymous_1)
FNDA:10,(anonymous_2)
FNDA:10,(anonymous_3)
FNDA:10,(anonymous_4)
DA:1,1
DA:4,1
DA:34,10
DA:51,10
DA:53,10
LF:5
LH:5
BRF:0
BRH:0
end_of_record
TN:
SF:/home/travis/build/unosquare/tubular/src/Unosquare.Tubular/Javascript/tubular/directives/form/tbFormCtrl.js
FN:1,(anonymous_1)
FN:15,(anonymous_2)
FN:37,(anonymous_3)
FN:48,(anonymous_4)
FN:56,(anonymous_5)
FN:60,(anonymous_6)
FN:72,(anonymous_7)
FN:74,(anonymous_8)
FN:79,(anonymous_9)
FN:88,(anonymous_10)
FN:92,(anonymous_11)
FN:97,(anonymous_12)
FN:113,(anonymous_13)
FN:128,(anonymous_14)
FN:141,(anonymous_15)
FN:158,(anonymous_16)
FN:161,(anonymous_17)
FN:170,(anonymous_18)
FN:175,(anonymous_19)
FN:180,(anonymous_20)
FN:182,(anonymous_21)
FN:192,(anonymous_22)
FN:193,(anonymous_23)
FN:204,(anonymous_24)
FNF:24
FNH:2
FNDA:1,(anonymous_1)
FNDA:2,(anonymous_2)
FNDA:0,(anonymous_3)
FNDA:0,(anonymous_4)
FNDA:0,(anonymous_5)
FNDA:0,(anonymous_6)
FNDA:0,(anonymous_7)
FNDA:0,(anonymous_8)
FNDA:0,(anonymous_9)
FNDA:0,(anonymous_10)
FNDA:0,(anonymous_11)
FNDA:0,(anonymous_12)
FNDA:0,(anonymous_13)
FNDA:0,(anonymous_14)
FNDA:0,(anonymous_15)
FNDA:0,(anonymous_16)
FNDA:0,(anonymous_17)
FNDA:0,(anonymous_18)
FNDA:0,(anonymous_19)
FNDA:0,(anonymous_20)
FNDA:0,(anonymous_21)
FNDA:0,(anonymous_22)
FNDA:0,(anonymous_23)
FNDA:0,(anonymous_24)
DA:1,1
DA:4,1
DA:25,2
DA:26,2
DA:27,2
DA:28,2
DA:30,2
DA:32,2
DA:33,2
DA:37,2
DA:38,0
DA:42,2
DA:45,2
DA:47,2
DA:49,0
DA:50,0
DA:53,0
DA:56,2
DA:57,0
DA:59,0
DA:61,0
DA:62,0
DA:65,0
DA:68,0
DA:69,0
DA:72,2
DA:73,0
DA:75,0
DA:79,2
DA:81,0
DA:83,0
DA:84,0
DA:87,0
DA:89,0
DA:90,0
DA:93,0
DA:96,0
DA:98,0
DA:100,0
DA:107,0
DA:110,0
DA:111,0
DA:114,0
DA:118,0
DA:121,0
DA:122,0
DA:125,0
DA:128,2
DA:129,0
DA:130,0
DA:133,0
DA:135,0
DA:136,0
DA:137,0
DA:140,0
DA:142,0
DA:144,0
DA:147,0
DA:149,0
DA:150,0
DA:153,0
DA:154,0
DA:155,0
DA:159,0
DA:162,0
DA:163,0
DA:168,2
DA:170,2
DA:171,0
DA:172,0
DA:175,2
DA:176,0
DA:177,0
DA:180,2
DA:181,0
DA:183,0
DA:184,0
DA:186,0
DA:187,0
DA:192,2
DA:193,0
DA:194,0
DA:196,0
DA:197,0
DA:202,0
DA:204,0
LF:86
LH:22
BRDA:32,1,0,2
BRDA:32,1,1,2
BRDA:33,2,0,2
BRDA:33,2,1,2
BRDA:42,3,0,2
BRDA:42,3,1,0
BRDA:49,4,0,0
BRDA:49,4,1,0
BRDA:61,5,0,0
BRDA:61,5,1,0
BRDA:81,6,0,0
BRDA:81,6,1,0
BRDA:83,7,0,0
BRDA:83,7,1,0
BRDA:84,8,0,0
BRDA:84,8,1,0
BRDA:84,9,0,0
BRDA:84,9,1,0
BRDA:84,9,2,0
BRDA:98,10,0,0
BRDA:98,10,1,0
BRDA:98,11,0,0
BRDA:98,11,1,0
BRDA:121,12,0,0
BRDA:121,12,1,0
BRDA:129,13,0,0
BRDA:129,13,1,0
BRDA:135,14,0,0
BRDA:135,14,1,0
BRDA:142,15,0,0
BRDA:142,15,1,0
BRDA:142,16,0,0
BRDA:142,16,1,0
BRDA:149,17,0,0
BRDA:149,17,1,0
BRDA:154,18,0,0
BRDA:154,18,1,0
BRDA:183,19,0,0
BRDA:183,19,1,0
BRDA:187,20,0,0
BRDA:187,20,1,0
BRDA:196,21,0,0
BRDA:196,21,1,0
BRF:43
BRH:5
end_of_record
TN:
SF:/home/travis/build/unosquare/tubular/src/Unosquare.Tubular/Javascript/tubular/directives/grid/components/tbTextSearch/tbTextSearch.js
FN:1,(anonymous_1)
FNF:1
FNH:1
FNDA:1,(anonymous_1)
DA:1,1
DA:4,1
LF:2
LH:2
BRF:0
BRH:0
end_of_record
TN:
SF:/home/travis/build/unosquare/tubular/src/Unosquare.Tubular/Javascript/tubular/directives/grid/components/tbTextSearch/tbTextSearchCtrl.js
FN:1,(anonymous_1)
FN:6,(anonymous_2)
FN:9,(anonymous_3)
FN:14,(anonymous_4)
FN:34,search
FNF:5
FNH:3
FNDA:1,(anonymous_1)
FNDA:3,(anonymous_2)
FNDA:3,(anonymous_3)
FNDA:0,(anonymous_4)
FNDA:0,search
DA:1,1
DA:4,1
DA:7,3
DA:9,3
DA:10,3
DA:11,3
DA:14,3
DA:15,0
DA:16,0
DA:19,0
DA:21,0
DA:22,0
DA:23,0
DA:26,0
DA:27,0
DA:30,0
DA:31,0
DA:34,1
DA:35,0
DA:36,0
DA:37,0
LF:21
LH:8
BRDA:10,1,0,3
BRDA:10,1,1,2
BRDA:15,2,0,0
BRDA:15,2,1,0
BRDA:15,3,0,0
BRDA:15,3,1,0
BRDA:21,4,0,0
BRDA:21,4,1,0
BRDA:21,5,0,0
BRDA:21,5,1,0
BRDA:26,6,0,0
BRDA:26,6,1,0
BRDA:26,7,0,0
BRDA:26,7,1,0
BRDA:26,7,2,0
BRF:15
BRH:2
end_of_record
TN:
SF:/home/travis/build/unosquare/tubular/src/Unosquare.Tubular/Javascript/tubular/directives/grid/tbGrid.js
FN:1,(anonymous_1)
FNF:1
FNH:1
FNDA:1,(anonymous_1)
DA:1,1
DA:4,1
LF:2
LH:2
BRF:0
BRH:0
end_of_record
TN:
SF:/home/travis/build/unosquare/tubular/src/Unosquare.Tubular/Javascript/tubular/directives/grid/tbGridCtrl.js
FN:1,(anonymous_1)
FN:14,(anonymous_2)
FN:24,(anonymous_3)
FN:69,(anonymous_4)
FN:78,(anonymous_5)
FN:86,(anonymous_6)
FN:94,(anonymous_7)
FN:103,(anonymous_8)
FN:109,(anonymous_9)
FN:119,(anonymous_10)
FN:129,(anonymous_11)
FN:140,(anonymous_12)
FN:159,(anonymous_13)
FN:163,(anonymous_14)
FN:166,(anonymous_15)
FN:172,(anonymous_16)
FN:181,(anonymous_17)
FN:182,(anonymous_18)
FN:211,(anonymous_19)
FN:228,(anonymous_20)
FN:260,(anonymous_21)
FN:263,(anonymous_22)
FN:268,(anonymous_23)
FN:290,(anonymous_24)
FN:294,(anonymous_25)
FN:319,(anonymous_26)
FN:320,(anonymous_27)
FN:347,(anonymous_28)
FN:348,(anonymous_29)
FN:355,(anonymous_30)
FN:360,(anonymous_31)
FN:364,(anonymous_32)
FN:372,(anonymous_33)
FN:376,(anonymous_34)
FN:378,(anonymous_35)
FN:385,(anonymous_36)
FN:389,(anonymous_37)
FN:390,(anonymous_38)
FN:393,(anonymous_39)
FN:405,(anonymous_40)
FN:413,(anonymous_41)
FN:421,(anonymous_42)
FN:424,(anonymous_43)
FN:427,(anonymous_44)
FN:432,(anonymous_45)
FN:433,(anonymous_46)
FNF:46
FNH:3
FNDA:1,(anonymous_1)
FNDA:1,(anonymous_2)
FNDA:1,(anonymous_3)
FNDA:0,(anonymous_4)
FNDA:0,(anonymous_5)
FNDA:0,(anonymous_6)
FNDA:0,(anonymous_7)
FNDA:0,(anonymous_8)
FNDA:0,(anonymous_9)
FNDA:0,(anonymous_10)
FNDA:0,(anonymous_11)
FNDA:0,(anonymous_12)
FNDA:0,(anonymous_13)
FNDA:0,(anonymous_14)
FNDA:0,(anonymous_15)
FNDA:0,(anonymous_16)
FNDA:0,(anonymous_17)
FNDA:0,(anonymous_18)
FNDA:0,(anonymous_19)
FNDA:0,(anonymous_20)
FNDA:0,(anonymous_21)
FNDA:0,(anonymous_22)
FNDA:0,(anonymous_23)
FNDA:0,(anonymous_24)
FNDA:0,(anonymous_25)
FNDA:0,(anonymous_26)
FNDA:0,(anonymous_27)
FNDA:0,(anonymous_28)
FNDA:0,(anonymous_29)
FNDA:0,(anonymous_30)
FNDA:0,(anonymous_31)
FNDA:0,(anonymous_32)
FNDA:0,(anonymous_33)
FNDA:0,(anonymous_34)
FNDA:0,(anonymous_35)
FNDA:0,(anonymous_36)
FNDA:0,(anonymous_37)
FNDA:0,(anonymous_38)
FNDA:0,(anonymous_39)
FNDA:0,(anonymous_40)
FNDA:0,(anonymous_41)
FNDA:0,(anonymous_42)
FNDA:0,(anonymous_43)
FNDA:0,(anonymous_44)
FNDA:0,(anonymous_45)
FNDA:0,(anonymous_46)
DA:1,1
DA:4,1
DA:22,1
DA:24,1
DA:25,1
DA:27,1
DA:28,1
DA:29,1
DA:31,1
DA:32,1
DA:34,1
DA:35,1
DA:36,1
DA:37,1
DA:38,1
DA:39,1
DA:40,1
DA:41,1
DA:42,1
DA:43,1
DA:44,1
DA:45,1
DA:46,1
DA:47,1
DA:49,1
DA:54,1
DA:55,1
DA:56,1
DA:57,1
DA:58,1
DA:59,1
DA:60,1
DA:61,1
DA:62,1
DA:63,1
DA:66,1
DA:69,1
DA:70,0
DA:71,0
DA:74,0
DA:78,1
DA:79,0
DA:80,0
DA:83,0
DA:86,1
DA:87,0
DA:88,0
DA:91,0
DA:94,1
DA:95,0
DA:96,0
DA:97,0
DA:99,0
DA:103,1
DA:104,0
DA:105,0
DA:109,1
DA:110,0
DA:111,0
DA:112,0
DA:114,0
DA:119,1
DA:120,0
DA:122,0
DA:123,0
DA:126,0
DA:129,1
DA:130,0
DA:131,0
DA:132,0
DA:133,0
DA:135,0
DA:136,0
DA:140,1
DA:142,0
DA:143,0
DA:145,0
DA:146,0
DA:149,0
DA:156,0
DA:158,0
DA:160,0
DA:161,0
DA:164,0
DA:167,0
DA:168,0
DA:172,1
DA:173,0
DA:174,0
DA:176,0
DA:177,0
DA:180,0
DA:182,0
DA:184,0
DA:185,0
DA:188,0
DA:190,0
DA:193,0
DA:194,0
DA:195,0
DA:199,0
DA:200,0
DA:203,0
DA:206,0
DA:211,1
DA:212,0
DA:228,1
DA:230,0
DA:231,0
DA:234,0
DA:235,0
DA:237,0
DA:238,0
DA:241,0
DA:243,0
DA:244,0
DA:246,0
DA:248,0
DA:250,0
DA:252,0
DA:253,0
DA:256,0
DA:258,0
DA:260,0
DA:261,0
DA:262,0
DA:264,0
DA:268,1
DA:269,0
DA:271,0
DA:272,0
DA:278,0
DA:281,0
DA:283,0
DA:284,0
DA:285,0
DA:286,0
DA:287,0
DA:290,0
DA:291,0
DA:292,0
DA:294,0
DA:295,0
DA:302,0
DA:305,0
DA:307,0
DA:308,0
DA:309,0
DA:310,0
DA:311,0
DA:312,0
DA:314,0
DA:315,0
DA:319,1
DA:320,0
DA:321,0
DA:324,0
DA:326,0
DA:328,0
DA:331,0
DA:332,0
DA:337,0
DA:338,0
DA:339,0
DA:341,0
DA:342,0
DA:346,0
DA:347,0
DA:349,0
DA:350,0
DA:355,0
DA:356,0
DA:360,0
DA:361,0
DA:364,0
DA:365,0
DA:368,0
DA:369,0
DA:372,1
DA:373,0
DA:376,1
DA:377,0
DA:379,0
DA:382,0
DA:385,1
DA:386,0
DA:389,1
DA:390,0
DA:393,1
DA:394,0
DA:395,0
DA:398,0
DA:400,0
DA:402,0
DA:403,0
DA:405,0
DA:406,0
DA:410,0
DA:413,1
DA:414,0
DA:415,0
DA:416,0
DA:420,0
DA:422,0
DA:425,0
DA:428,0
DA:432,1
DA:433,0
LF:208
LH:57
BRDA:27,1,0,1
BRDA:27,1,1,1
BRDA:31,2,0,1
BRDA:31,2,1,0
BRDA:32,3,0,1
BRDA:32,3,1,0
BRDA:32,4,0,1
BRDA:32,4,1,1
BRDA:34,5,0,1
BRDA:34,5,1,0
BRDA:35,6,0,1
BRDA:35,6,1,1
BRDA:36,7,0,0
BRDA:36,7,1,1
BRDA:43,8,0,1
BRDA:43,8,1,1
BRDA:44,9,0,1
BRDA:44,9,1,1
BRDA:47,10,0,1
BRDA:47,10,1,1
BRDA:48,11,0,1
BRDA:48,11,1,0
BRDA:48,12,0,1
BRDA:48,12,1,1
BRDA:51,13,0,1
BRDA:51,13,1,0
BRDA:57,14,0,0
BRDA:57,14,1,1
BRDA:59,15,0,1
BRDA:59,15,1,1
BRDA:61,16,0,1
BRDA:61,16,1,0
BRDA:62,17,0,1
BRDA:62,17,1,0
BRDA:63,18,0,1
BRDA:63,18,1,1
BRDA:70,19,0,0
BRDA:70,19,1,0
BRDA:70,20,0,0
BRDA:70,20,1,0
BRDA:79,21,0,0
BRDA:79,21,1,0
BRDA:79,22,0,0
BRDA:79,22,1,0
BRDA:79,22,2,0
BRDA:87,23,0,0
BRDA:87,23,1,0
BRDA:95,24,0,0
BRDA:95,24,1,0
BRDA:95,25,0,0
BRDA:95,25,1,0
BRDA:96,26,0,0
BRDA:96,26,1,0
BRDA:104,27,0,0
BRDA:104,27,1,0
BRDA:104,28,0,0
BRDA:104,28,1,0
BRDA:110,29,0,0
BRDA:110,29,1,0
BRDA:111,30,0,0
BRDA:111,30,1,0
BRDA:120,31,0,0
BRDA:120,31,1,0
BRDA:122,32,0,0
BRDA:122,32,1,0
BRDA:130,33,0,0
BRDA:130,33,1,0
BRDA:135,34,0,0
BRDA:135,34,1,0
BRDA:135,35,0,0
BRDA:135,35,1,0
BRDA:135,35,2,0
BRDA:145,36,0,0
BRDA:145,36,1,0
BRDA:174,37,0,0
BRDA:174,37,1,0
BRDA:174,38,0,0
BRDA:174,38,1,0
BRDA:184,39,0,0
BRDA:184,39,1,0
BRDA:193,40,0,0
BRDA:193,40,1,0
BRDA:199,41,0,0
BRDA:199,41,1,0
BRDA:199,42,0,0
BRDA:199,42,1,0
BRDA:203,43,0,0
BRDA:203,43,1,0
BRDA:203,44,0,0
BRDA:203,44,1,0
BRDA:203,44,2,0
BRDA:214,45,0,0
BRDA:214,45,1,0
BRDA:230,46,0,0
BRDA:230,46,1,0
BRDA:230,47,0,0
BRDA:230,47,1,0
BRDA:237,48,0,0
BRDA:237,48,1,0
BRDA:238,49,0,0
BRDA:238,49,1,0
BRDA:241,50,0,0
BRDA:241,50,1,0
BRDA:244,51,0,0
BRDA:244,51,1,0
BRDA:248,52,0,0
BRDA:248,52,1,0
BRDA:252,53,0,0
BRDA:252,53,1,0
BRDA:271,54,0,0
BRDA:271,54,1,0
BRDA:271,55,0,0
BRDA:271,55,1,0
BRDA:283,56,0,0
BRDA:283,56,1,0
BRDA:314,57,0,0
BRDA:314,57,1,0
BRDA:324,58,0,0
BRDA:324,58,1,0
BRDA:328,59,0,0
BRDA:328,59,1,0
BRDA:332,60,0,0
BRDA:332,60,1,0
BRDA:334,61,0,0
BRDA:334,61,1,0
BRDA:337,62,0,0
BRDA:337,62,1,0
BRDA:346,63,0,0
BRDA:346,63,1,0
BRDA:361,64,0,0
BRDA:361,64,1,0
BRDA:373,65,0,0
BRDA:373,65,1,0
BRDA:394,66,0,0
BRDA:394,66,1,0
BRDA:402,67,0,0
BRDA:402,67,1,0
BRF:137
BRH:27
end_of_record
TN:
SF:/home/travis/build/unosquare/tubular/src/Unosquare.Tubular/Javascript/tubular/tubular.js
FN:1,(anonymous_1)
FN:15,(anonymous_2)
FN:32,(anonymous_3)
FN:33,(anonymous_4)
FN:54,(anonymous_5)
FN:57,(anonymous_6)
FN:82,(anonymous_7)
FN:83,(anonymous_8)
FNF:8
FNH:8
FNDA:1,(anonymous_1)
FNDA:4,(anonymous_2)
FNDA:1,(anonymous_3)
FNDA:3,(anonymous_4)
FNDA:1,(anonymous_5)
FNDA:5,(anonymous_6)
FNDA:1,(anonymous_7)
FNDA:3,(anonymous_8)
DA:1,1
DA:13,1
DA:16,4
DA:17,4
DA:18,4
DA:33,1
DA:34,3
DA:37,1
DA:40,2
DA:57,1
DA:58,5
DA:60,5
DA:61,2
DA:64,3
DA:65,1
DA:69,2
DA:83,1
DA:84,3
DA:85,2
DA:88,1
LF:20
LH:20
BRDA:34,1,0,1
BRDA:34,1,1,2
BRDA:34,2,0,3
BRDA:34,2,1,3
BRDA:34,2,2,1
BRDA:34,2,3,1
BRDA:40,3,0,2
BRDA:40,3,1,1
BRDA:58,4,0,5
BRDA:58,4,1,4
BRDA:60,5,0,2
BRDA:60,5,1,3
BRDA:61,6,0,2
BRDA:61,6,1,1
BRDA:64,7,0,1
BRDA:64,7,1,2
BRDA:84,8,0,2
BRDA:84,8,1,1
BRDA:85,9,0,2
BRDA:85,9,1,1
BRF:20
BRH:20
end_of_record
TN:
SF:/home/travis/build/unosquare/tubular/src/Unosquare.Tubular/Javascript/tubular-chart/chartjs/tbChartJs.js
FN:1,(anonymous_1)
FNF:1
FNH:1
FNDA:1,(anonymous_1)
DA:1,1
DA:4,1
LF:2
LH:2
BRF:0
BRH:0
end_of_record
TN:
SF:/home/travis/build/unosquare/tubular/src/Unosquare.Tubular/Javascript/tubular-chart/chartjs/tbChartJsCtrl.js
FN:1,(anonymous_1)
FN:10,(anonymous_2)
FN:25,(anonymous_3)
FN:29,(anonymous_4)
FN:52,(anonymous_5)
FN:58,(anonymous_6)
FN:65,(anonymous_7)
FN:67,(anonymous_8)
FN:74,(anonymous_9)
FNF:9
FNH:1
FNDA:1,(anonymous_1)
FNDA:0,(anonymous_2)
FNDA:0,(anonymous_3)
FNDA:0,(anonymous_4)
FNDA:0,(anonymous_5)
FNDA:0,(anonymous_6)
FNDA:0,(anonymous_7)
FNDA:0,(anonymous_8)
FNDA:0,(anonymous_9)
DA:1,1
DA:4,1
DA:14,0
DA:16,0
DA:17,0
DA:18,0
DA:21,0
DA:25,0
DA:26,0
DA:28,0
DA:30,0
DA:31,0
DA:32,0
DA:33,0
DA:35,0
DA:36,0
DA:39,0
DA:42,0
DA:44,0
DA:45,0
DA:46,0
DA:48,0
DA:49,0
DA:53,0
DA:57,0
DA:59,0
DA:60,0
DA:64,0
DA:66,0
DA:67,0
DA:68,0
DA:74,0
DA:75,0
LF:33
LH:2
BRDA:17,1,0,0
BRDA:17,1,1,0
BRDA:18,2,0,0
BRDA:18,2,1,0
BRDA:21,3,0,0
BRDA:21,3,1,0
BRDA:30,4,0,0
BRDA:30,4,1,0
BRDA:30,5,0,0
BRDA:30,5,1,0
BRDA:30,5,2,0
BRDA:32,6,0,0
BRDA:32,6,1,0
BRDA:35,7,0,0
BRDA:35,7,1,0
BRDA:48,8,0,0
BRDA:48,8,1,0
BRDA:59,9,0,0
BRDA:59,9,1,0
BRDA:59,10,0,0
BRDA:59,10,1,0
BRDA:66,11,0,0
BRDA:66,11,1,0
BRDA:66,12,0,0
BRDA:66,12,1,0
BRF:25
BRH:0
end_of_record
TN:
SF:/home/travis/build/unosquare/tubular/src/Unosquare.Tubular/Javascript/tubular-chart/tubular-directives-highcharts.js
FN:1,(anonymous_1)
FN:43,(anonymous_2)
FN:81,(anonymous_3)
FN:85,(anonymous_4)
FN:91,(anonymous_5)
FN:107,(anonymous_6)
FN:114,(anonymous_7)
FN:125,(anonymous_8)
FN:133,(anonymous_9)
FN:139,(anonymous_10)
FNF:10
FNH:1
FNDA:1,(anonymous_1)
FNDA:0,(anonymous_2)
FNDA:0,(anonymous_3)
FNDA:0,(anonymous_4)
FNDA:0,(anonymous_5)
FNDA:0,(anonymous_6)
FNDA:0,(anonymous_7)
FNDA:0,(anonymous_8)
FNDA:0,(anonymous_9)
FNDA:0,(anonymous_10)
DA:1,1
DA:4,1
DA:44,0
DA:46,0
DA:47,0
DA:48,0
DA:50,0
DA:79,0
DA:81,0
DA:82,0
DA:83,0
DA:85,0
DA:86,0
DA:87,0
DA:91,0
DA:92,0
DA:93,0
DA:94,0
DA:96,0
DA:97,0
DA:100,0
DA:103,0
DA:105,0
DA:106,0
DA:107,0
DA:108,0
DA:114,0
DA:115,0
DA:121,0
DA:124,0
DA:125,0
DA:126,0
DA:129,0
DA:133,0
DA:134,0
DA:135,0
DA:139,0
DA:140,0
DA:141,0
LF:39
LH:2
BRDA:47,1,0,0
BRDA:47,1,1,0
BRDA:48,2,0,0
BRDA:48,2,1,0
BRDA:57,3,0,0
BRDA:57,3,1,0
BRDA:64,4,0,0
BRDA:64,4,1,0
BRDA:70,5,0,0
BRDA:70,5,1,0
BRDA:79,6,0,0
BRDA:79,6,1,0
BRDA:92,7,0,0
BRDA:92,7,1,0
BRDA:92,8,0,0
BRDA:92,8,1,0
BRDA:92,8,2,0
BRDA:96,9,0,0
BRDA:96,9,1,0
BRDA:105,10,0,0
BRDA:105,10,1,0
BRDA:121,11,0,0
BRDA:121,11,1,0
BRDA:121,12,0,0
BRDA:121,12,1,0
BRDA:124,13,0,0
BRDA:124,13,1,0
BRDA:134,14,0,0
BRDA:134,14,1,0
BRDA:134,15,0,0
BRDA:134,15,1,0
BRDA:134,15,2,0
BRDA:140,16,0,0
BRDA:140,16,1,0
BRDA:140,17,0,0
BRDA:140,17,1,0
BRF:36
BRH:0
end_of_record
