TN:
SF:/home/travis/build/unosquare/tubular/src/Unosquare.Tubular/Javascript/tubular/tubular-models.js
FN:1,(anonymous_1)
FN:22,(anonymous_2)
FN:23,(anonymous_3)
FN:27,(anonymous_4)
FN:41,(anonymous_5)
FN:43,(anonymous_6)
FN:51,(anonymous_7)
FN:57,(anonymous_8)
FN:87,(anonymous_9)
FN:90,(anonymous_10)
FN:100,(anonymous_11)
FN:121,(anonymous_12)
FN:129,(anonymous_13)
FN:133,(anonymous_14)
FN:134,(anonymous_15)
FN:139,(anonymous_16)
FN:140,(anonymous_17)
FNF:17
FNH:14
FNDA:1,(anonymous_1)
FNDA:21,(anonymous_2)
FNDA:16,(anonymous_3)
FNDA:48,(anonymous_4)
FNDA:0,(anonymous_5)
FNDA:0,(anonymous_6)
FNDA:16,(anonymous_7)
FNDA:32,(anonymous_8)
FNDA:2,(anonymous_9)
FNDA:1,(anonymous_10)
FNDA:4,(anonymous_11)
FNDA:1,(anonymous_12)
FNDA:0,(anonymous_13)
FNDA:1,(anonymous_14)
FNDA:2,(anonymous_15)
FNDA:1,(anonymous_16)
FNDA:18,(anonymous_17)
DA:1,1
DA:13,1
DA:23,21
DA:24,16
DA:28,48
DA:29,32
DA:30,32
DA:31,32
DA:33,32
DA:35,32
DA:36,0
DA:39,32
DA:41,32
DA:42,0
DA:44,0
DA:45,0
DA:50,16
DA:51,8
DA:52,16
DA:56,16
DA:57,16
DA:58,32
DA:60,32
DA:61,0
DA:64,32
DA:66,32
DA:67,0
DA:68,0
DA:70,0
DA:73,32
DA:74,17
DA:79,16
DA:80,16
DA:83,16
DA:84,16
DA:85,16
DA:87,16
DA:88,2
DA:90,2
DA:91,1
DA:93,1
DA:96,2
DA:100,16
DA:101,4
DA:102,0
DA:105,4
DA:106,0
DA:109,4
DA:110,1
DA:113,3
DA:115,3
DA:121,16
DA:122,1
DA:123,1
DA:126,1
DA:129,16
DA:130,0
DA:133,16
DA:134,1
DA:135,2
DA:139,16
DA:140,1
DA:141,18
DA:142,16
DA:145,2
DA:148,1
DA:151,16
LF:67
LH:56
BRDA:28,1,0,16
BRDA:28,1,1,32
BRDA:31,2,0,32
BRDA:31,2,1,16
BRDA:33,3,0,0
BRDA:33,3,1,32
BRDA:35,4,0,0
BRDA:35,4,1,32
BRDA:39,5,0,32
BRDA:39,5,1,16
BRDA:44,6,0,0
BRDA:44,6,1,0
BRDA:50,7,0,8
BRDA:50,7,1,8
BRDA:56,8,0,16
BRDA:56,8,1,0
BRDA:58,9,0,16
BRDA:58,9,1,16
BRDA:60,10,0,0
BRDA:60,10,1,32
BRDA:60,11,0,32
BRDA:60,11,1,0
BRDA:66,12,0,0
BRDA:66,12,1,32
BRDA:66,13,0,32
BRDA:66,13,1,32
BRDA:66,13,2,32
BRDA:67,14,0,0
BRDA:67,14,1,0
BRDA:67,15,0,0
BRDA:67,15,1,0
BRDA:67,15,2,0
BRDA:70,16,0,0
BRDA:70,16,1,0
BRDA:73,17,0,17
BRDA:73,17,1,15
BRDA:79,18,0,16
BRDA:79,18,1,0
BRDA:91,19,0,0
BRDA:91,19,1,1
BRDA:91,20,0,1
BRDA:91,20,1,1
BRDA:101,21,0,0
BRDA:101,21,1,4
BRDA:101,22,0,4
BRDA:101,22,1,4
BRDA:105,23,0,0
BRDA:105,23,1,4
BRDA:105,24,0,4
BRDA:105,24,1,4
BRDA:109,25,0,1
BRDA:109,25,1,3
BRDA:109,26,0,4
BRDA:109,26,1,3
BRDA:109,26,2,2
BRDA:117,27,0,1
BRDA:117,27,1,2
BRDA:117,28,0,1
BRDA:117,28,1,0
BRDA:122,29,0,1
BRDA:122,29,1,0
BRDA:122,30,0,1
BRDA:122,30,1,1
BRDA:141,31,0,16
BRDA:141,31,1,2
BRDA:141,32,0,18
BRDA:141,32,1,7
BRF:67
BRH:46
end_of_record
TN:
SF:/home/travis/build/unosquare/tubular/src/Unosquare.Tubular/Javascript/tubular/tubular-services.js
FN:1,(anonymous_1)
FN:4,getColumns
FN:6,(anonymous_3)
FN:9,getColumnsVisibility
FN:11,(anonymous_5)
FN:14,exportToCsv
FN:15,(anonymous_7)
FN:17,(anonymous_8)
FN:54,(anonymous_9)
FN:80,(anonymous_10)
FN:83,(anonymous_11)
FN:96,(anonymous_12)
FN:100,(anonymous_13)
FN:105,(anonymous_14)
FN:116,(anonymous_15)
FN:117,(anonymous_16)
FN:120,(anonymous_17)
FN:121,(anonymous_18)
FN:126,(anonymous_19)
FN:128,(anonymous_20)
FN:131,(anonymous_21)
FNF:21
FNH:1
FNDA:1,(anonymous_1)
FNDA:0,getColumns
FNDA:0,(anonymous_3)
FNDA:0,getColumnsVisibility
FNDA:0,(anonymous_5)
FNDA:0,exportToCsv
FNDA:0,(anonymous_7)
FNDA:0,(anonymous_8)
FNDA:0,(anonymous_9)
FNDA:0,(anonymous_10)
FNDA:0,(anonymous_11)
FNDA:0,(anonymous_12)
FNDA:0,(anonymous_13)
FNDA:0,(anonymous_14)
FNDA:0,(anonymous_15)
FNDA:0,(anonymous_16)
FNDA:0,(anonymous_17)
FNDA:0,(anonymous_18)
FNDA:0,(anonymous_19)
FNDA:0,(anonymous_20)
FNDA:0,(anonymous_21)
DA:1,1
DA:4,1
DA:5,0
DA:6,0
DA:9,1
DA:10,0
DA:11,0
DA:14,1
DA:15,0
DA:16,0
DA:17,0
DA:20,0
DA:21,0
DA:22,0
DA:23,0
DA:26,0
DA:28,0
DA:29,0
DA:32,0
DA:34,0
DA:35,0
DA:38,0
DA:39,0
DA:42,0
DA:44,0
DA:47,0
DA:49,0
DA:50,0
DA:53,0
DA:55,0
DA:59,0
DA:70,1
DA:81,0
DA:83,0
DA:84,0
DA:85,0
DA:87,0
DA:88,0
DA:89,0
DA:90,0
DA:92,0
DA:95,0
DA:97,0
DA:98,0
DA:100,0
DA:101,0
DA:106,0
DA:108,0
DA:109,0
DA:111,0
DA:112,0
DA:113,0
DA:117,0
DA:118,0
DA:120,0
DA:122,0
DA:127,0
DA:128,0
DA:131,0
DA:132,0
DA:134,0
DA:137,0
DA:143,0
DA:144,0
DA:146,0
DA:147,0
DA:150,0
DA:151,0
DA:152,0
DA:153,0
DA:154,0
LF:71
LH:5
BRDA:16,1,0,0
BRDA:16,1,1,0
BRDA:22,2,0,0
BRDA:22,2,1,0
BRDA:26,3,0,0
BRDA:26,3,1,0
BRDA:28,4,0,0
BRDA:28,4,1,0
BRDA:34,5,0,0
BRDA:34,5,1,0
BRDA:38,6,0,0
BRDA:38,6,1,0
BRDA:49,7,0,0
BRDA:49,7,1,0
BRDA:106,8,0,0
BRDA:106,8,1,0
BRDA:106,9,0,0
BRDA:106,9,1,0
BRDA:122,10,0,0
BRDA:122,10,1,0
BRDA:127,11,0,0
BRDA:127,11,1,0
BRDA:132,12,0,0
BRDA:132,12,1,0
BRDA:132,13,0,0
BRDA:132,13,1,0
BRDA:146,14,0,0
BRDA:146,14,1,0
BRF:28
BRH:0
end_of_record
TN:
SF:/home/travis/build/unosquare/tubular/src/Unosquare.Tubular/Javascript/tubular-chart/chartjs/tubular-chart.module.js
FN:1,(anonymous_1)
FNF:1
FNH:1
FNDA:1,(anonymous_1)
DA:1,1
DA:4,1
LF:2
LH:2
BRF:0
BRH:0
end_of_record
TN:
SF:/home/travis/build/unosquare/tubular/src/Unosquare.Tubular/Javascript/tubular/services/editor.js
FN:1,(anonymous_1)
FN:13,(anonymous_2)
FN:19,(anonymous_3)
FN:29,(anonymous_4)
FN:41,(anonymous_5)
FN:50,(anonymous_6)
FN:66,(anonymous_7)
FN:73,(anonymous_8)
FN:97,(anonymous_9)
FN:99,(anonymous_10)
FN:143,(anonymous_11)
FN:163,(anonymous_12)
FN:165,(anonymous_13)
FN:174,(anonymous_14)
FN:176,(anonymous_15)
FN:200,(anonymous_16)
FNF:16
FNH:8
FNDA:1,(anonymous_1)
FNDA:16,(anonymous_2)
FNDA:1,(anonymous_3)
FNDA:16,(anonymous_4)
FNDA:4,(anonymous_5)
FNDA:0,(anonymous_6)
FNDA:0,(anonymous_7)
FNDA:4,(anonymous_8)
FNDA:20,(anonymous_9)
FNDA:10,(anonymous_10)
FNDA:0,(anonymous_11)
FNDA:0,(anonymous_12)
FNDA:0,(anonymous_13)
FNDA:0,(anonymous_14)
FNDA:0,(anonymous_15)
FNDA:0,(anonymous_16)
DA:1,1
DA:4,1
DA:14,16
DA:19,16
DA:20,1
DA:21,1
DA:22,1
DA:29,16
DA:30,16
DA:31,16
DA:32,16
DA:33,16
DA:34,16
DA:35,16
DA:36,16
DA:37,16
DA:40,16
DA:42,4
DA:43,4
DA:50,16
DA:51,0
DA:53,0
DA:54,0
DA:55,0
DA:57,0
DA:60,0
DA:63,0
DA:66,16
DA:68,0
DA:70,0
DA:73,16
DA:74,4
DA:75,4
DA:77,4
DA:79,1
DA:80,1
DA:82,1
DA:83,0
DA:86,1
DA:90,3
DA:91,3
DA:94,0
DA:97,16
DA:98,20
DA:100,10
DA:101,10
DA:104,0
DA:107,0
DA:108,0
DA:109,0
DA:112,0
DA:113,0
DA:114,0
DA:115,0
DA:116,0
DA:117,0
DA:121,0
DA:124,16
DA:127,16
DA:128,26
DA:131,0
DA:132,0
DA:135,0
DA:136,0
DA:139,0
DA:141,0
DA:143,0
DA:144,0
DA:146,0
DA:147,0
DA:148,0
DA:150,0
DA:151,0
DA:154,0
DA:155,0
DA:156,0
DA:159,0
DA:163,0
DA:164,0
DA:166,0
DA:167,0
DA:170,0
DA:174,0
DA:175,0
DA:177,0
DA:178,0
DA:181,0
DA:184,0
DA:185,0
DA:186,0
DA:189,0
DA:190,0
DA:193,0
DA:196,0
DA:199,0
DA:201,0
DA:202,0
DA:208,0
DA:209,0
DA:212,0
DA:213,0
DA:215,0
DA:216,0
DA:221,0
DA:223,0
DA:226,26
LF:106
LH:39
BRDA:20,1,0,1
BRDA:20,1,1,1
BRDA:30,2,0,16
BRDA:30,2,1,6
BRDA:31,3,0,6
BRDA:31,3,1,10
BRDA:32,4,0,16
BRDA:32,4,1,16
BRDA:33,5,0,16
BRDA:33,5,1,10
BRDA:33,6,0,10
BRDA:33,6,1,0
BRDA:34,7,0,16
BRDA:34,7,1,16
BRDA:35,8,0,16
BRDA:35,8,1,16
BRDA:36,9,0,16
BRDA:36,9,1,16
BRDA:54,10,0,0
BRDA:54,10,1,0
BRDA:57,11,0,0
BRDA:57,11,1,0
BRDA:70,12,0,0
BRDA:70,12,1,0
BRDA:77,13,0,1
BRDA:77,13,1,3
BRDA:77,14,0,4
BRDA:77,14,1,2
BRDA:77,14,2,3
BRDA:77,14,3,0
BRDA:77,14,4,0
BRDA:82,15,0,0
BRDA:82,15,1,1
BRDA:90,16,0,3
BRDA:90,16,1,0
BRDA:100,17,0,10
BRDA:100,17,1,0
BRDA:100,18,0,10
BRDA:100,18,1,10
BRDA:107,19,0,0
BRDA:107,19,1,0
BRDA:108,20,0,0
BRDA:108,20,1,0
BRDA:112,21,0,0
BRDA:112,21,1,0
BRDA:114,22,0,0
BRDA:114,22,1,0
BRDA:116,23,0,0
BRDA:116,23,1,0
BRDA:128,24,0,0
BRDA:128,24,1,26
BRDA:128,25,0,26
BRDA:128,25,1,26
BRDA:131,26,0,0
BRDA:131,26,1,0
BRDA:135,27,0,0
BRDA:135,27,1,0
BRDA:139,28,0,0
BRDA:139,28,1,0
BRDA:146,29,0,0
BRDA:146,29,1,0
BRDA:147,30,0,0
BRDA:147,30,1,0
BRDA:148,31,0,0
BRDA:148,31,1,0
BRDA:148,32,0,0
BRDA:148,32,1,0
BRDA:148,32,2,0
BRDA:150,33,0,0
BRDA:150,33,1,0
BRDA:150,34,0,0
BRDA:150,34,1,0
BRDA:166,35,0,0
BRDA:166,35,1,0
BRDA:177,36,0,0
BRDA:177,36,1,0
BRDA:184,37,0,0
BRDA:184,37,1,0
BRDA:184,38,0,0
BRDA:184,38,1,0
BRDA:184,38,2,0
BRDA:185,39,0,0
BRDA:185,39,1,0
BRDA:185,40,0,0
BRDA:185,40,1,0
BRDA:189,41,0,0
BRDA:189,41,1,0
BRDA:189,42,0,0
BRDA:189,42,1,0
BRDA:196,43,0,0
BRDA:196,43,1,0
BRDA:208,44,0,0
BRDA:208,44,1,0
BRDA:212,45,0,0
BRDA:212,45,1,0
BRDA:215,46,0,0
BRDA:215,46,1,0
BRF:97
BRH:30
end_of_record
TN:
SF:/home/travis/build/unosquare/tubular/src/Unosquare.Tubular/Javascript/tubular/services/http.js
FN:1,(anonymous_1)
FN:24,(anonymous_2)
FN:37,init
FN:45,isAuthenticationExpired
FN:52,retrieveSavedData
FN:64,getCancel
FN:65,(anonymous_7)
FN:78,(anonymous_8)
FN:82,(anonymous_9)
FN:94,(anonymous_10)
FN:103,(anonymous_11)
FN:111,(anonymous_12)
FN:116,(anonymous_13)
FN:121,(anonymous_14)
FN:133,(anonymous_15)
FN:140,(anonymous_16)
FN:170,(anonymous_17)
FN:178,(anonymous_18)
FN:183,(anonymous_19)
FN:198,(anonymous_20)
FN:204,(anonymous_21)
FN:213,(anonymous_22)
FN:217,(anonymous_23)
FN:229,(anonymous_24)
FN:234,(anonymous_25)
FN:239,(anonymous_26)
FN:242,(anonymous_27)
FN:246,(anonymous_28)
FN:253,(anonymous_29)
FN:268,(anonymous_30)
FN:272,(anonymous_31)
FN:280,(anonymous_32)
FN:285,(anonymous_33)
FN:293,(anonymous_34)
FN:307,(anonymous_35)
FN:311,(anonymous_36)
FNF:36
FNH:18
FNDA:1,(anonymous_1)
FNDA:92,(anonymous_2)
FNDA:92,init
FNDA:22,isAuthenticationExpired
FNDA:12,retrieveSavedData
FNDA:10,getCancel
FNDA:0,(anonymous_7)
FNDA:0,(anonymous_8)
FNDA:14,(anonymous_9)
FNDA:2,(anonymous_10)
FNDA:2,(anonymous_11)
FNDA:1,(anonymous_12)
FNDA:1,(anonymous_13)
FNDA:2,(anonymous_14)
FNDA:0,(anonymous_15)
FNDA:0,(anonymous_16)
FNDA:0,(anonymous_17)
FNDA:0,(anonymous_18)
FNDA:10,(anonymous_19)
FNDA:10,(anonymous_20)
FNDA:0,(anonymous_21)
FNDA:0,(anonymous_22)
FNDA:0,(anonymous_23)
FNDA:3,(anonymous_24)
FNDA:1,(anonymous_25)
FNDA:1,(anonymous_26)
FNDA:0,(anonymous_27)
FNDA:0,(anonymous_28)
FNDA:0,(anonymous_29)
FNDA:0,(anonymous_30)
FNDA:0,(anonymous_31)
FNDA:0,(anonymous_32)
FNDA:0,(anonymous_33)
FNDA:0,(anonymous_34)
FNDA:0,(anonymous_35)
FNDA:80,(anonymous_36)
DA:1,1
DA:4,1
DA:33,92
DA:34,92
DA:35,92
DA:37,1
DA:38,92
DA:40,92
DA:41,80
DA:45,1
DA:46,22
DA:47,22
DA:49,22
DA:52,1
DA:53,12
DA:55,12
DA:56,0
DA:57,12
DA:58,10
DA:60,0
DA:64,1
DA:65,10
DA:66,0
DA:67,0
DA:71,92
DA:78,92
DA:79,0
DA:82,92
DA:83,14
DA:84,12
DA:85,12
DA:87,12
DA:91,2
DA:94,92
DA:95,2
DA:96,2
DA:97,2
DA:98,2
DA:99,2
DA:100,2
DA:103,92
DA:104,2
DA:106,2
DA:112,1
DA:113,1
DA:115,1
DA:117,1
DA:121,92
DA:122,2
DA:123,2
DA:124,2
DA:125,2
DA:126,2
DA:127,2
DA:128,2
DA:130,2
DA:133,92
DA:134,0
DA:140,92
DA:141,0
DA:142,0
DA:143,0
DA:144,0
DA:146,0
DA:148,0
DA:149,0
DA:150,0
DA:151,0
DA:152,0
DA:153,0
DA:154,0
DA:155,0
DA:156,0
DA:158,0
DA:159,0
DA:160,0
DA:162,0
DA:169,0
DA:171,0
DA:172,0
DA:174,0
DA:178,92
DA:179,0
DA:180,0
DA:183,92
DA:184,10
DA:185,10
DA:187,10
DA:188,0
DA:191,10
DA:192,0
DA:195,10
DA:196,10
DA:198,10
DA:202,0
DA:204,0
DA:205,0
DA:208,0
DA:214,0
DA:216,0
DA:218,0
DA:219,0
DA:222,0
DA:225,0
DA:229,92
DA:230,3
DA:231,3
DA:234,1
DA:238,2
DA:239,1
DA:242,92
DA:243,0
DA:246,92
DA:247,0
DA:253,92
DA:254,0
DA:268,92
DA:269,0
DA:270,0
DA:272,0
DA:276,0
DA:280,0
DA:285,92
DA:286,0
DA:293,92
DA:294,0
DA:295,0
DA:297,0
DA:298,0
DA:301,0
DA:305,92
DA:307,92
DA:308,0
DA:311,92
DA:312,80
DA:313,80
DA:316,0
DA:318,0
DA:321,92
LF:139
LH:80
BRDA:40,1,0,80
BRDA:40,1,1,12
BRDA:55,2,0,0
BRDA:55,2,1,12
BRDA:57,3,0,10
BRDA:57,3,1,0
BRDA:83,4,0,12
BRDA:83,4,1,2
BRDA:83,5,0,14
BRDA:83,5,1,12
BRDA:123,6,0,2
BRDA:123,6,1,2
BRDA:123,6,2,1
BRDA:135,7,0,0
BRDA:135,7,1,0
BRDA:158,8,0,0
BRDA:158,8,1,0
BRDA:187,9,0,0
BRDA:187,9,1,10
BRDA:191,10,0,0
BRDA:191,10,1,10
BRDA:195,11,0,10
BRDA:195,11,1,0
BRDA:196,12,0,10
BRDA:196,12,1,0
BRDA:196,13,0,10
BRDA:196,13,1,10
BRDA:202,14,0,0
BRDA:202,14,1,0
BRDA:218,15,0,0
BRDA:218,15,1,0
BRDA:230,16,0,3
BRDA:230,16,1,0
BRDA:231,17,0,1
BRDA:231,17,1,2
BRDA:231,18,0,3
BRDA:231,18,1,1
BRDA:269,19,0,0
BRDA:269,19,1,0
BRDA:270,20,0,0
BRDA:270,20,1,0
BRDA:270,21,0,0
BRDA:270,21,1,0
BRDA:297,22,0,0
BRDA:297,22,1,0
BRDA:312,23,0,80
BRDA:312,23,1,0
BRDA:312,24,0,80
BRDA:312,24,1,0
BRDA:312,24,2,0
BRDA:318,25,0,0
BRDA:318,25,1,0
BRF:52
BRH:24
end_of_record
TN:
SF:/home/travis/build/unosquare/tubular/src/Unosquare.Tubular/Javascript/tubular/services/popup.js
FN:1,(anonymous_1)
FN:16,(anonymous_2)
FN:22,(anonymous_3)
FN:28,(anonymous_4)
FN:43,(anonymous_5)
FN:55,(anonymous_6)
FN:58,(anonymous_7)
FNF:7
FNH:5
FNDA:1,(anonymous_1)
FNDA:84,(anonymous_2)
FNDA:0,(anonymous_3)
FNDA:0,(anonymous_4)
FNDA:1,(anonymous_5)
FNDA:1,(anonymous_6)
FNDA:1,(anonymous_7)
DA:1,1
DA:4,1
DA:21,84
DA:23,0
DA:25,0
DA:29,0
DA:31,0
DA:44,1
DA:45,0
DA:48,1
DA:56,1
DA:59,1
DA:64,1
LF:13
LH:8
BRDA:44,1,0,0
BRDA:44,1,1,1
BRF:2
BRH:1
end_of_record
TN:
SF:/home/travis/build/unosquare/tubular/src/Unosquare.Tubular/Javascript/tubular/services/popupCtrl.js
FN:1,(anonymous_1)
FN:12,(anonymous_2)
FN:21,(anonymous_3)
FN:37,(anonymous_4)
FN:46,(anonymous_5)
FN:57,(anonymous_6)
FNF:6
FNH:4
FNDA:1,(anonymous_1)
FNDA:6,(anonymous_2)
FNDA:3,(anonymous_3)
FNDA:0,(anonymous_4)
FNDA:0,(anonymous_5)
FNDA:1,(anonymous_6)
DA:1,1
DA:5,1
DA:19,6
DA:21,6
DA:22,3
DA:25,3
DA:26,1
DA:27,1
DA:30,2
DA:32,2
DA:33,1
DA:36,1
DA:38,0
DA:39,0
DA:40,0
DA:41,0
DA:42,0
DA:44,0
DA:47,0
DA:48,0
DA:49,0
DA:51,0
DA:54,1
DA:57,6
DA:58,1
DA:59,0
DA:62,1
LF:27
LH:16
BRDA:22,1,0,3
BRDA:22,1,1,0
BRDA:25,2,0,1
BRDA:25,2,1,2
BRDA:25,3,0,3
BRDA:25,3,1,1
BRDA:25,3,2,1
BRDA:32,4,0,1
BRDA:32,4,1,1
BRDA:32,5,0,2
BRDA:32,5,1,2
BRDA:41,6,0,0
BRDA:41,6,1,0
BRDA:58,7,0,0
BRDA:58,7,1,1
BRF:15
BRH:11
end_of_record
TN:
SF:/home/travis/build/unosquare/tubular/src/Unosquare.Tubular/Javascript/tubular/services/template.js
FN:1,(anonymous_1)
FN:16,(anonymous_2)
FN:21,(anonymous_3)
FN:181,(anonymous_4)
FN:182,(anonymous_5)
FN:184,(anonymous_6)
FN:209,(anonymous_7)
FN:261,(anonymous_8)
FN:307,(anonymous_9)
FN:326,(anonymous_10)
FN:330,(anonymous_11)
FN:365,(anonymous_12)
FN:398,(anonymous_13)
FN:415,(anonymous_14)
FN:431,(anonymous_15)
FN:442,(anonymous_16)
FN:444,(anonymous_17)
FN:447,(anonymous_18)
FN:449,(anonymous_19)
FN:451,(anonymous_20)
FN:484,(anonymous_21)
FN:485,(anonymous_22)
FN:487,(anonymous_23)
FN:510,(anonymous_24)
FN:564,(anonymous_25)
FN:566,(anonymous_26)
FN:570,(anonymous_27)
FN:589,(anonymous_28)
FN:590,(anonymous_29)
FN:600,(anonymous_30)
FN:615,(anonymous_31)
FN:620,(anonymous_32)
FN:624,(anonymous_33)
FN:631,(anonymous_34)
FN:633,(anonymous_35)
FN:639,(anonymous_36)
FNF:36
FNH:23
FNDA:1,(anonymous_1)
FNDA:98,(anonymous_2)
FNDA:98,(anonymous_3)
FNDA:2,(anonymous_4)
FNDA:14,(anonymous_5)
FNDA:30,(anonymous_6)
FNDA:1,(anonymous_7)
FNDA:7,(anonymous_8)
FNDA:116,(anonymous_9)
FNDA:16,(anonymous_10)
FNDA:112,(anonymous_11)
FNDA:112,(anonymous_12)
FNDA:2,(anonymous_13)
FNDA:1,(anonymous_14)
FNDA:3,(anonymous_15)
FNDA:7,(anonymous_16)
FNDA:7,(anonymous_17)
FNDA:7,(anonymous_18)
FNDA:7,(anonymous_19)
FNDA:7,(anonymous_20)
FNDA:7,(anonymous_21)
FNDA:49,(anonymous_22)
FNDA:105,(anonymous_23)
FNDA:0,(anonymous_24)
FNDA:0,(anonymous_25)
FNDA:0,(anonymous_26)
FNDA:0,(anonymous_27)
FNDA:0,(anonymous_28)
FNDA:0,(anonymous_29)
FNDA:0,(anonymous_30)
FNDA:0,(anonymous_31)
FNDA:0,(anonymous_32)
FNDA:0,(anonymous_33)
FNDA:0,(anonymous_34)
FNDA:0,(anonymous_35)
FNDA:0,(anonymous_36)
DA:1,1
DA:4,1
DA:19,98
DA:21,98
DA:22,98
DA:23,98
DA:26,98
DA:38,98
DA:146,98
DA:148,98
DA:149,98
DA:154,98
DA:162,98
DA:171,98
DA:181,98
DA:182,2
DA:183,14
DA:184,30
DA:186,14
DA:209,98
DA:210,1
DA:211,1
DA:213,1
DA:214,1
DA:215,1
DA:218,1
DA:219,1
DA:227,1
DA:228,1
DA:231,1
DA:232,1
DA:236,1
DA:237,1
DA:240,1
DA:262,7
DA:307,98
DA:308,116
DA:310,17
DA:312,17
DA:314,17
DA:316,65
DA:326,98
DA:327,16
DA:328,16
DA:330,16
DA:331,112
DA:334,112
DA:335,0
DA:338,112
DA:339,16
DA:344,96
DA:345,16
DA:346,80
DA:347,16
DA:353,64
DA:355,64
DA:356,16
DA:359,64
DA:363,16
DA:365,16
DA:366,112
DA:367,112
DA:370,112
DA:371,112
DA:372,112
DA:373,112
DA:374,112
DA:375,112
DA:376,112
DA:378,112
DA:379,112
DA:380,112
DA:381,112
DA:382,112
DA:383,112
DA:385,112
DA:386,96
DA:389,16
DA:390,16
DA:391,16
DA:392,16
DA:395,16
DA:398,98
DA:399,2
DA:401,2
DA:415,98
DA:416,1
DA:417,1
DA:419,1
DA:421,1
DA:431,98
DA:432,3
DA:433,3
DA:434,3
DA:436,3
DA:437,1
DA:439,2
DA:442,7
DA:444,7
DA:447,7
DA:449,7
DA:451,7
DA:456,3
DA:484,98
DA:485,7
DA:486,49
DA:487,105
DA:488,49
DA:490,49
DA:510,98
DA:511,0
DA:522,0
DA:553,0
DA:562,0
DA:564,0
DA:565,0
DA:566,0
DA:568,0
DA:571,0
DA:572,0
DA:575,0
DA:578,0
DA:581,0
DA:582,0
DA:583,0
DA:584,0
DA:589,0
DA:590,0
DA:592,0
DA:593,0
DA:596,0
DA:597,0
DA:600,0
DA:601,0
DA:602,0
DA:605,0
DA:606,0
DA:609,0
DA:610,0
DA:611,0
DA:612,0
DA:615,0
DA:616,0
DA:617,0
DA:620,0
DA:621,0
DA:624,0
DA:625,0
DA:626,0
DA:627,0
DA:631,0
DA:633,0
DA:635,0
DA:636,0
DA:639,0
DA:640,0
DA:641,0
DA:643,0
DA:644,0
DA:648,0
DA:651,0
DA:652,0
DA:653,0
DA:655,0
DA:658,0
DA:660,0
DA:661,0
DA:665,0
DA:666,0
DA:668,0
DA:669,0
LF:171
LH:109
BRDA:23,1,0,98
BRDA:23,1,1,98
BRDA:148,2,0,98
BRDA:148,2,1,0
BRDA:165,3,0,0
BRDA:165,3,1,98
BRDA:188,4,0,7
BRDA:188,4,1,7
BRDA:213,5,0,1
BRDA:213,5,1,0
BRDA:218,6,0,1
BRDA:218,6,1,0
BRDA:227,7,0,1
BRDA:227,7,1,0
BRDA:231,8,0,1
BRDA:231,8,1,0
BRDA:236,9,0,1
BRDA:236,9,1,0
BRDA:249,10,0,0
BRDA:249,10,1,1
BRDA:250,11,0,0
BRDA:250,11,1,1
BRDA:252,12,0,0
BRDA:252,12,1,1
BRDA:258,13,0,0
BRDA:258,13,1,1
BRDA:267,14,0,7
BRDA:267,14,1,0
BRDA:277,15,0,7
BRDA:277,15,1,0
BRDA:285,16,0,0
BRDA:285,16,1,1
BRDA:287,17,0,0
BRDA:287,17,1,0
BRDA:302,18,0,0
BRDA:302,18,1,1
BRDA:308,19,0,17
BRDA:308,19,1,17
BRDA:308,19,2,17
BRDA:308,19,3,65
BRDA:327,20,0,16
BRDA:327,20,1,0
BRDA:327,21,0,16
BRDA:327,21,1,16
BRDA:334,22,0,0
BRDA:334,22,1,112
BRDA:334,23,0,112
BRDA:334,23,1,112
BRDA:334,23,2,112
BRDA:338,24,0,16
BRDA:338,24,1,96
BRDA:338,25,0,112
BRDA:338,25,1,96
BRDA:344,26,0,16
BRDA:344,26,1,80
BRDA:344,27,0,96
BRDA:344,27,1,96
BRDA:346,28,0,16
BRDA:346,28,1,64
BRDA:346,29,0,80
BRDA:346,29,1,80
BRDA:355,30,0,16
BRDA:355,30,1,48
BRDA:385,31,0,96
BRDA:385,31,1,16
BRDA:403,32,0,2
BRDA:403,32,1,0
BRDA:432,33,0,1
BRDA:432,33,1,2
BRDA:436,34,0,1
BRDA:436,34,1,2
BRDA:440,35,0,1
BRDA:440,35,1,1
BRDA:465,36,0,0
BRDA:465,36,1,3
BRDA:471,37,0,3
BRDA:471,37,1,0
BRDA:495,38,0,28
BRDA:495,38,1,21
BRDA:496,39,0,42
BRDA:496,39,1,7
BRDA:499,40,0,35
BRDA:499,40,1,14
BRDA:500,41,0,42
BRDA:500,41,1,7
BRDA:501,42,0,49
BRDA:501,42,1,0
BRDA:502,43,0,14
BRDA:502,43,1,35
BRDA:503,44,0,49
BRDA:503,44,1,0
BRDA:554,45,0,0
BRDA:554,45,1,0
BRDA:555,46,0,0
BRDA:555,46,1,0
BRDA:556,47,0,0
BRDA:556,47,1,0
BRDA:557,48,0,0
BRDA:557,48,1,0
BRDA:558,49,0,0
BRDA:558,49,1,0
BRDA:558,49,2,0
BRDA:562,50,0,0
BRDA:562,50,1,0
BRDA:568,51,0,0
BRDA:568,51,1,0
BRDA:571,52,0,0
BRDA:571,52,1,0
BRDA:575,53,0,0
BRDA:575,53,1,0
BRDA:575,54,0,0
BRDA:575,54,1,0
BRDA:575,54,2,0
BRDA:575,54,3,0
BRDA:576,55,0,0
BRDA:576,55,1,0
BRDA:581,56,0,0
BRDA:581,56,1,0
BRDA:592,57,0,0
BRDA:592,57,1,0
BRDA:601,58,0,0
BRDA:601,58,1,0
BRDA:605,59,0,0
BRDA:605,59,1,0
BRDA:605,60,0,0
BRDA:605,60,1,0
BRDA:625,61,0,0
BRDA:625,61,1,0
BRDA:633,62,0,0
BRDA:633,62,1,0
BRDA:635,63,0,0
BRDA:635,63,1,0
BRDA:640,64,0,0
BRDA:640,64,1,0
BRDA:643,65,0,0
BRDA:643,65,1,0
BRDA:655,66,0,0
BRDA:655,66,1,0
BRDA:655,67,0,0
BRDA:655,67,1,0
BRDA:655,67,2,0
BRDA:660,68,0,0
BRDA:660,68,1,0
BRDA:665,69,0,0
BRDA:665,69,1,0
BRDA:665,70,0,0
BRDA:665,70,1,0
BRDA:668,71,0,0
BRDA:668,71,1,0
BRF:149
BRH:67
end_of_record
TN:
SF:/home/travis/build/unosquare/tubular/src/Unosquare.Tubular/Javascript/tubular/services/translate.js
FN:1,(anonymous_1)
FN:12,(anonymous_2)
FN:129,(anonymous_3)
FN:136,(anonymous_4)
FN:145,(anonymous_5)
FN:160,(anonymous_6)
FN:161,(anonymous_7)
FNF:7
FNH:7
FNDA:1,(anonymous_1)
FNDA:106,(anonymous_2)
FNDA:3,(anonymous_3)
FNDA:1,(anonymous_4)
FNDA:9,(anonymous_5)
FNDA:100,(anonymous_6)
FNDA:7,(anonymous_7)
DA:1,1
DA:4,1
DA:13,106
DA:15,106
DA:16,106
DA:18,106
DA:129,106
DA:131,3
DA:133,3
DA:136,106
DA:137,1
DA:140,1
DA:142,1
DA:145,106
DA:146,9
DA:148,9
DA:161,100
DA:162,7
DA:163,7
DA:165,7
DA:166,7
DA:167,7
DA:168,7
DA:170,7
DA:173,0
LF:25
LH:24
BRDA:137,1,0,1
BRDA:137,1,1,1
BRDA:137,1,2,0
BRDA:146,2,0,9
BRDA:146,2,1,1
BRDA:148,3,0,9
BRDA:148,3,1,0
BRDA:162,4,0,7
BRDA:162,4,1,0
BRDA:165,5,0,7
BRDA:165,5,1,2
BRDA:166,6,0,7
BRDA:166,6,1,6
BRDA:167,7,0,7
BRDA:167,7,1,6
BRDA:168,8,0,7
BRDA:168,8,1,7
BRF:17
BRH:14
end_of_record
TN:
SF:/home/travis/build/unosquare/tubular/src/Unosquare.Tubular/Javascript/tubular/services/tubularConfig.js
FN:1,(anonymous_1)
FN:5,(anonymous_2)
FN:43,setPlatformConfig
FN:54,addConfig
FN:72,createConfig
FN:73,(anonymous_6)
FN:82,(anonymous_7)
FN:103,stringObj
FN:119,(anonymous_9)
FNF:9
FNH:9
FNDA:1,(anonymous_1)
FNDA:174,(anonymous_2)
FNDA:174,setPlatformConfig
FNDA:522,addConfig
FNDA:1218,createConfig
FNDA:2958,(anonymous_6)
FNDA:317,(anonymous_7)
FNDA:214,stringObj
FNDA:97,(anonymous_9)
DA:1,1
DA:4,1
DA:7,174
DA:8,174
DA:9,174
DA:11,174
DA:25,174
DA:29,174
DA:43,1
DA:44,174
DA:45,174
DA:47,174
DA:49,174
DA:54,1
DA:55,522
DA:56,1566
DA:57,1392
DA:58,348
DA:59,0
DA:61,348
DA:63,1044
DA:64,0
DA:72,1
DA:73,1218
DA:75,2958
DA:77,870
DA:78,870
DA:82,2088
DA:83,317
DA:84,86
DA:85,86
DA:87,231
DA:94,214
DA:96,17
DA:103,1
DA:104,214
DA:105,214
DA:106,642
DA:107,642
DA:109,0
DA:112,214
DA:115,174
DA:119,174
DA:120,97
LF:44
LH:41
BRDA:56,1,0,1392
BRDA:56,1,1,174
BRDA:56,2,0,1566
BRDA:56,2,1,1392
BRDA:57,3,0,348
BRDA:57,3,1,1044
BRDA:58,4,0,0
BRDA:58,4,1,348
BRDA:63,5,0,0
BRDA:63,5,1,1044
BRDA:75,6,0,870
BRDA:75,6,1,2088
BRDA:83,7,0,86
BRDA:83,7,1,231
BRDA:87,8,0,214
BRDA:87,8,1,17
BRDA:106,9,0,642
BRDA:106,9,1,0
BRDA:106,10,0,642
BRDA:106,10,1,642
BRF:20
BRH:17
end_of_record
TN:
SF:/home/travis/build/unosquare/tubular/src/Unosquare.Tubular/Javascript/tubular/interceptors/auth.js
FN:1,(anonymous_1)
FN:14,(anonymous_2)
FN:28,request
FN:53,requestError
FN:57,response
FN:61,responseError
FN:88,(anonymous_7)
FN:94,(anonymous_8)
FN:96,(anonymous_9)
FN:103,(anonymous_10)
FNF:10
FNH:6
FNDA:1,(anonymous_1)
FNDA:5,(anonymous_2)
FNDA:5,request
FNDA:0,requestError
FNDA:0,response
FNDA:2,responseError
FNDA:1,(anonymous_7)
FNDA:1,(anonymous_8)
FNDA:0,(anonymous_9)
FNDA:0,(anonymous_10)
DA:1,1
DA:13,1
DA:16,5
DA:17,5
DA:19,5
DA:26,5
DA:28,1
DA:30,5
DA:31,5
DA:33,5
DA:36,5
DA:40,3
DA:44,3
DA:46,0
DA:50,5
DA:53,1
DA:54,0
DA:57,1
DA:58,0
DA:61,1
DA:62,2
DA:64,2
DA:66,2
DA:67,2
DA:68,2
DA:70,2
DA:77,1
DA:79,1
DA:80,1
DA:88,1
DA:89,1
DA:90,1
DA:92,1
DA:93,1
DA:94,1
DA:95,1
DA:97,0
DA:101,0
DA:104,0
DA:105,0
DA:106,0
DA:107,0
DA:108,0
DA:112,1
DA:115,2
DA:117,0
DA:120,0
DA:121,0
LF:48
LH:35
BRDA:33,1,0,5
BRDA:33,1,1,2
BRDA:36,2,0,3
BRDA:36,2,1,2
BRDA:36,3,0,5
BRDA:36,3,1,5
BRDA:36,3,2,5
BRDA:44,4,0,0
BRDA:44,4,1,3
BRDA:44,5,0,3
BRDA:44,5,1,0
BRDA:44,5,2,0
BRDA:64,6,0,2
BRDA:64,6,1,0
BRDA:70,7,0,1
BRDA:70,7,1,1
BRDA:71,8,0,2
BRDA:71,8,1,2
BRDA:71,8,2,2
BRDA:71,8,3,1
BRDA:71,8,4,1
BRDA:79,9,0,1
BRDA:79,9,1,0
BRDA:92,10,0,1
BRDA:92,10,1,0
BRDA:92,11,0,1
BRDA:92,11,1,1
BRF:27
BRH:21
end_of_record
TN:
SF:/home/travis/build/unosquare/tubular/src/Unosquare.Tubular/Javascript/tubular/interceptors/no-cache.js
FN:1,(anonymous_1)
FN:14,(anonymous_2)
FN:17,(anonymous_3)
FNF:3
FNH:1
FNDA:1,(anonymous_1)
FNDA:0,(anonymous_2)
FNDA:0,(anonymous_3)
DA:1,1
DA:13,1
DA:16,0
DA:18,0
DA:19,0
DA:20,0
DA:23,0
LF:7
LH:2
BRDA:18,1,0,0
BRDA:18,1,1,0
BRDA:18,2,0,0
BRDA:18,2,1,0
BRDA:18,2,2,0
BRDA:19,3,0,0
BRDA:19,3,1,0
BRF:7
BRH:0
end_of_record
TN:
SF:/home/travis/build/unosquare/tubular/src/Unosquare.Tubular/Javascript/tubular/tubular-directives.js
FN:1,(anonymous_1)
FN:28,(anonymous_2)
FN:37,(anonymous_3)
FN:57,(anonymous_4)
FN:67,(anonymous_5)
FN:72,(anonymous_6)
FN:74,(anonymous_7)
FN:105,(anonymous_8)
FN:126,(anonymous_9)
FN:132,(anonymous_10)
FN:136,(anonymous_11)
FN:142,(anonymous_12)
FN:148,(anonymous_13)
FN:153,(anonymous_14)
FN:197,(anonymous_15)
FN:206,(anonymous_16)
FN:207,(anonymous_17)
FN:212,(anonymous_18)
FN:217,(anonymous_19)
FN:241,(anonymous_20)
FN:251,(anonymous_21)
FN:271,(anonymous_22)
FN:281,(anonymous_23)
FN:303,(anonymous_24)
FN:314,(anonymous_25)
FN:320,(anonymous_26)
FN:328,(anonymous_27)
FN:329,(anonymous_28)
FN:335,(anonymous_29)
FN:337,(anonymous_30)
FN:339,(anonymous_31)
FN:364,(anonymous_32)
FN:376,(anonymous_33)
FN:381,(anonymous_34)
FN:388,(anonymous_35)
FNF:35
FNH:1
FNDA:1,(anonymous_1)
FNDA:0,(anonymous_2)
FNDA:0,(anonymous_3)
FNDA:0,(anonymous_4)
FNDA:0,(anonymous_5)
FNDA:0,(anonymous_6)
FNDA:0,(anonymous_7)
FNDA:0,(anonymous_8)
FNDA:0,(anonymous_9)
FNDA:0,(anonymous_10)
FNDA:0,(anonymous_11)
FNDA:0,(anonymous_12)
FNDA:0,(anonymous_13)
FNDA:0,(anonymous_14)
FNDA:0,(anonymous_15)
FNDA:0,(anonymous_16)
FNDA:0,(anonymous_17)
FNDA:0,(anonymous_18)
FNDA:0,(anonymous_19)
FNDA:0,(anonymous_20)
FNDA:0,(anonymous_21)
FNDA:0,(anonymous_22)
FNDA:0,(anonymous_23)
FNDA:0,(anonymous_24)
FNDA:0,(anonymous_25)
FNDA:0,(anonymous_26)
FNDA:0,(anonymous_27)
FNDA:0,(anonymous_28)
FNDA:0,(anonymous_29)
FNDA:0,(anonymous_30)
FNDA:0,(anonymous_31)
FNDA:0,(anonymous_32)
FNDA:0,(anonymous_33)
FNDA:0,(anonymous_34)
FNDA:0,(anonymous_35)
DA:1,1
DA:14,1
DA:29,0
DA:38,0
DA:39,0
DA:59,0
DA:68,0
DA:69,0
DA:73,0
DA:75,0
DA:106,0
DA:127,0
DA:128,0
DA:129,0
DA:130,0
DA:132,0
DA:133,0
DA:136,0
DA:137,0
DA:138,0
DA:142,0
DA:143,0
DA:145,0
DA:148,0
DA:149,0
DA:150,0
DA:151,0
DA:152,0
DA:153,0
DA:154,0
DA:155,0
DA:158,0
DA:159,0
DA:162,0
DA:163,0
DA:166,0
DA:169,0
DA:170,0
DA:171,0
DA:172,0
DA:173,0
DA:174,0
DA:177,0
DA:178,0
DA:179,0
DA:198,0
DA:207,0
DA:208,0
DA:211,0
DA:213,0
DA:218,0
DA:219,0
DA:222,0
DA:223,0
DA:243,0
DA:252,0
DA:253,0
DA:273,0
DA:282,0
DA:283,0
DA:305,0
DA:315,0
DA:316,0
DA:317,0
DA:318,0
DA:320,0
DA:321,0
DA:322,0
DA:325,0
DA:328,0
DA:329,0
DA:330,0
DA:336,0
DA:339,0
DA:340,0
DA:366,0
DA:377,0
DA:378,0
DA:379,0
DA:381,0
DA:383,0
DA:386,0
DA:387,0
DA:388,0
DA:390,0
DA:391,0
LF:86
LH:2
BRDA:130,1,0,0
BRDA:130,1,1,0
BRDA:130,2,0,0
BRDA:130,2,1,0
BRDA:137,3,0,0
BRDA:137,3,1,0
BRDA:149,4,0,0
BRDA:149,4,1,0
BRDA:150,5,0,0
BRDA:150,5,1,0
BRDA:152,6,0,0
BRDA:152,6,1,0
BRDA:154,7,0,0
BRDA:154,7,1,0
BRDA:158,8,0,0
BRDA:158,8,1,0
BRDA:162,9,0,0
BRDA:162,9,1,0
BRDA:169,10,0,0
BRDA:169,10,1,0
BRDA:170,11,0,0
BRDA:170,11,1,0
BRDA:171,12,0,0
BRDA:171,12,1,0
BRDA:173,13,0,0
BRDA:173,13,1,0
BRDA:174,14,0,0
BRDA:174,14,1,0
BRDA:218,15,0,0
BRDA:218,15,1,0
BRDA:222,16,0,0
BRDA:222,16,1,0
BRDA:252,17,0,0
BRDA:252,17,1,0
BRDA:282,18,0,0
BRDA:282,18,1,0
BRDA:321,19,0,0
BRDA:321,19,1,0
BRDA:321,20,0,0
BRDA:321,20,1,0
BRDA:378,21,0,0
BRDA:378,21,1,0
BRDA:386,22,0,0
BRDA:386,22,1,0
BRDA:390,23,0,0
BRDA:390,23,1,0
BRF:46
BRH:0
end_of_record
TN:
SF:/home/travis/build/unosquare/tubular/src/Unosquare.Tubular/Javascript/tubular/directives/editors/tbSimpleEditor.js
FN:1,(anonymous_1)
FN:5,(anonymous_2)
FN:8,(anonymous_3)
FN:45,(anonymous_4)
FNF:4
FNH:4
FNDA:1,(anonymous_1)
FNDA:10,(anonymous_2)
FNDA:4,(anonymous_3)
FNDA:10,(anonymous_4)
DA:1,1
DA:4,1
DA:6,10
DA:8,10
DA:9,4
DA:10,1
DA:12,1
DA:13,1
DA:14,1
DA:15,1
DA:19,3
DA:20,1
DA:21,1
DA:22,1
DA:23,1
DA:24,1
DA:28,2
DA:29,1
DA:30,1
DA:31,1
DA:32,1
DA:36,1
DA:37,1
DA:38,1
DA:39,1
DA:40,1
DA:45,10
DA:46,10
DA:50,1
LF:29
LH:29
BRDA:9,1,0,1
BRDA:9,1,1,3
BRDA:9,2,0,4
BRDA:9,2,1,1
BRDA:12,3,0,1
BRDA:12,3,1,0
BRDA:14,4,0,1
BRDA:14,4,1,1
BRDA:19,5,0,1
BRDA:19,5,1,2
BRDA:20,6,0,1
BRDA:20,6,1,0
BRDA:28,7,0,1
BRDA:28,7,1,1
BRDA:28,8,0,2
BRDA:28,8,1,1
BRDA:29,9,0,1
BRDA:29,9,1,0
BRDA:36,10,0,1
BRDA:36,10,1,0
BRDA:36,11,0,1
BRDA:36,11,1,1
BRDA:37,12,0,1
BRDA:37,12,1,0
BRF:24
BRH:19
end_of_record
TN:
SF:/home/travis/build/unosquare/tubular/src/Unosquare.Tubular/Javascript/tubular/directives/form/tbForm.js
FN:1,(anonymous_1)
FN:33,(anonymous_2)
FN:50,(anonymous_3)
FN:52,(anonymous_4)
FNF:4
FNH:4
FNDA:1,(anonymous_1)
FNDA:10,(anonymous_2)
FNDA:10,(anonymous_3)
FNDA:10,(anonymous_4)
DA:1,1
DA:4,1
DA:34,10
DA:51,10
DA:53,10
LF:5
LH:5
BRF:0
BRH:0
end_of_record
TN:
SF:/home/travis/build/unosquare/tubular/src/Unosquare.Tubular/Javascript/tubular/directives/form/tbFormCtrl.js
FN:1,(anonymous_1)
FN:15,(anonymous_2)
FN:37,(anonymous_3)
FN:48,(anonymous_4)
FN:56,(anonymous_5)
FN:60,(anonymous_6)
FN:72,(anonymous_7)
FN:74,(anonymous_8)
FN:79,(anonymous_9)
FN:88,(anonymous_10)
FN:92,(anonymous_11)
FN:97,(anonymous_12)
FN:113,(anonymous_13)
FN:128,(anonymous_14)
FN:141,(anonymous_15)
FN:158,(anonymous_16)
FN:161,(anonymous_17)
FN:170,(anonymous_18)
FN:175,(anonymous_19)
FN:180,(anonymous_20)
FN:182,(anonymous_21)
FN:192,(anonymous_22)
FN:193,(anonymous_23)
FN:204,(anonymous_24)
FNF:24
FNH:2
FNDA:1,(anonymous_1)
FNDA:2,(anonymous_2)
FNDA:0,(anonymous_3)
FNDA:0,(anonymous_4)
FNDA:0,(anonymous_5)
FNDA:0,(anonymous_6)
FNDA:0,(anonymous_7)
FNDA:0,(anonymous_8)
FNDA:0,(anonymous_9)
FNDA:0,(anonymous_10)
FNDA:0,(anonymous_11)
FNDA:0,(anonymous_12)
FNDA:0,(anonymous_13)
FNDA:0,(anonymous_14)
FNDA:0,(anonymous_15)
FNDA:0,(anonymous_16)
FNDA:0,(anonymous_17)
FNDA:0,(anonymous_18)
FNDA:0,(anonymous_19)
FNDA:0,(anonymous_20)
FNDA:0,(anonymous_21)
FNDA:0,(anonymous_22)
FNDA:0,(anonymous_23)
FNDA:0,(anonymous_24)
DA:1,1
DA:4,1
DA:25,2
DA:26,2
DA:27,2
DA:28,2
DA:30,2
DA:32,2
DA:33,2
DA:37,2
DA:38,0
DA:42,2
DA:45,2
DA:47,2
DA:49,0
DA:50,0
DA:53,0
DA:56,2
DA:57,0
DA:59,0
DA:61,0
DA:62,0
DA:65,0
DA:68,0
DA:69,0
DA:72,2
DA:73,0
DA:75,0
DA:79,2
DA:81,0
DA:83,0
DA:84,0
DA:87,0
DA:89,0
DA:90,0
DA:93,0
DA:96,0
DA:98,0
DA:100,0
DA:107,0
DA:110,0
DA:111,0
DA:114,0
DA:118,0
DA:121,0
DA:122,0
DA:125,0
DA:128,2
DA:129,0
DA:130,0
DA:133,0
DA:135,0
DA:136,0
DA:137,0
DA:140,0
DA:142,0
DA:144,0
DA:147,0
DA:149,0
DA:150,0
DA:153,0
DA:154,0
DA:155,0
DA:159,0
DA:162,0
DA:163,0
DA:168,2
DA:170,2
DA:171,0
DA:172,0
DA:175,2
DA:176,0
DA:177,0
DA:180,2
DA:181,0
DA:183,0
DA:184,0
DA:186,0
DA:187,0
DA:192,2
DA:193,0
DA:194,0
DA:196,0
DA:197,0
DA:202,0
DA:204,0
LF:86
LH:22
BRDA:32,1,0,2
BRDA:32,1,1,2
BRDA:33,2,0,2
BRDA:33,2,1,2
BRDA:42,3,0,2
BRDA:42,3,1,0
BRDA:49,4,0,0
BRDA:49,4,1,0
BRDA:61,5,0,0
BRDA:61,5,1,0
BRDA:81,6,0,0
BRDA:81,6,1,0
BRDA:83,7,0,0
BRDA:83,7,1,0
BRDA:84,8,0,0
BRDA:84,8,1,0
BRDA:84,9,0,0
BRDA:84,9,1,0
BRDA:84,9,2,0
BRDA:98,10,0,0
BRDA:98,10,1,0
BRDA:98,11,0,0
BRDA:98,11,1,0
BRDA:121,12,0,0
BRDA:121,12,1,0
BRDA:129,13,0,0
BRDA:129,13,1,0
BRDA:135,14,0,0
BRDA:135,14,1,0
BRDA:142,15,0,0
BRDA:142,15,1,0
BRDA:142,16,0,0
BRDA:142,16,1,0
BRDA:149,17,0,0
BRDA:149,17,1,0
BRDA:154,18,0,0
BRDA:154,18,1,0
BRDA:183,19,0,0
BRDA:183,19,1,0
BRDA:187,20,0,0
BRDA:187,20,1,0
BRDA:196,21,0,0
BRDA:196,21,1,0
BRF:43
BRH:5
end_of_record
TN:
SF:/home/travis/build/unosquare/tubular/src/Unosquare.Tubular/Javascript/tubular/directives/grid/components/tbTextSearch/tbTextSearch.js
FN:1,(anonymous_1)
FNF:1
FNH:1
FNDA:1,(anonymous_1)
DA:1,1
DA:4,1
LF:2
LH:2
BRF:0
BRH:0
end_of_record
TN:
SF:/home/travis/build/unosquare/tubular/src/Unosquare.Tubular/Javascript/tubular/directives/grid/components/tbTextSearch/tbTextSearchCtrl.js
FN:1,(anonymous_1)
FN:6,(anonymous_2)
FN:9,(anonymous_3)
FN:14,(anonymous_4)
FN:34,search
FNF:5
FNH:3
FNDA:1,(anonymous_1)
FNDA:3,(anonymous_2)
FNDA:3,(anonymous_3)
FNDA:0,(anonymous_4)
FNDA:0,search
DA:1,1
DA:4,1
DA:7,3
DA:9,3
DA:10,3
DA:11,3
DA:14,3
DA:15,0
DA:16,0
DA:19,0
DA:21,0
DA:22,0
DA:23,0
DA:26,0
DA:27,0
DA:30,0
DA:31,0
DA:34,1
DA:35,0
DA:36,0
DA:37,0
LF:21
LH:8
BRDA:10,1,0,3
BRDA:10,1,1,2
BRDA:15,2,0,0
BRDA:15,2,1,0
BRDA:15,3,0,0
BRDA:15,3,1,0
BRDA:21,4,0,0
BRDA:21,4,1,0
BRDA:21,5,0,0
BRDA:21,5,1,0
BRDA:26,6,0,0
BRDA:26,6,1,0
BRDA:26,7,0,0
BRDA:26,7,1,0
BRDA:26,7,2,0
BRF:15
BRH:2
end_of_record
TN:
SF:/home/travis/build/unosquare/tubular/src/Unosquare.Tubular/Javascript/tubular/directives/grid/tbGrid.js
FN:1,(anonymous_1)
FNF:1
FNH:1
FNDA:1,(anonymous_1)
DA:1,1
DA:4,1
LF:2
LH:2
BRF:0
BRH:0
end_of_record
TN:
SF:/home/travis/build/unosquare/tubular/src/Unosquare.Tubular/Javascript/tubular/directives/grid/tbGridCtrl.js
FN:1,(anonymous_1)
FN:14,(anonymous_2)
FN:26,(anonymous_3)
FN:71,(anonymous_4)
FN:81,(anonymous_5)
FN:91,(anonymous_6)
FN:101,(anonymous_7)
FN:113,(anonymous_8)
FN:121,(anonymous_9)
FN:133,(anonymous_10)
FN:143,(anonymous_11)
FN:154,(anonymous_12)
FN:173,(anonymous_13)
FN:177,(anonymous_14)
FN:180,(anonymous_15)
FN:186,(anonymous_16)
FN:195,(anonymous_17)
FN:196,(anonymous_18)
FN:225,(anonymous_19)
FN:247,(anonymous_20)
FN:277,(anonymous_21)
FN:280,(anonymous_22)
FN:285,(anonymous_23)
FN:305,(anonymous_24)
FN:309,(anonymous_25)
FN:334,(anonymous_26)
FN:335,(anonymous_27)
FN:362,(anonymous_28)
FN:363,(anonymous_29)
FN:370,(anonymous_30)
FN:375,(anonymous_31)
FN:379,(anonymous_32)
FN:387,(anonymous_33)
FN:396,(anonymous_34)
FN:400,(anonymous_35)
FN:406,(anonymous_36)
FN:407,(anonymous_37)
FNF:37
FNH:30
FNDA:1,(anonymous_1)
FNDA:79,(anonymous_2)
FNDA:79,(anonymous_3)
FNDA:2,(anonymous_4)
FNDA:2,(anonymous_5)
FNDA:0,(anonymous_6)
FNDA:2,(anonymous_7)
FNDA:1,(anonymous_8)
FNDA:3,(anonymous_9)
FNDA:1,(anonymous_10)
FNDA:3,(anonymous_11)
FNDA:1,(anonymous_12)
FNDA:0,(anonymous_13)
FNDA:0,(anonymous_14)
FNDA:0,(anonymous_15)
FNDA:2,(anonymous_16)
FNDA:1,(anonymous_17)
FNDA:1,(anonymous_18)
FNDA:14,(anonymous_19)
FNDA:9,(anonymous_20)
FNDA:0,(anonymous_21)
FNDA:0,(anonymous_22)
FNDA:13,(anonymous_23)
FNDA:11,(anonymous_24)
FNDA:0,(anonymous_25)
FNDA:7,(anonymous_26)
FNDA:14,(anonymous_27)
FNDA:6,(anonymous_28)
FNDA:3,(anonymous_29)
FNDA:12,(anonymous_30)
FNDA:3,(anonymous_31)
FNDA:9,(anonymous_32)
FNDA:2,(anonymous_33)
FNDA:1,(anonymous_34)
FNDA:1,(anonymous_35)
FNDA:2,(anonymous_36)
FNDA:2,(anonymous_37)
DA:1,1
DA:4,1
DA:22,79
DA:23,79
DA:24,79
DA:26,79
DA:27,79
DA:29,79
DA:30,79
DA:31,79
DA:33,79
DA:34,79
DA:36,79
DA:37,79
DA:38,79
DA:39,79
DA:40,79
DA:41,79
DA:42,79
DA:43,79
DA:44,79
DA:45,79
DA:46,79
DA:47,79
DA:48,79
DA:49,79
DA:51,79
DA:56,79
DA:57,79
DA:58,79
DA:59,79
DA:60,79
DA:61,79
DA:62,79
DA:63,79
DA:64,79
DA:65,79
DA:68,79
DA:71,79
DA:72,2
DA:73,0
DA:76,2
DA:79,79
DA:81,79
DA:82,2
DA:83,0
DA:86,2
DA:89,79
DA:91,79
DA:92,0
DA:93,0
DA:96,0
DA:99,79
DA:101,79
DA:102,2
DA:103,2
DA:104,1
DA:107,2
DA:111,79
DA:113,79
DA:114,1
DA:115,1
DA:119,79
DA:121,79
DA:122,3
DA:123,0
DA:126,3
DA:127,1
DA:129,2
DA:133,79
DA:134,1
DA:136,1
DA:137,0
DA:140,1
DA:143,79
DA:144,3
DA:145,3
DA:146,3
DA:147,3
DA:149,3
DA:150,1
DA:154,79
DA:156,1
DA:157,1
DA:159,1
DA:160,0
DA:163,1
DA:170,1
DA:172,1
DA:174,0
DA:175,0
DA:178,0
DA:181,0
DA:182,0
DA:186,79
DA:187,2
DA:188,2
DA:190,1
DA:191,1
DA:194,1
DA:196,1
DA:198,1
DA:199,0
DA:202,1
DA:204,1
DA:207,1
DA:208,1
DA:209,1
DA:213,1
DA:214,0
DA:217,1
DA:220,0
DA:225,79
DA:226,14
DA:227,11
DA:228,11
DA:231,14
DA:247,79
DA:249,9
DA:250,0
DA:253,9
DA:254,9
DA:256,9
DA:257,9
DA:260,9
DA:261,2
DA:264,9
DA:265,9
DA:267,9
DA:269,9
DA:270,1
DA:273,9
DA:275,9
DA:277,9
DA:278,0
DA:279,0
DA:281,0
DA:285,79
DA:286,13
DA:288,13
DA:289,1
DA:295,1
DA:298,12
DA:300,12
DA:301,1
DA:302,1
DA:305,11
DA:306,11
DA:307,11
DA:309,11
DA:310,0
DA:317,11
DA:320,11
DA:322,11
DA:323,11
DA:324,11
DA:325,11
DA:326,11
DA:327,11
DA:329,11
DA:330,10
DA:334,79
DA:335,7
DA:336,14
DA:339,7
DA:341,6
DA:343,6
DA:346,6
DA:347,6
DA:352,6
DA:353,0
DA:354,0
DA:356,6
DA:357,6
DA:361,6
DA:362,6
DA:364,3
DA:365,3
DA:370,6
DA:371,12
DA:375,6
DA:376,3
DA:379,6
DA:380,9
DA:383,6
DA:384,6
DA:387,79
DA:388,2
DA:389,2
DA:390,2
DA:395,2
DA:397,1
DA:398,1
DA:401,1
DA:402,1
DA:406,79
DA:407,2
LF:197
LH:174
BRDA:29,1,0,79
BRDA:29,1,1,79
BRDA:33,2,0,79
BRDA:33,2,1,0
BRDA:34,3,0,79
BRDA:34,3,1,0
BRDA:34,4,0,79
BRDA:34,4,1,79
BRDA:36,5,0,79
BRDA:36,5,1,0
BRDA:37,6,0,79
BRDA:37,6,1,79
BRDA:38,7,0,79
BRDA:38,7,1,0
BRDA:45,8,0,79
BRDA:45,8,1,79
BRDA:46,9,0,79
BRDA:46,9,1,79
BRDA:49,10,0,79
BRDA:49,10,1,79
BRDA:50,11,0,79
BRDA:50,11,1,0
BRDA:50,12,0,79
BRDA:50,12,1,79
BRDA:53,13,0,79
BRDA:53,13,1,0
BRDA:59,14,0,0
BRDA:59,14,1,79
BRDA:61,15,0,79
BRDA:61,15,1,79
BRDA:63,16,0,79
BRDA:63,16,1,0
BRDA:64,17,0,79
BRDA:64,17,1,0
BRDA:65,18,0,79
BRDA:65,18,1,79
BRDA:72,19,0,0
BRDA:72,19,1,2
BRDA:72,20,0,2
BRDA:72,20,1,2
BRDA:82,21,0,0
BRDA:82,21,1,2
BRDA:82,22,0,2
BRDA:82,22,1,2
BRDA:82,22,2,2
BRDA:92,23,0,0
BRDA:92,23,1,0
BRDA:102,24,0,2
BRDA:102,24,1,0
BRDA:102,25,0,2
BRDA:102,25,1,2
BRDA:103,26,0,1
BRDA:103,26,1,1
BRDA:114,27,0,1
BRDA:114,27,1,0
BRDA:114,28,0,1
BRDA:114,28,1,1
BRDA:122,29,0,0
BRDA:122,29,1,3
BRDA:126,30,0,1
BRDA:126,30,1,2
BRDA:134,31,0,0
BRDA:134,31,1,1
BRDA:136,32,0,0
BRDA:136,32,1,1
BRDA:144,33,0,3
BRDA:144,33,1,2
BRDA:149,34,0,1
BRDA:149,34,1,2
BRDA:149,35,0,3
BRDA:149,35,1,3
BRDA:149,35,2,1
BRDA:159,36,0,0
BRDA:159,36,1,1
BRDA:188,37,0,1
BRDA:188,37,1,1
BRDA:188,38,0,2
BRDA:188,38,1,1
BRDA:198,39,0,0
BRDA:198,39,1,1
BRDA:207,40,0,1
BRDA:207,40,1,0
BRDA:213,41,0,0
BRDA:213,41,1,1
BRDA:213,42,0,1
BRDA:213,42,1,0
BRDA:217,43,0,0
BRDA:217,43,1,1
BRDA:217,44,0,1
BRDA:217,44,1,0
BRDA:217,44,2,0
BRDA:226,45,0,11
BRDA:226,45,1,3
BRDA:228,46,0,8
BRDA:228,46,1,3
BRDA:233,47,0,14
BRDA:233,47,1,0
BRDA:249,48,0,0
BRDA:249,48,1,9
BRDA:249,49,0,9
BRDA:249,49,1,9
BRDA:256,50,0,9
BRDA:256,50,1,0
BRDA:257,51,0,9
BRDA:257,51,1,8
BRDA:260,52,0,2
BRDA:260,52,1,7
BRDA:265,53,0,9
BRDA:265,53,1,0
BRDA:269,54,0,1
BRDA:269,54,1,8
BRDA:288,55,0,1
BRDA:288,55,1,12
BRDA:288,56,0,13
BRDA:288,56,1,12
BRDA:300,57,0,1
BRDA:300,57,1,11
BRDA:329,58,0,10
BRDA:329,58,1,1
BRDA:339,59,0,1
BRDA:339,59,1,6
BRDA:343,60,0,0
BRDA:343,60,1,6
BRDA:347,61,0,5
BRDA:347,61,1,1
BRDA:349,62,0,1
BRDA:349,62,1,0
BRDA:352,63,0,0
BRDA:352,63,1,6
BRDA:361,64,0,3
BRDA:361,64,1,3
BRDA:376,65,0,0
BRDA:376,65,1,3
BRF:133
BRH:99
end_of_record
TN:
SF:/home/travis/build/unosquare/tubular/src/Unosquare.Tubular/Javascript/tubular/tubular.js
FN:1,(anonymous_1)
FN:15,(anonymous_2)
FN:31,(anonymous_3)
FN:32,(anonymous_4)
FN:53,(anonymous_5)
FN:56,(anonymous_6)
FN:81,(anonymous_7)
FN:82,(anonymous_8)
FNF:8
FNH:8
FNDA:1,(anonymous_1)
FNDA:4,(anonymous_2)
FNDA:1,(anonymous_3)
FNDA:3,(anonymous_4)
FNDA:1,(anonymous_5)
FNDA:5,(anonymous_6)
FNDA:1,(anonymous_7)
FNDA:3,(anonymous_8)
DA:1,1
DA:13,1
DA:16,4
DA:17,4
DA:32,1
DA:33,3
DA:36,1
DA:39,2
DA:56,1
DA:57,5
DA:59,5
DA:60,2
DA:63,3
DA:64,1
DA:68,2
DA:82,1
DA:83,3
DA:84,2
DA:87,1
LF:19
LH:19
BRDA:33,1,0,1
BRDA:33,1,1,2
BRDA:33,2,0,3
BRDA:33,2,1,3
BRDA:33,2,2,1
BRDA:33,2,3,1
BRDA:39,3,0,2
BRDA:39,3,1,1
BRDA:57,4,0,5
BRDA:57,4,1,4
BRDA:59,5,0,2
BRDA:59,5,1,3
BRDA:60,6,0,2
BRDA:60,6,1,1
BRDA:63,7,0,1
BRDA:63,7,1,2
BRDA:83,8,0,2
BRDA:83,8,1,1
BRDA:84,9,0,2
BRDA:84,9,1,1
BRF:20
BRH:20
end_of_record
TN:
SF:/home/travis/build/unosquare/tubular/src/Unosquare.Tubular/Javascript/tubular-chart/chartjs/tbChartJs.js
FN:1,(anonymous_1)
FNF:1
FNH:1
FNDA:1,(anonymous_1)
DA:1,1
DA:4,1
LF:2
LH:2
BRF:0
BRH:0
end_of_record
TN:
SF:/home/travis/build/unosquare/tubular/src/Unosquare.Tubular/Javascript/tubular-chart/chartjs/tbChartJsCtrl.js
FN:1,(anonymous_1)
FN:10,(anonymous_2)
FN:25,(anonymous_3)
FN:29,(anonymous_4)
FN:52,(anonymous_5)
FN:58,(anonymous_6)
FN:65,(anonymous_7)
FN:67,(anonymous_8)
FN:74,(anonymous_9)
FNF:9
FNH:1
FNDA:1,(anonymous_1)
FNDA:0,(anonymous_2)
FNDA:0,(anonymous_3)
FNDA:0,(anonymous_4)
FNDA:0,(anonymous_5)
FNDA:0,(anonymous_6)
FNDA:0,(anonymous_7)
FNDA:0,(anonymous_8)
FNDA:0,(anonymous_9)
DA:1,1
DA:4,1
DA:14,0
DA:16,0
DA:17,0
DA:18,0
DA:21,0
DA:25,0
DA:26,0
DA:28,0
DA:30,0
DA:31,0
DA:32,0
DA:33,0
DA:35,0
DA:36,0
DA:39,0
DA:42,0
DA:44,0
DA:45,0
DA:46,0
DA:48,0
DA:49,0
DA:53,0
DA:57,0
DA:59,0
DA:60,0
DA:64,0
DA:66,0
DA:67,0
DA:68,0
DA:74,0
DA:75,0
LF:33
LH:2
BRDA:17,1,0,0
BRDA:17,1,1,0
BRDA:18,2,0,0
BRDA:18,2,1,0
BRDA:21,3,0,0
BRDA:21,3,1,0
BRDA:30,4,0,0
BRDA:30,4,1,0
BRDA:30,5,0,0
BRDA:30,5,1,0
BRDA:30,5,2,0
BRDA:32,6,0,0
BRDA:32,6,1,0
BRDA:35,7,0,0
BRDA:35,7,1,0
BRDA:48,8,0,0
BRDA:48,8,1,0
BRDA:59,9,0,0
BRDA:59,9,1,0
BRDA:59,10,0,0
BRDA:59,10,1,0
BRDA:66,11,0,0
BRDA:66,11,1,0
BRDA:66,12,0,0
BRDA:66,12,1,0
BRF:25
BRH:0
end_of_record
TN:
SF:/home/travis/build/unosquare/tubular/src/Unosquare.Tubular/Javascript/tubular-chart/tubular-directives-highcharts.js
FN:1,(anonymous_1)
FN:43,(anonymous_2)
FN:81,(anonymous_3)
FN:85,(anonymous_4)
FN:91,(anonymous_5)
FN:107,(anonymous_6)
FN:114,(anonymous_7)
FN:125,(anonymous_8)
FN:133,(anonymous_9)
FN:139,(anonymous_10)
FNF:10
FNH:1
FNDA:1,(anonymous_1)
FNDA:0,(anonymous_2)
FNDA:0,(anonymous_3)
FNDA:0,(anonymous_4)
FNDA:0,(anonymous_5)
FNDA:0,(anonymous_6)
FNDA:0,(anonymous_7)
FNDA:0,(anonymous_8)
FNDA:0,(anonymous_9)
FNDA:0,(anonymous_10)
DA:1,1
DA:4,1
DA:44,0
DA:46,0
DA:47,0
DA:48,0
DA:50,0
DA:79,0
DA:81,0
DA:82,0
DA:83,0
DA:85,0
DA:86,0
DA:87,0
DA:91,0
DA:92,0
DA:93,0
DA:94,0
DA:96,0
DA:97,0
DA:100,0
DA:103,0
DA:105,0
DA:106,0
DA:107,0
DA:108,0
DA:114,0
DA:115,0
DA:121,0
DA:124,0
DA:125,0
DA:126,0
DA:129,0
DA:133,0
DA:134,0
DA:135,0
DA:139,0
DA:140,0
DA:141,0
LF:39
LH:2
BRDA:47,1,0,0
BRDA:47,1,1,0
BRDA:48,2,0,0
BRDA:48,2,1,0
BRDA:57,3,0,0
BRDA:57,3,1,0
BRDA:64,4,0,0
BRDA:64,4,1,0
BRDA:70,5,0,0
BRDA:70,5,1,0
BRDA:79,6,0,0
BRDA:79,6,1,0
BRDA:92,7,0,0
BRDA:92,7,1,0
BRDA:92,8,0,0
BRDA:92,8,1,0
BRDA:92,8,2,0
BRDA:96,9,0,0
BRDA:96,9,1,0
BRDA:105,10,0,0
BRDA:105,10,1,0
BRDA:121,11,0,0
BRDA:121,11,1,0
BRDA:121,12,0,0
BRDA:121,12,1,0
BRDA:124,13,0,0
BRDA:124,13,1,0
BRDA:134,14,0,0
BRDA:134,14,1,0
BRDA:134,15,0,0
BRDA:134,15,1,0
BRDA:134,15,2,0
BRDA:140,16,0,0
BRDA:140,16,1,0
BRDA:140,17,0,0
BRDA:140,17,1,0
BRF:36
BRH:0
end_of_record
