TN:
SF:/home/travis/build/unosquare/tubular/src/js/tubular/tubular-models.js
FN:1,(anonymous_1)
FN:22,(anonymous_2)
FN:23,(anonymous_3)
FNF:3
FNH:3
FNDA:1,(anonymous_1)
FNDA:15,(anonymous_2)
FNDA:14,(anonymous_3)
DA:1,1
DA:13,1
DA:23,15
DA:24,14
DA:25,2
DA:32,2
DA:34,46
DA:35,14
DA:38,32
DA:39,32
DA:40,32
DA:42,2
DA:44,1
DA:45,13
DA:46,2
DA:50,1
DA:54,14
DA:55,14
DA:58,14
DA:59,14
DA:60,32
DA:62,32
DA:63,3
DA:64,1
DA:66,2
DA:69,32
DA:71,32
DA:72,15
DA:77,14
DA:78,14
DA:81,14
LF:31
LH:31
BRDA:25,1,0,2
BRDA:25,1,1,2
BRDA:32,2,0,1
BRDA:32,2,1,1
BRDA:34,3,0,14
BRDA:34,3,1,32
BRDA:40,4,0,0
BRDA:40,4,1,32
BRDA:45,5,0,2
BRDA:45,5,1,11
BRDA:54,6,0,7
BRDA:54,6,1,7
BRDA:58,7,0,14
BRDA:58,7,1,0
BRDA:60,8,0,17
BRDA:60,8,1,15
BRDA:62,9,0,3
BRDA:62,9,1,29
BRDA:62,10,0,32
BRDA:62,10,1,31
BRDA:62,10,2,30
BRDA:63,11,0,1
BRDA:63,11,1,2
BRDA:63,12,0,3
BRDA:63,12,1,3
BRDA:63,12,2,2
BRDA:66,13,0,1
BRDA:66,13,1,1
BRDA:71,14,0,15
BRDA:71,14,1,17
BRDA:77,15,0,14
BRDA:77,15,1,0
BRF:32
BRH:29
end_of_record
TN:
SF:/home/travis/build/unosquare/tubular/src/js/tubular/tubular-services.js
FN:2,(anonymous_1)
FNF:1
FNH:1
FNDA:1,(anonymous_1)
DA:2,1
DA:14,1
DA:18,196
DA:19,196
LF:4
LH:4
BRF:0
BRH:0
end_of_record
TN:
SF:/home/travis/build/unosquare/tubular/src/js/tubular-chart/chartjs/tubular-chart.module.js
FNF:0
FNH:0
DA:1,1
DA:2,1
DA:4,1
LF:3
LH:3
BRF:0
BRH:0
end_of_record
TN:
SF:/home/travis/build/unosquare/tubular/src/js/tubular/services/editor.js
FN:1,(anonymous_1)
FN:4,editorService
FN:207,(anonymous_3)
FNF:3
FNH:3
FNDA:1,(anonymous_1)
FNDA:15,editorService
FNDA:15,(anonymous_3)
DA:1,1
DA:4,1
DA:5,15
DA:11,15
DA:12,15
DA:13,15
DA:14,15
DA:15,15
DA:16,15
DA:17,15
DA:18,15
DA:21,15
DA:23,4
DA:24,4
DA:31,15
DA:32,0
DA:34,0
DA:35,0
DA:36,0
DA:38,0
DA:41,0
DA:44,0
DA:47,15
DA:49,0
DA:51,0
DA:54,15
DA:55,4
DA:56,4
DA:58,4
DA:60,1
DA:61,1
DA:63,1
DA:64,0
DA:67,1
DA:71,3
DA:72,0
DA:76,20
DA:77,10
DA:78,10
DA:81,0
DA:84,0
DA:85,0
DA:86,0
DA:89,0
DA:90,0
DA:91,0
DA:92,0
DA:93,0
DA:94,0
DA:98,0
DA:101,15
DA:104,15
DA:105,25
DA:108,0
DA:109,0
DA:112,0
DA:113,0
DA:116,0
DA:118,0
DA:120,0
DA:121,0
DA:123,0
DA:124,0
DA:125,0
DA:127,0
DA:128,0
DA:131,0
DA:134,0
DA:138,0
DA:139,0
DA:140,0
DA:145,0
DA:146,0
DA:147,0
DA:151,0
DA:152,0
DA:153,0
DA:156,0
DA:157,0
DA:160,0
DA:163,0
DA:166,0
DA:168,0
DA:169,0
DA:175,0
DA:176,0
DA:179,0
DA:180,0
DA:182,0
DA:183,0
DA:188,0
DA:190,0
DA:193,25
DA:199,1
DA:208,15
LF:95
LH:34
BRDA:11,1,0,15
BRDA:11,1,1,5
BRDA:12,2,0,5
BRDA:12,2,1,10
BRDA:13,3,0,15
BRDA:13,3,1,15
BRDA:14,4,0,15
BRDA:14,4,1,10
BRDA:14,5,0,10
BRDA:14,5,1,0
BRDA:15,6,0,15
BRDA:15,6,1,15
BRDA:16,7,0,15
BRDA:16,7,1,15
BRDA:17,8,0,15
BRDA:17,8,1,15
BRDA:35,9,0,0
BRDA:35,9,1,0
BRDA:38,10,0,0
BRDA:38,10,1,0
BRDA:51,11,0,0
BRDA:51,11,1,0
BRDA:58,12,0,1
BRDA:58,12,1,3
BRDA:58,13,0,4
BRDA:58,13,1,2
BRDA:58,13,2,3
BRDA:58,13,3,0
BRDA:58,13,4,0
BRDA:63,14,0,0
BRDA:63,14,1,1
BRDA:71,15,0,0
BRDA:71,15,1,3
BRDA:77,16,0,10
BRDA:77,16,1,0
BRDA:77,17,0,10
BRDA:77,17,1,10
BRDA:84,18,0,0
BRDA:84,18,1,0
BRDA:85,19,0,0
BRDA:85,19,1,0
BRDA:89,20,0,0
BRDA:89,20,1,0
BRDA:91,21,0,0
BRDA:91,21,1,0
BRDA:93,22,0,0
BRDA:93,22,1,0
BRDA:105,23,0,0
BRDA:105,23,1,25
BRDA:105,24,0,25
BRDA:105,24,1,25
BRDA:108,25,0,0
BRDA:108,25,1,0
BRDA:112,26,0,0
BRDA:112,26,1,0
BRDA:116,27,0,0
BRDA:116,27,1,0
BRDA:123,28,0,0
BRDA:123,28,1,0
BRDA:124,29,0,0
BRDA:124,29,1,0
BRDA:125,30,0,0
BRDA:125,30,1,0
BRDA:125,31,0,0
BRDA:125,31,1,0
BRDA:125,31,2,0
BRDA:125,31,3,0
BRDA:127,32,0,0
BRDA:127,32,1,0
BRDA:127,33,0,0
BRDA:127,33,1,0
BRDA:139,34,0,0
BRDA:139,34,1,0
BRDA:146,35,0,0
BRDA:146,35,1,0
BRDA:151,36,0,0
BRDA:151,36,1,0
BRDA:151,37,0,0
BRDA:151,37,1,0
BRDA:151,37,2,0
BRDA:152,38,0,0
BRDA:152,38,1,0
BRDA:152,39,0,0
BRDA:152,39,1,0
BRDA:152,39,2,0
BRDA:156,40,0,0
BRDA:156,40,1,0
BRDA:156,41,0,0
BRDA:156,41,1,0
BRDA:163,42,0,0
BRDA:163,42,1,0
BRDA:175,43,0,0
BRDA:175,43,1,0
BRDA:179,44,0,0
BRDA:179,44,1,0
BRDA:182,45,0,0
BRDA:182,45,1,0
BRF:97
BRH:28
end_of_record
TN:
SF:/home/travis/build/unosquare/tubular/src/js/tubular/services/gridExport.js
FN:2,(anonymous_1)
FN:15,(anonymous_2)
FN:94,getColumns
FN:98,getColumnsVisibility
FN:102,exportToCsv
FNF:5
FNH:1
FNDA:1,(anonymous_1)
FNDA:0,(anonymous_2)
FNDA:0,getColumns
FNDA:0,getColumnsVisibility
FNDA:0,exportToCsv
DA:2,1
DA:5,1
DA:16,0
DA:18,0
DA:19,0
DA:20,0
DA:22,0
DA:23,0
DA:24,0
DA:25,0
DA:27,0
DA:30,0
DA:32,0
DA:33,0
DA:35,0
DA:36,0
DA:40,0
DA:41,0
DA:44,0
DA:45,0
DA:47,0
DA:48,0
DA:49,0
DA:53,0
DA:54,0
DA:56,0
DA:57,0
DA:61,0
DA:62,0
DA:65,0
DA:66,0
DA:68,0
DA:71,0
DA:77,0
DA:78,0
DA:80,0
DA:81,0
DA:84,0
DA:85,0
DA:86,0
DA:87,0
DA:88,0
DA:94,1
DA:95,0
DA:98,1
DA:99,0
DA:102,1
DA:103,0
DA:104,0
DA:105,0
DA:108,0
DA:109,0
DA:110,0
DA:111,0
DA:114,0
DA:116,0
DA:117,0
DA:120,0
DA:122,0
DA:123,0
DA:126,0
DA:127,0
DA:130,0
DA:133,0
DA:136,0
DA:138,0
DA:139,0
DA:142,0
DA:145,0
LF:69
LH:5
BRDA:40,1,0,0
BRDA:40,1,1,0
BRDA:40,2,0,0
BRDA:40,2,1,0
BRDA:57,3,0,0
BRDA:57,3,1,0
BRDA:61,4,0,0
BRDA:61,4,1,0
BRDA:66,5,0,0
BRDA:66,5,1,0
BRDA:66,6,0,0
BRDA:66,6,1,0
BRDA:80,7,0,0
BRDA:80,7,1,0
BRDA:104,8,0,0
BRDA:104,8,1,0
BRDA:110,9,0,0
BRDA:110,9,1,0
BRDA:114,10,0,0
BRDA:114,10,1,0
BRDA:116,11,0,0
BRDA:116,11,1,0
BRDA:122,12,0,0
BRDA:122,12,1,0
BRDA:126,13,0,0
BRDA:126,13,1,0
BRDA:138,14,0,0
BRDA:138,14,1,0
BRF:28
BRH:0
end_of_record
TN:
SF:/home/travis/build/unosquare/tubular/src/js/tubular/services/http.js
FN:1,(anonymous_1)
FN:21,(anonymous_2)
FN:31,init
FN:39,isAuthenticationExpired
FN:46,retrieveSavedData
FN:79,(anonymous_6)
FN:88,(anonymous_7)
FNF:7
FNH:7
FNDA:1,(anonymous_1)
FNDA:45,(anonymous_2)
FNDA:45,init
FNDA:3,isAuthenticationExpired
FNDA:1,retrieveSavedData
FNDA:2,(anonymous_6)
FNDA:2,(anonymous_7)
DA:1,1
DA:4,1
DA:27,45
DA:28,45
DA:29,45
DA:31,1
DA:32,45
DA:34,45
DA:35,33
DA:39,1
DA:40,3
DA:41,3
DA:43,3
DA:46,1
DA:47,1
DA:49,1
DA:50,0
DA:51,1
DA:52,0
DA:54,0
DA:58,45
DA:65,45
DA:67,45
DA:68,3
DA:69,1
DA:70,1
DA:72,1
DA:76,2
DA:79,45
DA:80,2
DA:81,2
DA:82,2
DA:83,2
DA:84,2
DA:85,2
DA:88,45
DA:89,2
DA:91,2
DA:97,1
DA:98,1
DA:100,1
DA:101,1
DA:105,45
DA:106,2
DA:107,2
DA:108,2
DA:109,2
DA:110,2
DA:111,2
DA:112,2
DA:114,2
DA:117,45
LF:52
LH:49
BRDA:34,1,0,33
BRDA:34,1,1,12
BRDA:49,2,0,0
BRDA:49,2,1,1
BRDA:51,3,0,0
BRDA:51,3,1,0
BRDA:68,4,0,1
BRDA:68,4,1,2
BRDA:68,5,0,3
BRDA:68,5,1,2
BRDA:107,6,0,2
BRDA:107,6,1,2
BRDA:107,6,2,1
BRF:13
BRH:10
end_of_record
TN:
SF:/home/travis/build/unosquare/tubular/src/js/tubular/services/popup.js
FN:1,(anonymous_1)
FN:16,(anonymous_2)
FNF:2
FNH:2
FNDA:1,(anonymous_1)
FNDA:79,(anonymous_2)
DA:1,1
DA:4,1
DA:21,79
DA:23,0
DA:25,0
DA:29,0
DA:31,0
DA:44,2
DA:45,1
DA:48,2
DA:55,2
DA:56,2
LF:12
LH:8
BRDA:44,1,0,1
BRDA:44,1,1,1
BRF:2
BRH:2
end_of_record
TN:
SF:/home/travis/build/unosquare/tubular/src/js/tubular/services/popupCtrl.js
FN:11,(anonymous_1)
FNF:1
FNH:1
FNDA:3,(anonymous_1)
DA:1,1
DA:2,1
DA:4,1
DA:18,3
DA:20,3
DA:21,0
DA:24,0
DA:25,0
DA:26,0
DA:29,0
DA:32,3
DA:33,0
DA:34,0
DA:37,0
LF:14
LH:6
BRDA:21,1,0,0
BRDA:21,1,1,0
BRDA:24,2,0,0
BRDA:24,2,1,0
BRDA:24,3,0,0
BRDA:24,3,1,0
BRDA:24,3,2,0
BRDA:33,4,0,0
BRDA:33,4,1,0
BRF:9
BRH:0
end_of_record
TN:
SF:/home/travis/build/unosquare/tubular/src/js/tubular/services/template.js
FN:1,(anonymous_1)
FN:16,(anonymous_2)
FN:188,(anonymous_3)
FN:299,(anonymous_4)
FN:546,(anonymous_5)
FN:557,(anonymous_6)
FNF:6
FNH:4
FNDA:1,(anonymous_1)
FNDA:94,(anonymous_2)
FNDA:1,(anonymous_3)
FNDA:20,(anonymous_4)
FNDA:0,(anonymous_5)
FNDA:0,(anonymous_6)
DA:1,1
DA:4,1
DA:19,94
DA:21,94
DA:22,94
DA:23,94
DA:26,94
DA:38,94
DA:135,94
DA:137,94
DA:138,94
DA:143,94
DA:151,94
DA:160,94
DA:170,94
DA:171,14
DA:172,30
DA:174,14
DA:188,94
DA:189,1
DA:190,1
DA:192,1
DA:193,1
DA:194,1
DA:197,1
DA:198,1
DA:206,1
DA:207,1
DA:210,1
DA:211,1
DA:215,1
DA:216,1
DA:219,1
DA:237,6
DA:280,94
DA:281,144
DA:283,21
DA:285,21
DA:287,21
DA:289,81
DA:299,94
DA:300,20
DA:301,20
DA:303,20
DA:304,142
DA:307,142
DA:308,2
DA:311,140
DA:312,20
DA:317,120
DA:318,20
DA:319,100
DA:320,20
DA:326,80
DA:328,80
DA:329,20
DA:332,80
DA:336,20
DA:338,20
DA:339,140
DA:340,140
DA:343,140
DA:344,140
DA:345,140
DA:346,140
DA:347,140
DA:348,140
DA:349,140
DA:351,140
DA:352,140
DA:353,140
DA:354,140
DA:355,140
DA:356,140
DA:358,140
DA:359,120
DA:362,20
DA:363,20
DA:364,20
DA:365,20
DA:368,20
DA:371,94
DA:372,3
DA:374,3
DA:388,94
DA:389,2
DA:390,2
DA:392,2
DA:394,2
DA:404,94
DA:405,3
DA:406,3
DA:407,3
DA:409,3
DA:410,1
DA:412,2
DA:415,7
DA:417,7
DA:420,7
DA:422,7
DA:424,7
DA:429,3
DA:451,94
DA:452,56
DA:453,120
DA:454,56
DA:456,56
DA:469,94
DA:470,0
DA:481,0
DA:512,0
DA:521,0
DA:523,0
DA:524,0
DA:526,0
DA:528,0
DA:529,0
DA:532,0
DA:535,0
DA:538,0
DA:539,0
DA:540,0
DA:541,0
DA:546,0
DA:547,0
DA:549,0
DA:550,0
DA:553,0
DA:554,0
DA:557,0
DA:558,0
DA:559,0
DA:562,0
DA:563,0
DA:566,0
DA:567,0
DA:568,0
DA:569,0
DA:572,0
DA:573,0
DA:574,0
DA:577,0
DA:579,0
DA:580,0
DA:581,0
DA:582,0
DA:586,0
DA:588,0
DA:589,0
DA:590,0
DA:594,0
DA:595,0
DA:598,0
DA:599,0
DA:600,0
DA:602,0
DA:603,0
DA:607,0
DA:610,0
DA:611,0
DA:612,0
DA:614,0
DA:617,0
DA:619,0
DA:620,0
DA:624,0
DA:625,0
DA:627,0
DA:628,0
LF:169
LH:108
BRDA:23,1,0,94
BRDA:23,1,1,94
BRDA:137,2,0,94
BRDA:137,2,1,0
BRDA:154,3,0,0
BRDA:154,3,1,94
BRDA:176,4,0,7
BRDA:176,4,1,7
BRDA:192,5,0,1
BRDA:192,5,1,0
BRDA:197,6,0,1
BRDA:197,6,1,0
BRDA:206,7,0,1
BRDA:206,7,1,0
BRDA:210,8,0,1
BRDA:210,8,1,0
BRDA:215,9,0,1
BRDA:215,9,1,0
BRDA:226,10,0,0
BRDA:226,10,1,1
BRDA:228,11,0,0
BRDA:228,11,1,1
BRDA:234,12,0,0
BRDA:234,12,1,1
BRDA:242,13,0,6
BRDA:242,13,1,0
BRDA:252,14,0,6
BRDA:252,14,1,0
BRDA:258,15,0,0
BRDA:258,15,1,1
BRDA:260,16,0,0
BRDA:260,16,1,0
BRDA:275,17,0,0
BRDA:275,17,1,1
BRDA:281,18,0,21
BRDA:281,18,1,21
BRDA:281,18,2,21
BRDA:281,18,3,81
BRDA:300,19,0,19
BRDA:300,19,1,1
BRDA:300,20,0,20
BRDA:300,20,1,19
BRDA:307,21,0,2
BRDA:307,21,1,140
BRDA:307,22,0,142
BRDA:307,22,1,141
BRDA:307,22,2,140
BRDA:311,23,0,20
BRDA:311,23,1,120
BRDA:311,24,0,140
BRDA:311,24,1,120
BRDA:317,25,0,20
BRDA:317,25,1,100
BRDA:317,26,0,120
BRDA:317,26,1,120
BRDA:319,27,0,20
BRDA:319,27,1,80
BRDA:319,28,0,100
BRDA:319,28,1,100
BRDA:328,29,0,20
BRDA:328,29,1,60
BRDA:358,30,0,120
BRDA:358,30,1,20
BRDA:376,31,0,3
BRDA:376,31,1,1
BRDA:405,32,0,1
BRDA:405,32,1,2
BRDA:409,33,0,1
BRDA:409,33,1,2
BRDA:413,34,0,1
BRDA:413,34,1,1
BRDA:438,35,0,3
BRDA:438,35,1,0
BRDA:457,36,0,32
BRDA:457,36,1,24
BRDA:458,37,0,48
BRDA:458,37,1,8
BRDA:461,38,0,40
BRDA:461,38,1,16
BRDA:462,39,0,48
BRDA:462,39,1,8
BRDA:463,40,0,56
BRDA:463,40,1,0
BRDA:464,41,0,16
BRDA:464,41,1,40
BRDA:465,42,0,56
BRDA:465,42,1,0
BRDA:513,43,0,0
BRDA:513,43,1,0
BRDA:514,44,0,0
BRDA:514,44,1,0
BRDA:515,45,0,0
BRDA:515,45,1,0
BRDA:516,46,0,0
BRDA:516,46,1,0
BRDA:517,47,0,0
BRDA:517,47,1,0
BRDA:517,47,2,0
BRDA:521,48,0,0
BRDA:521,48,1,0
BRDA:526,49,0,0
BRDA:526,49,1,0
BRDA:528,50,0,0
BRDA:528,50,1,0
BRDA:532,51,0,0
BRDA:532,51,1,0
BRDA:532,52,0,0
BRDA:532,52,1,0
BRDA:532,52,2,0
BRDA:532,52,3,0
BRDA:533,53,0,0
BRDA:533,53,1,0
BRDA:538,54,0,0
BRDA:538,54,1,0
BRDA:549,55,0,0
BRDA:549,55,1,0
BRDA:558,56,0,0
BRDA:558,56,1,0
BRDA:562,57,0,0
BRDA:562,57,1,0
BRDA:562,58,0,0
BRDA:562,58,1,0
BRDA:580,59,0,0
BRDA:580,59,1,0
BRDA:589,60,0,0
BRDA:589,60,1,0
BRDA:594,61,0,0
BRDA:594,61,1,0
BRDA:599,62,0,0
BRDA:599,62,1,0
BRDA:602,63,0,0
BRDA:602,63,1,0
BRDA:614,64,0,0
BRDA:614,64,1,0
BRDA:614,65,0,0
BRDA:614,65,1,0
BRDA:614,65,2,0
BRDA:619,66,0,0
BRDA:619,66,1,0
BRDA:624,67,0,0
BRDA:624,67,1,0
BRDA:624,68,0,0
BRDA:624,68,1,0
BRDA:627,69,0,0
BRDA:627,69,1,0
BRF:145
BRH:68
end_of_record
TN:
SF:/home/travis/build/unosquare/tubular/src/js/tubular/services/translate.js
FN:1,(anonymous_1)
FN:12,(anonymous_2)
FNF:2
FNH:2
FNDA:1,(anonymous_1)
FNDA:95,(anonymous_2)
DA:1,1
DA:4,1
DA:13,95
DA:15,95
DA:16,95
DA:18,95
DA:130,95
DA:132,95
DA:133,1
DA:136,1
DA:139,95
DA:140,6
DA:142,6
LF:13
LH:13
BRDA:133,1,0,1
BRDA:133,1,1,1
BRDA:133,1,2,0
BRDA:140,2,0,6
BRDA:140,2,1,1
BRDA:142,3,0,6
BRDA:142,3,1,0
BRF:7
BRH:5
end_of_record
TN:
SF:/home/travis/build/unosquare/tubular/src/js/tubular/services/tubularConfig.js
FN:5,(anonymous_1)
FN:43,setPlatformConfig
FN:54,addConfig
FN:72,createConfig
FN:73,(anonymous_5)
FN:82,(anonymous_6)
FN:103,stringObj
FN:118,(anonymous_8)
FNF:8
FNH:8
FNDA:196,(anonymous_1)
FNDA:197,setPlatformConfig
FNDA:591,addConfig
FNDA:1375,createConfig
FNDA:3340,(anonymous_5)
FNDA:162,(anonymous_6)
FNDA:141,stringObj
FNDA:130,(anonymous_8)
DA:1,1
DA:2,1
DA:4,1
DA:7,196
DA:8,196
DA:9,196
DA:11,196
DA:25,196
DA:29,196
DA:43,1
DA:44,197
DA:45,197
DA:47,197
DA:49,197
DA:54,1
DA:55,591
DA:56,1773
DA:57,1576
DA:58,394
DA:59,0
DA:61,394
DA:63,1182
DA:64,0
DA:72,1
DA:73,1375
DA:75,3340
DA:77,982
DA:78,982
DA:82,2358
DA:83,162
DA:84,14
DA:85,14
DA:87,148
DA:94,141
DA:96,7
DA:103,1
DA:104,141
DA:105,141
DA:106,423
DA:107,423
DA:109,0
DA:112,141
DA:115,196
DA:118,196
DA:119,130
LF:45
LH:42
BRDA:56,1,0,1576
BRDA:56,1,1,197
BRDA:56,2,0,1773
BRDA:56,2,1,1576
BRDA:57,3,0,394
BRDA:57,3,1,1182
BRDA:58,4,0,0
BRDA:58,4,1,394
BRDA:63,5,0,0
BRDA:63,5,1,1182
BRDA:75,6,0,982
BRDA:75,6,1,2358
BRDA:83,7,0,14
BRDA:83,7,1,148
BRDA:87,8,0,141
BRDA:87,8,1,7
BRDA:106,9,0,423
BRDA:106,9,1,0
BRDA:106,10,0,423
BRDA:106,10,1,423
BRF:20
BRH:17
end_of_record
TN:
SF:/home/travis/build/unosquare/tubular/src/js/tubular/interceptors/auth.js
FN:1,(anonymous_1)
FN:14,(anonymous_2)
FN:28,request
FN:58,checkStatic
FN:62,requestError
FN:66,response
FN:70,responseError
FNF:7
FNH:6
FNDA:1,(anonymous_1)
FNDA:126,(anonymous_2)
FNDA:42,request
FNDA:42,checkStatic
FNDA:0,requestError
FNDA:35,response
FNDA:3,responseError
DA:1,1
DA:13,1
DA:16,126
DA:17,126
DA:19,126
DA:26,126
DA:28,1
DA:30,42
DA:31,0
DA:35,42
DA:36,42
DA:38,42
DA:41,42
DA:45,2
DA:49,2
DA:51,0
DA:55,42
DA:58,1
DA:59,42
DA:62,1
DA:63,0
DA:66,1
DA:67,35
DA:70,1
DA:71,3
DA:73,3
DA:74,2
DA:75,2
DA:77,2
DA:82,1
DA:84,1
DA:85,1
DA:93,1
DA:94,1
DA:95,1
DA:97,1
DA:98,1
DA:99,1
DA:100,1
DA:103,0
DA:106,0
DA:107,0
DA:108,0
DA:109,0
DA:110,0
DA:114,1
DA:118,1
DA:121,3
LF:48
LH:39
BRDA:30,1,0,0
BRDA:30,1,1,42
BRDA:38,2,0,42
BRDA:38,2,1,6
BRDA:41,3,0,2
BRDA:41,3,1,40
BRDA:41,4,0,42
BRDA:41,4,1,6
BRDA:41,4,2,2
BRDA:41,4,3,2
BRDA:49,5,0,0
BRDA:49,5,1,2
BRDA:49,6,0,2
BRDA:49,6,1,1
BRDA:49,6,2,1
BRDA:73,7,0,2
BRDA:73,7,1,1
BRDA:77,8,0,1
BRDA:77,8,1,1
BRDA:77,9,0,2
BRDA:77,9,1,2
BRDA:77,9,2,1
BRDA:77,9,3,1
BRDA:84,10,0,1
BRDA:84,10,1,0
BRDA:97,11,0,1
BRDA:97,11,1,0
BRDA:97,12,0,1
BRDA:97,12,1,1
BRF:29
BRH:25
end_of_record
TN:
SF:/home/travis/build/unosquare/tubular/src/js/tubular/interceptors/no-cache.js
FN:14,(anonymous_1)
FNF:1
FNH:1
FNDA:126,(anonymous_1)
DA:1,1
DA:2,1
DA:13,1
DA:16,126
DA:18,36
DA:19,1
DA:20,1
DA:23,36
LF:8
LH:8
BRDA:18,1,0,1
BRDA:18,1,1,35
BRDA:18,2,0,36
BRDA:18,2,1,33
BRDA:18,2,2,1
BRDA:19,3,0,1
BRDA:19,3,1,0
BRF:7
BRH:6
end_of_record
TN:
SF:/home/travis/build/unosquare/tubular/src/js/tubular/tubular-directives.js
FN:28,(anonymous_1)
FN:37,(anonymous_2)
FN:56,(anonymous_3)
FN:65,(anonymous_4)
FN:97,(anonymous_5)
FN:118,(anonymous_6)
FN:138,(anonymous_7)
FN:143,(anonymous_8)
FN:187,(anonymous_9)
FN:196,(anonymous_10)
FN:227,(anonymous_11)
FN:237,(anonymous_12)
FN:257,(anonymous_13)
FN:267,(anonymous_14)
FN:297,(anonymous_15)
FN:335,(anonymous_16)
FN:346,(anonymous_17)
FNF:17
FNH:0
FNDA:0,(anonymous_1)
FNDA:0,(anonymous_2)
FNDA:0,(anonymous_3)
FNDA:0,(anonymous_4)
FNDA:0,(anonymous_5)
FNDA:0,(anonymous_6)
FNDA:0,(anonymous_7)
FNDA:0,(anonymous_8)
FNDA:0,(anonymous_9)
FNDA:0,(anonymous_10)
FNDA:0,(anonymous_11)
FNDA:0,(anonymous_12)
FNDA:0,(anonymous_13)
FNDA:0,(anonymous_14)
FNDA:0,(anonymous_15)
FNDA:0,(anonymous_16)
FNDA:0,(anonymous_17)
DA:1,1
DA:2,1
DA:14,1
DA:29,0
DA:38,0
DA:39,0
DA:57,0
DA:66,0
DA:67,0
DA:70,0
DA:98,0
DA:119,0
DA:120,0
DA:121,0
DA:122,0
DA:124,0
DA:126,0
DA:127,0
DA:128,0
DA:132,0
DA:133,0
DA:135,0
DA:138,0
DA:139,0
DA:140,0
DA:141,0
DA:142,0
DA:143,0
DA:144,0
DA:145,0
DA:148,0
DA:149,0
DA:152,0
DA:153,0
DA:156,0
DA:159,0
DA:160,0
DA:161,0
DA:162,0
DA:163,0
DA:164,0
DA:167,0
DA:168,0
DA:169,0
DA:188,0
DA:197,0
DA:200,0
DA:204,0
DA:205,0
DA:208,0
DA:209,0
DA:229,0
DA:238,0
DA:239,0
DA:259,0
DA:268,0
DA:269,0
DA:288,0
DA:298,0
DA:299,0
DA:300,0
DA:301,0
DA:303,0
DA:304,0
DA:305,0
DA:308,0
DA:311,0
DA:316,0
DA:337,0
DA:347,0
DA:348,0
DA:349,0
DA:352,0
DA:354,0
DA:355,0
DA:356,0
DA:358,0
DA:359,0
LF:78
LH:3
BRDA:122,1,0,0
BRDA:122,1,1,0
BRDA:122,2,0,0
BRDA:122,2,1,0
BRDA:127,3,0,0
BRDA:127,3,1,0
BRDA:139,4,0,0
BRDA:139,4,1,0
BRDA:140,5,0,0
BRDA:140,5,1,0
BRDA:142,6,0,0
BRDA:142,6,1,0
BRDA:144,7,0,0
BRDA:144,7,1,0
BRDA:148,8,0,0
BRDA:148,8,1,0
BRDA:152,9,0,0
BRDA:152,9,1,0
BRDA:159,10,0,0
BRDA:159,10,1,0
BRDA:160,11,0,0
BRDA:160,11,1,0
BRDA:161,12,0,0
BRDA:161,12,1,0
BRDA:163,13,0,0
BRDA:163,13,1,0
BRDA:164,14,0,0
BRDA:164,14,1,0
BRDA:204,15,0,0
BRDA:204,15,1,0
BRDA:208,16,0,0
BRDA:208,16,1,0
BRDA:238,17,0,0
BRDA:238,17,1,0
BRDA:268,18,0,0
BRDA:268,18,1,0
BRDA:304,19,0,0
BRDA:304,19,1,0
BRDA:304,20,0,0
BRDA:304,20,1,0
BRDA:348,21,0,0
BRDA:348,21,1,0
BRDA:354,22,0,0
BRDA:354,22,1,0
BRDA:358,23,0,0
BRDA:358,23,1,0
BRF:46
BRH:0
end_of_record
TN:
SF:/home/travis/build/unosquare/tubular/src/js/tubular/directives/editors/tbSimpleEditor.js
FN:5,(anonymous_1)
FNF:1
FNH:1
FNDA:10,(anonymous_1)
DA:1,1
DA:2,1
DA:4,1
DA:6,10
DA:8,10
DA:9,4
DA:10,1
DA:12,1
DA:13,1
DA:14,1
DA:15,1
DA:19,3
DA:20,1
DA:21,1
DA:22,1
DA:23,1
DA:24,1
DA:28,2
DA:29,1
DA:30,1
DA:31,1
DA:32,1
DA:36,1
DA:37,1
DA:38,1
DA:39,1
DA:40,1
DA:45,10
DA:48,1
LF:29
LH:29
BRDA:9,1,0,1
BRDA:9,1,1,3
BRDA:9,2,0,4
BRDA:9,2,1,1
BRDA:12,3,0,1
BRDA:12,3,1,0
BRDA:14,4,0,1
BRDA:14,4,1,1
BRDA:19,5,0,1
BRDA:19,5,1,2
BRDA:20,6,0,1
BRDA:20,6,1,0
BRDA:28,7,0,1
BRDA:28,7,1,1
BRDA:28,8,0,2
BRDA:28,8,1,1
BRDA:29,9,0,1
BRDA:29,9,1,0
BRDA:36,10,0,1
BRDA:36,10,1,0
BRDA:36,11,0,1
BRDA:36,11,1,1
BRDA:37,12,0,1
BRDA:37,12,1,0
BRF:24
BRH:19
end_of_record
TN:
SF:/home/travis/build/unosquare/tubular/src/js/tubular/directives/form/tbForm.js
FN:32,(anonymous_1)
FNF:1
FNH:1
FNDA:9,(anonymous_1)
DA:1,1
DA:2,1
DA:4,1
DA:33,9
DA:48,9
LF:5
LH:5
BRF:0
BRH:0
end_of_record
TN:
SF:/home/travis/build/unosquare/tubular/src/js/tubular/directives/form/tbFormCtrl.js
FN:13,(anonymous_1)
FN:24,getUrlWithKey
FN:70,(anonymous_3)
FNF:3
FNH:1
FNDA:2,(anonymous_1)
FNDA:0,getUrlWithKey
FNDA:0,(anonymous_3)
DA:1,1
DA:2,1
DA:3,1
DA:5,1
DA:20,2
DA:21,2
DA:22,2
DA:24,1
DA:25,0
DA:26,0
DA:28,0
DA:29,0
DA:32,0
DA:35,2
DA:37,2
DA:38,2
DA:42,2
DA:45,2
DA:49,2
DA:50,0
DA:51,0
DA:55,2
DA:56,0
DA:58,0
DA:59,0
DA:60,0
DA:64,0
DA:65,0
DA:68,2
DA:70,2
DA:71,0
DA:72,0
DA:75,0
DA:76,0
DA:77,0
DA:78,0
DA:80,0
DA:83,0
DA:84,0
DA:87,0
DA:90,2
DA:91,0
DA:92,0
DA:95,0
DA:96,0
DA:97,0
DA:100,0
DA:102,0
DA:109,0
DA:110,0
DA:112,0
DA:114,0
DA:115,0
DA:118,0
DA:120,0
DA:121,0
DA:123,0
DA:125,0
DA:126,0
DA:131,2
DA:133,2
DA:134,0
DA:135,0
DA:138,2
DA:139,0
DA:140,0
DA:143,2
DA:144,0
DA:145,0
DA:146,0
DA:148,0
DA:150,0
DA:151,0
DA:157,2
DA:158,0
DA:159,0
DA:161,0
DA:162,0
DA:166,0
DA:168,0
LF:80
LH:23
BRDA:28,1,0,0
BRDA:28,1,1,0
BRDA:37,2,0,2
BRDA:37,2,1,2
BRDA:38,3,0,2
BRDA:38,3,1,2
BRDA:45,4,0,2
BRDA:45,4,1,0
BRDA:50,5,0,0
BRDA:50,5,1,0
BRDA:59,6,0,0
BRDA:59,6,1,0
BRDA:71,7,0,0
BRDA:71,7,1,0
BRDA:75,8,0,0
BRDA:75,8,1,0
BRDA:75,8,2,0
BRDA:83,9,0,0
BRDA:83,9,1,0
BRDA:91,10,0,0
BRDA:91,10,1,0
BRDA:95,11,0,0
BRDA:95,11,1,0
BRDA:95,12,0,0
BRDA:95,12,1,0
BRDA:95,12,2,0
BRDA:105,13,0,0
BRDA:105,13,1,0
BRDA:105,14,0,0
BRDA:105,14,1,0
BRDA:114,15,0,0
BRDA:114,15,1,0
BRDA:120,16,0,0
BRDA:120,16,1,0
BRDA:145,17,0,0
BRDA:145,17,1,0
BRDA:150,18,0,0
BRDA:150,18,1,0
BRDA:161,19,0,0
BRDA:161,19,1,0
BRF:40
BRH:5
end_of_record
TN:
SF:/home/travis/build/unosquare/tubular/src/js/tubular/directives/grid/components/tbTextSearch/tbTextSearch.js
FN:1,(anonymous_1)
FNF:1
FNH:1
FNDA:1,(anonymous_1)
DA:1,1
DA:4,1
LF:2
LH:2
BRF:0
BRH:0
end_of_record
TN:
SF:/home/travis/build/unosquare/tubular/src/js/tubular/directives/grid/components/tbTextSearch/tbTextSearchCtrl.js
FN:1,(anonymous_1)
FN:6,(anonymous_2)
FN:34,search
FNF:3
FNH:2
FNDA:1,(anonymous_1)
FNDA:3,(anonymous_2)
FNDA:0,search
DA:1,1
DA:4,1
DA:7,3
DA:9,3
DA:10,3
DA:11,3
DA:14,3
DA:15,0
DA:16,0
DA:19,0
DA:21,0
DA:22,0
DA:23,0
DA:26,0
DA:27,0
DA:30,0
DA:31,0
DA:34,1
DA:35,0
DA:36,0
DA:37,0
LF:21
LH:8
BRDA:10,1,0,3
BRDA:10,1,1,2
BRDA:15,2,0,0
BRDA:15,2,1,0
BRDA:15,3,0,0
BRDA:15,3,1,0
BRDA:21,4,0,0
BRDA:21,4,1,0
BRDA:21,5,0,0
BRDA:21,5,1,0
BRDA:26,6,0,0
BRDA:26,6,1,0
BRDA:26,7,0,0
BRDA:26,7,1,0
BRDA:26,7,2,0
BRF:15
BRH:2
end_of_record
TN:
SF:/home/travis/build/unosquare/tubular/src/js/tubular/directives/grid/tbGrid.js
FN:1,(anonymous_1)
FNF:1
FNH:1
FNDA:1,(anonymous_1)
DA:1,1
DA:4,1
LF:2
LH:2
BRF:0
BRH:0
end_of_record
TN:
SF:/home/travis/build/unosquare/tubular/src/js/tubular/directives/grid/tbGridCtrl.js
FN:14,(anonymous_1)
FN:171,addTimeZoneToUrl
FNF:2
FNH:1
FNDA:73,(anonymous_1)
FNDA:0,addTimeZoneToUrl
DA:1,1
DA:2,1
DA:4,1
DA:22,73
DA:23,73
DA:24,73
DA:26,73
DA:27,73
DA:29,73
DA:30,73
DA:31,73
DA:33,73
DA:34,73
DA:35,73
DA:36,73
DA:37,73
DA:38,73
DA:39,73
DA:40,73
DA:41,73
DA:42,73
DA:43,73
DA:44,73
DA:45,73
DA:46,73
DA:47,73
DA:49,73
DA:54,73
DA:55,73
DA:56,73
DA:57,73
DA:58,73
DA:59,73
DA:60,73
DA:61,73
DA:64,73
DA:67,73
DA:68,2
DA:69,0
DA:72,2
DA:75,73
DA:77,73
DA:78,2
DA:79,0
DA:82,2
DA:85,73
DA:87,73
DA:88,0
DA:89,0
DA:92,0
DA:95,73
DA:97,73
DA:98,2
DA:99,2
DA:100,1
DA:103,2
DA:107,73
DA:109,73
DA:110,1
DA:111,1
DA:115,73
DA:117,73
DA:118,3
DA:119,0
DA:122,3
DA:123,1
DA:125,2
DA:129,73
DA:130,1
DA:131,0
DA:134,1
DA:135,0
DA:138,1
DA:141,73
DA:142,3
DA:143,3
DA:144,3
DA:145,3
DA:147,3
DA:148,1
DA:152,73
DA:153,1
DA:154,1
DA:156,1
DA:157,0
DA:160,1
DA:163,0
DA:164,0
DA:166,0
DA:167,0
DA:171,1
DA:172,0
DA:178,73
DA:179,0
DA:180,0
DA:183,0
DA:184,0
DA:185,0
DA:188,0
DA:189,0
DA:190,0
DA:191,0
DA:192,0
DA:194,0
DA:196,0
DA:197,0
DA:198,0
DA:199,0
DA:200,0
DA:201,0
DA:202,0
DA:204,0
DA:214,0
DA:215,0
DA:216,0
DA:217,0
DA:218,0
DA:219,0
DA:221,0
DA:223,0
DA:224,0
DA:225,0
DA:227,0
DA:230,0
DA:233,73
DA:234,2
DA:235,2
DA:237,1
DA:238,1
DA:241,1
DA:242,1
DA:244,1
DA:245,0
DA:248,1
DA:250,1
DA:253,1
DA:254,1
DA:255,1
DA:259,1
DA:260,0
DA:263,1
DA:266,0
DA:271,73
DA:272,11
DA:273,10
DA:274,10
DA:277,11
DA:292,73
DA:294,8
DA:295,0
DA:298,8
DA:299,8
DA:301,8
DA:302,8
DA:305,8
DA:307,8
DA:308,8
DA:310,8
DA:312,8
DA:314,8
DA:316,8
DA:317,0
DA:318,0
DA:319,0
DA:322,73
DA:323,13
DA:325,13
DA:326,1
DA:332,1
DA:335,12
DA:337,12
DA:339,12
DA:340,1
DA:341,1
DA:344,11
DA:345,11
DA:346,11
DA:348,11
DA:349,0
DA:352,11
DA:355,11
DA:357,11
DA:358,11
DA:359,11
DA:360,11
DA:361,11
DA:362,11
DA:364,11
DA:365,10
DA:369,73
DA:370,14
DA:372,7
DA:373,1
DA:376,6
DA:378,6
DA:379,0
DA:383,6
DA:384,6
DA:389,6
DA:390,0
DA:391,0
DA:393,6
DA:394,6
DA:398,6
DA:399,6
DA:401,3
DA:402,3
DA:407,12
DA:410,6
DA:412,9
DA:414,6
DA:415,6
DA:418,73
DA:419,0
DA:420,0
DA:421,0
DA:426,0
DA:427,0
DA:428,0
DA:429,0
DA:432,73
LF:221
LH:158
BRDA:29,1,0,73
BRDA:29,1,1,73
BRDA:33,2,0,73
BRDA:33,2,1,0
BRDA:34,3,0,73
BRDA:34,3,1,0
BRDA:34,4,0,73
BRDA:34,4,1,73
BRDA:35,5,0,73
BRDA:35,5,1,0
BRDA:36,6,0,73
BRDA:36,6,1,73
BRDA:37,7,0,73
BRDA:37,7,1,0
BRDA:44,8,0,73
BRDA:44,8,1,73
BRDA:45,9,0,73
BRDA:45,9,1,73
BRDA:47,10,0,73
BRDA:47,10,1,73
BRDA:48,11,0,73
BRDA:48,11,1,0
BRDA:48,12,0,73
BRDA:48,12,1,73
BRDA:51,13,0,73
BRDA:51,13,1,0
BRDA:56,14,0,0
BRDA:56,14,1,73
BRDA:57,15,0,73
BRDA:57,15,1,73
BRDA:59,16,0,73
BRDA:59,16,1,0
BRDA:60,17,0,73
BRDA:60,17,1,0
BRDA:61,18,0,73
BRDA:61,18,1,73
BRDA:68,19,0,0
BRDA:68,19,1,2
BRDA:68,20,0,2
BRDA:68,20,1,2
BRDA:78,21,0,0
BRDA:78,21,1,2
BRDA:78,22,0,2
BRDA:78,22,1,2
BRDA:78,22,2,2
BRDA:88,23,0,0
BRDA:88,23,1,0
BRDA:98,24,0,2
BRDA:98,24,1,0
BRDA:98,25,0,2
BRDA:98,25,1,2
BRDA:99,26,0,1
BRDA:99,26,1,1
BRDA:110,27,0,1
BRDA:110,27,1,0
BRDA:110,28,0,1
BRDA:110,28,1,1
BRDA:118,29,0,0
BRDA:118,29,1,3
BRDA:122,30,0,1
BRDA:122,30,1,2
BRDA:130,31,0,0
BRDA:130,31,1,1
BRDA:134,32,0,0
BRDA:134,32,1,1
BRDA:142,33,0,3
BRDA:142,33,1,2
BRDA:147,34,0,1
BRDA:147,34,1,2
BRDA:147,35,0,3
BRDA:147,35,1,3
BRDA:147,35,2,1
BRDA:156,36,0,0
BRDA:156,36,1,1
BRDA:173,37,0,0
BRDA:173,37,1,0
BRDA:179,38,0,0
BRDA:179,38,1,0
BRDA:183,39,0,0
BRDA:183,39,1,0
BRDA:183,40,0,0
BRDA:183,40,1,0
BRDA:183,40,2,0
BRDA:205,41,0,0
BRDA:205,41,1,0
BRDA:206,42,0,0
BRDA:206,42,1,0
BRDA:206,43,0,0
BRDA:206,43,1,0
BRDA:207,44,0,0
BRDA:207,44,1,0
BRDA:235,45,0,1
BRDA:235,45,1,1
BRDA:235,46,0,2
BRDA:235,46,1,1
BRDA:244,47,0,0
BRDA:244,47,1,1
BRDA:253,48,0,1
BRDA:253,48,1,0
BRDA:259,49,0,0
BRDA:259,49,1,1
BRDA:259,50,0,1
BRDA:259,50,1,0
BRDA:263,51,0,0
BRDA:263,51,1,1
BRDA:263,52,0,1
BRDA:263,52,1,0
BRDA:263,52,2,0
BRDA:272,53,0,10
BRDA:272,53,1,1
BRDA:274,54,0,7
BRDA:274,54,1,3
BRDA:279,55,0,11
BRDA:279,55,1,0
BRDA:294,56,0,0
BRDA:294,56,1,8
BRDA:294,57,0,8
BRDA:294,57,1,8
BRDA:301,58,0,8
BRDA:301,58,1,0
BRDA:302,59,0,8
BRDA:302,59,1,7
BRDA:305,60,0,2
BRDA:305,60,1,6
BRDA:308,61,0,8
BRDA:308,61,1,0
BRDA:325,62,0,1
BRDA:325,62,1,12
BRDA:325,63,0,13
BRDA:325,63,1,12
BRDA:339,64,0,1
BRDA:339,64,1,11
BRDA:364,65,0,10
BRDA:364,65,1,1
BRDA:372,66,0,1
BRDA:372,66,1,6
BRDA:378,67,0,0
BRDA:378,67,1,6
BRDA:384,68,0,5
BRDA:384,68,1,1
BRDA:386,69,0,1
BRDA:386,69,1,0
BRDA:389,70,0,0
BRDA:389,70,1,6
BRDA:398,71,0,3
BRDA:398,71,1,3
BRDA:410,72,0,0
BRDA:410,72,1,3
BRF:148
BRH:97
end_of_record
TN:
SF:/home/travis/build/unosquare/tubular/src/js/tubular/tubular.js
FN:1,(anonymous_1)
FNF:1
FNH:1
FNDA:1,(anonymous_1)
DA:1,1
DA:13,1
LF:2
LH:2
BRF:0
BRH:0
end_of_record
TN:
SF:/home/travis/build/unosquare/tubular/src/js/tubular/filters/errormessage.js
FN:1,(anonymous_1)
FN:16,(anonymous_2)
FNF:2
FNH:2
FNDA:1,(anonymous_1)
FNDA:3,(anonymous_2)
DA:1,1
DA:4,1
DA:17,3
DA:18,3
DA:19,1
DA:22,2
LF:6
LH:6
BRDA:18,1,0,1
BRDA:18,1,1,2
BRDA:18,2,0,3
BRDA:18,2,1,2
BRDA:18,2,2,1
BRDA:22,3,0,2
BRDA:22,3,1,1
BRF:7
BRH:7
end_of_record
TN:
SF:/home/travis/build/unosquare/tubular/src/js/tubular/filters/moment.js
FN:1,(anonymous_1)
FN:16,(anonymous_2)
FNF:2
FNH:2
FNDA:1,(anonymous_1)
FNDA:3,(anonymous_2)
DA:1,1
DA:4,1
DA:17,3
LF:3
LH:3
BRDA:17,1,0,2
BRDA:17,1,1,1
BRDA:17,2,0,2
BRDA:17,2,1,1
BRF:4
BRH:4
end_of_record
TN:
SF:/home/travis/build/unosquare/tubular/src/js/tubular/filters/numberorcurrency.js
FN:1,(anonymous_1)
FN:17,(anonymous_2)
FNF:2
FNH:2
FNDA:1,(anonymous_1)
FNDA:5,(anonymous_2)
DA:1,1
DA:4,1
DA:18,5
DA:19,5
DA:21,5
DA:22,2
DA:25,3
LF:7
LH:7
BRDA:19,1,0,5
BRDA:19,1,1,4
BRDA:21,2,0,2
BRDA:21,2,1,3
BRDA:22,3,0,2
BRDA:22,3,1,1
BRDA:25,4,0,1
BRDA:25,4,1,2
BRF:8
BRH:8
end_of_record
TN:
SF:/home/travis/build/unosquare/tubular/src/js/tubular/filters/translate.js
FN:1,(anonymous_1)
FN:12,(anonymous_2)
FN:13,(anonymous_3)
FNF:3
FNH:3
FNDA:1,(anonymous_1)
FNDA:95,(anonymous_2)
FNDA:10,(anonymous_3)
DA:1,1
DA:4,1
DA:13,95
DA:14,10
DA:15,0
DA:18,10
DA:24,10
LF:7
LH:6
BRDA:14,1,0,0
BRDA:14,1,1,10
BRDA:19,2,0,10
BRDA:19,2,1,2
BRDA:20,3,0,10
BRDA:20,3,1,6
BRDA:21,4,0,10
BRDA:21,4,1,7
BRDA:22,5,0,10
BRDA:22,5,1,8
BRF:10
BRH:9
end_of_record
TN:
SF:/home/travis/build/unosquare/tubular/src/js/tubular-chart/chartjs/tbChartJs.js
FNF:0
FNH:0
DA:1,1
DA:2,1
DA:4,1
LF:3
LH:3
BRF:0
BRH:0
end_of_record
TN:
SF:/home/travis/build/unosquare/tubular/src/js/tubular-chart/chartjs/tbChartJsCtrl.js
FN:8,(anonymous_1)
FNF:1
FNH:0
FNDA:0,(anonymous_1)
DA:1,1
DA:2,1
DA:4,1
DA:11,0
DA:13,0
DA:14,0
DA:17,0
DA:21,0
DA:22,0
DA:25,0
DA:27,0
DA:28,0
DA:30,0
DA:31,0
DA:34,0
DA:38,0
DA:39,0
DA:42,0
DA:45,0
DA:47,0
DA:48,0
DA:49,0
DA:51,0
DA:52,0
DA:54,0
DA:57,0
DA:58,0
DA:59,0
DA:63,0
DA:64,0
DA:65,0
DA:67,0
LF:32
LH:3
BRDA:13,1,0,0
BRDA:13,1,1,0
BRDA:14,2,0,0
BRDA:14,2,1,0
BRDA:17,3,0,0
BRDA:17,3,1,0
BRDA:27,4,0,0
BRDA:27,4,1,0
BRDA:27,5,0,0
BRDA:27,5,1,0
BRDA:27,5,2,0
BRDA:30,6,0,0
BRDA:30,6,1,0
BRDA:38,7,0,0
BRDA:38,7,1,0
BRDA:51,8,0,0
BRDA:51,8,1,0
BRDA:58,9,0,0
BRDA:58,9,1,0
BRDA:58,10,0,0
BRDA:58,10,1,0
BRDA:64,11,0,0
BRDA:64,11,1,0
BRDA:64,12,0,0
BRDA:64,12,1,0
BRF:25
BRH:0
end_of_record
TN:
SF:/home/travis/build/unosquare/tubular/src/js/tubular-chart/tubular-directives-highcharts.js
FN:42,(anonymous_1)
FNF:1
FNH:0
FNDA:0,(anonymous_1)
DA:1,1
DA:2,1
DA:4,1
DA:43,0
DA:45,0
DA:46,0
DA:48,0
DA:77,0
DA:79,0
DA:80,0
DA:82,0
DA:85,0
DA:86,0
DA:90,0
DA:91,0
DA:93,0
DA:94,0
DA:95,0
DA:97,0
DA:98,0
DA:101,0
DA:104,0
DA:106,0
DA:107,0
DA:108,0
DA:110,0
DA:112,0
DA:115,0
DA:116,0
DA:117,0
DA:121,0
DA:122,0
DA:123,0
DA:127,0
DA:128,0
DA:129,0
LF:36
LH:3
BRDA:45,1,0,0
BRDA:45,1,1,0
BRDA:46,2,0,0
BRDA:46,2,1,0
BRDA:55,3,0,0
BRDA:55,3,1,0
BRDA:62,4,0,0
BRDA:62,4,1,0
BRDA:68,5,0,0
BRDA:68,5,1,0
BRDA:77,6,0,0
BRDA:77,6,1,0
BRDA:93,7,0,0
BRDA:93,7,1,0
BRDA:93,8,0,0
BRDA:93,8,1,0
BRDA:93,8,2,0
BRDA:97,9,0,0
BRDA:97,9,1,0
BRDA:106,10,0,0
BRDA:106,10,1,0
BRDA:112,11,0,0
BRDA:112,11,1,0
BRDA:112,12,0,0
BRDA:112,12,1,0
BRDA:115,13,0,0
BRDA:115,13,1,0
BRDA:122,14,0,0
BRDA:122,14,1,0
BRDA:122,15,0,0
BRDA:122,15,1,0
BRDA:122,15,2,0
BRDA:128,16,0,0
BRDA:128,16,1,0
BRDA:128,17,0,0
BRDA:128,17,1,0
BRF:36
BRH:0
end_of_record
