TN:
SF:/home/travis/build/unosquare/tubular/src/js/tubular/tubular-models.js
FN:1,(anonymous_1)
FN:22,(anonymous_2)
FN:23,(anonymous_3)
FNF:3
FNH:3
FNDA:1,(anonymous_1)
FNDA:15,(anonymous_2)
FNDA:14,(anonymous_3)
DA:1,1
DA:13,1
DA:23,15
DA:24,14
DA:25,2
DA:32,2
DA:34,46
DA:35,14
DA:38,32
DA:39,32
DA:40,32
DA:42,2
DA:44,1
DA:45,13
DA:46,2
DA:50,1
DA:54,14
DA:55,14
DA:58,14
DA:59,14
DA:60,32
DA:62,32
DA:63,3
DA:64,1
DA:66,2
DA:69,32
DA:71,32
DA:72,15
DA:77,14
DA:78,14
DA:81,14
LF:31
LH:31
BRDA:25,1,0,2
BRDA:25,1,1,2
BRDA:32,2,0,1
BRDA:32,2,1,1
BRDA:34,3,0,14
BRDA:34,3,1,32
BRDA:40,4,0,0
BRDA:40,4,1,32
BRDA:45,5,0,2
BRDA:45,5,1,11
BRDA:54,6,0,7
BRDA:54,6,1,7
BRDA:58,7,0,14
BRDA:58,7,1,0
BRDA:60,8,0,17
BRDA:60,8,1,15
BRDA:62,9,0,3
BRDA:62,9,1,29
BRDA:62,10,0,32
BRDA:62,10,1,31
BRDA:62,10,2,30
BRDA:63,11,0,1
BRDA:63,11,1,2
BRDA:63,12,0,3
BRDA:63,12,1,3
BRDA:63,12,2,2
BRDA:66,13,0,1
BRDA:66,13,1,1
BRDA:71,14,0,15
BRDA:71,14,1,17
BRDA:77,15,0,14
BRDA:77,15,1,0
BRF:32
BRH:29
end_of_record
TN:
SF:/home/travis/build/unosquare/tubular/src/js/tubular/tubular-column.js
FN:13,(anonymous_1)
FN:14,(anonymous_2)
FN:22,(anonymous_3)
FNF:3
FNH:3
FNDA:79,(anonymous_1)
FNDA:5,(anonymous_2)
FNDA:5,(anonymous_3)
DA:1,1
DA:2,1
DA:4,1
DA:14,79
DA:15,5
DA:17,5
DA:23,5
DA:24,5
DA:27,0
DA:28,0
DA:31,0
DA:32,0
DA:35,0
DA:45,5
LF:14
LH:9
BRDA:15,1,0,5
BRDA:15,1,1,4
BRDA:18,2,0,5
BRDA:18,2,1,4
BRDA:18,3,0,4
BRDA:18,3,1,0
BRDA:21,4,0,5
BRDA:21,4,1,5
BRDA:23,5,0,5
BRDA:23,5,1,0
BRDA:27,6,0,0
BRDA:27,6,1,0
BRDA:31,7,0,0
BRDA:31,7,1,0
BRDA:37,8,0,0
BRDA:37,8,1,5
BRDA:38,9,0,0
BRDA:38,9,1,5
BRDA:39,10,0,0
BRDA:39,10,1,5
BRDA:41,11,0,5
BRDA:41,11,1,5
BRDA:42,12,0,5
BRDA:42,12,1,5
BRF:24
BRH:15
end_of_record
TN:
SF:/home/travis/build/unosquare/tubular/src/js/tubular/tubular-services.js
FN:2,(anonymous_1)
FNF:1
FNH:1
FNDA:1,(anonymous_1)
DA:2,1
DA:14,1
DA:18,202
DA:19,202
LF:4
LH:4
BRF:0
BRH:0
end_of_record
TN:
SF:/home/travis/build/unosquare/tubular/src/js/tubular-chart/chartjs/tubular-chart.module.js
FNF:0
FNH:0
DA:1,1
DA:2,1
DA:4,1
LF:3
LH:3
BRF:0
BRH:0
end_of_record
TN:
SF:/home/travis/build/unosquare/tubular/src/js/tubular/services/editor.js
FN:1,(anonymous_1)
FN:14,editorService
FN:24,setupScope
FNF:3
FNH:3
FNDA:1,(anonymous_1)
FNDA:15,editorService
FNDA:15,setupScope
DA:1,1
DA:4,1
DA:14,1
DA:15,15
DA:24,1
DA:25,15
DA:26,15
DA:27,15
DA:28,15
DA:29,15
DA:30,15
DA:31,15
DA:32,15
DA:35,15
DA:37,4
DA:38,4
DA:45,15
DA:46,0
DA:48,0
DA:49,0
DA:50,0
DA:52,0
DA:55,0
DA:58,0
DA:61,15
DA:63,0
DA:65,0
DA:68,15
DA:69,4
DA:70,4
DA:72,4
DA:74,1
DA:75,1
DA:77,1
DA:78,0
DA:81,1
DA:85,3
DA:86,0
DA:90,20
DA:91,10
DA:92,10
DA:95,0
DA:98,0
DA:99,0
DA:100,0
DA:103,0
DA:104,0
DA:105,0
DA:106,0
DA:107,0
DA:108,0
DA:112,0
DA:115,15
DA:118,15
DA:119,25
DA:122,0
DA:123,0
DA:126,0
DA:127,0
DA:130,0
DA:132,0
DA:134,0
DA:135,0
DA:137,0
DA:138,0
DA:139,0
DA:141,0
DA:142,0
DA:144,0
DA:147,0
DA:151,0
DA:152,0
DA:153,0
DA:158,0
DA:159,0
DA:160,0
DA:164,0
DA:165,0
DA:166,0
DA:169,0
DA:170,0
DA:173,0
DA:176,0
DA:179,0
DA:181,0
DA:182,0
DA:188,0
DA:189,0
DA:192,0
DA:193,0
DA:195,0
DA:196,0
DA:201,0
DA:203,0
DA:206,25
LF:95
LH:34
BRDA:25,1,0,15
BRDA:25,1,1,5
BRDA:26,2,0,5
BRDA:26,2,1,10
BRDA:27,3,0,15
BRDA:27,3,1,15
BRDA:28,4,0,15
BRDA:28,4,1,10
BRDA:28,5,0,10
BRDA:28,5,1,0
BRDA:29,6,0,15
BRDA:29,6,1,15
BRDA:30,7,0,15
BRDA:30,7,1,15
BRDA:31,8,0,15
BRDA:31,8,1,15
BRDA:49,9,0,0
BRDA:49,9,1,0
BRDA:52,10,0,0
BRDA:52,10,1,0
BRDA:65,11,0,0
BRDA:65,11,1,0
BRDA:72,12,0,1
BRDA:72,12,1,3
BRDA:72,13,0,4
BRDA:72,13,1,2
BRDA:72,13,2,3
BRDA:72,13,3,0
BRDA:72,13,4,0
BRDA:77,14,0,0
BRDA:77,14,1,1
BRDA:85,15,0,0
BRDA:85,15,1,3
BRDA:91,16,0,10
BRDA:91,16,1,0
BRDA:91,17,0,10
BRDA:91,17,1,10
BRDA:98,18,0,0
BRDA:98,18,1,0
BRDA:99,19,0,0
BRDA:99,19,1,0
BRDA:103,20,0,0
BRDA:103,20,1,0
BRDA:105,21,0,0
BRDA:105,21,1,0
BRDA:107,22,0,0
BRDA:107,22,1,0
BRDA:119,23,0,0
BRDA:119,23,1,25
BRDA:119,24,0,25
BRDA:119,24,1,25
BRDA:122,25,0,0
BRDA:122,25,1,0
BRDA:126,26,0,0
BRDA:126,26,1,0
BRDA:130,27,0,0
BRDA:130,27,1,0
BRDA:137,28,0,0
BRDA:137,28,1,0
BRDA:138,29,0,0
BRDA:138,29,1,0
BRDA:139,30,0,0
BRDA:139,30,1,0
BRDA:139,31,0,0
BRDA:139,31,1,0
BRDA:139,31,2,0
BRDA:139,31,3,0
BRDA:141,32,0,0
BRDA:141,32,1,0
BRDA:141,33,0,0
BRDA:141,33,1,0
BRDA:152,34,0,0
BRDA:152,34,1,0
BRDA:159,35,0,0
BRDA:159,35,1,0
BRDA:164,36,0,0
BRDA:164,36,1,0
BRDA:164,37,0,0
BRDA:164,37,1,0
BRDA:164,37,2,0
BRDA:165,38,0,0
BRDA:165,38,1,0
BRDA:165,39,0,0
BRDA:165,39,1,0
BRDA:165,39,2,0
BRDA:169,40,0,0
BRDA:169,40,1,0
BRDA:169,41,0,0
BRDA:169,41,1,0
BRDA:176,42,0,0
BRDA:176,42,1,0
BRDA:188,43,0,0
BRDA:188,43,1,0
BRDA:192,44,0,0
BRDA:192,44,1,0
BRDA:195,45,0,0
BRDA:195,45,1,0
BRF:97
BRH:28
end_of_record
TN:
SF:/home/travis/build/unosquare/tubular/src/js/tubular/services/gridExport.js
FN:2,(anonymous_1)
FN:15,(anonymous_2)
FN:94,getColumns
FN:98,getColumnsVisibility
FN:102,exportToCsv
FNF:5
FNH:1
FNDA:1,(anonymous_1)
FNDA:0,(anonymous_2)
FNDA:0,getColumns
FNDA:0,getColumnsVisibility
FNDA:0,exportToCsv
DA:2,1
DA:5,1
DA:16,0
DA:18,0
DA:19,0
DA:20,0
DA:22,0
DA:23,0
DA:24,0
DA:25,0
DA:27,0
DA:30,0
DA:32,0
DA:33,0
DA:35,0
DA:36,0
DA:40,0
DA:41,0
DA:44,0
DA:45,0
DA:47,0
DA:48,0
DA:49,0
DA:53,0
DA:54,0
DA:56,0
DA:57,0
DA:61,0
DA:62,0
DA:65,0
DA:66,0
DA:68,0
DA:71,0
DA:77,0
DA:78,0
DA:80,0
DA:81,0
DA:84,0
DA:85,0
DA:86,0
DA:87,0
DA:88,0
DA:94,1
DA:95,0
DA:98,1
DA:99,0
DA:102,1
DA:103,0
DA:104,0
DA:105,0
DA:108,0
DA:109,0
DA:110,0
DA:111,0
DA:113,0
DA:114,0
DA:117,0
DA:119,0
DA:120,0
DA:123,0
DA:124,0
DA:127,0
DA:131,0
DA:134,0
DA:136,0
DA:137,0
DA:140,0
DA:143,0
LF:68
LH:5
BRDA:40,1,0,0
BRDA:40,1,1,0
BRDA:40,2,0,0
BRDA:40,2,1,0
BRDA:57,3,0,0
BRDA:57,3,1,0
BRDA:61,4,0,0
BRDA:61,4,1,0
BRDA:66,5,0,0
BRDA:66,5,1,0
BRDA:66,6,0,0
BRDA:66,6,1,0
BRDA:80,7,0,0
BRDA:80,7,1,0
BRDA:104,8,0,0
BRDA:104,8,1,0
BRDA:110,9,0,0
BRDA:110,9,1,0
BRDA:111,10,0,0
BRDA:111,10,1,0
BRDA:113,11,0,0
BRDA:113,11,1,0
BRDA:119,12,0,0
BRDA:119,12,1,0
BRDA:123,13,0,0
BRDA:123,13,1,0
BRDA:136,14,0,0
BRDA:136,14,1,0
BRF:28
BRH:0
end_of_record
TN:
SF:/home/travis/build/unosquare/tubular/src/js/tubular/services/http.js
FN:1,(anonymous_1)
FN:21,(anonymous_2)
FN:31,init
FN:39,isAuthenticationExpired
FN:57,(anonymous_5)
FN:66,(anonymous_6)
FNF:6
FNH:6
FNDA:1,(anonymous_1)
FNDA:46,(anonymous_2)
FNDA:46,init
FNDA:6,isAuthenticationExpired
FNDA:3,(anonymous_5)
FNDA:2,(anonymous_6)
DA:1,1
DA:4,1
DA:27,46
DA:28,46
DA:29,46
DA:31,1
DA:32,46
DA:34,46
DA:35,2
DA:39,1
DA:40,6
DA:41,6
DA:43,6
DA:46,46
DA:53,46
DA:55,46
DA:57,46
DA:58,3
DA:59,3
DA:60,3
DA:61,3
DA:62,3
DA:63,3
DA:66,46
DA:67,2
DA:69,2
DA:75,1
DA:76,1
DA:78,1
DA:79,1
DA:83,46
DA:84,2
DA:85,2
DA:86,2
DA:87,2
DA:88,2
DA:89,2
DA:90,2
DA:92,2
DA:95,46
LF:40
LH:40
BRDA:34,1,0,2
BRDA:34,1,1,44
BRDA:55,2,0,5
BRDA:55,2,1,3
BRDA:85,3,0,2
BRDA:85,3,1,2
BRDA:85,3,2,1
BRF:7
BRH:7
end_of_record
TN:
SF:/home/travis/build/unosquare/tubular/src/js/tubular/services/popup.js
FN:1,(anonymous_1)
FN:16,(anonymous_2)
FNF:2
FNH:2
FNDA:1,(anonymous_1)
FNDA:79,(anonymous_2)
DA:1,1
DA:4,1
DA:21,79
DA:23,0
DA:25,0
DA:29,0
DA:31,0
DA:44,2
DA:45,1
DA:48,2
DA:55,2
DA:56,2
LF:12
LH:8
BRDA:44,1,0,1
BRDA:44,1,1,1
BRF:2
BRH:2
end_of_record
TN:
SF:/home/travis/build/unosquare/tubular/src/js/tubular/services/popupCtrl.js
FN:11,(anonymous_1)
FNF:1
FNH:1
FNDA:3,(anonymous_1)
DA:1,1
DA:2,1
DA:4,1
DA:18,3
DA:20,3
DA:21,0
DA:24,0
DA:25,0
DA:26,0
DA:29,0
DA:32,3
DA:33,0
DA:34,0
DA:37,0
LF:14
LH:6
BRDA:21,1,0,0
BRDA:21,1,1,0
BRDA:24,2,0,0
BRDA:24,2,1,0
BRDA:24,3,0,0
BRDA:24,3,1,0
BRDA:24,3,2,0
BRDA:33,4,0,0
BRDA:33,4,1,0
BRF:9
BRH:0
end_of_record
TN:
SF:/home/travis/build/unosquare/tubular/src/js/tubular/services/template.js
FN:16,(anonymous_1)
FN:191,(anonymous_2)
FN:267,(anonymous_3)
FN:514,(anonymous_4)
FN:525,(anonymous_5)
FNF:5
FNH:3
FNDA:95,(anonymous_1)
FNDA:1,(anonymous_2)
FNDA:21,(anonymous_3)
FNDA:0,(anonymous_4)
FNDA:0,(anonymous_5)
DA:1,1
DA:2,1
DA:4,1
DA:19,95
DA:21,95
DA:22,95
DA:23,95
DA:26,95
DA:38,95
DA:135,95
DA:137,95
DA:138,95
DA:142,95
DA:150,95
DA:158,95
DA:168,95
DA:169,14
DA:170,30
DA:172,14
DA:177,95
DA:178,14
DA:191,95
DA:192,1
DA:193,1
DA:195,1
DA:196,1
DA:197,1
DA:200,1
DA:201,1
DA:209,1
DA:210,1
DA:213,1
DA:214,1
DA:218,1
DA:219,1
DA:222,1
DA:224,1
DA:248,95
DA:249,151
DA:251,22
DA:253,22
DA:255,22
DA:257,85
DA:267,95
DA:268,21
DA:269,21
DA:271,21
DA:272,149
DA:275,149
DA:276,2
DA:279,147
DA:280,21
DA:285,126
DA:286,21
DA:287,105
DA:288,21
DA:294,84
DA:296,84
DA:297,21
DA:300,84
DA:304,21
DA:306,21
DA:307,147
DA:308,147
DA:311,147
DA:312,147
DA:313,147
DA:314,147
DA:315,147
DA:316,147
DA:317,147
DA:319,147
DA:320,147
DA:321,147
DA:322,147
DA:323,147
DA:324,147
DA:326,147
DA:327,126
DA:330,21
DA:331,21
DA:332,21
DA:333,21
DA:336,21
DA:339,95
DA:340,3
DA:342,3
DA:356,95
DA:357,2
DA:358,2
DA:360,2
DA:362,2
DA:372,95
DA:373,3
DA:374,3
DA:375,3
DA:377,3
DA:378,1
DA:380,2
DA:383,7
DA:385,7
DA:388,7
DA:390,7
DA:392,7
DA:397,3
DA:419,95
DA:420,56
DA:421,120
DA:422,56
DA:424,56
DA:437,95
DA:438,0
DA:449,0
DA:480,0
DA:489,0
DA:491,0
DA:492,0
DA:494,0
DA:496,0
DA:497,0
DA:500,0
DA:503,0
DA:506,0
DA:507,0
DA:508,0
DA:509,0
DA:514,0
DA:515,0
DA:517,0
DA:518,0
DA:521,0
DA:522,0
DA:525,0
DA:526,0
DA:527,0
DA:530,0
DA:531,0
DA:534,0
DA:535,0
DA:536,0
DA:537,0
DA:540,0
DA:541,0
DA:542,0
DA:545,0
DA:547,0
DA:548,0
DA:549,0
DA:550,0
DA:554,0
DA:556,0
DA:557,0
DA:558,0
DA:562,0
DA:563,0
DA:566,0
DA:567,0
DA:568,0
DA:570,0
DA:571,0
DA:575,0
DA:578,0
DA:579,0
DA:580,0
DA:582,0
DA:585,0
DA:587,0
DA:588,0
DA:592,0
DA:593,0
DA:595,0
DA:596,0
LF:172
LH:111
BRDA:23,1,0,95
BRDA:23,1,1,95
BRDA:137,2,0,95
BRDA:137,2,1,0
BRDA:153,3,0,0
BRDA:153,3,1,95
BRDA:173,4,0,7
BRDA:173,4,1,7
BRDA:180,5,0,14
BRDA:180,5,1,0
BRDA:181,6,0,14
BRDA:181,6,1,0
BRDA:195,7,0,1
BRDA:195,7,1,0
BRDA:200,8,0,1
BRDA:200,8,1,0
BRDA:209,9,0,1
BRDA:209,9,1,0
BRDA:213,10,0,1
BRDA:213,10,1,0
BRDA:218,11,0,1
BRDA:218,11,1,0
BRDA:226,12,0,0
BRDA:226,12,1,1
BRDA:226,13,0,0
BRDA:226,13,1,1
BRDA:235,14,0,0
BRDA:235,14,1,1
BRDA:236,15,0,0
BRDA:236,15,1,0
BRDA:244,16,0,0
BRDA:244,16,1,1
BRDA:249,17,0,22
BRDA:249,17,1,22
BRDA:249,17,2,22
BRDA:249,17,3,85
BRDA:268,18,0,20
BRDA:268,18,1,1
BRDA:268,19,0,21
BRDA:268,19,1,20
BRDA:275,20,0,2
BRDA:275,20,1,147
BRDA:275,21,0,149
BRDA:275,21,1,148
BRDA:275,21,2,147
BRDA:279,22,0,21
BRDA:279,22,1,126
BRDA:279,23,0,147
BRDA:279,23,1,126
BRDA:285,24,0,21
BRDA:285,24,1,105
BRDA:285,25,0,126
BRDA:285,25,1,126
BRDA:287,26,0,21
BRDA:287,26,1,84
BRDA:287,27,0,105
BRDA:287,27,1,105
BRDA:296,28,0,21
BRDA:296,28,1,63
BRDA:326,29,0,126
BRDA:326,29,1,21
BRDA:344,30,0,3
BRDA:344,30,1,1
BRDA:373,31,0,1
BRDA:373,31,1,2
BRDA:377,32,0,1
BRDA:377,32,1,2
BRDA:381,33,0,1
BRDA:381,33,1,1
BRDA:406,34,0,3
BRDA:406,34,1,0
BRDA:425,35,0,32
BRDA:425,35,1,24
BRDA:426,36,0,48
BRDA:426,36,1,8
BRDA:429,37,0,40
BRDA:429,37,1,16
BRDA:430,38,0,48
BRDA:430,38,1,8
BRDA:431,39,0,56
BRDA:431,39,1,0
BRDA:432,40,0,16
BRDA:432,40,1,40
BRDA:433,41,0,56
BRDA:433,41,1,0
BRDA:481,42,0,0
BRDA:481,42,1,0
BRDA:482,43,0,0
BRDA:482,43,1,0
BRDA:483,44,0,0
BRDA:483,44,1,0
BRDA:484,45,0,0
BRDA:484,45,1,0
BRDA:485,46,0,0
BRDA:485,46,1,0
BRDA:485,46,2,0
BRDA:489,47,0,0
BRDA:489,47,1,0
BRDA:494,48,0,0
BRDA:494,48,1,0
BRDA:496,49,0,0
BRDA:496,49,1,0
BRDA:500,50,0,0
BRDA:500,50,1,0
BRDA:500,51,0,0
BRDA:500,51,1,0
BRDA:500,51,2,0
BRDA:500,51,3,0
BRDA:501,52,0,0
BRDA:501,52,1,0
BRDA:506,53,0,0
BRDA:506,53,1,0
BRDA:517,54,0,0
BRDA:517,54,1,0
BRDA:526,55,0,0
BRDA:526,55,1,0
BRDA:530,56,0,0
BRDA:530,56,1,0
BRDA:530,57,0,0
BRDA:530,57,1,0
BRDA:548,58,0,0
BRDA:548,58,1,0
BRDA:557,59,0,0
BRDA:557,59,1,0
BRDA:562,60,0,0
BRDA:562,60,1,0
BRDA:567,61,0,0
BRDA:567,61,1,0
BRDA:570,62,0,0
BRDA:570,62,1,0
BRDA:582,63,0,0
BRDA:582,63,1,0
BRDA:582,64,0,0
BRDA:582,64,1,0
BRDA:582,64,2,0
BRDA:587,65,0,0
BRDA:587,65,1,0
BRDA:592,66,0,0
BRDA:592,66,1,0
BRDA:592,67,0,0
BRDA:592,67,1,0
BRDA:595,68,0,0
BRDA:595,68,1,0
BRF:143
BRH:67
end_of_record
TN:
SF:/home/travis/build/unosquare/tubular/src/js/tubular/services/translate.js
FN:1,(anonymous_1)
FN:12,(anonymous_2)
FNF:2
FNH:2
FNDA:1,(anonymous_1)
FNDA:95,(anonymous_2)
DA:1,1
DA:4,1
DA:13,95
DA:15,95
DA:16,95
DA:18,95
DA:130,95
DA:132,95
DA:133,1
DA:136,1
DA:139,95
DA:140,6
DA:142,6
LF:13
LH:13
BRDA:133,1,0,1
BRDA:133,1,1,1
BRDA:133,1,2,0
BRDA:140,2,0,6
BRDA:140,2,1,1
BRDA:142,3,0,6
BRDA:142,3,1,0
BRF:7
BRH:5
end_of_record
TN:
SF:/home/travis/build/unosquare/tubular/src/js/tubular/services/tubularConfig.js
FN:5,(anonymous_1)
FN:43,setPlatformConfig
FN:54,addConfig
FN:72,createConfig
FN:73,(anonymous_5)
FN:82,(anonymous_6)
FN:103,stringObj
FN:118,(anonymous_8)
FNF:8
FNH:8
FNDA:202,(anonymous_1)
FNDA:203,setPlatformConfig
FNDA:609,addConfig
FNDA:1417,createConfig
FNDA:3442,(anonymous_5)
FNDA:176,(anonymous_6)
FNDA:153,stringObj
FNDA:131,(anonymous_8)
DA:1,1
DA:2,1
DA:4,1
DA:7,202
DA:8,202
DA:9,202
DA:11,202
DA:25,202
DA:29,202
DA:43,1
DA:44,203
DA:45,203
DA:47,203
DA:49,203
DA:54,1
DA:55,609
DA:56,1827
DA:57,1624
DA:58,406
DA:59,0
DA:61,406
DA:63,1218
DA:64,0
DA:72,1
DA:73,1417
DA:75,3442
DA:77,1012
DA:78,1012
DA:82,2430
DA:83,176
DA:84,15
DA:85,15
DA:87,161
DA:94,153
DA:96,8
DA:103,1
DA:104,153
DA:105,153
DA:106,459
DA:107,459
DA:109,0
DA:112,153
DA:115,202
DA:118,202
DA:119,131
LF:45
LH:42
BRDA:56,1,0,1624
BRDA:56,1,1,203
BRDA:56,2,0,1827
BRDA:56,2,1,1624
BRDA:57,3,0,406
BRDA:57,3,1,1218
BRDA:58,4,0,0
BRDA:58,4,1,406
BRDA:63,5,0,0
BRDA:63,5,1,1218
BRDA:75,6,0,1012
BRDA:75,6,1,2430
BRDA:83,7,0,15
BRDA:83,7,1,161
BRDA:87,8,0,153
BRDA:87,8,1,8
BRDA:106,9,0,459
BRDA:106,9,1,0
BRDA:106,10,0,459
BRDA:106,10,1,459
BRF:20
BRH:17
end_of_record
TN:
SF:/home/travis/build/unosquare/tubular/src/js/tubular/interceptors/auth.js
FN:1,(anonymous_1)
FN:14,(anonymous_2)
FN:28,request
FN:65,checkStatic
FN:69,requestError
FN:73,response
FN:77,responseError
FNF:7
FNH:6
FNDA:1,(anonymous_1)
FNDA:127,(anonymous_2)
FNDA:43,request
FNDA:43,checkStatic
FNDA:0,requestError
FNDA:35,response
FNDA:5,responseError
DA:1,1
DA:13,1
DA:16,127
DA:17,127
DA:19,127
DA:26,127
DA:28,1
DA:30,43
DA:31,0
DA:35,43
DA:36,43
DA:38,43
DA:41,43
DA:46,2
DA:47,1
DA:52,1
DA:55,0
DA:58,1
DA:62,42
DA:65,1
DA:66,43
DA:69,1
DA:70,0
DA:73,1
DA:74,35
DA:77,1
DA:78,5
DA:80,5
DA:81,4
DA:82,4
DA:84,4
DA:91,2
DA:93,2
DA:94,2
DA:102,2
DA:103,1
DA:104,1
DA:106,1
DA:107,1
DA:108,1
DA:109,1
DA:112,0
DA:115,1
DA:116,1
DA:117,1
DA:118,1
DA:119,1
DA:123,2
DA:127,1
DA:130,5
LF:50
LH:46
BRDA:30,1,0,0
BRDA:30,1,1,43
BRDA:38,2,0,43
BRDA:38,2,1,6
BRDA:41,3,0,2
BRDA:41,3,1,41
BRDA:41,4,0,43
BRDA:41,4,1,7
BRDA:41,4,2,2
BRDA:41,4,3,2
BRDA:46,5,0,1
BRDA:46,5,1,1
BRDA:52,6,0,0
BRDA:52,6,1,1
BRDA:52,7,0,1
BRDA:52,7,1,1
BRDA:52,7,2,1
BRDA:80,8,0,4
BRDA:80,8,1,1
BRDA:84,9,0,2
BRDA:84,9,1,2
BRDA:84,10,0,4
BRDA:84,10,1,3
BRDA:84,10,2,3
BRDA:84,10,3,2
BRDA:84,10,4,2
BRDA:84,10,5,2
BRDA:93,11,0,2
BRDA:93,11,1,0
BRDA:106,12,0,1
BRDA:106,12,1,0
BRDA:106,13,0,1
BRDA:106,13,1,1
BRF:33
BRH:29
end_of_record
TN:
SF:/home/travis/build/unosquare/tubular/src/js/tubular/interceptors/no-cache.js
FN:14,(anonymous_1)
FNF:1
FNH:1
FNDA:131,(anonymous_1)
DA:1,1
DA:2,1
DA:13,1
DA:16,131
DA:19,40
DA:20,5
DA:24,35
DA:26,35
DA:27,2
DA:28,2
DA:31,35
LF:11
LH:11
BRDA:19,1,0,5
BRDA:19,1,1,35
BRDA:26,2,0,2
BRDA:26,2,1,33
BRDA:27,3,0,2
BRDA:27,3,1,0
BRF:6
BRH:5
end_of_record
TN:
SF:/home/travis/build/unosquare/tubular/src/js/tubular/tubular-directives.js
FN:28,(anonymous_1)
FN:37,(anonymous_2)
FN:61,(anonymous_3)
FN:73,(anonymous_4)
FN:81,InitFromColumns
FN:128,(anonymous_6)
FN:149,(anonymous_7)
FN:198,(anonymous_8)
FN:207,(anonymous_9)
FN:238,(anonymous_10)
FN:248,(anonymous_11)
FN:268,(anonymous_12)
FN:278,(anonymous_13)
FN:308,(anonymous_14)
FN:345,(anonymous_15)
FN:356,(anonymous_16)
FNF:16
FNH:0
FNDA:0,(anonymous_1)
FNDA:0,(anonymous_2)
FNDA:0,(anonymous_3)
FNDA:0,(anonymous_4)
FNDA:0,InitFromColumns
FNDA:0,(anonymous_6)
FNDA:0,(anonymous_7)
FNDA:0,(anonymous_8)
FNDA:0,(anonymous_9)
FNDA:0,(anonymous_10)
FNDA:0,(anonymous_11)
FNDA:0,(anonymous_12)
FNDA:0,(anonymous_13)
FNDA:0,(anonymous_14)
FNDA:0,(anonymous_15)
FNDA:0,(anonymous_16)
DA:1,1
DA:2,1
DA:14,1
DA:29,0
DA:38,0
DA:39,0
DA:62,0
DA:74,0
DA:75,0
DA:78,0
DA:81,1
DA:82,0
DA:84,0
DA:86,0
DA:87,0
DA:90,0
DA:93,0
DA:94,0
DA:95,0
DA:96,0
DA:97,0
DA:100,0
DA:129,0
DA:150,0
DA:151,0
DA:153,0
DA:155,0
DA:156,0
DA:157,0
DA:161,0
DA:162,0
DA:164,0
DA:167,0
DA:179,0
DA:180,0
DA:199,0
DA:208,0
DA:211,0
DA:215,0
DA:216,0
DA:219,0
DA:220,0
DA:240,0
DA:249,0
DA:250,0
DA:270,0
DA:279,0
DA:280,0
DA:299,0
DA:309,0
DA:310,0
DA:311,0
DA:312,0
DA:314,0
DA:315,0
DA:316,0
DA:319,0
DA:322,0
DA:326,0
DA:347,0
DA:357,0
DA:358,0
DA:359,0
DA:362,0
DA:364,0
DA:365,0
DA:366,0
DA:368,0
DA:369,0
LF:69
LH:4
BRDA:84,1,0,0
BRDA:84,1,1,0
BRDA:86,2,0,0
BRDA:86,2,1,0
BRDA:93,3,0,0
BRDA:93,3,1,0
BRDA:93,4,0,0
BRDA:93,4,1,0
BRDA:156,5,0,0
BRDA:156,5,1,0
BRDA:215,6,0,0
BRDA:215,6,1,0
BRDA:219,7,0,0
BRDA:219,7,1,0
BRDA:249,8,0,0
BRDA:249,8,1,0
BRDA:279,9,0,0
BRDA:279,9,1,0
BRDA:315,10,0,0
BRDA:315,10,1,0
BRDA:315,11,0,0
BRDA:315,11,1,0
BRDA:358,12,0,0
BRDA:358,12,1,0
BRDA:364,13,0,0
BRDA:364,13,1,0
BRDA:368,14,0,0
BRDA:368,14,1,0
BRF:28
BRH:0
end_of_record
TN:
SF:/home/travis/build/unosquare/tubular/src/js/tubular/directives/editors/tbSimpleEditor.js
FN:5,(anonymous_1)
FNF:1
FNH:1
FNDA:10,(anonymous_1)
DA:1,1
DA:2,1
DA:4,1
DA:6,10
DA:8,10
DA:9,4
DA:10,1
DA:12,1
DA:13,1
DA:14,1
DA:15,1
DA:19,3
DA:20,1
DA:21,1
DA:22,1
DA:23,1
DA:24,1
DA:28,2
DA:29,1
DA:30,1
DA:31,1
DA:32,1
DA:36,1
DA:37,1
DA:38,1
DA:39,1
DA:40,1
DA:45,10
DA:48,1
LF:29
LH:29
BRDA:9,1,0,1
BRDA:9,1,1,3
BRDA:9,2,0,4
BRDA:9,2,1,1
BRDA:12,3,0,1
BRDA:12,3,1,0
BRDA:14,4,0,1
BRDA:14,4,1,1
BRDA:19,5,0,1
BRDA:19,5,1,2
BRDA:20,6,0,1
BRDA:20,6,1,0
BRDA:28,7,0,1
BRDA:28,7,1,1
BRDA:28,8,0,2
BRDA:28,8,1,1
BRDA:29,9,0,1
BRDA:29,9,1,0
BRDA:36,10,0,1
BRDA:36,10,1,0
BRDA:36,11,0,1
BRDA:36,11,1,1
BRDA:37,12,0,1
BRDA:37,12,1,0
BRF:24
BRH:19
end_of_record
TN:
SF:/home/travis/build/unosquare/tubular/src/js/tubular/directives/form/tbForm.js
FN:32,(anonymous_1)
FNF:1
FNH:1
FNDA:9,(anonymous_1)
DA:1,1
DA:2,1
DA:4,1
DA:33,9
DA:48,9
LF:5
LH:5
BRF:0
BRH:0
end_of_record
TN:
SF:/home/travis/build/unosquare/tubular/src/js/tubular/directives/form/tbFormCtrl.js
FN:13,(anonymous_1)
FN:24,getUrlWithKey
FN:70,(anonymous_3)
FNF:3
FNH:1
FNDA:2,(anonymous_1)
FNDA:0,getUrlWithKey
FNDA:0,(anonymous_3)
DA:1,1
DA:2,1
DA:3,1
DA:5,1
DA:20,2
DA:21,2
DA:22,2
DA:24,1
DA:25,0
DA:26,0
DA:28,0
DA:29,0
DA:32,0
DA:35,2
DA:37,2
DA:38,2
DA:42,2
DA:45,2
DA:49,2
DA:50,0
DA:51,0
DA:55,2
DA:56,0
DA:58,0
DA:59,0
DA:60,0
DA:64,0
DA:65,0
DA:68,2
DA:70,2
DA:71,0
DA:72,0
DA:75,0
DA:76,0
DA:77,0
DA:78,0
DA:80,0
DA:83,0
DA:84,0
DA:87,0
DA:90,2
DA:91,0
DA:92,0
DA:95,0
DA:96,0
DA:97,0
DA:100,0
DA:102,0
DA:109,0
DA:110,0
DA:112,0
DA:114,0
DA:115,0
DA:118,0
DA:120,0
DA:121,0
DA:123,0
DA:125,0
DA:126,0
DA:131,2
DA:133,2
DA:134,0
DA:135,0
DA:138,2
DA:139,0
DA:140,0
DA:143,2
DA:144,0
DA:145,0
DA:146,0
DA:148,0
DA:150,0
DA:151,0
DA:157,2
DA:158,0
DA:159,0
DA:161,0
DA:162,0
DA:166,0
DA:168,0
LF:80
LH:23
BRDA:28,1,0,0
BRDA:28,1,1,0
BRDA:37,2,0,2
BRDA:37,2,1,2
BRDA:38,3,0,2
BRDA:38,3,1,2
BRDA:45,4,0,2
BRDA:45,4,1,0
BRDA:50,5,0,0
BRDA:50,5,1,0
BRDA:59,6,0,0
BRDA:59,6,1,0
BRDA:71,7,0,0
BRDA:71,7,1,0
BRDA:75,8,0,0
BRDA:75,8,1,0
BRDA:75,8,2,0
BRDA:83,9,0,0
BRDA:83,9,1,0
BRDA:91,10,0,0
BRDA:91,10,1,0
BRDA:95,11,0,0
BRDA:95,11,1,0
BRDA:95,12,0,0
BRDA:95,12,1,0
BRDA:95,12,2,0
BRDA:105,13,0,0
BRDA:105,13,1,0
BRDA:105,14,0,0
BRDA:105,14,1,0
BRDA:114,15,0,0
BRDA:114,15,1,0
BRDA:120,16,0,0
BRDA:120,16,1,0
BRDA:145,17,0,0
BRDA:145,17,1,0
BRDA:150,18,0,0
BRDA:150,18,1,0
BRDA:161,19,0,0
BRDA:161,19,1,0
BRF:40
BRH:5
end_of_record
TN:
SF:/home/travis/build/unosquare/tubular/src/js/tubular/directives/grid/components/tbTextSearch/tbTextSearch.js
FN:1,(anonymous_1)
FNF:1
FNH:1
FNDA:1,(anonymous_1)
DA:1,1
DA:4,1
LF:2
LH:2
BRF:0
BRH:0
end_of_record
TN:
SF:/home/travis/build/unosquare/tubular/src/js/tubular/directives/grid/components/tbTextSearch/tbTextSearchCtrl.js
FN:1,(anonymous_1)
FN:6,(anonymous_2)
FN:34,search
FNF:3
FNH:2
FNDA:1,(anonymous_1)
FNDA:3,(anonymous_2)
FNDA:0,search
DA:1,1
DA:4,1
DA:7,3
DA:9,3
DA:10,3
DA:11,3
DA:14,3
DA:15,0
DA:16,0
DA:19,0
DA:21,0
DA:22,0
DA:23,0
DA:26,0
DA:27,0
DA:30,0
DA:31,0
DA:34,1
DA:35,0
DA:36,0
DA:37,0
LF:21
LH:8
BRDA:10,1,0,3
BRDA:10,1,1,2
BRDA:15,2,0,0
BRDA:15,2,1,0
BRDA:15,3,0,0
BRDA:15,3,1,0
BRDA:21,4,0,0
BRDA:21,4,1,0
BRDA:21,5,0,0
BRDA:21,5,1,0
BRDA:26,6,0,0
BRDA:26,6,1,0
BRDA:26,7,0,0
BRDA:26,7,1,0
BRDA:26,7,2,0
BRF:15
BRH:2
end_of_record
TN:
SF:/home/travis/build/unosquare/tubular/src/js/tubular/directives/grid/tbGrid.js
FN:1,(anonymous_1)
FNF:1
FNH:1
FNDA:1,(anonymous_1)
DA:1,1
DA:4,1
LF:2
LH:2
BRF:0
BRH:0
end_of_record
TN:
SF:/home/travis/build/unosquare/tubular/src/js/tubular/directives/grid/tbGridCtrl.js
FN:13,(anonymous_1)
FN:168,addTimeZoneToUrl
FNF:2
FNH:1
FNDA:73,(anonymous_1)
FNDA:0,addTimeZoneToUrl
DA:1,1
DA:2,1
DA:4,1
DA:20,73
DA:21,73
DA:22,73
DA:24,73
DA:25,73
DA:27,73
DA:28,73
DA:29,73
DA:31,73
DA:32,73
DA:33,73
DA:34,73
DA:35,73
DA:36,73
DA:37,73
DA:38,73
DA:39,73
DA:40,73
DA:41,73
DA:42,73
DA:43,73
DA:44,73
DA:45,73
DA:46,73
DA:51,73
DA:52,73
DA:53,73
DA:54,73
DA:55,73
DA:56,73
DA:57,73
DA:58,73
DA:61,73
DA:64,73
DA:65,2
DA:66,0
DA:69,2
DA:72,73
DA:74,73
DA:75,2
DA:76,0
DA:79,2
DA:82,73
DA:84,73
DA:85,0
DA:86,0
DA:89,0
DA:92,73
DA:94,73
DA:95,2
DA:96,2
DA:97,1
DA:100,2
DA:104,73
DA:106,73
DA:107,1
DA:108,1
DA:112,73
DA:114,73
DA:115,3
DA:116,0
DA:119,3
DA:120,1
DA:122,2
DA:126,73
DA:127,1
DA:128,0
DA:131,1
DA:132,0
DA:135,1
DA:138,73
DA:139,3
DA:140,3
DA:141,3
DA:142,3
DA:144,3
DA:145,1
DA:149,73
DA:150,1
DA:151,1
DA:153,1
DA:154,0
DA:157,1
DA:160,0
DA:161,0
DA:163,0
DA:164,0
DA:168,1
DA:169,0
DA:175,73
DA:176,0
DA:177,0
DA:180,0
DA:181,0
DA:182,0
DA:185,0
DA:186,0
DA:187,0
DA:188,0
DA:189,0
DA:191,0
DA:193,0
DA:194,0
DA:195,0
DA:196,0
DA:197,0
DA:198,0
DA:199,0
DA:201,0
DA:211,0
DA:212,0
DA:213,0
DA:214,0
DA:215,0
DA:216,0
DA:218,0
DA:220,0
DA:221,0
DA:222,0
DA:224,0
DA:227,0
DA:230,73
DA:231,2
DA:232,2
DA:234,1
DA:235,1
DA:238,1
DA:239,1
DA:241,1
DA:242,0
DA:245,1
DA:247,1
DA:250,1
DA:251,1
DA:252,1
DA:256,1
DA:257,0
DA:260,1
DA:263,0
DA:268,73
DA:269,11
DA:270,10
DA:271,10
DA:274,11
DA:289,73
DA:291,8
DA:292,0
DA:295,8
DA:296,0
DA:299,8
DA:300,8
DA:302,8
DA:303,8
DA:306,8
DA:308,8
DA:309,8
DA:311,8
DA:313,8
DA:315,8
DA:317,8
DA:318,0
DA:319,0
DA:320,0
DA:323,73
DA:324,13
DA:326,13
DA:327,1
DA:333,1
DA:336,12
DA:338,12
DA:340,12
DA:341,1
DA:342,1
DA:345,11
DA:346,11
DA:347,11
DA:349,11
DA:350,0
DA:353,11
DA:356,11
DA:358,11
DA:359,11
DA:360,11
DA:361,11
DA:362,11
DA:363,11
DA:365,11
DA:366,10
DA:370,73
DA:371,14
DA:373,7
DA:374,1
DA:377,6
DA:379,6
DA:380,0
DA:384,6
DA:385,6
DA:390,6
DA:391,0
DA:392,0
DA:394,6
DA:395,6
DA:399,6
DA:400,6
DA:402,3
DA:403,3
DA:408,12
DA:411,6
DA:412,3
DA:415,9
DA:417,6
DA:418,6
DA:421,73
DA:422,0
DA:423,0
DA:424,0
DA:429,0
DA:430,0
DA:431,0
DA:432,0
DA:435,73
LF:224
LH:160
BRDA:27,1,0,73
BRDA:27,1,1,73
BRDA:31,2,0,73
BRDA:31,2,1,0
BRDA:32,3,0,73
BRDA:32,3,1,0
BRDA:32,4,0,73
BRDA:32,4,1,73
BRDA:33,5,0,73
BRDA:33,5,1,0
BRDA:34,6,0,73
BRDA:34,6,1,73
BRDA:35,7,0,73
BRDA:35,7,1,0
BRDA:42,8,0,73
BRDA:42,8,1,73
BRDA:43,9,0,73
BRDA:43,9,1,73
BRDA:45,10,0,73
BRDA:45,10,1,0
BRDA:45,11,0,73
BRDA:45,11,1,73
BRDA:48,12,0,73
BRDA:48,12,1,0
BRDA:53,13,0,0
BRDA:53,13,1,73
BRDA:54,14,0,73
BRDA:54,14,1,73
BRDA:56,15,0,73
BRDA:56,15,1,0
BRDA:57,16,0,73
BRDA:57,16,1,0
BRDA:58,17,0,73
BRDA:58,17,1,73
BRDA:65,18,0,0
BRDA:65,18,1,2
BRDA:65,19,0,2
BRDA:65,19,1,2
BRDA:75,20,0,0
BRDA:75,20,1,2
BRDA:75,21,0,2
BRDA:75,21,1,2
BRDA:75,21,2,2
BRDA:85,22,0,0
BRDA:85,22,1,0
BRDA:95,23,0,2
BRDA:95,23,1,0
BRDA:95,24,0,2
BRDA:95,24,1,2
BRDA:96,25,0,1
BRDA:96,25,1,1
BRDA:107,26,0,1
BRDA:107,26,1,0
BRDA:107,27,0,1
BRDA:107,27,1,1
BRDA:115,28,0,0
BRDA:115,28,1,3
BRDA:119,29,0,1
BRDA:119,29,1,2
BRDA:127,30,0,0
BRDA:127,30,1,1
BRDA:131,31,0,0
BRDA:131,31,1,1
BRDA:139,32,0,3
BRDA:139,32,1,2
BRDA:144,33,0,1
BRDA:144,33,1,2
BRDA:144,34,0,3
BRDA:144,34,1,3
BRDA:144,34,2,1
BRDA:153,35,0,0
BRDA:153,35,1,1
BRDA:170,36,0,0
BRDA:170,36,1,0
BRDA:176,37,0,0
BRDA:176,37,1,0
BRDA:180,38,0,0
BRDA:180,38,1,0
BRDA:180,39,0,0
BRDA:180,39,1,0
BRDA:180,39,2,0
BRDA:202,40,0,0
BRDA:202,40,1,0
BRDA:203,41,0,0
BRDA:203,41,1,0
BRDA:203,42,0,0
BRDA:203,42,1,0
BRDA:204,43,0,0
BRDA:204,43,1,0
BRDA:232,44,0,1
BRDA:232,44,1,1
BRDA:232,45,0,2
BRDA:232,45,1,1
BRDA:241,46,0,0
BRDA:241,46,1,1
BRDA:250,47,0,1
BRDA:250,47,1,0
BRDA:256,48,0,0
BRDA:256,48,1,1
BRDA:256,49,0,1
BRDA:256,49,1,0
BRDA:260,50,0,0
BRDA:260,50,1,1
BRDA:260,51,0,1
BRDA:260,51,1,0
BRDA:260,51,2,0
BRDA:269,52,0,10
BRDA:269,52,1,1
BRDA:271,53,0,7
BRDA:271,53,1,3
BRDA:276,54,0,11
BRDA:276,54,1,0
BRDA:291,55,0,0
BRDA:291,55,1,8
BRDA:291,56,0,8
BRDA:291,56,1,8
BRDA:295,57,0,0
BRDA:295,57,1,8
BRDA:302,58,0,8
BRDA:302,58,1,0
BRDA:303,59,0,8
BRDA:303,59,1,7
BRDA:306,60,0,2
BRDA:306,60,1,6
BRDA:309,61,0,8
BRDA:309,61,1,0
BRDA:326,62,0,1
BRDA:326,62,1,12
BRDA:326,63,0,13
BRDA:326,63,1,12
BRDA:340,64,0,1
BRDA:340,64,1,11
BRDA:365,65,0,10
BRDA:365,65,1,1
BRDA:373,66,0,1
BRDA:373,66,1,6
BRDA:379,67,0,0
BRDA:379,67,1,6
BRDA:385,68,0,5
BRDA:385,68,1,1
BRDA:387,69,0,1
BRDA:387,69,1,0
BRDA:390,70,0,0
BRDA:390,70,1,6
BRDA:399,71,0,3
BRDA:399,71,1,3
BRDA:412,72,0,0
BRDA:412,72,1,3
BRF:148
BRH:96
end_of_record
TN:
SF:/home/travis/build/unosquare/tubular/src/js/tubular/tubular.js
FN:1,(anonymous_1)
FNF:1
FNH:1
FNDA:1,(anonymous_1)
DA:1,1
DA:13,1
LF:2
LH:2
BRF:0
BRH:0
end_of_record
TN:
SF:/home/travis/build/unosquare/tubular/src/js/tubular/filters/errormessage.js
FN:1,(anonymous_1)
FN:16,(anonymous_2)
FNF:2
FNH:2
FNDA:1,(anonymous_1)
FNDA:3,(anonymous_2)
DA:1,1
DA:4,1
DA:17,3
DA:18,3
DA:19,1
DA:22,2
LF:6
LH:6
BRDA:18,1,0,1
BRDA:18,1,1,2
BRDA:18,2,0,3
BRDA:18,2,1,2
BRDA:18,2,2,1
BRDA:22,3,0,2
BRDA:22,3,1,1
BRF:7
BRH:7
end_of_record
TN:
SF:/home/travis/build/unosquare/tubular/src/js/tubular/filters/moment.js
FN:1,(anonymous_1)
FN:16,(anonymous_2)
FNF:2
FNH:2
FNDA:1,(anonymous_1)
FNDA:3,(anonymous_2)
DA:1,1
DA:4,1
DA:17,3
DA:18,3
LF:4
LH:4
BRDA:18,1,0,2
BRDA:18,1,1,1
BRDA:18,2,0,2
BRDA:18,2,1,1
BRF:4
BRH:4
end_of_record
TN:
SF:/home/travis/build/unosquare/tubular/src/js/tubular/filters/numberorcurrency.js
FN:1,(anonymous_1)
FN:17,(anonymous_2)
FNF:2
FNH:2
FNDA:1,(anonymous_1)
FNDA:5,(anonymous_2)
DA:1,1
DA:4,1
DA:18,5
DA:19,5
DA:21,5
DA:22,2
DA:25,3
LF:7
LH:7
BRDA:19,1,0,5
BRDA:19,1,1,4
BRDA:21,2,0,2
BRDA:21,2,1,3
BRDA:22,3,0,2
BRDA:22,3,1,1
BRDA:25,4,0,1
BRDA:25,4,1,2
BRF:8
BRH:8
end_of_record
TN:
SF:/home/travis/build/unosquare/tubular/src/js/tubular/filters/translate.js
FN:1,(anonymous_1)
FN:12,(anonymous_2)
FN:13,(anonymous_3)
FNF:3
FNH:3
FNDA:1,(anonymous_1)
FNDA:95,(anonymous_2)
FNDA:10,(anonymous_3)
DA:1,1
DA:4,1
DA:13,95
DA:14,10
DA:15,0
DA:18,10
DA:24,10
LF:7
LH:6
BRDA:14,1,0,0
BRDA:14,1,1,10
BRDA:19,2,0,10
BRDA:19,2,1,2
BRDA:20,3,0,10
BRDA:20,3,1,6
BRDA:21,4,0,10
BRDA:21,4,1,7
BRDA:22,5,0,10
BRDA:22,5,1,8
BRF:10
BRH:9
end_of_record
TN:
SF:/home/travis/build/unosquare/tubular/src/js/tubular-chart/chartjs/tbChartJs.js
FNF:0
FNH:0
DA:1,1
DA:2,1
DA:4,1
LF:3
LH:3
BRF:0
BRH:0
end_of_record
TN:
SF:/home/travis/build/unosquare/tubular/src/js/tubular-chart/chartjs/tbChartJsCtrl.js
FN:8,(anonymous_1)
FNF:1
FNH:0
FNDA:0,(anonymous_1)
DA:1,1
DA:2,1
DA:4,1
DA:11,0
DA:13,0
DA:14,0
DA:17,0
DA:21,0
DA:22,0
DA:25,0
DA:27,0
DA:28,0
DA:30,0
DA:31,0
DA:34,0
DA:38,0
DA:39,0
DA:42,0
DA:45,0
DA:47,0
DA:48,0
DA:49,0
DA:51,0
DA:52,0
DA:54,0
DA:57,0
DA:58,0
DA:59,0
DA:63,0
DA:64,0
DA:65,0
DA:67,0
LF:32
LH:3
BRDA:13,1,0,0
BRDA:13,1,1,0
BRDA:14,2,0,0
BRDA:14,2,1,0
BRDA:17,3,0,0
BRDA:17,3,1,0
BRDA:27,4,0,0
BRDA:27,4,1,0
BRDA:27,5,0,0
BRDA:27,5,1,0
BRDA:27,5,2,0
BRDA:30,6,0,0
BRDA:30,6,1,0
BRDA:38,7,0,0
BRDA:38,7,1,0
BRDA:51,8,0,0
BRDA:51,8,1,0
BRDA:58,9,0,0
BRDA:58,9,1,0
BRDA:58,10,0,0
BRDA:58,10,1,0
BRDA:64,11,0,0
BRDA:64,11,1,0
BRDA:64,12,0,0
BRDA:64,12,1,0
BRF:25
BRH:0
end_of_record
TN:
SF:/home/travis/build/unosquare/tubular/src/js/tubular-chart/tubular-directives-highcharts.js
FN:42,(anonymous_1)
FNF:1
FNH:0
FNDA:0,(anonymous_1)
DA:1,1
DA:2,1
DA:4,1
DA:43,0
DA:45,0
DA:46,0
DA:48,0
DA:77,0
DA:79,0
DA:80,0
DA:82,0
DA:85,0
DA:86,0
DA:90,0
DA:91,0
DA:93,0
DA:94,0
DA:95,0
DA:97,0
DA:98,0
DA:101,0
DA:104,0
DA:106,0
DA:107,0
DA:108,0
DA:110,0
DA:112,0
DA:115,0
DA:116,0
DA:117,0
DA:121,0
DA:122,0
DA:123,0
DA:127,0
DA:128,0
DA:129,0
LF:36
LH:3
BRDA:45,1,0,0
BRDA:45,1,1,0
BRDA:46,2,0,0
BRDA:46,2,1,0
BRDA:55,3,0,0
BRDA:55,3,1,0
BRDA:62,4,0,0
BRDA:62,4,1,0
BRDA:68,5,0,0
BRDA:68,5,1,0
BRDA:77,6,0,0
BRDA:77,6,1,0
BRDA:93,7,0,0
BRDA:93,7,1,0
BRDA:93,8,0,0
BRDA:93,8,1,0
BRDA:93,8,2,0
BRDA:97,9,0,0
BRDA:97,9,1,0
BRDA:106,10,0,0
BRDA:106,10,1,0
BRDA:112,11,0,0
BRDA:112,11,1,0
BRDA:112,12,0,0
BRDA:112,12,1,0
BRDA:115,13,0,0
BRDA:115,13,1,0
BRDA:122,14,0,0
BRDA:122,14,1,0
BRDA:122,15,0,0
BRDA:122,15,1,0
BRDA:122,15,2,0
BRDA:128,16,0,0
BRDA:128,16,1,0
BRDA:128,17,0,0
BRDA:128,17,1,0
BRF:36
BRH:0
end_of_record
