TN:
SF:/home/travis/build/unosquare/tubular/src/js/tubular/tubular-services.js
FN:2,(anonymous_1)
FNF:1
FNH:1
FNDA:1,(anonymous_1)
DA:2,1
DA:14,1
DA:18,220
DA:19,220
LF:4
LH:4
BRF:0
BRH:0
end_of_record
TN:
SF:/home/travis/build/unosquare/tubular/src/js/tubular/tubular-models.js
FN:1,(anonymous_1)
FNF:1
FNH:1
FNDA:1,(anonymous_1)
DA:1,1
DA:13,1
LF:2
LH:2
BRF:0
BRH:0
end_of_record
TN:
SF:/home/travis/build/unosquare/tubular/src/js/tubular/models/tubular-column.js
FN:13,(anonymous_1)
FN:14,(anonymous_2)
FN:27,(anonymous_3)
FNF:3
FNH:3
FNDA:77,(anonymous_1)
FNDA:5,(anonymous_2)
FNDA:5,(anonymous_3)
DA:1,1
DA:2,1
DA:4,1
DA:14,77
DA:15,5
DA:16,5
DA:18,5
DA:19,0
DA:22,5
DA:28,5
DA:29,5
DA:32,0
DA:33,0
DA:36,0
DA:37,0
DA:40,0
DA:50,5
LF:17
LH:11
BRDA:15,1,0,5
BRDA:15,1,1,4
BRDA:16,2,0,5
BRDA:16,2,1,5
BRDA:18,3,0,0
BRDA:18,3,1,5
BRDA:23,4,0,5
BRDA:23,4,1,4
BRDA:23,5,0,4
BRDA:23,5,1,0
BRDA:26,6,0,5
BRDA:26,6,1,5
BRDA:28,7,0,5
BRDA:28,7,1,0
BRDA:32,8,0,0
BRDA:32,8,1,0
BRDA:36,9,0,0
BRDA:36,9,1,0
BRDA:42,10,0,0
BRDA:42,10,1,5
BRDA:43,11,0,0
BRDA:43,11,1,5
BRDA:44,12,0,0
BRDA:44,12,1,5
BRDA:46,13,0,5
BRDA:46,13,1,0
BRDA:47,14,0,5
BRDA:47,14,1,5
BRF:28
BRH:17
end_of_record
TN:
SF:/home/travis/build/unosquare/tubular/src/js/tubular/models/tubular-model.js
FN:1,(anonymous_1)
FN:13,(anonymous_2)
FN:14,(anonymous_3)
FNF:3
FNH:3
FNDA:1,(anonymous_1)
FNDA:15,(anonymous_2)
FNDA:14,(anonymous_3)
DA:1,1
DA:4,1
DA:14,15
DA:15,14
DA:16,2
DA:23,2
DA:25,46
DA:26,14
DA:29,32
DA:30,32
DA:31,32
DA:33,2
DA:35,1
DA:36,13
DA:37,2
DA:41,1
DA:45,14
DA:46,14
DA:49,14
DA:50,14
DA:51,32
DA:53,32
DA:54,3
DA:55,1
DA:57,2
DA:60,32
DA:62,32
DA:63,15
DA:68,14
DA:69,14
DA:72,14
LF:31
LH:31
BRDA:16,1,0,2
BRDA:16,1,1,2
BRDA:23,2,0,1
BRDA:23,2,1,1
BRDA:25,3,0,14
BRDA:25,3,1,32
BRDA:31,4,0,0
BRDA:31,4,1,32
BRDA:36,5,0,2
BRDA:36,5,1,11
BRDA:45,6,0,7
BRDA:45,6,1,7
BRDA:49,7,0,14
BRDA:49,7,1,0
BRDA:51,8,0,17
BRDA:51,8,1,15
BRDA:53,9,0,3
BRDA:53,9,1,29
BRDA:53,10,0,32
BRDA:53,10,1,31
BRDA:53,10,2,30
BRDA:54,11,0,1
BRDA:54,11,1,2
BRDA:54,12,0,3
BRDA:54,12,1,3
BRDA:54,12,2,2
BRDA:57,13,0,1
BRDA:57,13,1,1
BRDA:62,14,0,15
BRDA:62,14,1,17
BRDA:68,15,0,14
BRDA:68,15,1,0
BRF:32
BRH:29
end_of_record
TN:
SF:/home/travis/build/unosquare/tubular/src/js/tubular/services/constants.js
FNF:0
FNH:0
DA:1,1
DA:2,1
DA:4,1
LF:3
LH:3
BRF:0
BRH:0
end_of_record
TN:
SF:/home/travis/build/unosquare/tubular/src/js/tubular/services/editor.js
FN:1,(anonymous_1)
FN:14,editorService
FN:24,setupScope
FNF:3
FNH:3
FNDA:1,(anonymous_1)
FNDA:15,editorService
FNDA:15,setupScope
DA:1,1
DA:4,1
DA:14,1
DA:15,15
DA:24,1
DA:25,15
DA:26,15
DA:27,15
DA:28,15
DA:29,15
DA:30,15
DA:31,15
DA:32,15
DA:35,15
DA:37,4
DA:38,4
DA:45,15
DA:46,0
DA:48,0
DA:49,0
DA:50,0
DA:52,0
DA:55,0
DA:58,0
DA:61,15
DA:63,0
DA:65,0
DA:68,15
DA:69,4
DA:70,4
DA:72,4
DA:74,1
DA:75,1
DA:77,1
DA:78,0
DA:81,1
DA:85,3
DA:86,0
DA:90,20
DA:91,10
DA:92,10
DA:95,0
DA:98,0
DA:99,0
DA:100,0
DA:103,0
DA:104,0
DA:105,0
DA:106,0
DA:107,0
DA:108,0
DA:112,0
DA:115,15
DA:118,15
DA:119,25
DA:122,0
DA:123,0
DA:126,0
DA:128,0
DA:130,0
DA:131,0
DA:133,0
DA:134,0
DA:135,0
DA:137,0
DA:138,0
DA:140,0
DA:143,0
DA:148,0
DA:149,0
DA:150,0
DA:154,0
DA:155,0
DA:156,0
DA:160,0
DA:161,0
DA:162,0
DA:165,0
DA:166,0
DA:169,0
DA:172,0
DA:175,0
DA:177,0
DA:178,0
DA:184,0
DA:185,0
DA:188,0
DA:189,0
DA:191,0
DA:192,0
DA:197,0
DA:199,0
DA:202,25
LF:93
LH:34
BRDA:25,1,0,15
BRDA:25,1,1,5
BRDA:26,2,0,5
BRDA:26,2,1,10
BRDA:27,3,0,15
BRDA:27,3,1,15
BRDA:28,4,0,15
BRDA:28,4,1,10
BRDA:28,5,0,10
BRDA:28,5,1,0
BRDA:29,6,0,15
BRDA:29,6,1,15
BRDA:30,7,0,15
BRDA:30,7,1,15
BRDA:31,8,0,15
BRDA:31,8,1,15
BRDA:49,9,0,0
BRDA:49,9,1,0
BRDA:52,10,0,0
BRDA:52,10,1,0
BRDA:65,11,0,0
BRDA:65,11,1,0
BRDA:72,12,0,1
BRDA:72,12,1,3
BRDA:72,13,0,4
BRDA:72,13,1,2
BRDA:72,13,2,3
BRDA:72,13,3,0
BRDA:72,13,4,0
BRDA:77,14,0,0
BRDA:77,14,1,1
BRDA:85,15,0,0
BRDA:85,15,1,3
BRDA:91,16,0,10
BRDA:91,16,1,0
BRDA:91,17,0,10
BRDA:91,17,1,10
BRDA:98,18,0,0
BRDA:98,18,1,0
BRDA:99,19,0,0
BRDA:99,19,1,0
BRDA:103,20,0,0
BRDA:103,20,1,0
BRDA:105,21,0,0
BRDA:105,21,1,0
BRDA:107,22,0,0
BRDA:107,22,1,0
BRDA:119,23,0,0
BRDA:119,23,1,25
BRDA:119,24,0,25
BRDA:119,24,1,25
BRDA:122,25,0,0
BRDA:122,25,1,0
BRDA:126,26,0,0
BRDA:126,26,1,0
BRDA:133,27,0,0
BRDA:133,27,1,0
BRDA:134,28,0,0
BRDA:134,28,1,0
BRDA:135,29,0,0
BRDA:135,29,1,0
BRDA:135,30,0,0
BRDA:135,30,1,0
BRDA:135,30,2,0
BRDA:135,30,3,0
BRDA:137,31,0,0
BRDA:137,31,1,0
BRDA:137,32,0,0
BRDA:137,32,1,0
BRDA:149,33,0,0
BRDA:149,33,1,0
BRDA:155,34,0,0
BRDA:155,34,1,0
BRDA:160,35,0,0
BRDA:160,35,1,0
BRDA:160,36,0,0
BRDA:160,36,1,0
BRDA:160,36,2,0
BRDA:161,37,0,0
BRDA:161,37,1,0
BRDA:161,38,0,0
BRDA:161,38,1,0
BRDA:161,38,2,0
BRDA:165,39,0,0
BRDA:165,39,1,0
BRDA:165,40,0,0
BRDA:165,40,1,0
BRDA:172,41,0,0
BRDA:172,41,1,0
BRDA:184,42,0,0
BRDA:184,42,1,0
BRDA:188,43,0,0
BRDA:188,43,1,0
BRDA:191,44,0,0
BRDA:191,44,1,0
BRF:95
BRH:28
end_of_record
TN:
SF:/home/travis/build/unosquare/tubular/src/js/tubular/services/gridExport.js
FN:2,(anonymous_1)
FN:15,(anonymous_2)
FN:94,getColumns
FN:98,getColumnsVisibility
FN:102,exportToCsv
FNF:5
FNH:1
FNDA:1,(anonymous_1)
FNDA:0,(anonymous_2)
FNDA:0,getColumns
FNDA:0,getColumnsVisibility
FNDA:0,exportToCsv
DA:2,1
DA:5,1
DA:16,0
DA:18,0
DA:19,0
DA:20,0
DA:22,0
DA:23,0
DA:24,0
DA:25,0
DA:27,0
DA:30,0
DA:32,0
DA:33,0
DA:35,0
DA:36,0
DA:40,0
DA:41,0
DA:44,0
DA:45,0
DA:47,0
DA:48,0
DA:49,0
DA:53,0
DA:54,0
DA:56,0
DA:57,0
DA:61,0
DA:62,0
DA:65,0
DA:66,0
DA:68,0
DA:71,0
DA:77,0
DA:78,0
DA:80,0
DA:81,0
DA:84,0
DA:85,0
DA:86,0
DA:87,0
DA:88,0
DA:94,1
DA:95,0
DA:98,1
DA:99,0
DA:102,1
DA:103,0
DA:104,0
DA:105,0
DA:108,0
DA:109,0
DA:110,0
DA:111,0
DA:113,0
DA:114,0
DA:117,0
DA:119,0
DA:120,0
DA:123,0
DA:124,0
DA:127,0
DA:131,0
DA:134,0
DA:136,0
DA:137,0
DA:140,0
DA:143,0
LF:68
LH:5
BRDA:40,1,0,0
BRDA:40,1,1,0
BRDA:40,2,0,0
BRDA:40,2,1,0
BRDA:57,3,0,0
BRDA:57,3,1,0
BRDA:61,4,0,0
BRDA:61,4,1,0
BRDA:66,5,0,0
BRDA:66,5,1,0
BRDA:66,6,0,0
BRDA:66,6,1,0
BRDA:80,7,0,0
BRDA:80,7,1,0
BRDA:104,8,0,0
BRDA:104,8,1,0
BRDA:110,9,0,0
BRDA:110,9,1,0
BRDA:111,10,0,0
BRDA:111,10,1,0
BRDA:113,11,0,0
BRDA:113,11,1,0
BRDA:119,12,0,0
BRDA:119,12,1,0
BRDA:123,13,0,0
BRDA:123,13,1,0
BRDA:136,14,0,0
BRDA:136,14,1,0
BRF:28
BRH:0
end_of_record
TN:
SF:/home/travis/build/unosquare/tubular/src/js/tubular/services/http.js
FN:1,(anonymous_1)
FN:21,(anonymous_2)
FN:31,init
FN:39,isAuthenticationExpired
FN:57,(anonymous_5)
FN:66,(anonymous_6)
FNF:6
FNH:6
FNDA:1,(anonymous_1)
FNDA:49,(anonymous_2)
FNDA:49,init
FNDA:6,isAuthenticationExpired
FNDA:5,(anonymous_5)
FNDA:2,(anonymous_6)
DA:1,1
DA:4,1
DA:27,49
DA:28,49
DA:29,49
DA:31,1
DA:32,49
DA:34,49
DA:35,2
DA:39,1
DA:40,6
DA:41,6
DA:43,6
DA:46,49
DA:53,49
DA:55,49
DA:57,49
DA:58,5
DA:59,5
DA:60,5
DA:61,5
DA:62,5
DA:63,5
DA:66,49
DA:67,2
DA:69,2
DA:75,1
DA:76,1
DA:78,1
DA:79,1
DA:83,49
DA:84,2
DA:85,2
DA:86,2
DA:87,2
DA:88,2
DA:89,2
DA:90,2
DA:92,2
DA:95,49
LF:40
LH:40
BRDA:34,1,0,2
BRDA:34,1,1,47
BRDA:55,2,0,5
BRDA:55,2,1,3
BRDA:85,3,0,2
BRDA:85,3,1,2
BRDA:85,3,2,1
BRF:7
BRH:7
end_of_record
TN:
SF:/home/travis/build/unosquare/tubular/src/js/tubular/services/localPager.js
FN:1,(anonymous_1)
FN:16,localPager
FN:42,sort
FN:54,search
FN:70,filter
FN:91,format
FN:105,createEmptyResponse
FNF:7
FNH:7
FNDA:1,(anonymous_1)
FNDA:82,localPager
FNDA:8,sort
FNDA:8,search
FNDA:8,filter
FNDA:8,format
FNDA:10,createEmptyResponse
DA:1,1
DA:4,1
DA:14,1
DA:16,1
DA:17,82
DA:18,10
DA:19,10
DA:20,8
DA:21,8
DA:23,8
DA:24,1
DA:25,3
DA:27,36
DA:30,8
DA:31,8
DA:32,8
DA:34,8
DA:37,2
DA:42,1
DA:43,8
DA:44,24
DA:45,24
DA:47,8
DA:48,2
DA:51,8
DA:54,1
DA:55,8
DA:56,2
DA:57,6
DA:58,6
DA:60,2
DA:61,2
DA:63,36
DA:67,6
DA:70,1
DA:73,8
DA:74,24
DA:75,24
DA:77,8
DA:78,6
DA:82,24
DA:84,24
DA:85,8
DA:87,16
DA:91,1
DA:92,8
DA:93,8
DA:94,8
DA:95,8
DA:96,8
DA:98,8
DA:99,8
DA:102,8
DA:105,1
DA:106,10
LF:55
LH:55
BRDA:19,1,0,8
BRDA:19,1,1,2
BRDA:19,2,0,10
BRDA:19,2,1,8
BRDA:23,3,0,1
BRDA:23,3,1,7
BRDA:44,4,0,2
BRDA:44,4,1,22
BRDA:44,5,0,1
BRDA:44,5,1,1
BRDA:55,6,0,2
BRDA:55,6,1,6
BRDA:55,7,0,8
BRDA:55,7,1,8
BRDA:55,7,2,2
BRDA:57,8,0,4
BRDA:57,8,1,2
BRDA:60,9,0,2
BRDA:60,9,1,0
BRDA:63,10,0,36
BRDA:63,10,1,36
BRDA:74,11,0,2
BRDA:74,11,1,22
BRDA:74,12,0,24
BRDA:74,12,1,24
BRDA:77,13,0,6
BRDA:77,13,1,2
BRDA:84,14,0,8
BRDA:84,14,1,16
BRDA:84,15,0,24
BRDA:84,15,1,12
BRDA:98,16,0,8
BRDA:98,16,1,0
BRF:33
BRH:31
end_of_record
TN:
SF:/home/travis/build/unosquare/tubular/src/js/tubular/services/modelSaver.js
FN:1,(anonymous_1)
FN:14,(anonymous_2)
FN:15,addTimeZoneToUrl
FNF:3
FNH:2
FNDA:1,(anonymous_1)
FNDA:73,(anonymous_2)
FNDA:0,addTimeZoneToUrl
DA:1,1
DA:4,1
DA:15,1
DA:16,0
DA:19,73
DA:30,0
DA:31,0
DA:34,0
DA:35,0
DA:36,0
DA:38,0
DA:39,0
DA:40,0
DA:41,0
DA:42,0
DA:43,0
DA:44,0
DA:45,0
DA:47,0
LF:19
LH:4
BRDA:16,1,0,0
BRDA:16,1,1,0
BRDA:30,2,0,0
BRDA:30,2,1,0
BRDA:48,3,0,0
BRDA:48,3,1,0
BRDA:49,4,0,0
BRDA:49,4,1,0
BRDA:49,5,0,0
BRDA:49,5,1,0
BRDA:50,6,0,0
BRDA:50,6,1,0
BRF:12
BRH:0
end_of_record
TN:
SF:/home/travis/build/unosquare/tubular/src/js/tubular/services/popup.js
FN:1,(anonymous_1)
FN:16,(anonymous_2)
FNF:2
FNH:2
FNDA:1,(anonymous_1)
FNDA:77,(anonymous_2)
DA:1,1
DA:4,1
DA:21,77
DA:23,0
DA:25,0
DA:29,0
DA:31,0
DA:44,2
DA:45,1
DA:48,2
DA:55,2
DA:56,2
LF:12
LH:8
BRDA:44,1,0,1
BRDA:44,1,1,1
BRF:2
BRH:2
end_of_record
TN:
SF:/home/travis/build/unosquare/tubular/src/js/tubular/services/popupCtrl.js
FN:11,(anonymous_1)
FNF:1
FNH:1
FNDA:3,(anonymous_1)
DA:1,1
DA:2,1
DA:4,1
DA:18,3
DA:20,3
DA:21,0
DA:24,0
DA:25,0
DA:26,0
DA:29,0
DA:32,3
DA:33,0
DA:34,0
DA:37,0
DA:40,3
DA:41,0
DA:42,0
LF:17
LH:7
BRDA:21,1,0,0
BRDA:21,1,1,0
BRDA:24,2,0,0
BRDA:24,2,1,0
BRDA:24,3,0,0
BRDA:24,3,1,0
BRDA:24,3,2,0
BRDA:33,4,0,0
BRDA:33,4,1,0
BRF:9
BRH:0
end_of_record
TN:
SF:/home/travis/build/unosquare/tubular/src/js/tubular/services/template.js
FN:17,(anonymous_1)
FN:157,(anonymous_2)
FN:234,(anonymous_3)
FN:476,(anonymous_4)
FN:487,(anonymous_5)
FNF:5
FNH:3
FNDA:93,(anonymous_1)
FNDA:1,(anonymous_2)
FNDA:21,(anonymous_3)
FNDA:0,(anonymous_4)
FNDA:0,(anonymous_5)
DA:1,1
DA:2,1
DA:4,1
DA:21,93
DA:23,93
DA:24,93
DA:25,93
DA:28,93
DA:125,93
DA:133,93
DA:134,14
DA:135,15
DA:136,14
DA:138,14
DA:143,93
DA:144,14
DA:157,93
DA:158,1
DA:159,1
DA:161,1
DA:162,1
DA:163,1
DA:166,1
DA:167,1
DA:175,1
DA:176,1
DA:179,1
DA:180,1
DA:184,1
DA:185,1
DA:188,1
DA:189,1
DA:191,1
DA:215,93
DA:216,151
DA:218,22
DA:220,22
DA:222,22
DA:224,85
DA:234,93
DA:235,21
DA:236,21
DA:238,21
DA:239,149
DA:242,149
DA:243,2
DA:246,147
DA:247,21
DA:252,126
DA:253,21
DA:254,105
DA:255,21
DA:261,84
DA:263,84
DA:264,21
DA:267,84
DA:271,21
DA:273,21
DA:274,147
DA:275,147
DA:278,147
DA:279,147
DA:280,147
DA:281,147
DA:282,147
DA:283,147
DA:284,147
DA:286,147
DA:287,147
DA:288,147
DA:289,147
DA:290,147
DA:291,147
DA:293,147
DA:294,126
DA:297,21
DA:298,21
DA:299,21
DA:300,21
DA:303,21
DA:306,93
DA:307,3
DA:308,3
DA:310,3
DA:319,93
DA:320,2
DA:321,2
DA:323,2
DA:325,2
DA:335,93
DA:336,3
DA:337,3
DA:338,3
DA:340,3
DA:341,1
DA:343,2
DA:346,7
DA:348,7
DA:351,7
DA:353,7
DA:355,7
DA:360,3
DA:382,93
DA:383,56
DA:384,120
DA:385,56
DA:387,56
DA:400,93
DA:401,0
DA:412,0
DA:443,0
DA:452,0
DA:454,0
DA:455,0
DA:457,0
DA:459,0
DA:460,0
DA:463,0
DA:465,0
DA:468,0
DA:469,0
DA:470,0
DA:471,0
DA:476,0
DA:477,0
DA:479,0
DA:480,0
DA:483,0
DA:484,0
DA:487,0
DA:488,0
DA:489,0
DA:492,0
DA:493,0
DA:496,0
DA:497,0
DA:498,0
DA:499,0
DA:502,0
DA:503,0
DA:504,0
DA:507,0
DA:509,0
DA:510,0
DA:511,0
DA:512,0
DA:516,0
DA:518,0
DA:519,0
DA:520,0
DA:524,0
DA:525,0
DA:528,0
DA:529,0
DA:530,0
DA:532,0
DA:533,0
DA:537,0
DA:540,0
DA:541,0
DA:542,0
DA:544,0
DA:547,0
DA:549,0
DA:550,0
DA:554,0
DA:555,0
DA:557,0
DA:558,0
LF:169
LH:108
BRDA:25,1,0,93
BRDA:25,1,1,93
BRDA:125,2,0,0
BRDA:125,2,1,93
BRDA:134,3,0,7
BRDA:134,3,1,7
BRDA:136,4,0,14
BRDA:136,4,1,0
BRDA:139,5,0,7
BRDA:139,5,1,7
BRDA:146,6,0,14
BRDA:146,6,1,0
BRDA:147,7,0,14
BRDA:147,7,1,0
BRDA:161,8,0,1
BRDA:161,8,1,0
BRDA:166,9,0,1
BRDA:166,9,1,0
BRDA:175,10,0,1
BRDA:175,10,1,0
BRDA:179,11,0,1
BRDA:179,11,1,0
BRDA:184,12,0,1
BRDA:184,12,1,0
BRDA:193,13,0,0
BRDA:193,13,1,1
BRDA:193,14,0,0
BRDA:193,14,1,1
BRDA:202,15,0,0
BRDA:202,15,1,1
BRDA:203,16,0,0
BRDA:203,16,1,0
BRDA:211,17,0,0
BRDA:211,17,1,1
BRDA:216,18,0,22
BRDA:216,18,1,22
BRDA:216,18,2,22
BRDA:216,18,3,85
BRDA:235,19,0,20
BRDA:235,19,1,1
BRDA:235,20,0,21
BRDA:235,20,1,20
BRDA:242,21,0,2
BRDA:242,21,1,147
BRDA:242,22,0,149
BRDA:242,22,1,148
BRDA:242,22,2,147
BRDA:246,23,0,21
BRDA:246,23,1,126
BRDA:246,24,0,147
BRDA:246,24,1,126
BRDA:252,25,0,21
BRDA:252,25,1,105
BRDA:252,26,0,126
BRDA:252,26,1,126
BRDA:254,27,0,21
BRDA:254,27,1,84
BRDA:254,28,0,105
BRDA:254,28,1,105
BRDA:263,29,0,21
BRDA:263,29,1,63
BRDA:293,30,0,126
BRDA:293,30,1,21
BRDA:308,31,0,3
BRDA:308,31,1,1
BRDA:336,32,0,1
BRDA:336,32,1,2
BRDA:340,33,0,1
BRDA:340,33,1,2
BRDA:344,34,0,1
BRDA:344,34,1,1
BRDA:369,35,0,3
BRDA:369,35,1,0
BRDA:388,36,0,32
BRDA:388,36,1,24
BRDA:389,37,0,48
BRDA:389,37,1,8
BRDA:392,38,0,40
BRDA:392,38,1,16
BRDA:393,39,0,48
BRDA:393,39,1,8
BRDA:394,40,0,56
BRDA:394,40,1,0
BRDA:395,41,0,16
BRDA:395,41,1,40
BRDA:396,42,0,56
BRDA:396,42,1,0
BRDA:444,43,0,0
BRDA:444,43,1,0
BRDA:445,44,0,0
BRDA:445,44,1,0
BRDA:446,45,0,0
BRDA:446,45,1,0
BRDA:447,46,0,0
BRDA:447,46,1,0
BRDA:448,47,0,0
BRDA:448,47,1,0
BRDA:448,47,2,0
BRDA:452,48,0,0
BRDA:452,48,1,0
BRDA:457,49,0,0
BRDA:457,49,1,0
BRDA:459,50,0,0
BRDA:459,50,1,0
BRDA:463,51,0,0
BRDA:463,51,1,0
BRDA:463,52,0,0
BRDA:463,52,1,0
BRDA:463,52,2,0
BRDA:463,52,3,0
BRDA:464,53,0,0
BRDA:464,53,1,0
BRDA:468,54,0,0
BRDA:468,54,1,0
BRDA:479,55,0,0
BRDA:479,55,1,0
BRDA:488,56,0,0
BRDA:488,56,1,0
BRDA:492,57,0,0
BRDA:492,57,1,0
BRDA:492,58,0,0
BRDA:492,58,1,0
BRDA:510,59,0,0
BRDA:510,59,1,0
BRDA:519,60,0,0
BRDA:519,60,1,0
BRDA:524,61,0,0
BRDA:524,61,1,0
BRDA:529,62,0,0
BRDA:529,62,1,0
BRDA:532,63,0,0
BRDA:532,63,1,0
BRDA:544,64,0,0
BRDA:544,64,1,0
BRDA:544,65,0,0
BRDA:544,65,1,0
BRDA:544,65,2,0
BRDA:549,66,0,0
BRDA:549,66,1,0
BRDA:554,67,0,0
BRDA:554,67,1,0
BRDA:554,68,0,0
BRDA:554,68,1,0
BRDA:557,69,0,0
BRDA:557,69,1,0
BRF:145
BRH:69
end_of_record
TN:
SF:/home/travis/build/unosquare/tubular/src/js/tubular/services/translate.js
FN:1,(anonymous_1)
FN:12,(anonymous_2)
FNF:2
FNH:2
FNDA:1,(anonymous_1)
FNDA:93,(anonymous_2)
DA:1,1
DA:4,1
DA:13,93
DA:15,93
DA:16,93
DA:18,93
DA:130,93
DA:132,93
DA:133,1
DA:136,1
DA:139,93
DA:140,6
DA:142,6
LF:13
LH:13
BRDA:133,1,0,1
BRDA:133,1,1,1
BRDA:133,1,2,0
BRDA:140,2,0,6
BRDA:140,2,1,1
BRDA:142,3,0,6
BRDA:142,3,1,0
BRF:7
BRH:5
end_of_record
TN:
SF:/home/travis/build/unosquare/tubular/src/js/tubular/services/tubularConfig.js
FN:5,(anonymous_1)
FN:45,setPlatformConfig
FN:56,addConfig
FN:74,createConfig
FN:75,(anonymous_5)
FN:84,(anonymous_6)
FN:105,stringObj
FN:120,(anonymous_8)
FNF:8
FNH:8
FNDA:220,(anonymous_1)
FNDA:221,setPlatformConfig
FNDA:663,addConfig
FNDA:1763,createConfig
FNDA:4189,(anonymous_5)
FNDA:230,(anonymous_6)
FNDA:199,stringObj
FNDA:132,(anonymous_8)
DA:1,1
DA:2,1
DA:4,1
DA:7,220
DA:8,220
DA:9,220
DA:11,220
DA:26,220
DA:30,220
DA:45,1
DA:46,221
DA:47,221
DA:49,221
DA:51,221
DA:56,1
DA:57,663
DA:58,2210
DA:59,1989
DA:60,442
DA:61,0
DA:63,442
DA:65,1547
DA:66,1
DA:74,1
DA:75,1763
DA:77,4189
DA:79,1322
DA:80,1322
DA:84,2867
DA:85,230
DA:86,21
DA:87,21
DA:89,209
DA:96,199
DA:98,10
DA:105,1
DA:106,199
DA:107,199
DA:108,597
DA:109,597
DA:111,0
DA:114,199
DA:117,220
DA:120,220
DA:121,132
LF:45
LH:43
BRDA:58,1,0,1989
BRDA:58,1,1,221
BRDA:58,2,0,2210
BRDA:58,2,1,1989
BRDA:59,3,0,442
BRDA:59,3,1,1547
BRDA:60,4,0,0
BRDA:60,4,1,442
BRDA:65,5,0,1
BRDA:65,5,1,1546
BRDA:77,6,0,1322
BRDA:77,6,1,2867
BRDA:85,7,0,21
BRDA:85,7,1,209
BRDA:89,8,0,199
BRDA:89,8,1,10
BRDA:108,9,0,597
BRDA:108,9,1,0
BRDA:108,10,0,597
BRDA:108,10,1,597
BRF:20
BRH:18
end_of_record
TN:
SF:/home/travis/build/unosquare/tubular/src/js/tubular/interceptors/auth.js
FN:1,(anonymous_1)
FN:14,(anonymous_2)
FN:29,request
FN:69,checkIsWhiteListedUrl
FN:73,checkStatic
FN:77,requestError
FN:81,response
FN:85,resolveRefreshToken
FN:121,responseError
FNF:9
FNH:8
FNDA:1,(anonymous_1)
FNDA:128,(anonymous_2)
FNDA:45,request
FNDA:45,checkIsWhiteListedUrl
FNDA:43,checkStatic
FNDA:0,requestError
FNDA:35,response
FNDA:2,resolveRefreshToken
FNDA:6,responseError
DA:1,1
DA:13,1
DA:16,128
DA:17,128
DA:18,128
DA:20,128
DA:27,128
DA:29,1
DA:31,45
DA:32,0
DA:35,45
DA:36,2
DA:40,43
DA:41,43
DA:42,43
DA:45,43
DA:50,2
DA:51,1
DA:56,1
DA:59,0
DA:62,1
DA:66,42
DA:69,1
DA:70,45
DA:73,1
DA:74,43
DA:77,1
DA:78,0
DA:81,1
DA:82,35
DA:85,1
DA:86,2
DA:88,2
DA:90,2
DA:91,2
DA:99,2
DA:100,1
DA:101,1
DA:103,1
DA:104,1
DA:105,1
DA:106,1
DA:109,0
DA:112,1
DA:113,1
DA:114,1
DA:116,1
DA:117,1
DA:121,1
DA:122,6
DA:124,6
DA:125,5
DA:127,5
DA:130,4
DA:132,4
DA:136,2
DA:137,2
DA:140,2
DA:141,2
DA:146,4
DA:148,4
LF:61
LH:57
BRDA:31,1,0,0
BRDA:31,1,1,45
BRDA:35,2,0,2
BRDA:35,2,1,43
BRDA:42,3,0,43
BRDA:42,3,1,6
BRDA:45,4,0,2
BRDA:45,4,1,41
BRDA:45,5,0,43
BRDA:45,5,1,7
BRDA:45,5,2,2
BRDA:45,5,3,2
BRDA:50,6,0,1
BRDA:50,6,1,1
BRDA:56,7,0,0
BRDA:56,7,1,1
BRDA:56,8,0,1
BRDA:56,8,1,1
BRDA:56,8,2,1
BRDA:90,9,0,2
BRDA:90,9,1,0
BRDA:103,10,0,1
BRDA:103,10,1,0
BRDA:124,11,0,5
BRDA:124,11,1,1
BRDA:127,12,0,4
BRDA:127,12,1,1
BRDA:127,13,0,5
BRDA:127,13,1,4
BRDA:132,14,0,2
BRDA:132,14,1,2
BRDA:132,15,0,4
BRDA:132,15,1,2
BRDA:132,15,2,2
BRDA:132,15,3,2
BRF:35
BRH:31
end_of_record
TN:
SF:/home/travis/build/unosquare/tubular/src/js/tubular/interceptors/no-cache.js
FN:14,(anonymous_1)
FNF:1
FNH:1
FNDA:132,(anonymous_1)
DA:1,1
DA:2,1
DA:13,1
DA:16,132
DA:19,40
DA:20,5
DA:24,35
DA:26,35
DA:27,2
DA:28,2
DA:31,35
LF:11
LH:11
BRDA:19,1,0,5
BRDA:19,1,1,35
BRDA:26,2,0,2
BRDA:26,2,1,33
BRDA:27,3,0,2
BRDA:27,3,1,0
BRF:6
BRH:5
end_of_record
TN:
SF:/home/travis/build/unosquare/tubular/src/js/tubular/tubular-directives.js
FN:30,(anonymous_1)
FN:41,(anonymous_2)
FN:49,InitFromColumns
FN:94,(anonymous_4)
FN:106,(anonymous_5)
FN:114,InitFromColumns
FN:159,(anonymous_7)
FN:180,(anonymous_8)
FN:229,(anonymous_9)
FN:238,(anonymous_10)
FN:269,(anonymous_11)
FN:278,(anonymous_12)
FN:298,(anonymous_13)
FN:308,(anonymous_14)
FN:338,(anonymous_15)
FN:365,(anonymous_16)
FN:376,(anonymous_17)
FN:398,(anonymous_18)
FN:408,(anonymous_19)
FNF:19
FNH:0
FNDA:0,(anonymous_1)
FNDA:0,(anonymous_2)
FNDA:0,InitFromColumns
FNDA:0,(anonymous_4)
FNDA:0,(anonymous_5)
FNDA:0,InitFromColumns
FNDA:0,(anonymous_7)
FNDA:0,(anonymous_8)
FNDA:0,(anonymous_9)
FNDA:0,(anonymous_10)
FNDA:0,(anonymous_11)
FNDA:0,(anonymous_12)
FNDA:0,(anonymous_13)
FNDA:0,(anonymous_14)
FNDA:0,(anonymous_15)
FNDA:0,(anonymous_16)
FNDA:0,(anonymous_17)
FNDA:0,(anonymous_18)
FNDA:0,(anonymous_19)
DA:1,1
DA:2,1
DA:14,1
DA:31,0
DA:42,0
DA:43,0
DA:46,0
DA:49,1
DA:50,0
DA:52,0
DA:54,0
DA:55,0
DA:59,0
DA:61,0
DA:63,0
DA:64,0
DA:65,0
DA:66,0
DA:68,0
DA:69,0
DA:70,0
DA:73,0
DA:95,0
DA:107,0
DA:108,0
DA:111,0
DA:114,1
DA:115,0
DA:117,0
DA:119,0
DA:120,0
DA:124,0
DA:125,0
DA:126,0
DA:127,0
DA:128,0
DA:131,0
DA:160,0
DA:181,0
DA:182,0
DA:184,0
DA:186,0
DA:187,0
DA:188,0
DA:192,0
DA:193,0
DA:195,0
DA:198,0
DA:210,0
DA:211,0
DA:230,0
DA:239,0
DA:242,0
DA:246,0
DA:247,0
DA:250,0
DA:251,0
DA:271,0
DA:279,0
DA:280,0
DA:300,0
DA:309,0
DA:310,0
DA:329,0
DA:339,0
DA:340,0
DA:341,0
DA:343,0
DA:347,0
DA:367,0
DA:377,0
DA:378,0
DA:379,0
DA:382,0
DA:384,0
DA:385,0
DA:386,0
DA:388,0
DA:389,0
DA:400,0
DA:409,0
DA:410,0
DA:411,0
DA:414,0
DA:416,0
DA:417,0
DA:418,0
DA:420,0
DA:421,0
LF:89
LH:5
BRDA:52,1,0,0
BRDA:52,1,1,0
BRDA:54,2,0,0
BRDA:54,2,1,0
BRDA:59,3,0,0
BRDA:59,3,1,0
BRDA:59,4,0,0
BRDA:59,4,1,0
BRDA:73,5,0,0
BRDA:73,5,1,0
BRDA:117,6,0,0
BRDA:117,6,1,0
BRDA:119,7,0,0
BRDA:119,7,1,0
BRDA:124,8,0,0
BRDA:124,8,1,0
BRDA:124,9,0,0
BRDA:124,9,1,0
BRDA:181,10,0,0
BRDA:181,10,1,0
BRDA:187,11,0,0
BRDA:187,11,1,0
BRDA:246,12,0,0
BRDA:246,12,1,0
BRDA:250,13,0,0
BRDA:250,13,1,0
BRDA:279,14,0,0
BRDA:279,14,1,0
BRDA:309,15,0,0
BRDA:309,15,1,0
BRDA:378,16,0,0
BRDA:378,16,1,0
BRDA:379,17,0,0
BRDA:379,17,1,0
BRDA:384,18,0,0
BRDA:384,18,1,0
BRDA:388,19,0,0
BRDA:388,19,1,0
BRDA:410,20,0,0
BRDA:410,20,1,0
BRDA:411,21,0,0
BRDA:411,21,1,0
BRDA:416,22,0,0
BRDA:416,22,1,0
BRDA:420,23,0,0
BRDA:420,23,1,0
BRF:46
BRH:0
end_of_record
TN:
SF:/home/travis/build/unosquare/tubular/src/js/tubular/directives/editors/tbSimpleEditor.js
FN:5,(anonymous_1)
FNF:1
FNH:1
FNDA:10,(anonymous_1)
DA:1,1
DA:2,1
DA:4,1
DA:6,10
DA:8,10
DA:9,4
DA:10,1
DA:12,1
DA:13,1
DA:14,1
DA:15,1
DA:19,3
DA:20,1
DA:21,1
DA:22,1
DA:23,1
DA:24,1
DA:28,2
DA:29,1
DA:30,1
DA:31,1
DA:32,1
DA:36,1
DA:37,1
DA:38,1
DA:39,1
DA:40,1
DA:45,10
DA:48,1
LF:29
LH:29
BRDA:9,1,0,1
BRDA:9,1,1,3
BRDA:9,2,0,4
BRDA:9,2,1,1
BRDA:12,3,0,1
BRDA:12,3,1,0
BRDA:14,4,0,1
BRDA:14,4,1,1
BRDA:19,5,0,1
BRDA:19,5,1,2
BRDA:20,6,0,1
BRDA:20,6,1,0
BRDA:28,7,0,1
BRDA:28,7,1,1
BRDA:28,8,0,2
BRDA:28,8,1,1
BRDA:29,9,0,1
BRDA:29,9,1,0
BRDA:36,10,0,1
BRDA:36,10,1,0
BRDA:36,11,0,1
BRDA:36,11,1,1
BRDA:37,12,0,1
BRDA:37,12,1,0
BRF:24
BRH:19
end_of_record
TN:
SF:/home/travis/build/unosquare/tubular/src/js/tubular/directives/form/tbForm.js
FN:32,(anonymous_1)
FNF:1
FNH:1
FNDA:9,(anonymous_1)
DA:1,1
DA:2,1
DA:4,1
DA:33,9
DA:50,9
LF:5
LH:5
BRF:0
BRH:0
end_of_record
TN:
SF:/home/travis/build/unosquare/tubular/src/js/tubular/directives/form/tbFormCtrl.js
FN:14,(anonymous_1)
FN:25,getUrlWithKey
FN:65,(anonymous_3)
FNF:3
FNH:1
FNDA:2,(anonymous_1)
FNDA:0,getUrlWithKey
FNDA:0,(anonymous_3)
DA:1,1
DA:2,1
DA:3,1
DA:5,1
DA:22,2
DA:23,2
DA:25,1
DA:26,0
DA:27,0
DA:29,0
DA:30,0
DA:33,0
DA:36,2
DA:38,2
DA:39,2
DA:43,2
DA:46,2
DA:50,2
DA:51,0
DA:53,0
DA:54,0
DA:55,0
DA:59,0
DA:60,0
DA:63,2
DA:65,2
DA:66,0
DA:67,0
DA:69,0
DA:70,0
DA:71,0
DA:73,0
DA:76,0
DA:77,0
DA:80,0
DA:83,2
DA:84,0
DA:85,0
DA:88,0
DA:89,0
DA:90,0
DA:93,0
DA:95,0
DA:98,0
DA:99,0
DA:102,0
DA:104,0
DA:105,0
DA:108,0
DA:110,0
DA:111,0
DA:114,0
DA:115,0
DA:118,0
DA:121,0
DA:122,0
DA:127,2
DA:129,2
DA:130,0
DA:131,0
DA:134,2
DA:135,0
DA:136,0
DA:139,2
DA:140,0
DA:141,0
DA:142,0
DA:144,0
DA:146,0
DA:147,0
DA:153,2
DA:154,0
DA:155,0
DA:157,0
DA:158,0
DA:162,0
DA:164,0
LF:77
LH:21
BRDA:29,1,0,0
BRDA:29,1,1,0
BRDA:38,2,0,2
BRDA:38,2,1,2
BRDA:39,3,0,2
BRDA:39,3,1,2
BRDA:46,4,0,2
BRDA:46,4,1,0
BRDA:54,5,0,0
BRDA:54,5,1,0
BRDA:66,6,0,0
BRDA:66,6,1,0
BRDA:76,7,0,0
BRDA:76,7,1,0
BRDA:84,8,0,0
BRDA:84,8,1,0
BRDA:88,9,0,0
BRDA:88,9,1,0
BRDA:88,10,0,0
BRDA:88,10,1,0
BRDA:88,10,2,0
BRDA:98,11,0,0
BRDA:98,11,1,0
BRDA:104,12,0,0
BRDA:104,12,1,0
BRDA:110,13,0,0
BRDA:110,13,1,0
BRDA:114,14,0,0
BRDA:114,14,1,0
BRDA:141,15,0,0
BRDA:141,15,1,0
BRDA:146,16,0,0
BRDA:146,16,1,0
BRDA:157,17,0,0
BRDA:157,17,1,0
BRF:35
BRH:5
end_of_record
TN:
SF:/home/travis/build/unosquare/tubular/src/js/tubular/directives/grid/components/tbTextSearch/tbTextSearch.js
FN:1,(anonymous_1)
FNF:1
FNH:1
FNDA:1,(anonymous_1)
DA:1,1
DA:4,1
LF:2
LH:2
BRF:0
BRH:0
end_of_record
TN:
SF:/home/travis/build/unosquare/tubular/src/js/tubular/directives/grid/components/tbTextSearch/tbTextSearchCtrl.js
FN:1,(anonymous_1)
FN:6,(anonymous_2)
FN:34,search
FNF:3
FNH:2
FNDA:1,(anonymous_1)
FNDA:3,(anonymous_2)
FNDA:0,search
DA:1,1
DA:4,1
DA:7,3
DA:9,3
DA:10,3
DA:11,3
DA:14,3
DA:15,0
DA:16,0
DA:19,0
DA:21,0
DA:22,0
DA:23,0
DA:26,0
DA:27,0
DA:30,0
DA:31,0
DA:34,1
DA:35,0
DA:36,0
DA:37,0
LF:21
LH:8
BRDA:10,1,0,3
BRDA:10,1,1,2
BRDA:15,2,0,0
BRDA:15,2,1,0
BRDA:15,3,0,0
BRDA:15,3,1,0
BRDA:21,4,0,0
BRDA:21,4,1,0
BRDA:21,5,0,0
BRDA:21,5,1,0
BRDA:26,6,0,0
BRDA:26,6,1,0
BRDA:26,7,0,0
BRDA:26,7,1,0
BRDA:26,7,2,0
BRF:15
BRH:2
end_of_record
TN:
SF:/home/travis/build/unosquare/tubular/src/js/tubular/directives/grid/tbGrid.js
FN:1,(anonymous_1)
FNF:1
FNH:1
FNDA:1,(anonymous_1)
DA:1,1
DA:4,1
LF:2
LH:2
BRF:0
BRH:0
end_of_record
TN:
SF:/home/travis/build/unosquare/tubular/src/js/tubular/directives/grid/tbGridCtrl.js
FN:15,(anonymous_1)
FN:185,getRequiredAuthentication
FNF:2
FNH:2
FNDA:71,(anonymous_1)
FNDA:11,getRequiredAuthentication
DA:1,1
DA:2,1
DA:4,1
DA:24,71
DA:25,71
DA:26,71
DA:28,71
DA:29,71
DA:31,71
DA:32,0
DA:34,71
DA:36,71
DA:37,71
DA:38,71
DA:40,71
DA:41,71
DA:42,71
DA:43,71
DA:44,71
DA:45,71
DA:46,71
DA:47,71
DA:48,71
DA:49,71
DA:50,71
DA:51,71
DA:52,71
DA:53,71
DA:54,71
DA:55,71
DA:60,71
DA:61,71
DA:62,71
DA:63,71
DA:64,71
DA:65,71
DA:66,71
DA:69,71
DA:72,71
DA:73,2
DA:74,0
DA:77,2
DA:80,71
DA:82,71
DA:83,2
DA:84,0
DA:87,2
DA:90,71
DA:92,71
DA:93,0
DA:94,0
DA:97,0
DA:100,71
DA:102,71
DA:103,0
DA:104,0
DA:107,0
DA:110,71
DA:112,71
DA:113,2
DA:114,2
DA:115,1
DA:118,2
DA:122,71
DA:124,71
DA:125,1
DA:126,1
DA:130,71
DA:132,71
DA:133,3
DA:134,0
DA:137,3
DA:138,1
DA:140,2
DA:144,71
DA:145,1
DA:146,0
DA:149,1
DA:150,0
DA:153,1
DA:156,71
DA:157,3
DA:158,3
DA:159,3
DA:161,3
DA:162,1
DA:166,71
DA:167,1
DA:168,1
DA:170,1
DA:171,0
DA:174,1
DA:177,0
DA:178,0
DA:180,0
DA:181,0
DA:185,1
DA:186,11
DA:189,71
DA:190,0
DA:191,0
DA:192,0
DA:195,0
DA:197,0
DA:198,0
DA:199,0
DA:200,0
DA:201,0
DA:203,0
DA:205,0
DA:206,0
DA:207,0
DA:209,0
DA:212,0
DA:215,71
DA:216,0
DA:217,0
DA:220,0
DA:222,0
DA:223,0
DA:226,0
DA:229,0
DA:230,0
DA:233,0
DA:237,71
DA:238,2
DA:239,2
DA:241,1
DA:242,1
DA:245,1
DA:246,1
DA:248,1
DA:249,0
DA:252,1
DA:254,1
DA:257,1
DA:258,1
DA:259,1
DA:263,1
DA:264,0
DA:267,1
DA:270,0
DA:275,71
DA:276,10
DA:277,9
DA:278,9
DA:281,10
DA:282,0
DA:295,10
DA:310,71
DA:311,0
DA:312,0
DA:314,0
DA:318,71
DA:319,7
DA:321,0
DA:324,71
DA:325,0
DA:326,0
DA:328,0
DA:331,71
DA:333,7
DA:334,0
DA:337,7
DA:338,0
DA:341,7
DA:342,7
DA:344,7
DA:345,7
DA:348,7
DA:350,7
DA:351,7
DA:353,7
DA:355,7
DA:356,0
DA:359,7
DA:361,7
DA:362,0
DA:364,7
DA:365,0
DA:368,7
DA:372,71
DA:373,0
DA:374,0
DA:377,71
DA:378,13
DA:380,13
DA:381,2
DA:385,2
DA:388,11
DA:390,11
DA:392,11
DA:393,11
DA:395,11
DA:396,0
DA:399,11
DA:402,11
DA:404,11
DA:405,11
DA:406,11
DA:407,11
DA:408,11
DA:409,11
DA:411,11
DA:412,10
DA:416,71
DA:417,14
DA:419,7
DA:420,1
DA:423,6
DA:425,6
DA:426,0
DA:430,6
DA:431,6
DA:436,6
DA:437,0
DA:438,0
DA:440,6
DA:441,6
DA:445,6
DA:446,6
DA:448,3
DA:449,3
DA:454,12
DA:457,6
DA:458,3
DA:461,9
DA:463,6
DA:464,6
DA:467,71
DA:468,0
DA:469,0
DA:470,0
DA:475,0
DA:477,0
DA:478,0
DA:480,0
DA:481,0
DA:484,0
DA:487,71
LF:240
LH:168
BRDA:31,1,0,0
BRDA:31,1,1,71
BRDA:31,2,0,71
BRDA:31,2,1,0
BRDA:36,3,0,71
BRDA:36,3,1,71
BRDA:40,4,0,71
BRDA:40,4,1,0
BRDA:41,5,0,71
BRDA:41,5,1,0
BRDA:41,6,0,71
BRDA:41,6,1,71
BRDA:42,7,0,71
BRDA:42,7,1,0
BRDA:43,8,0,71
BRDA:43,8,1,71
BRDA:44,9,0,71
BRDA:44,9,1,0
BRDA:51,10,0,71
BRDA:51,10,1,71
BRDA:52,11,0,71
BRDA:52,11,1,71
BRDA:54,12,0,71
BRDA:54,12,1,0
BRDA:54,13,0,71
BRDA:54,13,1,71
BRDA:57,14,0,71
BRDA:57,14,1,0
BRDA:62,15,0,71
BRDA:62,15,1,71
BRDA:64,16,0,71
BRDA:64,16,1,0
BRDA:65,17,0,71
BRDA:65,17,1,0
BRDA:66,18,0,71
BRDA:66,18,1,71
BRDA:73,19,0,0
BRDA:73,19,1,2
BRDA:73,20,0,2
BRDA:73,20,1,2
BRDA:83,21,0,0
BRDA:83,21,1,2
BRDA:83,22,0,2
BRDA:83,22,1,2
BRDA:83,22,2,2
BRDA:83,22,3,2
BRDA:93,23,0,0
BRDA:93,23,1,0
BRDA:93,24,0,0
BRDA:93,24,1,0
BRDA:93,24,2,0
BRDA:93,24,3,0
BRDA:103,25,0,0
BRDA:103,25,1,0
BRDA:113,26,0,2
BRDA:113,26,1,0
BRDA:113,27,0,2
BRDA:113,27,1,2
BRDA:114,28,0,1
BRDA:114,28,1,1
BRDA:125,29,0,1
BRDA:125,29,1,0
BRDA:125,30,0,1
BRDA:125,30,1,1
BRDA:133,31,0,0
BRDA:133,31,1,3
BRDA:137,32,0,1
BRDA:137,32,1,2
BRDA:145,33,0,0
BRDA:145,33,1,1
BRDA:149,34,0,0
BRDA:149,34,1,1
BRDA:157,35,0,3
BRDA:157,35,1,2
BRDA:161,36,0,1
BRDA:161,36,1,2
BRDA:161,37,0,3
BRDA:161,37,1,3
BRDA:161,37,2,1
BRDA:170,38,0,0
BRDA:170,38,1,1
BRDA:186,39,0,0
BRDA:186,39,1,11
BRDA:190,40,0,0
BRDA:190,40,1,0
BRDA:190,41,0,0
BRDA:190,41,1,0
BRDA:190,41,2,0
BRDA:216,42,0,0
BRDA:216,42,1,0
BRDA:220,43,0,0
BRDA:220,43,1,0
BRDA:222,44,0,0
BRDA:222,44,1,0
BRDA:229,45,0,0
BRDA:229,45,1,0
BRDA:239,46,0,1
BRDA:239,46,1,1
BRDA:239,47,0,2
BRDA:239,47,1,1
BRDA:248,48,0,0
BRDA:248,48,1,1
BRDA:257,49,0,1
BRDA:257,49,1,0
BRDA:263,50,0,0
BRDA:263,50,1,1
BRDA:263,51,0,1
BRDA:263,51,1,0
BRDA:267,52,0,0
BRDA:267,52,1,1
BRDA:267,53,0,1
BRDA:267,53,1,0
BRDA:267,53,2,0
BRDA:276,54,0,9
BRDA:276,54,1,1
BRDA:278,55,0,6
BRDA:278,55,1,3
BRDA:281,56,0,0
BRDA:281,56,1,10
BRDA:297,57,0,10
BRDA:297,57,1,0
BRDA:311,58,0,0
BRDA:311,58,1,0
BRDA:333,59,0,0
BRDA:333,59,1,7
BRDA:333,60,0,7
BRDA:333,60,1,7
BRDA:333,60,2,7
BRDA:337,61,0,0
BRDA:337,61,1,7
BRDA:344,62,0,7
BRDA:344,62,1,0
BRDA:345,63,0,7
BRDA:345,63,1,6
BRDA:348,64,0,1
BRDA:348,64,1,6
BRDA:351,65,0,7
BRDA:351,65,1,0
BRDA:355,66,0,0
BRDA:355,66,1,7
BRDA:361,67,0,0
BRDA:361,67,1,7
BRDA:364,68,0,0
BRDA:364,68,1,7
BRDA:380,69,0,2
BRDA:380,69,1,11
BRDA:380,70,0,13
BRDA:380,70,1,12
BRDA:380,70,2,12
BRDA:411,71,0,10
BRDA:411,71,1,1
BRDA:419,72,0,1
BRDA:419,72,1,6
BRDA:425,73,0,0
BRDA:425,73,1,6
BRDA:431,74,0,5
BRDA:431,74,1,1
BRDA:433,75,0,1
BRDA:433,75,1,0
BRDA:436,76,0,0
BRDA:436,76,1,6
BRDA:445,77,0,3
BRDA:445,77,1,3
BRDA:458,78,0,0
BRDA:458,78,1,3
BRF:165
BRH:103
end_of_record
TN:
SF:/home/travis/build/unosquare/tubular/src/js/tubular/tubular.js
FN:1,(anonymous_1)
FNF:1
FNH:1
FNDA:1,(anonymous_1)
DA:1,1
DA:13,1
LF:2
LH:2
BRF:0
BRH:0
end_of_record
TN:
SF:/home/travis/build/unosquare/tubular/src/js/tubular/filters/errormessage.js
FN:1,(anonymous_1)
FN:16,(anonymous_2)
FNF:2
FNH:2
FNDA:1,(anonymous_1)
FNDA:3,(anonymous_2)
DA:1,1
DA:4,1
DA:17,3
DA:18,3
DA:19,1
DA:22,2
LF:6
LH:6
BRDA:18,1,0,1
BRDA:18,1,1,2
BRDA:18,2,0,3
BRDA:18,2,1,2
BRDA:18,2,2,1
BRDA:22,3,0,2
BRDA:22,3,1,1
BRF:7
BRH:7
end_of_record
TN:
SF:/home/travis/build/unosquare/tubular/src/js/tubular/filters/moment.js
FN:1,(anonymous_1)
FN:16,(anonymous_2)
FNF:2
FNH:2
FNDA:1,(anonymous_1)
FNDA:3,(anonymous_2)
DA:1,1
DA:4,1
DA:17,3
DA:18,3
LF:4
LH:4
BRDA:18,1,0,2
BRDA:18,1,1,1
BRDA:18,2,0,2
BRDA:18,2,1,1
BRF:4
BRH:4
end_of_record
TN:
SF:/home/travis/build/unosquare/tubular/src/js/tubular/filters/numberorcurrency.js
FN:1,(anonymous_1)
FN:17,(anonymous_2)
FNF:2
FNH:2
FNDA:1,(anonymous_1)
FNDA:5,(anonymous_2)
DA:1,1
DA:4,1
DA:18,5
DA:19,5
DA:21,5
DA:22,2
DA:25,3
LF:7
LH:7
BRDA:19,1,0,5
BRDA:19,1,1,4
BRDA:21,2,0,2
BRDA:21,2,1,3
BRDA:22,3,0,2
BRDA:22,3,1,1
BRDA:25,4,0,1
BRDA:25,4,1,2
BRF:8
BRH:8
end_of_record
TN:
SF:/home/travis/build/unosquare/tubular/src/js/tubular/filters/translate.js
FN:1,(anonymous_1)
FN:12,(anonymous_2)
FN:13,(anonymous_3)
FNF:3
FNH:3
FNDA:1,(anonymous_1)
FNDA:93,(anonymous_2)
FNDA:10,(anonymous_3)
DA:1,1
DA:4,1
DA:13,93
DA:14,10
DA:15,0
DA:18,10
DA:24,10
LF:7
LH:6
BRDA:14,1,0,0
BRDA:14,1,1,10
BRDA:19,2,0,10
BRDA:19,2,1,2
BRDA:20,3,0,10
BRDA:20,3,1,6
BRDA:21,4,0,10
BRDA:21,4,1,7
BRDA:22,5,0,10
BRDA:22,5,1,8
BRF:10
BRH:9
end_of_record
