TN:
SF:/home/travis/build/unosquare/tubular/src/Unosquare.Tubular/Javascript/tubular/tubular-models.js
FN:1,(anonymous_1)
FN:22,(anonymous_2)
FN:23,(anonymous_3)
FN:26,(anonymous_4)
FN:38,(anonymous_5)
FN:40,(anonymous_6)
FN:48,(anonymous_7)
FN:54,(anonymous_8)
FN:84,(anonymous_9)
FN:87,(anonymous_10)
FN:97,(anonymous_11)
FN:118,(anonymous_12)
FN:126,(anonymous_13)
FN:130,(anonymous_14)
FN:131,(anonymous_15)
FN:136,(anonymous_16)
FN:137,(anonymous_17)
FNF:17
FNH:1
FNDA:1,(anonymous_1)
FNDA:0,(anonymous_2)
FNDA:0,(anonymous_3)
FNDA:0,(anonymous_4)
FNDA:0,(anonymous_5)
FNDA:0,(anonymous_6)
FNDA:0,(anonymous_7)
FNDA:0,(anonymous_8)
FNDA:0,(anonymous_9)
FNDA:0,(anonymous_10)
FNDA:0,(anonymous_11)
FNDA:0,(anonymous_12)
FNDA:0,(anonymous_13)
FNDA:0,(anonymous_14)
FNDA:0,(anonymous_15)
FNDA:0,(anonymous_16)
FNDA:0,(anonymous_17)
DA:1,1
DA:13,1
DA:23,0
DA:24,0
DA:27,0
DA:28,0
DA:30,0
DA:32,0
DA:33,0
DA:36,0
DA:38,0
DA:39,0
DA:41,0
DA:42,0
DA:47,0
DA:48,0
DA:49,0
DA:53,0
DA:54,0
DA:55,0
DA:57,0
DA:58,0
DA:61,0
DA:63,0
DA:64,0
DA:65,0
DA:67,0
DA:70,0
DA:71,0
DA:76,0
DA:77,0
DA:80,0
DA:81,0
DA:82,0
DA:84,0
DA:85,0
DA:87,0
DA:88,0
DA:90,0
DA:93,0
DA:97,0
DA:98,0
DA:99,0
DA:102,0
DA:103,0
DA:106,0
DA:107,0
DA:110,0
DA:112,0
DA:118,0
DA:119,0
DA:120,0
DA:123,0
DA:126,0
DA:127,0
DA:130,0
DA:131,0
DA:132,0
DA:136,0
DA:137,0
DA:138,0
DA:139,0
DA:142,0
DA:145,0
DA:148,0
LF:65
LH:2
BRDA:28,1,0,0
BRDA:28,1,1,0
BRDA:30,2,0,0
BRDA:30,2,1,0
BRDA:32,3,0,0
BRDA:32,3,1,0
BRDA:36,4,0,0
BRDA:36,4,1,0
BRDA:41,5,0,0
BRDA:41,5,1,0
BRDA:47,6,0,0
BRDA:47,6,1,0
BRDA:53,7,0,0
BRDA:53,7,1,0
BRDA:55,8,0,0
BRDA:55,8,1,0
BRDA:57,9,0,0
BRDA:57,9,1,0
BRDA:57,10,0,0
BRDA:57,10,1,0
BRDA:63,11,0,0
BRDA:63,11,1,0
BRDA:63,12,0,0
BRDA:63,12,1,0
BRDA:63,12,2,0
BRDA:64,13,0,0
BRDA:64,13,1,0
BRDA:64,14,0,0
BRDA:64,14,1,0
BRDA:67,15,0,0
BRDA:67,15,1,0
BRDA:70,16,0,0
BRDA:70,16,1,0
BRDA:76,17,0,0
BRDA:76,17,1,0
BRDA:88,18,0,0
BRDA:88,18,1,0
BRDA:88,19,0,0
BRDA:88,19,1,0
BRDA:98,20,0,0
BRDA:98,20,1,0
BRDA:98,21,0,0
BRDA:98,21,1,0
BRDA:102,22,0,0
BRDA:102,22,1,0
BRDA:102,23,0,0
BRDA:102,23,1,0
BRDA:106,24,0,0
BRDA:106,24,1,0
BRDA:106,25,0,0
BRDA:106,25,1,0
BRDA:106,25,2,0
BRDA:114,26,0,0
BRDA:114,26,1,0
BRDA:114,27,0,0
BRDA:114,27,1,0
BRDA:119,28,0,0
BRDA:119,28,1,0
BRDA:119,29,0,0
BRDA:119,29,1,0
BRDA:138,30,0,0
BRDA:138,30,1,0
BRDA:138,31,0,0
BRDA:138,31,1,0
BRF:64
BRH:0
end_of_record
TN:
SF:/home/travis/build/unosquare/tubular/src/Unosquare.Tubular/Javascript/tubular/tubular-services.js
FN:1,(anonymous_1)
FN:4,getColumns
FN:5,(anonymous_3)
FN:8,getColumnsVisibility
FN:10,(anonymous_5)
FN:13,exportToCsv
FN:14,(anonymous_7)
FN:16,(anonymous_8)
FN:79,(anonymous_9)
FN:81,(anonymous_10)
FN:85,(anonymous_11)
FN:90,(anonymous_12)
FNF:12
FNH:1
FNDA:1,(anonymous_1)
FNDA:0,getColumns
FNDA:0,(anonymous_3)
FNDA:0,getColumnsVisibility
FNDA:0,(anonymous_5)
FNDA:0,exportToCsv
FNDA:0,(anonymous_7)
FNDA:0,(anonymous_8)
FNDA:0,(anonymous_9)
FNDA:0,(anonymous_10)
FNDA:0,(anonymous_11)
FNDA:0,(anonymous_12)
DA:1,1
DA:4,1
DA:5,0
DA:8,1
DA:9,0
DA:10,0
DA:13,1
DA:14,0
DA:15,0
DA:16,0
DA:19,0
DA:20,0
DA:21,0
DA:22,0
DA:25,0
DA:27,0
DA:28,0
DA:31,0
DA:33,0
DA:34,0
DA:37,0
DA:38,0
DA:41,0
DA:43,0
DA:46,0
DA:48,0
DA:49,0
DA:52,0
DA:53,0
DA:57,0
DA:58,0
DA:69,1
DA:80,0
DA:82,0
DA:83,0
DA:85,0
DA:86,0
DA:91,0
DA:92,0
DA:94,0
DA:95,0
DA:96,0
LF:42
LH:5
BRDA:15,1,0,0
BRDA:15,1,1,0
BRDA:21,2,0,0
BRDA:21,2,1,0
BRDA:25,3,0,0
BRDA:25,3,1,0
BRDA:27,4,0,0
BRDA:27,4,1,0
BRDA:33,5,0,0
BRDA:33,5,1,0
BRDA:37,6,0,0
BRDA:37,6,1,0
BRDA:48,7,0,0
BRDA:48,7,1,0
BRF:14
BRH:0
end_of_record
TN:
SF:/home/travis/build/unosquare/tubular/src/Unosquare.Tubular/Javascript/tubular/services/editor.js
FN:1,(anonymous_1)
FN:13,(anonymous_2)
FN:19,(anonymous_3)
FN:29,(anonymous_4)
FN:41,(anonymous_5)
FN:50,(anonymous_6)
FN:66,(anonymous_7)
FN:73,(anonymous_8)
FN:97,(anonymous_9)
FN:99,(anonymous_10)
FN:139,(anonymous_11)
FN:154,(anonymous_12)
FN:156,(anonymous_13)
FN:165,(anonymous_14)
FN:167,(anonymous_15)
FN:191,(anonymous_16)
FNF:16
FNH:2
FNDA:1,(anonymous_1)
FNDA:1,(anonymous_2)
FNDA:0,(anonymous_3)
FNDA:0,(anonymous_4)
FNDA:0,(anonymous_5)
FNDA:0,(anonymous_6)
FNDA:0,(anonymous_7)
FNDA:0,(anonymous_8)
FNDA:0,(anonymous_9)
FNDA:0,(anonymous_10)
FNDA:0,(anonymous_11)
FNDA:0,(anonymous_12)
FNDA:0,(anonymous_13)
FNDA:0,(anonymous_14)
FNDA:0,(anonymous_15)
FNDA:0,(anonymous_16)
DA:1,1
DA:4,1
DA:14,1
DA:19,1
DA:20,0
DA:21,0
DA:22,0
DA:29,1
DA:30,0
DA:31,0
DA:32,0
DA:33,0
DA:34,0
DA:35,0
DA:36,0
DA:37,0
DA:40,0
DA:42,0
DA:43,0
DA:50,0
DA:51,0
DA:53,0
DA:54,0
DA:55,0
DA:57,0
DA:60,0
DA:63,0
DA:66,0
DA:68,0
DA:70,0
DA:73,0
DA:74,0
DA:75,0
DA:77,0
DA:79,0
DA:80,0
DA:82,0
DA:83,0
DA:86,0
DA:90,0
DA:91,0
DA:94,0
DA:97,0
DA:98,0
DA:100,0
DA:101,0
DA:104,0
DA:107,0
DA:108,0
DA:109,0
DA:110,0
DA:111,0
DA:112,0
DA:113,0
DA:117,0
DA:120,0
DA:123,0
DA:124,0
DA:127,0
DA:128,0
DA:131,0
DA:132,0
DA:135,0
DA:137,0
DA:139,0
DA:140,0
DA:142,0
DA:143,0
DA:144,0
DA:146,0
DA:147,0
DA:148,0
DA:150,0
DA:154,0
DA:155,0
DA:157,0
DA:158,0
DA:161,0
DA:165,0
DA:166,0
DA:168,0
DA:169,0
DA:172,0
DA:175,0
DA:176,0
DA:177,0
DA:180,0
DA:181,0
DA:184,0
DA:187,0
DA:190,0
DA:192,0
DA:193,0
DA:199,0
DA:200,0
DA:203,0
DA:204,0
DA:206,0
DA:207,0
DA:212,0
DA:214,0
DA:217,0
LF:102
LH:5
BRDA:20,1,0,0
BRDA:20,1,1,0
BRDA:30,2,0,0
BRDA:30,2,1,0
BRDA:31,3,0,0
BRDA:31,3,1,0
BRDA:32,4,0,0
BRDA:32,4,1,0
BRDA:33,5,0,0
BRDA:33,5,1,0
BRDA:33,6,0,0
BRDA:33,6,1,0
BRDA:34,7,0,0
BRDA:34,7,1,0
BRDA:35,8,0,0
BRDA:35,8,1,0
BRDA:36,9,0,0
BRDA:36,9,1,0
BRDA:54,10,0,0
BRDA:54,10,1,0
BRDA:57,11,0,0
BRDA:57,11,1,0
BRDA:70,12,0,0
BRDA:70,12,1,0
BRDA:77,13,0,0
BRDA:77,13,1,0
BRDA:77,14,0,0
BRDA:77,14,1,0
BRDA:77,14,2,0
BRDA:77,14,3,0
BRDA:77,14,4,0
BRDA:82,15,0,0
BRDA:82,15,1,0
BRDA:90,16,0,0
BRDA:90,16,1,0
BRDA:100,17,0,0
BRDA:100,17,1,0
BRDA:100,18,0,0
BRDA:100,18,1,0
BRDA:107,19,0,0
BRDA:107,19,1,0
BRDA:108,20,0,0
BRDA:108,20,1,0
BRDA:110,21,0,0
BRDA:110,21,1,0
BRDA:112,22,0,0
BRDA:112,22,1,0
BRDA:124,23,0,0
BRDA:124,23,1,0
BRDA:124,24,0,0
BRDA:124,24,1,0
BRDA:127,25,0,0
BRDA:127,25,1,0
BRDA:131,26,0,0
BRDA:131,26,1,0
BRDA:135,27,0,0
BRDA:135,27,1,0
BRDA:142,28,0,0
BRDA:142,28,1,0
BRDA:143,29,0,0
BRDA:143,29,1,0
BRDA:144,30,0,0
BRDA:144,30,1,0
BRDA:144,31,0,0
BRDA:144,31,1,0
BRDA:144,31,2,0
BRDA:157,32,0,0
BRDA:157,32,1,0
BRDA:168,33,0,0
BRDA:168,33,1,0
BRDA:175,34,0,0
BRDA:175,34,1,0
BRDA:175,35,0,0
BRDA:175,35,1,0
BRDA:175,35,2,0
BRDA:176,36,0,0
BRDA:176,36,1,0
BRDA:176,37,0,0
BRDA:176,37,1,0
BRDA:180,38,0,0
BRDA:180,38,1,0
BRDA:180,39,0,0
BRDA:180,39,1,0
BRDA:187,40,0,0
BRDA:187,40,1,0
BRDA:199,41,0,0
BRDA:199,41,1,0
BRDA:203,42,0,0
BRDA:203,42,1,0
BRDA:206,43,0,0
BRDA:206,43,1,0
BRF:91
BRH:0
end_of_record
TN:
SF:/home/travis/build/unosquare/tubular/src/Unosquare.Tubular/Javascript/tubular/services/http.js
FN:1,(anonymous_1)
FN:17,(anonymous_2)
FN:20,init
FN:29,isAuthenticationExpired
FN:36,removeData
FN:40,saveData
FN:45,setHttpAuthHeader
FN:49,retrieveSavedData
FN:62,clearUserData
FN:70,getCancel
FN:71,(anonymous_11)
FN:84,(anonymous_12)
FN:93,(anonymous_13)
FN:94,(anonymous_14)
FN:95,(anonymous_15)
FN:96,(anonymous_16)
FN:98,(anonymous_17)
FN:110,(anonymous_18)
FN:115,(anonymous_19)
FN:121,(anonymous_20)
FN:129,(anonymous_21)
FN:131,(anonymous_22)
FN:142,(anonymous_23)
FN:159,(anonymous_24)
FN:163,(anonymous_25)
FN:194,(anonymous_26)
FN:204,(anonymous_27)
FN:209,(anonymous_28)
FN:225,(anonymous_29)
FN:235,(anonymous_30)
FN:244,(anonymous_31)
FN:248,(anonymous_32)
FN:264,(anonymous_33)
FN:271,(anonymous_34)
FN:279,(anonymous_35)
FN:282,(anonymous_36)
FN:286,(anonymous_37)
FN:293,(anonymous_38)
FN:307,(anonymous_39)
FN:314,(anonymous_40)
FN:335,(anonymous_41)
FN:343,(anonymous_42)
FN:355,(anonymous_43)
FN:365,(anonymous_44)
FN:372,(anonymous_45)
FN:387,(anonymous_46)
FN:399,(anonymous_47)
FN:403,(anonymous_48)
FNF:48
FNH:19
FNDA:1,(anonymous_1)
FNDA:11,(anonymous_2)
FNDA:11,init
FNDA:0,isAuthenticationExpired
FNDA:2,removeData
FNDA:1,saveData
FNDA:1,setHttpAuthHeader
FNDA:2,retrieveSavedData
FNDA:1,clearUserData
FNDA:1,getCancel
FNDA:0,(anonymous_11)
FNDA:0,(anonymous_12)
FNDA:4,(anonymous_13)
FNDA:0,(anonymous_14)
FNDA:0,(anonymous_15)
FNDA:0,(anonymous_16)
FNDA:2,(anonymous_17)
FNDA:0,(anonymous_18)
FNDA:1,(anonymous_19)
FNDA:1,(anonymous_20)
FNDA:1,(anonymous_21)
FNDA:0,(anonymous_22)
FNDA:1,(anonymous_23)
FNDA:0,(anonymous_24)
FNDA:0,(anonymous_25)
FNDA:0,(anonymous_26)
FNDA:0,(anonymous_27)
FNDA:0,(anonymous_28)
FNDA:0,(anonymous_29)
FNDA:0,(anonymous_30)
FNDA:0,(anonymous_31)
FNDA:0,(anonymous_32)
FNDA:3,(anonymous_33)
FNDA:1,(anonymous_34)
FNDA:1,(anonymous_35)
FNDA:0,(anonymous_36)
FNDA:0,(anonymous_37)
FNDA:0,(anonymous_38)
FNDA:0,(anonymous_39)
FNDA:0,(anonymous_40)
FNDA:0,(anonymous_41)
FNDA:0,(anonymous_42)
FNDA:0,(anonymous_43)
FNDA:0,(anonymous_44)
FNDA:0,(anonymous_45)
FNDA:0,(anonymous_46)
FNDA:0,(anonymous_47)
FNDA:1,(anonymous_48)
DA:1,1
DA:4,1
DA:18,11
DA:20,1
DA:21,11
DA:23,11
DA:24,0
DA:25,0
DA:29,1
DA:30,0
DA:31,0
DA:33,0
DA:36,1
DA:37,2
DA:40,1
DA:41,1
DA:42,1
DA:45,1
DA:46,1
DA:49,1
DA:50,2
DA:52,2
DA:53,0
DA:54,2
DA:55,0
DA:57,0
DA:58,0
DA:62,1
DA:63,1
DA:64,1
DA:65,1
DA:66,1
DA:67,1
DA:70,1
DA:71,1
DA:72,0
DA:73,0
DA:77,11
DA:84,11
DA:85,0
DA:88,11
DA:89,11
DA:90,11
DA:91,11
DA:93,11
DA:94,11
DA:95,11
DA:96,11
DA:98,11
DA:99,2
DA:100,2
DA:101,2
DA:103,2
DA:107,0
DA:110,11
DA:111,0
DA:112,0
DA:115,11
DA:116,1
DA:117,1
DA:118,1
DA:121,11
DA:122,1
DA:124,1
DA:130,1
DA:132,0
DA:133,0
DA:134,0
DA:135,0
DA:137,0
DA:142,11
DA:143,1
DA:144,1
DA:145,1
DA:146,1
DA:147,1
DA:148,1
DA:149,1
DA:151,1
DA:152,1
DA:154,1
DA:155,1
DA:159,11
DA:160,0
DA:163,11
DA:164,0
DA:165,0
DA:166,0
DA:167,0
DA:169,0
DA:171,0
DA:172,0
DA:173,0
DA:174,0
DA:175,0
DA:176,0
DA:177,0
DA:178,0
DA:179,0
DA:181,0
DA:182,0
DA:183,0
DA:185,0
DA:192,0
DA:194,0
DA:195,0
DA:196,0
DA:198,0
DA:201,0
DA:204,11
DA:205,0
DA:206,0
DA:209,11
DA:210,0
DA:211,0
DA:213,0
DA:214,0
DA:217,0
DA:218,0
DA:221,0
DA:222,0
DA:224,0
DA:226,0
DA:233,0
DA:235,0
DA:236,0
DA:239,0
DA:245,0
DA:247,0
DA:249,0
DA:250,0
DA:253,0
DA:255,0
DA:258,0
DA:264,11
DA:265,3
DA:266,3
DA:267,1
DA:270,1
DA:272,1
DA:279,2
DA:282,11
DA:283,0
DA:286,11
DA:287,0
DA:288,0
DA:289,0
DA:292,0
DA:294,0
DA:301,0
DA:307,11
DA:308,0
DA:309,0
DA:310,0
DA:313,0
DA:315,0
DA:321,0
DA:335,11
DA:336,0
DA:337,0
DA:339,0
DA:340,0
DA:342,0
DA:344,0
DA:351,0
DA:355,0
DA:359,0
DA:365,11
DA:366,0
DA:367,0
DA:368,0
DA:371,0
DA:373,0
DA:380,0
DA:387,11
DA:388,0
DA:389,0
DA:391,0
DA:393,0
DA:397,11
DA:399,11
DA:400,0
DA:403,11
DA:404,1
DA:405,1
DA:408,0
DA:410,0
DA:413,11
LF:188
LH:85
BRDA:23,1,0,0
BRDA:23,1,1,11
BRDA:23,2,0,11
BRDA:23,2,1,11
BRDA:52,3,0,0
BRDA:52,3,1,2
BRDA:54,4,0,0
BRDA:54,4,1,0
BRDA:99,5,0,2
BRDA:99,5,1,0
BRDA:99,6,0,2
BRDA:99,6,1,0
BRDA:132,7,0,0
BRDA:132,7,1,0
BRDA:134,8,0,0
BRDA:134,8,1,0
BRDA:134,9,0,0
BRDA:134,9,1,0
BRDA:134,9,2,0
BRDA:144,10,0,1
BRDA:144,10,1,1
BRDA:144,10,2,0
BRDA:154,11,0,1
BRDA:154,11,1,0
BRDA:160,12,0,0
BRDA:160,12,1,0
BRDA:181,13,0,0
BRDA:181,13,1,0
BRDA:213,14,0,0
BRDA:213,14,1,0
BRDA:217,15,0,0
BRDA:217,15,1,0
BRDA:221,16,0,0
BRDA:221,16,1,0
BRDA:222,17,0,0
BRDA:222,17,1,0
BRDA:222,18,0,0
BRDA:222,18,1,0
BRDA:233,19,0,0
BRDA:233,19,1,0
BRDA:249,20,0,0
BRDA:249,20,1,0
BRDA:265,21,0,3
BRDA:265,21,1,0
BRDA:266,22,0,1
BRDA:266,22,1,2
BRDA:266,23,0,3
BRDA:266,23,1,1
BRDA:287,24,0,0
BRDA:287,24,1,0
BRDA:288,25,0,0
BRDA:288,25,1,0
BRDA:288,26,0,0
BRDA:288,26,1,0
BRDA:308,27,0,0
BRDA:308,27,1,0
BRDA:309,28,0,0
BRDA:309,28,1,0
BRDA:309,29,0,0
BRDA:309,29,1,0
BRDA:339,30,0,0
BRDA:339,30,1,0
BRDA:340,31,0,0
BRDA:340,31,1,0
BRDA:340,32,0,0
BRDA:340,32,1,0
BRDA:366,33,0,0
BRDA:366,33,1,0
BRDA:367,34,0,0
BRDA:367,34,1,0
BRDA:367,35,0,0
BRDA:367,35,1,0
BRDA:391,36,0,0
BRDA:391,36,1,0
BRDA:404,37,0,1
BRDA:404,37,1,0
BRDA:404,38,0,1
BRDA:404,38,1,0
BRDA:404,38,2,0
BRDA:410,39,0,0
BRDA:410,39,1,0
BRF:81
BRH:16
end_of_record
TN:
SF:/home/travis/build/unosquare/tubular/src/Unosquare.Tubular/Javascript/tubular/services/popup.js
FN:1,(anonymous_1)
FN:14,(anonymous_2)
FN:17,(anonymous_3)
FN:23,(anonymous_4)
FN:38,(anonymous_5)
FN:51,(anonymous_6)
FN:54,(anonymous_7)
FN:70,(anonymous_8)
FN:79,(anonymous_9)
FN:90,(anonymous_10)
FNF:10
FNH:2
FNDA:1,(anonymous_1)
FNDA:1,(anonymous_2)
FNDA:0,(anonymous_3)
FNDA:0,(anonymous_4)
FNDA:0,(anonymous_5)
FNDA:0,(anonymous_6)
FNDA:0,(anonymous_7)
FNDA:0,(anonymous_8)
FNDA:0,(anonymous_9)
FNDA:0,(anonymous_10)
DA:1,1
DA:4,1
DA:16,1
DA:18,0
DA:20,0
DA:24,0
DA:26,0
DA:39,0
DA:40,0
DA:43,0
DA:52,0
DA:54,0
DA:55,0
DA:58,0
DA:59,0
DA:60,0
DA:63,0
DA:65,0
DA:66,0
DA:69,0
DA:71,0
DA:72,0
DA:73,0
DA:74,0
DA:75,0
DA:77,0
DA:80,0
DA:81,0
DA:82,0
DA:84,0
DA:87,0
DA:90,0
DA:91,0
DA:92,0
DA:95,0
DA:101,0
LF:36
LH:3
BRDA:39,1,0,0
BRDA:39,1,1,0
BRDA:55,2,0,0
BRDA:55,2,1,0
BRDA:58,3,0,0
BRDA:58,3,1,0
BRDA:58,4,0,0
BRDA:58,4,1,0
BRDA:58,4,2,0
BRDA:65,5,0,0
BRDA:65,5,1,0
BRDA:65,6,0,0
BRDA:65,6,1,0
BRDA:74,7,0,0
BRDA:74,7,1,0
BRDA:91,8,0,0
BRDA:91,8,1,0
BRF:17
BRH:0
end_of_record
TN:
SF:/home/travis/build/unosquare/tubular/src/Unosquare.Tubular/Javascript/tubular/services/template.js
FN:1,(anonymous_1)
FN:14,(anonymous_2)
FN:17,(anonymous_3)
FN:228,(anonymous_4)
FN:229,(anonymous_5)
FN:231,(anonymous_6)
FN:256,(anonymous_7)
FN:308,(anonymous_8)
FN:354,(anonymous_9)
FN:373,(anonymous_10)
FN:377,(anonymous_11)
FN:412,(anonymous_12)
FN:445,(anonymous_13)
FN:462,(anonymous_14)
FN:478,(anonymous_15)
FN:489,(anonymous_16)
FN:491,(anonymous_17)
FN:494,(anonymous_18)
FN:496,(anonymous_19)
FN:498,(anonymous_20)
FN:535,(anonymous_21)
FN:536,(anonymous_22)
FN:538,(anonymous_23)
FN:561,(anonymous_24)
FN:615,(anonymous_25)
FN:617,(anonymous_26)
FN:621,(anonymous_27)
FN:634,(anonymous_28)
FN:635,(anonymous_29)
FN:645,(anonymous_30)
FN:660,(anonymous_31)
FN:665,(anonymous_32)
FN:669,(anonymous_33)
FN:676,(anonymous_34)
FN:678,(anonymous_35)
FN:682,(anonymous_36)
FNF:36
FNH:22
FNDA:1,(anonymous_1)
FNDA:14,(anonymous_2)
FNDA:14,(anonymous_3)
FNDA:2,(anonymous_4)
FNDA:14,(anonymous_5)
FNDA:30,(anonymous_6)
FNDA:1,(anonymous_7)
FNDA:7,(anonymous_8)
FNDA:109,(anonymous_9)
FNDA:15,(anonymous_10)
FNDA:105,(anonymous_11)
FNDA:105,(anonymous_12)
FNDA:1,(anonymous_13)
FNDA:0,(anonymous_14)
FNDA:3,(anonymous_15)
FNDA:7,(anonymous_16)
FNDA:7,(anonymous_17)
FNDA:7,(anonymous_18)
FNDA:7,(anonymous_19)
FNDA:7,(anonymous_20)
FNDA:6,(anonymous_21)
FNDA:42,(anonymous_22)
FNDA:90,(anonymous_23)
FNDA:0,(anonymous_24)
FNDA:0,(anonymous_25)
FNDA:0,(anonymous_26)
FNDA:0,(anonymous_27)
FNDA:0,(anonymous_28)
FNDA:0,(anonymous_29)
FNDA:0,(anonymous_30)
FNDA:0,(anonymous_31)
FNDA:0,(anonymous_32)
FNDA:0,(anonymous_33)
FNDA:0,(anonymous_34)
FNDA:0,(anonymous_35)
FNDA:0,(anonymous_36)
DA:1,1
DA:4,1
DA:15,14
DA:17,14
DA:18,14
DA:19,14
DA:22,14
DA:34,14
DA:142,14
DA:143,14
DA:144,14
DA:145,14
DA:147,14
DA:148,14
DA:164,14
DA:167,14
DA:168,14
DA:173,14
DA:181,14
DA:190,14
DA:194,14
DA:196,14
DA:204,14
DA:208,14
DA:209,14
DA:219,14
DA:228,14
DA:229,2
DA:230,14
DA:231,30
DA:233,14
DA:256,14
DA:257,1
DA:258,1
DA:260,1
DA:261,1
DA:262,1
DA:265,1
DA:266,1
DA:274,1
DA:275,1
DA:278,1
DA:279,1
DA:283,1
DA:284,1
DA:287,1
DA:309,7
DA:354,14
DA:355,109
DA:357,16
DA:359,16
DA:361,16
DA:363,61
DA:373,14
DA:374,15
DA:375,15
DA:377,15
DA:378,105
DA:381,105
DA:382,0
DA:385,105
DA:386,15
DA:391,90
DA:392,15
DA:393,75
DA:394,15
DA:400,60
DA:402,60
DA:403,15
DA:406,60
DA:410,15
DA:412,15
DA:413,105
DA:414,105
DA:417,105
DA:418,105
DA:419,105
DA:420,105
DA:421,105
DA:422,105
DA:423,105
DA:425,105
DA:426,105
DA:427,105
DA:428,105
DA:429,105
DA:430,105
DA:432,105
DA:433,90
DA:436,15
DA:437,15
DA:438,15
DA:439,15
DA:442,15
DA:445,14
DA:446,1
DA:448,1
DA:462,14
DA:463,0
DA:464,0
DA:466,0
DA:468,0
DA:478,14
DA:479,3
DA:480,3
DA:481,3
DA:483,3
DA:484,1
DA:486,2
DA:489,7
DA:491,7
DA:494,7
DA:496,7
DA:498,7
DA:503,3
DA:535,14
DA:536,6
DA:537,42
DA:538,90
DA:539,42
DA:541,42
DA:561,14
DA:562,0
DA:573,0
DA:604,0
DA:613,0
DA:615,0
DA:616,0
DA:617,0
DA:619,0
DA:622,0
DA:623,0
DA:626,0
DA:627,0
DA:628,0
DA:629,0
DA:634,0
DA:635,0
DA:637,0
DA:638,0
DA:641,0
DA:642,0
DA:645,0
DA:646,0
DA:647,0
DA:650,0
DA:651,0
DA:654,0
DA:655,0
DA:656,0
DA:657,0
DA:660,0
DA:661,0
DA:662,0
DA:665,0
DA:666,0
DA:669,0
DA:670,0
DA:671,0
DA:672,0
DA:676,0
DA:678,0
DA:680,0
DA:682,0
DA:683,0
DA:684,0
DA:686,0
DA:687,0
DA:691,0
DA:694,0
DA:695,0
DA:696,0
DA:698,0
DA:701,0
DA:703,0
DA:704,0
DA:708,0
DA:709,0
DA:711,0
DA:712,0
LF:180
LH:117
BRDA:19,1,0,14
BRDA:19,1,1,14
BRDA:147,2,0,14
BRDA:147,2,1,0
BRDA:167,3,0,14
BRDA:167,3,1,0
BRDA:184,4,0,0
BRDA:184,4,1,14
BRDA:194,5,0,14
BRDA:194,5,1,0
BRDA:208,6,0,14
BRDA:208,6,1,0
BRDA:235,7,0,7
BRDA:235,7,1,7
BRDA:260,8,0,1
BRDA:260,8,1,0
BRDA:265,9,0,1
BRDA:265,9,1,0
BRDA:274,10,0,1
BRDA:274,10,1,0
BRDA:278,11,0,1
BRDA:278,11,1,0
BRDA:283,12,0,1
BRDA:283,12,1,0
BRDA:296,13,0,0
BRDA:296,13,1,1
BRDA:297,14,0,0
BRDA:297,14,1,1
BRDA:299,15,0,0
BRDA:299,15,1,1
BRDA:305,16,0,0
BRDA:305,16,1,1
BRDA:314,17,0,7
BRDA:314,17,1,0
BRDA:324,18,0,7
BRDA:324,18,1,0
BRDA:332,19,0,0
BRDA:332,19,1,1
BRDA:334,20,0,0
BRDA:334,20,1,0
BRDA:349,21,0,0
BRDA:349,21,1,1
BRDA:355,22,0,16
BRDA:355,22,1,16
BRDA:355,22,2,16
BRDA:355,22,3,61
BRDA:374,23,0,15
BRDA:374,23,1,0
BRDA:374,24,0,15
BRDA:374,24,1,15
BRDA:381,25,0,0
BRDA:381,25,1,105
BRDA:381,26,0,105
BRDA:381,26,1,105
BRDA:381,26,2,105
BRDA:385,27,0,15
BRDA:385,27,1,90
BRDA:385,28,0,105
BRDA:385,28,1,90
BRDA:391,29,0,15
BRDA:391,29,1,75
BRDA:391,30,0,90
BRDA:391,30,1,90
BRDA:393,31,0,15
BRDA:393,31,1,60
BRDA:393,32,0,75
BRDA:393,32,1,75
BRDA:402,33,0,15
BRDA:402,33,1,45
BRDA:432,34,0,90
BRDA:432,34,1,15
BRDA:450,35,0,1
BRDA:450,35,1,0
BRDA:479,36,0,1
BRDA:479,36,1,2
BRDA:483,37,0,1
BRDA:483,37,1,2
BRDA:487,38,0,1
BRDA:487,38,1,1
BRDA:516,39,0,0
BRDA:516,39,1,3
BRDA:522,40,0,3
BRDA:522,40,1,0
BRDA:546,41,0,24
BRDA:546,41,1,18
BRDA:547,42,0,36
BRDA:547,42,1,6
BRDA:550,43,0,30
BRDA:550,43,1,12
BRDA:551,44,0,36
BRDA:551,44,1,6
BRDA:552,45,0,42
BRDA:552,45,1,0
BRDA:553,46,0,12
BRDA:553,46,1,30
BRDA:554,47,0,42
BRDA:554,47,1,0
BRDA:605,48,0,0
BRDA:605,48,1,0
BRDA:606,49,0,0
BRDA:606,49,1,0
BRDA:607,50,0,0
BRDA:607,50,1,0
BRDA:608,51,0,0
BRDA:608,51,1,0
BRDA:613,52,0,0
BRDA:613,52,1,0
BRDA:619,53,0,0
BRDA:619,53,1,0
BRDA:622,54,0,0
BRDA:622,54,1,0
BRDA:626,55,0,0
BRDA:626,55,1,0
BRDA:637,56,0,0
BRDA:637,56,1,0
BRDA:646,57,0,0
BRDA:646,57,1,0
BRDA:650,58,0,0
BRDA:650,58,1,0
BRDA:650,59,0,0
BRDA:650,59,1,0
BRDA:670,60,0,0
BRDA:670,60,1,0
BRDA:678,61,0,0
BRDA:678,61,1,0
BRDA:680,62,0,0
BRDA:680,62,1,0
BRDA:683,63,0,0
BRDA:683,63,1,0
BRDA:686,64,0,0
BRDA:686,64,1,0
BRDA:698,65,0,0
BRDA:698,65,1,0
BRDA:698,66,0,0
BRDA:698,66,1,0
BRDA:698,66,2,0
BRDA:703,67,0,0
BRDA:703,67,1,0
BRDA:708,68,0,0
BRDA:708,68,1,0
BRDA:708,69,0,0
BRDA:708,69,1,0
BRDA:711,70,0,0
BRDA:711,70,1,0
BRF:144
BRH:70
end_of_record
TN:
SF:/home/travis/build/unosquare/tubular/src/Unosquare.Tubular/Javascript/tubular/services/translate.js
FN:1,(anonymous_1)
FN:12,(anonymous_2)
FN:129,(anonymous_3)
FN:136,(anonymous_4)
FN:143,(anonymous_5)
FN:158,(anonymous_6)
FN:159,(anonymous_7)
FNF:7
FNH:2
FNDA:1,(anonymous_1)
FNDA:1,(anonymous_2)
FNDA:0,(anonymous_3)
FNDA:0,(anonymous_4)
FNDA:0,(anonymous_5)
FNDA:0,(anonymous_6)
FNDA:0,(anonymous_7)
DA:1,1
DA:4,1
DA:13,1
DA:15,1
DA:16,1
DA:18,1
DA:129,1
DA:131,0
DA:133,0
DA:136,1
DA:137,0
DA:138,0
DA:140,0
DA:143,1
DA:144,0
DA:146,0
DA:159,0
DA:161,0
DA:162,0
DA:164,0
DA:165,0
DA:166,0
DA:167,0
DA:169,0
DA:172,0
LF:25
LH:9
BRDA:137,1,0,0
BRDA:137,1,1,0
BRDA:137,1,2,0
BRDA:144,2,0,0
BRDA:144,2,1,0
BRDA:146,3,0,0
BRDA:146,3,1,0
BRDA:161,4,0,0
BRDA:161,4,1,0
BRDA:164,5,0,0
BRDA:164,5,1,0
BRDA:165,6,0,0
BRDA:165,6,1,0
BRDA:166,7,0,0
BRDA:166,7,1,0
BRDA:167,8,0,0
BRDA:167,8,1,0
BRF:17
BRH:0
end_of_record
TN:
SF:/home/travis/build/unosquare/tubular/src/Unosquare.Tubular/Javascript/tubular/tubular-directives.js
FN:1,(anonymous_1)
FN:28,(anonymous_2)
FN:37,(anonymous_3)
FN:57,(anonymous_4)
FN:67,(anonymous_5)
FN:72,(anonymous_6)
FN:74,(anonymous_7)
FN:105,(anonymous_8)
FN:126,(anonymous_9)
FN:132,(anonymous_10)
FN:136,(anonymous_11)
FN:142,(anonymous_12)
FN:148,(anonymous_13)
FN:153,(anonymous_14)
FN:197,(anonymous_15)
FN:206,(anonymous_16)
FN:207,(anonymous_17)
FN:211,(anonymous_18)
FN:216,(anonymous_19)
FN:240,(anonymous_20)
FN:250,(anonymous_21)
FN:270,(anonymous_22)
FN:280,(anonymous_23)
FN:303,(anonymous_24)
FN:315,(anonymous_25)
FN:322,(anonymous_26)
FN:330,(anonymous_27)
FN:331,(anonymous_28)
FN:340,(anonymous_29)
FN:349,(anonymous_30)
FN:351,(anonymous_31)
FN:375,(anonymous_32)
FN:387,(anonymous_33)
FN:392,(anonymous_34)
FN:399,(anonymous_35)
FNF:35
FNH:1
FNDA:1,(anonymous_1)
FNDA:0,(anonymous_2)
FNDA:0,(anonymous_3)
FNDA:0,(anonymous_4)
FNDA:0,(anonymous_5)
FNDA:0,(anonymous_6)
FNDA:0,(anonymous_7)
FNDA:0,(anonymous_8)
FNDA:0,(anonymous_9)
FNDA:0,(anonymous_10)
FNDA:0,(anonymous_11)
FNDA:0,(anonymous_12)
FNDA:0,(anonymous_13)
FNDA:0,(anonymous_14)
FNDA:0,(anonymous_15)
FNDA:0,(anonymous_16)
FNDA:0,(anonymous_17)
FNDA:0,(anonymous_18)
FNDA:0,(anonymous_19)
FNDA:0,(anonymous_20)
FNDA:0,(anonymous_21)
FNDA:0,(anonymous_22)
FNDA:0,(anonymous_23)
FNDA:0,(anonymous_24)
FNDA:0,(anonymous_25)
FNDA:0,(anonymous_26)
FNDA:0,(anonymous_27)
FNDA:0,(anonymous_28)
FNDA:0,(anonymous_29)
FNDA:0,(anonymous_30)
FNDA:0,(anonymous_31)
FNDA:0,(anonymous_32)
FNDA:0,(anonymous_33)
FNDA:0,(anonymous_34)
FNDA:0,(anonymous_35)
DA:1,1
DA:14,1
DA:29,0
DA:38,0
DA:39,0
DA:59,0
DA:68,0
DA:69,0
DA:73,0
DA:75,0
DA:106,0
DA:127,0
DA:128,0
DA:129,0
DA:130,0
DA:132,0
DA:133,0
DA:136,0
DA:137,0
DA:138,0
DA:142,0
DA:143,0
DA:145,0
DA:148,0
DA:149,0
DA:150,0
DA:151,0
DA:152,0
DA:153,0
DA:154,0
DA:155,0
DA:158,0
DA:159,0
DA:162,0
DA:163,0
DA:166,0
DA:169,0
DA:170,0
DA:171,0
DA:172,0
DA:173,0
DA:174,0
DA:177,0
DA:178,0
DA:179,0
DA:198,0
DA:207,0
DA:208,0
DA:211,0
DA:212,0
DA:217,0
DA:218,0
DA:221,0
DA:222,0
DA:242,0
DA:251,0
DA:252,0
DA:272,0
DA:281,0
DA:282,0
DA:305,0
DA:316,0
DA:317,0
DA:318,0
DA:319,0
DA:320,0
DA:322,0
DA:323,0
DA:324,0
DA:327,0
DA:330,0
DA:331,0
DA:332,0
DA:336,0
DA:337,0
DA:340,0
DA:341,0
DA:342,0
DA:345,0
DA:350,0
DA:352,0
DA:377,0
DA:388,0
DA:389,0
DA:390,0
DA:392,0
DA:394,0
DA:397,0
DA:398,0
DA:399,0
DA:401,0
DA:402,0
LF:92
LH:2
BRDA:130,1,0,0
BRDA:130,1,1,0
BRDA:130,2,0,0
BRDA:130,2,1,0
BRDA:137,3,0,0
BRDA:137,3,1,0
BRDA:149,4,0,0
BRDA:149,4,1,0
BRDA:150,5,0,0
BRDA:150,5,1,0
BRDA:152,6,0,0
BRDA:152,6,1,0
BRDA:154,7,0,0
BRDA:154,7,1,0
BRDA:158,8,0,0
BRDA:158,8,1,0
BRDA:162,9,0,0
BRDA:162,9,1,0
BRDA:169,10,0,0
BRDA:169,10,1,0
BRDA:170,11,0,0
BRDA:170,11,1,0
BRDA:171,12,0,0
BRDA:171,12,1,0
BRDA:173,13,0,0
BRDA:173,13,1,0
BRDA:174,14,0,0
BRDA:174,14,1,0
BRDA:217,15,0,0
BRDA:217,15,1,0
BRDA:221,16,0,0
BRDA:221,16,1,0
BRDA:251,17,0,0
BRDA:251,17,1,0
BRDA:281,18,0,0
BRDA:281,18,1,0
BRDA:323,19,0,0
BRDA:323,19,1,0
BRDA:323,20,0,0
BRDA:323,20,1,0
BRDA:336,21,0,0
BRDA:336,21,1,0
BRDA:336,22,0,0
BRDA:336,22,1,0
BRDA:341,23,0,0
BRDA:341,23,1,0
BRDA:389,24,0,0
BRDA:389,24,1,0
BRDA:397,25,0,0
BRDA:397,25,1,0
BRDA:401,26,0,0
BRDA:401,26,1,0
BRF:52
BRH:0
end_of_record
TN:
SF:/home/travis/build/unosquare/tubular/src/Unosquare.Tubular/Javascript/tubular/directives/form/tbForm.js
FN:1,(anonymous_1)
FN:33,(anonymous_2)
FN:50,(anonymous_3)
FN:52,(anonymous_4)
FNF:4
FNH:4
FNDA:1,(anonymous_1)
FNDA:10,(anonymous_2)
FNDA:10,(anonymous_3)
FNDA:10,(anonymous_4)
DA:1,1
DA:4,1
DA:34,10
DA:51,10
DA:53,10
LF:5
LH:5
BRF:0
BRH:0
end_of_record
TN:
SF:/home/travis/build/unosquare/tubular/src/Unosquare.Tubular/Javascript/tubular/directives/form/tbFormCtrl.js
FN:1,(anonymous_1)
FN:8,(anonymous_2)
FN:22,(anonymous_3)
FN:33,(anonymous_4)
FN:41,(anonymous_5)
FN:45,(anonymous_6)
FN:57,(anonymous_7)
FN:59,(anonymous_8)
FN:64,(anonymous_9)
FN:74,(anonymous_10)
FN:78,(anonymous_11)
FN:84,(anonymous_12)
FN:100,(anonymous_13)
FN:115,(anonymous_14)
FN:128,(anonymous_15)
FN:145,(anonymous_16)
FN:148,(anonymous_17)
FN:157,(anonymous_18)
FN:162,(anonymous_19)
FN:167,(anonymous_20)
FN:169,(anonymous_21)
FN:178,(anonymous_22)
FN:179,(anonymous_23)
FN:190,(anonymous_24)
FNF:24
FNH:2
FNDA:1,(anonymous_1)
FNDA:3,(anonymous_2)
FNDA:0,(anonymous_3)
FNDA:0,(anonymous_4)
FNDA:0,(anonymous_5)
FNDA:0,(anonymous_6)
FNDA:0,(anonymous_7)
FNDA:0,(anonymous_8)
FNDA:0,(anonymous_9)
FNDA:0,(anonymous_10)
FNDA:0,(anonymous_11)
FNDA:0,(anonymous_12)
FNDA:0,(anonymous_13)
FNDA:0,(anonymous_14)
FNDA:0,(anonymous_15)
FNDA:0,(anonymous_16)
FNDA:0,(anonymous_17)
FNDA:0,(anonymous_18)
FNDA:0,(anonymous_19)
FNDA:0,(anonymous_20)
FNDA:0,(anonymous_21)
FNDA:0,(anonymous_22)
FNDA:0,(anonymous_23)
FNDA:0,(anonymous_24)
DA:1,1
DA:4,1
DA:10,3
DA:11,3
DA:12,3
DA:13,3
DA:15,3
DA:17,3
DA:18,3
DA:22,3
DA:23,0
DA:27,3
DA:30,3
DA:32,3
DA:34,0
DA:35,0
DA:38,0
DA:41,3
DA:42,0
DA:44,0
DA:46,0
DA:47,0
DA:50,0
DA:53,0
DA:54,0
DA:57,3
DA:58,0
DA:60,0
DA:64,3
DA:66,0
DA:68,0
DA:69,0
DA:72,0
DA:75,0
DA:76,0
DA:79,0
DA:82,0
DA:85,0
DA:87,0
DA:94,0
DA:97,0
DA:98,0
DA:101,0
DA:105,0
DA:108,0
DA:109,0
DA:112,0
DA:115,3
DA:116,0
DA:117,0
DA:120,0
DA:122,0
DA:123,0
DA:124,0
DA:127,0
DA:129,0
DA:131,0
DA:134,0
DA:136,0
DA:137,0
DA:140,0
DA:141,0
DA:142,0
DA:146,0
DA:149,0
DA:150,0
DA:155,3
DA:157,3
DA:158,0
DA:159,0
DA:162,3
DA:163,0
DA:164,0
DA:167,3
DA:168,0
DA:170,0
DA:171,0
DA:173,0
DA:178,3
DA:179,0
DA:180,0
DA:182,0
DA:183,0
DA:188,0
DA:190,0
LF:85
LH:22
BRDA:17,1,0,3
BRDA:17,1,1,3
BRDA:18,2,0,3
BRDA:18,2,1,3
BRDA:27,3,0,3
BRDA:27,3,1,0
BRDA:34,4,0,0
BRDA:34,4,1,0
BRDA:46,5,0,0
BRDA:46,5,1,0
BRDA:66,6,0,0
BRDA:66,6,1,0
BRDA:68,7,0,0
BRDA:68,7,1,0
BRDA:69,8,0,0
BRDA:69,8,1,0
BRDA:69,9,0,0
BRDA:69,9,1,0
BRDA:69,9,2,0
BRDA:85,10,0,0
BRDA:85,10,1,0
BRDA:85,11,0,0
BRDA:85,11,1,0
BRDA:108,12,0,0
BRDA:108,12,1,0
BRDA:116,13,0,0
BRDA:116,13,1,0
BRDA:122,14,0,0
BRDA:122,14,1,0
BRDA:129,15,0,0
BRDA:129,15,1,0
BRDA:129,16,0,0
BRDA:129,16,1,0
BRDA:136,17,0,0
BRDA:136,17,1,0
BRDA:141,18,0,0
BRDA:141,18,1,0
BRDA:170,19,0,0
BRDA:170,19,1,0
BRDA:182,20,0,0
BRDA:182,20,1,0
BRF:41
BRH:5
end_of_record
TN:
SF:/home/travis/build/unosquare/tubular/src/Unosquare.Tubular/Javascript/tubular/directives/grid/components/tbTextSearch/tbTextSearch.e2e.js
FN:3,(anonymous_1)
FN:4,(anonymous_2)
FN:7,(anonymous_3)
FN:11,(anonymous_4)
FN:14,(anonymous_5)
FN:26,(anonymous_6)
FN:33,generate
FN:45,(anonymous_8)
FN:59,(anonymous_9)
FN:74,(anonymous_10)
FNF:10
FNH:10
FNDA:1,(anonymous_1)
FNDA:1,(anonymous_2)
FNDA:3,(anonymous_3)
FNDA:3,(anonymous_4)
FNDA:3,(anonymous_5)
FNDA:3,(anonymous_6)
FNDA:3,generate
FNDA:1,(anonymous_8)
FNDA:1,(anonymous_9)
FNDA:1,(anonymous_10)
DA:3,1
DA:4,1
DA:5,1
DA:7,1
DA:8,3
DA:11,3
DA:13,3
DA:14,3
DA:15,3
DA:26,1
DA:27,3
DA:28,3
DA:29,3
DA:33,1
DA:34,3
DA:35,3
DA:36,3
DA:37,3
DA:39,3
DA:40,3
DA:41,3
DA:45,1
DA:47,1
DA:49,1
DA:51,1
DA:52,1
DA:53,1
DA:54,1
DA:55,1
DA:59,1
DA:60,1
DA:62,1
DA:63,1
DA:64,1
DA:65,1
DA:67,1
DA:68,1
DA:69,1
DA:70,1
DA:74,1
DA:76,1
DA:78,1
DA:79,1
DA:80,1
DA:84,1
DA:85,1
DA:86,1
LF:47
LH:47
BRDA:34,1,0,3
BRDA:34,1,1,3
BRDA:36,2,0,3
BRDA:36,2,1,0
BRDA:37,3,0,3
BRDA:37,3,1,0
BRF:6
BRH:4
end_of_record
TN:
SF:/home/travis/build/unosquare/tubular/src/Unosquare.Tubular/Javascript/tubular/directives/grid/components/tbTextSearch/tbTextSearch.js
FN:1,(anonymous_1)
FNF:1
FNH:1
FNDA:1,(anonymous_1)
DA:1,1
DA:4,1
LF:2
LH:2
BRF:0
BRH:0
end_of_record
TN:
SF:/home/travis/build/unosquare/tubular/src/Unosquare.Tubular/Javascript/tubular/directives/grid/components/tbTextSearch/tbTextSearchCtrl.js
FN:1,(anonymous_1)
FN:6,(anonymous_2)
FN:9,(anonymous_3)
FN:14,(anonymous_4)
FN:34,search
FNF:5
FNH:5
FNDA:1,(anonymous_1)
FNDA:6,(anonymous_2)
FNDA:6,(anonymous_3)
FNDA:5,(anonymous_4)
FNDA:2,search
DA:1,1
DA:4,1
DA:7,6
DA:9,6
DA:10,6
DA:11,6
DA:14,6
DA:15,5
DA:16,3
DA:19,2
DA:21,2
DA:22,0
DA:23,0
DA:26,2
DA:27,0
DA:30,2
DA:31,2
DA:34,1
DA:35,2
DA:36,2
DA:37,2
LF:21
LH:18
BRDA:10,1,0,6
BRDA:10,1,1,2
BRDA:15,2,0,3
BRDA:15,2,1,2
BRDA:15,3,0,5
BRDA:15,3,1,5
BRDA:21,4,0,0
BRDA:21,4,1,2
BRDA:21,5,0,2
BRDA:21,5,1,0
BRDA:26,6,0,0
BRDA:26,6,1,2
BRDA:26,7,0,2
BRDA:26,7,1,2
BRDA:26,7,2,2
BRF:15
BRH:12
end_of_record
TN:
SF:/home/travis/build/unosquare/tubular/src/Unosquare.Tubular/Javascript/tubular/directives/grid/tbGrid.js
FN:1,(anonymous_1)
FNF:1
FNH:1
FNDA:1,(anonymous_1)
DA:1,1
DA:4,1
LF:2
LH:2
BRF:0
BRH:0
end_of_record
TN:
SF:/home/travis/build/unosquare/tubular/src/Unosquare.Tubular/Javascript/tubular/directives/grid/tbGridCtrl.js
FN:1,(anonymous_1)
FN:8,(anonymous_2)
FN:11,(anonymous_3)
FN:56,(anonymous_4)
FN:65,(anonymous_5)
FN:73,(anonymous_6)
FN:81,(anonymous_7)
FN:90,(anonymous_8)
FN:96,(anonymous_9)
FN:106,(anonymous_10)
FN:116,(anonymous_11)
FN:127,(anonymous_12)
FN:146,(anonymous_13)
FN:150,(anonymous_14)
FN:153,(anonymous_15)
FN:159,(anonymous_16)
FN:168,(anonymous_17)
FN:169,(anonymous_18)
FN:198,(anonymous_19)
FN:215,(anonymous_20)
FN:247,(anonymous_21)
FN:250,(anonymous_22)
FN:255,(anonymous_23)
FN:277,(anonymous_24)
FN:281,(anonymous_25)
FN:306,(anonymous_26)
FN:307,(anonymous_27)
FN:334,(anonymous_28)
FN:335,(anonymous_29)
FN:342,(anonymous_30)
FN:347,(anonymous_31)
FN:351,(anonymous_32)
FN:359,(anonymous_33)
FN:363,(anonymous_34)
FN:365,(anonymous_35)
FN:372,(anonymous_36)
FN:376,(anonymous_37)
FN:377,(anonymous_38)
FN:380,(anonymous_39)
FN:392,(anonymous_40)
FN:400,(anonymous_41)
FN:409,(anonymous_42)
FN:412,(anonymous_43)
FN:415,(anonymous_44)
FN:420,(anonymous_45)
FN:421,(anonymous_46)
FNF:46
FNH:3
FNDA:1,(anonymous_1)
FNDA:1,(anonymous_2)
FNDA:1,(anonymous_3)
FNDA:0,(anonymous_4)
FNDA:0,(anonymous_5)
FNDA:0,(anonymous_6)
FNDA:0,(anonymous_7)
FNDA:0,(anonymous_8)
FNDA:0,(anonymous_9)
FNDA:0,(anonymous_10)
FNDA:0,(anonymous_11)
FNDA:0,(anonymous_12)
FNDA:0,(anonymous_13)
FNDA:0,(anonymous_14)
FNDA:0,(anonymous_15)
FNDA:0,(anonymous_16)
FNDA:0,(anonymous_17)
FNDA:0,(anonymous_18)
FNDA:0,(anonymous_19)
FNDA:0,(anonymous_20)
FNDA:0,(anonymous_21)
FNDA:0,(anonymous_22)
FNDA:0,(anonymous_23)
FNDA:0,(anonymous_24)
FNDA:0,(anonymous_25)
FNDA:0,(anonymous_26)
FNDA:0,(anonymous_27)
FNDA:0,(anonymous_28)
FNDA:0,(anonymous_29)
FNDA:0,(anonymous_30)
FNDA:0,(anonymous_31)
FNDA:0,(anonymous_32)
FNDA:0,(anonymous_33)
FNDA:0,(anonymous_34)
FNDA:0,(anonymous_35)
FNDA:0,(anonymous_36)
FNDA:0,(anonymous_37)
FNDA:0,(anonymous_38)
FNDA:0,(anonymous_39)
FNDA:0,(anonymous_40)
FNDA:0,(anonymous_41)
FNDA:0,(anonymous_42)
FNDA:0,(anonymous_43)
FNDA:0,(anonymous_44)
FNDA:0,(anonymous_45)
FNDA:0,(anonymous_46)
DA:1,1
DA:4,1
DA:9,1
DA:11,1
DA:12,1
DA:14,1
DA:15,1
DA:16,1
DA:18,1
DA:19,1
DA:21,1
DA:22,1
DA:23,1
DA:24,1
DA:25,1
DA:26,1
DA:27,1
DA:28,1
DA:29,1
DA:30,1
DA:31,1
DA:32,1
DA:33,1
DA:34,1
DA:36,1
DA:41,1
DA:42,1
DA:43,1
DA:44,1
DA:45,1
DA:46,1
DA:47,1
DA:48,1
DA:49,1
DA:50,1
DA:53,1
DA:56,1
DA:57,0
DA:58,0
DA:61,0
DA:65,1
DA:66,0
DA:67,0
DA:70,0
DA:73,1
DA:74,0
DA:75,0
DA:78,0
DA:81,1
DA:82,0
DA:83,0
DA:84,0
DA:86,0
DA:90,1
DA:91,0
DA:92,0
DA:96,1
DA:97,0
DA:98,0
DA:99,0
DA:101,0
DA:106,1
DA:107,0
DA:109,0
DA:110,0
DA:113,0
DA:116,1
DA:117,0
DA:118,0
DA:119,0
DA:120,0
DA:122,0
DA:123,0
DA:127,1
DA:129,0
DA:130,0
DA:132,0
DA:133,0
DA:136,0
DA:143,0
DA:145,0
DA:147,0
DA:148,0
DA:151,0
DA:154,0
DA:155,0
DA:159,1
DA:160,0
DA:161,0
DA:163,0
DA:164,0
DA:167,0
DA:169,0
DA:171,0
DA:172,0
DA:175,0
DA:177,0
DA:180,0
DA:181,0
DA:182,0
DA:186,0
DA:187,0
DA:190,0
DA:193,0
DA:198,1
DA:199,0
DA:215,1
DA:217,0
DA:218,0
DA:221,0
DA:222,0
DA:224,0
DA:225,0
DA:228,0
DA:230,0
DA:231,0
DA:233,0
DA:235,0
DA:237,0
DA:239,0
DA:240,0
DA:243,0
DA:245,0
DA:247,0
DA:248,0
DA:249,0
DA:251,0
DA:255,1
DA:256,0
DA:258,0
DA:259,0
DA:265,0
DA:268,0
DA:270,0
DA:271,0
DA:272,0
DA:273,0
DA:274,0
DA:277,0
DA:278,0
DA:279,0
DA:281,0
DA:282,0
DA:289,0
DA:292,0
DA:294,0
DA:295,0
DA:296,0
DA:297,0
DA:298,0
DA:299,0
DA:301,0
DA:302,0
DA:306,1
DA:307,0
DA:308,0
DA:311,0
DA:313,0
DA:315,0
DA:318,0
DA:319,0
DA:324,0
DA:325,0
DA:326,0
DA:328,0
DA:329,0
DA:333,0
DA:334,0
DA:336,0
DA:337,0
DA:342,0
DA:343,0
DA:347,0
DA:348,0
DA:351,0
DA:352,0
DA:355,0
DA:356,0
DA:359,1
DA:360,0
DA:363,1
DA:364,0
DA:366,0
DA:369,0
DA:372,1
DA:373,0
DA:376,1
DA:377,0
DA:380,1
DA:381,0
DA:382,0
DA:385,0
DA:387,0
DA:389,0
DA:390,0
DA:392,0
DA:393,0
DA:397,0
DA:400,1
DA:401,0
DA:402,0
DA:403,0
DA:407,0
DA:410,0
DA:413,0
DA:416,0
DA:420,1
DA:421,0
LF:208
LH:57
BRDA:14,1,0,1
BRDA:14,1,1,1
BRDA:18,2,0,1
BRDA:18,2,1,0
BRDA:19,3,0,1
BRDA:19,3,1,0
BRDA:19,4,0,1
BRDA:19,4,1,1
BRDA:21,5,0,1
BRDA:21,5,1,0
BRDA:22,6,0,1
BRDA:22,6,1,1
BRDA:23,7,0,0
BRDA:23,7,1,1
BRDA:30,8,0,1
BRDA:30,8,1,1
BRDA:31,9,0,1
BRDA:31,9,1,1
BRDA:34,10,0,1
BRDA:34,10,1,1
BRDA:35,11,0,1
BRDA:35,11,1,0
BRDA:35,12,0,1
BRDA:35,12,1,1
BRDA:38,13,0,1
BRDA:38,13,1,0
BRDA:44,14,0,1
BRDA:44,14,1,1
BRDA:46,15,0,1
BRDA:46,15,1,1
BRDA:48,16,0,1
BRDA:48,16,1,0
BRDA:49,17,0,1
BRDA:49,17,1,0
BRDA:50,18,0,1
BRDA:50,18,1,1
BRDA:57,19,0,0
BRDA:57,19,1,0
BRDA:57,20,0,0
BRDA:57,20,1,0
BRDA:66,21,0,0
BRDA:66,21,1,0
BRDA:66,22,0,0
BRDA:66,22,1,0
BRDA:66,22,2,0
BRDA:74,23,0,0
BRDA:74,23,1,0
BRDA:82,24,0,0
BRDA:82,24,1,0
BRDA:82,25,0,0
BRDA:82,25,1,0
BRDA:83,26,0,0
BRDA:83,26,1,0
BRDA:91,27,0,0
BRDA:91,27,1,0
BRDA:91,28,0,0
BRDA:91,28,1,0
BRDA:97,29,0,0
BRDA:97,29,1,0
BRDA:98,30,0,0
BRDA:98,30,1,0
BRDA:107,31,0,0
BRDA:107,31,1,0
BRDA:109,32,0,0
BRDA:109,32,1,0
BRDA:117,33,0,0
BRDA:117,33,1,0
BRDA:122,34,0,0
BRDA:122,34,1,0
BRDA:122,35,0,0
BRDA:122,35,1,0
BRDA:122,35,2,0
BRDA:132,36,0,0
BRDA:132,36,1,0
BRDA:161,37,0,0
BRDA:161,37,1,0
BRDA:161,38,0,0
BRDA:161,38,1,0
BRDA:171,39,0,0
BRDA:171,39,1,0
BRDA:180,40,0,0
BRDA:180,40,1,0
BRDA:186,41,0,0
BRDA:186,41,1,0
BRDA:186,42,0,0
BRDA:186,42,1,0
BRDA:190,43,0,0
BRDA:190,43,1,0
BRDA:190,44,0,0
BRDA:190,44,1,0
BRDA:190,44,2,0
BRDA:201,45,0,0
BRDA:201,45,1,0
BRDA:217,46,0,0
BRDA:217,46,1,0
BRDA:217,47,0,0
BRDA:217,47,1,0
BRDA:224,48,0,0
BRDA:224,48,1,0
BRDA:225,49,0,0
BRDA:225,49,1,0
BRDA:228,50,0,0
BRDA:228,50,1,0
BRDA:231,51,0,0
BRDA:231,51,1,0
BRDA:235,52,0,0
BRDA:235,52,1,0
BRDA:239,53,0,0
BRDA:239,53,1,0
BRDA:258,54,0,0
BRDA:258,54,1,0
BRDA:258,55,0,0
BRDA:258,55,1,0
BRDA:270,56,0,0
BRDA:270,56,1,0
BRDA:301,57,0,0
BRDA:301,57,1,0
BRDA:311,58,0,0
BRDA:311,58,1,0
BRDA:315,59,0,0
BRDA:315,59,1,0
BRDA:319,60,0,0
BRDA:319,60,1,0
BRDA:321,61,0,0
BRDA:321,61,1,0
BRDA:324,62,0,0
BRDA:324,62,1,0
BRDA:333,63,0,0
BRDA:333,63,1,0
BRDA:348,64,0,0
BRDA:348,64,1,0
BRDA:360,65,0,0
BRDA:360,65,1,0
BRDA:381,66,0,0
BRDA:381,66,1,0
BRDA:389,67,0,0
BRDA:389,67,1,0
BRF:137
BRH:28
end_of_record
TN:
SF:/home/travis/build/unosquare/tubular/src/Unosquare.Tubular/Javascript/tubular/tubular.js
FN:1,(anonymous_1)
FN:15,(anonymous_2)
FN:31,(anonymous_3)
FN:32,(anonymous_4)
FN:51,(anonymous_5)
FN:52,(anonymous_6)
FN:77,(anonymous_7)
FN:78,(anonymous_8)
FNF:8
FNH:1
FNDA:1,(anonymous_1)
FNDA:0,(anonymous_2)
FNDA:0,(anonymous_3)
FNDA:0,(anonymous_4)
FNDA:0,(anonymous_5)
FNDA:0,(anonymous_6)
FNDA:0,(anonymous_7)
FNDA:0,(anonymous_8)
DA:1,1
DA:13,1
DA:16,0
DA:17,0
DA:32,0
DA:33,0
DA:36,0
DA:39,0
DA:52,0
DA:53,0
DA:55,0
DA:56,0
DA:59,0
DA:60,0
DA:64,0
DA:78,0
DA:79,0
DA:80,0
DA:82,0
LF:19
LH:2
BRDA:33,1,0,0
BRDA:33,1,1,0
BRDA:33,2,0,0
BRDA:33,2,1,0
BRDA:33,2,2,0
BRDA:33,2,3,0
BRDA:39,3,0,0
BRDA:39,3,1,0
BRDA:53,4,0,0
BRDA:53,4,1,0
BRDA:55,5,0,0
BRDA:55,5,1,0
BRDA:56,6,0,0
BRDA:56,6,1,0
BRDA:59,7,0,0
BRDA:59,7,1,0
BRDA:79,8,0,0
BRDA:79,8,1,0
BRDA:80,9,0,0
BRDA:80,9,1,0
BRF:20
BRH:0
end_of_record
