TN:
SF:/home/travis/build/unosquare/tubular/src/js/tubular/tubular-models.js
FN:1,(anonymous_1)
FN:22,(anonymous_2)
FN:23,(anonymous_3)
FN:27,(anonymous_4)
FN:41,(anonymous_5)
FN:43,(anonymous_6)
FN:51,(anonymous_7)
FN:57,(anonymous_8)
FN:87,(anonymous_9)
FN:90,(anonymous_10)
FN:100,(anonymous_11)
FN:121,(anonymous_12)
FN:129,(anonymous_13)
FN:133,(anonymous_14)
FN:134,(anonymous_15)
FN:139,(anonymous_16)
FN:140,(anonymous_17)
FNF:17
FNH:14
FNDA:1,(anonymous_1)
FNDA:21,(anonymous_2)
FNDA:16,(anonymous_3)
FNDA:48,(anonymous_4)
FNDA:0,(anonymous_5)
FNDA:0,(anonymous_6)
FNDA:16,(anonymous_7)
FNDA:32,(anonymous_8)
FNDA:2,(anonymous_9)
FNDA:1,(anonymous_10)
FNDA:4,(anonymous_11)
FNDA:1,(anonymous_12)
FNDA:0,(anonymous_13)
FNDA:1,(anonymous_14)
FNDA:2,(anonymous_15)
FNDA:1,(anonymous_16)
FNDA:18,(anonymous_17)
DA:1,1
DA:13,1
DA:23,21
DA:24,16
DA:28,48
DA:29,32
DA:30,32
DA:31,32
DA:33,32
DA:35,32
DA:36,0
DA:39,32
DA:41,32
DA:42,0
DA:44,0
DA:45,0
DA:50,16
DA:51,8
DA:52,16
DA:56,16
DA:57,16
DA:58,32
DA:60,32
DA:61,0
DA:64,32
DA:66,32
DA:67,0
DA:68,0
DA:70,0
DA:73,32
DA:74,17
DA:79,16
DA:80,16
DA:83,16
DA:84,16
DA:85,16
DA:87,16
DA:88,2
DA:90,2
DA:91,1
DA:93,1
DA:96,2
DA:100,16
DA:101,4
DA:102,0
DA:105,4
DA:106,0
DA:109,4
DA:110,1
DA:113,3
DA:115,3
DA:121,16
DA:122,1
DA:123,1
DA:126,1
DA:129,16
DA:130,0
DA:133,16
DA:134,1
DA:135,2
DA:139,16
DA:140,1
DA:141,18
DA:142,16
DA:145,2
DA:148,1
DA:151,16
LF:67
LH:56
BRDA:28,1,0,16
BRDA:28,1,1,32
BRDA:31,2,0,32
BRDA:31,2,1,16
BRDA:33,3,0,0
BRDA:33,3,1,32
BRDA:35,4,0,0
BRDA:35,4,1,32
BRDA:39,5,0,32
BRDA:39,5,1,16
BRDA:44,6,0,0
BRDA:44,6,1,0
BRDA:50,7,0,8
BRDA:50,7,1,8
BRDA:56,8,0,16
BRDA:56,8,1,0
BRDA:58,9,0,16
BRDA:58,9,1,16
BRDA:60,10,0,0
BRDA:60,10,1,32
BRDA:60,11,0,32
BRDA:60,11,1,0
BRDA:66,12,0,0
BRDA:66,12,1,32
BRDA:66,13,0,32
BRDA:66,13,1,32
BRDA:66,13,2,32
BRDA:67,14,0,0
BRDA:67,14,1,0
BRDA:67,15,0,0
BRDA:67,15,1,0
BRDA:67,15,2,0
BRDA:70,16,0,0
BRDA:70,16,1,0
BRDA:73,17,0,17
BRDA:73,17,1,15
BRDA:79,18,0,16
BRDA:79,18,1,0
BRDA:91,19,0,0
BRDA:91,19,1,1
BRDA:91,20,0,1
BRDA:91,20,1,1
BRDA:101,21,0,0
BRDA:101,21,1,4
BRDA:101,22,0,4
BRDA:101,22,1,4
BRDA:105,23,0,0
BRDA:105,23,1,4
BRDA:105,24,0,4
BRDA:105,24,1,4
BRDA:109,25,0,1
BRDA:109,25,1,3
BRDA:109,26,0,4
BRDA:109,26,1,3
BRDA:109,26,2,2
BRDA:117,27,0,1
BRDA:117,27,1,2
BRDA:117,28,0,1
BRDA:117,28,1,0
BRDA:122,29,0,1
BRDA:122,29,1,0
BRDA:122,30,0,1
BRDA:122,30,1,1
BRDA:141,31,0,16
BRDA:141,31,1,2
BRDA:141,32,0,18
BRDA:141,32,1,7
BRF:67
BRH:46
end_of_record
TN:
SF:/home/travis/build/unosquare/tubular/src/js/tubular/tubular-services.js
FN:1,(anonymous_1)
FN:4,getColumns
FN:6,(anonymous_3)
FN:9,getColumnsVisibility
FN:11,(anonymous_5)
FN:14,exportToCsv
FN:15,(anonymous_7)
FN:17,(anonymous_8)
FN:54,(anonymous_9)
FN:80,(anonymous_10)
FN:83,(anonymous_11)
FN:96,(anonymous_12)
FN:100,(anonymous_13)
FN:105,(anonymous_14)
FN:116,(anonymous_15)
FN:117,(anonymous_16)
FN:120,(anonymous_17)
FN:121,(anonymous_18)
FN:126,(anonymous_19)
FN:128,(anonymous_20)
FN:131,(anonymous_21)
FNF:21
FNH:1
FNDA:1,(anonymous_1)
FNDA:0,getColumns
FNDA:0,(anonymous_3)
FNDA:0,getColumnsVisibility
FNDA:0,(anonymous_5)
FNDA:0,exportToCsv
FNDA:0,(anonymous_7)
FNDA:0,(anonymous_8)
FNDA:0,(anonymous_9)
FNDA:0,(anonymous_10)
FNDA:0,(anonymous_11)
FNDA:0,(anonymous_12)
FNDA:0,(anonymous_13)
FNDA:0,(anonymous_14)
FNDA:0,(anonymous_15)
FNDA:0,(anonymous_16)
FNDA:0,(anonymous_17)
FNDA:0,(anonymous_18)
FNDA:0,(anonymous_19)
FNDA:0,(anonymous_20)
FNDA:0,(anonymous_21)
DA:1,1
DA:4,1
DA:5,0
DA:6,0
DA:9,1
DA:10,0
DA:11,0
DA:14,1
DA:15,0
DA:16,0
DA:17,0
DA:20,0
DA:21,0
DA:22,0
DA:23,0
DA:26,0
DA:28,0
DA:29,0
DA:32,0
DA:34,0
DA:35,0
DA:38,0
DA:39,0
DA:42,0
DA:44,0
DA:47,0
DA:49,0
DA:50,0
DA:53,0
DA:55,0
DA:59,0
DA:70,1
DA:81,0
DA:83,0
DA:84,0
DA:85,0
DA:87,0
DA:88,0
DA:89,0
DA:90,0
DA:92,0
DA:95,0
DA:97,0
DA:98,0
DA:100,0
DA:101,0
DA:106,0
DA:108,0
DA:109,0
DA:111,0
DA:112,0
DA:113,0
DA:117,0
DA:118,0
DA:120,0
DA:122,0
DA:127,0
DA:128,0
DA:131,0
DA:132,0
DA:134,0
DA:137,0
DA:143,0
DA:144,0
DA:146,0
DA:147,0
DA:150,0
DA:151,0
DA:152,0
DA:153,0
DA:154,0
LF:71
LH:5
BRDA:16,1,0,0
BRDA:16,1,1,0
BRDA:22,2,0,0
BRDA:22,2,1,0
BRDA:26,3,0,0
BRDA:26,3,1,0
BRDA:28,4,0,0
BRDA:28,4,1,0
BRDA:34,5,0,0
BRDA:34,5,1,0
BRDA:38,6,0,0
BRDA:38,6,1,0
BRDA:49,7,0,0
BRDA:49,7,1,0
BRDA:106,8,0,0
BRDA:106,8,1,0
BRDA:106,9,0,0
BRDA:106,9,1,0
BRDA:122,10,0,0
BRDA:122,10,1,0
BRDA:127,11,0,0
BRDA:127,11,1,0
BRDA:132,12,0,0
BRDA:132,12,1,0
BRDA:132,13,0,0
BRDA:132,13,1,0
BRDA:146,14,0,0
BRDA:146,14,1,0
BRF:28
BRH:0
end_of_record
TN:
SF:/home/travis/build/unosquare/tubular/src/js/tubular-chart/chartjs/tubular-chart.module.js
FN:1,(anonymous_1)
FNF:1
FNH:1
FNDA:1,(anonymous_1)
DA:1,1
DA:4,1
LF:2
LH:2
BRF:0
BRH:0
end_of_record
TN:
SF:/home/travis/build/unosquare/tubular/src/js/tubular/services/editor.js
FN:1,(anonymous_1)
FN:13,(anonymous_2)
FN:19,(anonymous_3)
FN:29,(anonymous_4)
FN:41,(anonymous_5)
FN:50,(anonymous_6)
FN:66,(anonymous_7)
FN:73,(anonymous_8)
FN:97,(anonymous_9)
FN:99,(anonymous_10)
FN:143,(anonymous_11)
FN:163,(anonymous_12)
FN:165,(anonymous_13)
FN:174,(anonymous_14)
FN:176,(anonymous_15)
FN:200,(anonymous_16)
FNF:16
FNH:8
FNDA:1,(anonymous_1)
FNDA:16,(anonymous_2)
FNDA:1,(anonymous_3)
FNDA:16,(anonymous_4)
FNDA:4,(anonymous_5)
FNDA:0,(anonymous_6)
FNDA:0,(anonymous_7)
FNDA:4,(anonymous_8)
FNDA:20,(anonymous_9)
FNDA:10,(anonymous_10)
FNDA:0,(anonymous_11)
FNDA:0,(anonymous_12)
FNDA:0,(anonymous_13)
FNDA:0,(anonymous_14)
FNDA:0,(anonymous_15)
FNDA:0,(anonymous_16)
DA:1,1
DA:4,1
DA:14,16
DA:19,16
DA:20,1
DA:21,1
DA:22,1
DA:29,16
DA:30,16
DA:31,16
DA:32,16
DA:33,16
DA:34,16
DA:35,16
DA:36,16
DA:37,16
DA:40,16
DA:42,4
DA:43,4
DA:50,16
DA:51,0
DA:53,0
DA:54,0
DA:55,0
DA:57,0
DA:60,0
DA:63,0
DA:66,16
DA:68,0
DA:70,0
DA:73,16
DA:74,4
DA:75,4
DA:77,4
DA:79,1
DA:80,1
DA:82,1
DA:83,0
DA:86,1
DA:90,3
DA:91,3
DA:94,0
DA:97,16
DA:98,20
DA:100,10
DA:101,10
DA:104,0
DA:107,0
DA:108,0
DA:109,0
DA:112,0
DA:113,0
DA:114,0
DA:115,0
DA:116,0
DA:117,0
DA:121,0
DA:124,16
DA:127,16
DA:128,26
DA:131,0
DA:132,0
DA:135,0
DA:136,0
DA:139,0
DA:141,0
DA:143,0
DA:144,0
DA:146,0
DA:147,0
DA:148,0
DA:150,0
DA:151,0
DA:154,0
DA:155,0
DA:156,0
DA:159,0
DA:163,0
DA:164,0
DA:166,0
DA:167,0
DA:170,0
DA:174,0
DA:175,0
DA:177,0
DA:178,0
DA:181,0
DA:184,0
DA:185,0
DA:186,0
DA:189,0
DA:190,0
DA:193,0
DA:196,0
DA:199,0
DA:201,0
DA:202,0
DA:208,0
DA:209,0
DA:212,0
DA:213,0
DA:215,0
DA:216,0
DA:221,0
DA:223,0
DA:226,26
LF:106
LH:39
BRDA:20,1,0,1
BRDA:20,1,1,1
BRDA:30,2,0,16
BRDA:30,2,1,6
BRDA:31,3,0,6
BRDA:31,3,1,10
BRDA:32,4,0,16
BRDA:32,4,1,16
BRDA:33,5,0,16
BRDA:33,5,1,10
BRDA:33,6,0,10
BRDA:33,6,1,0
BRDA:34,7,0,16
BRDA:34,7,1,16
BRDA:35,8,0,16
BRDA:35,8,1,16
BRDA:36,9,0,16
BRDA:36,9,1,16
BRDA:54,10,0,0
BRDA:54,10,1,0
BRDA:57,11,0,0
BRDA:57,11,1,0
BRDA:70,12,0,0
BRDA:70,12,1,0
BRDA:77,13,0,1
BRDA:77,13,1,3
BRDA:77,14,0,4
BRDA:77,14,1,2
BRDA:77,14,2,3
BRDA:77,14,3,0
BRDA:77,14,4,0
BRDA:82,15,0,0
BRDA:82,15,1,1
BRDA:90,16,0,3
BRDA:90,16,1,0
BRDA:100,17,0,10
BRDA:100,17,1,0
BRDA:100,18,0,10
BRDA:100,18,1,10
BRDA:107,19,0,0
BRDA:107,19,1,0
BRDA:108,20,0,0
BRDA:108,20,1,0
BRDA:112,21,0,0
BRDA:112,21,1,0
BRDA:114,22,0,0
BRDA:114,22,1,0
BRDA:116,23,0,0
BRDA:116,23,1,0
BRDA:128,24,0,0
BRDA:128,24,1,26
BRDA:128,25,0,26
BRDA:128,25,1,26
BRDA:131,26,0,0
BRDA:131,26,1,0
BRDA:135,27,0,0
BRDA:135,27,1,0
BRDA:139,28,0,0
BRDA:139,28,1,0
BRDA:146,29,0,0
BRDA:146,29,1,0
BRDA:147,30,0,0
BRDA:147,30,1,0
BRDA:148,31,0,0
BRDA:148,31,1,0
BRDA:148,32,0,0
BRDA:148,32,1,0
BRDA:148,32,2,0
BRDA:150,33,0,0
BRDA:150,33,1,0
BRDA:150,34,0,0
BRDA:150,34,1,0
BRDA:166,35,0,0
BRDA:166,35,1,0
BRDA:177,36,0,0
BRDA:177,36,1,0
BRDA:184,37,0,0
BRDA:184,37,1,0
BRDA:184,38,0,0
BRDA:184,38,1,0
BRDA:184,38,2,0
BRDA:185,39,0,0
BRDA:185,39,1,0
BRDA:185,40,0,0
BRDA:185,40,1,0
BRDA:189,41,0,0
BRDA:189,41,1,0
BRDA:189,42,0,0
BRDA:189,42,1,0
BRDA:196,43,0,0
BRDA:196,43,1,0
BRDA:208,44,0,0
BRDA:208,44,1,0
BRDA:212,45,0,0
BRDA:212,45,1,0
BRDA:215,46,0,0
BRDA:215,46,1,0
BRF:97
BRH:30
end_of_record
TN:
SF:/home/travis/build/unosquare/tubular/src/js/tubular/services/http.js
FN:1,(anonymous_1)
FN:24,(anonymous_2)
FN:37,init
FN:45,isAuthenticationExpired
FN:52,retrieveSavedData
FN:64,getCancel
FN:65,(anonymous_7)
FN:78,(anonymous_8)
FN:82,(anonymous_9)
FN:94,(anonymous_10)
FN:103,(anonymous_11)
FN:111,(anonymous_12)
FN:116,(anonymous_13)
FN:121,(anonymous_14)
FN:133,(anonymous_15)
FN:140,(anonymous_16)
FN:170,(anonymous_17)
FN:178,(anonymous_18)
FN:183,(anonymous_19)
FN:199,(anonymous_20)
FN:205,(anonymous_21)
FN:214,(anonymous_22)
FN:218,(anonymous_23)
FN:230,(anonymous_24)
FN:235,(anonymous_25)
FN:240,(anonymous_26)
FN:243,(anonymous_27)
FN:247,(anonymous_28)
FN:254,(anonymous_29)
FN:269,(anonymous_30)
FN:273,(anonymous_31)
FN:281,(anonymous_32)
FN:286,(anonymous_33)
FN:294,(anonymous_34)
FN:308,(anonymous_35)
FN:312,(anonymous_36)
FNF:36
FNH:18
FNDA:1,(anonymous_1)
FNDA:96,(anonymous_2)
FNDA:96,init
FNDA:22,isAuthenticationExpired
FNDA:12,retrieveSavedData
FNDA:10,getCancel
FNDA:0,(anonymous_7)
FNDA:0,(anonymous_8)
FNDA:14,(anonymous_9)
FNDA:2,(anonymous_10)
FNDA:2,(anonymous_11)
FNDA:1,(anonymous_12)
FNDA:1,(anonymous_13)
FNDA:2,(anonymous_14)
FNDA:0,(anonymous_15)
FNDA:0,(anonymous_16)
FNDA:0,(anonymous_17)
FNDA:0,(anonymous_18)
FNDA:10,(anonymous_19)
FNDA:10,(anonymous_20)
FNDA:0,(anonymous_21)
FNDA:0,(anonymous_22)
FNDA:0,(anonymous_23)
FNDA:3,(anonymous_24)
FNDA:1,(anonymous_25)
FNDA:1,(anonymous_26)
FNDA:0,(anonymous_27)
FNDA:0,(anonymous_28)
FNDA:0,(anonymous_29)
FNDA:0,(anonymous_30)
FNDA:0,(anonymous_31)
FNDA:0,(anonymous_32)
FNDA:0,(anonymous_33)
FNDA:0,(anonymous_34)
FNDA:0,(anonymous_35)
FNDA:80,(anonymous_36)
DA:1,1
DA:4,1
DA:33,96
DA:34,96
DA:35,96
DA:37,1
DA:38,96
DA:40,96
DA:41,80
DA:45,1
DA:46,22
DA:47,22
DA:49,22
DA:52,1
DA:53,12
DA:55,12
DA:56,0
DA:57,12
DA:58,10
DA:60,0
DA:64,1
DA:65,10
DA:66,0
DA:67,0
DA:71,96
DA:78,96
DA:79,0
DA:82,96
DA:83,14
DA:84,12
DA:85,12
DA:87,12
DA:91,2
DA:94,96
DA:95,2
DA:96,2
DA:97,2
DA:98,2
DA:99,2
DA:100,2
DA:103,96
DA:104,2
DA:106,2
DA:112,1
DA:113,1
DA:115,1
DA:117,1
DA:121,96
DA:122,2
DA:123,2
DA:124,2
DA:125,2
DA:126,2
DA:127,2
DA:128,2
DA:130,2
DA:133,96
DA:134,0
DA:140,96
DA:141,0
DA:142,0
DA:143,0
DA:144,0
DA:146,0
DA:148,0
DA:149,0
DA:150,0
DA:151,0
DA:152,0
DA:153,0
DA:154,0
DA:155,0
DA:156,0
DA:158,0
DA:159,0
DA:160,0
DA:162,0
DA:169,0
DA:171,0
DA:172,0
DA:174,0
DA:178,96
DA:179,0
DA:180,0
DA:183,96
DA:184,10
DA:185,10
DA:187,10
DA:188,0
DA:191,10
DA:192,0
DA:196,10
DA:197,10
DA:199,10
DA:203,0
DA:205,0
DA:206,0
DA:209,0
DA:215,0
DA:217,0
DA:219,0
DA:220,0
DA:223,0
DA:226,0
DA:230,96
DA:231,3
DA:232,3
DA:235,1
DA:239,2
DA:240,1
DA:243,96
DA:244,0
DA:247,96
DA:248,0
DA:254,96
DA:255,0
DA:269,96
DA:270,0
DA:271,0
DA:273,0
DA:277,0
DA:281,0
DA:286,96
DA:287,0
DA:294,96
DA:295,0
DA:296,0
DA:298,0
DA:299,0
DA:302,0
DA:306,96
DA:308,96
DA:309,0
DA:312,96
DA:313,80
DA:314,80
DA:317,0
DA:319,0
DA:322,96
LF:139
LH:80
BRDA:40,1,0,80
BRDA:40,1,1,16
BRDA:55,2,0,0
BRDA:55,2,1,12
BRDA:57,3,0,10
BRDA:57,3,1,0
BRDA:83,4,0,12
BRDA:83,4,1,2
BRDA:83,5,0,14
BRDA:83,5,1,12
BRDA:123,6,0,2
BRDA:123,6,1,2
BRDA:123,6,2,1
BRDA:135,7,0,0
BRDA:135,7,1,0
BRDA:158,8,0,0
BRDA:158,8,1,0
BRDA:187,9,0,0
BRDA:187,9,1,10
BRDA:191,10,0,0
BRDA:191,10,1,10
BRDA:196,11,0,10
BRDA:196,11,1,0
BRDA:197,12,0,10
BRDA:197,12,1,0
BRDA:197,13,0,10
BRDA:197,13,1,10
BRDA:203,14,0,0
BRDA:203,14,1,0
BRDA:219,15,0,0
BRDA:219,15,1,0
BRDA:231,16,0,3
BRDA:231,16,1,0
BRDA:232,17,0,1
BRDA:232,17,1,2
BRDA:232,18,0,3
BRDA:232,18,1,1
BRDA:270,19,0,0
BRDA:270,19,1,0
BRDA:271,20,0,0
BRDA:271,20,1,0
BRDA:271,21,0,0
BRDA:271,21,1,0
BRDA:298,22,0,0
BRDA:298,22,1,0
BRDA:313,23,0,80
BRDA:313,23,1,0
BRDA:313,24,0,80
BRDA:313,24,1,0
BRDA:313,24,2,0
BRDA:319,25,0,0
BRDA:319,25,1,0
BRF:52
BRH:24
end_of_record
TN:
SF:/home/travis/build/unosquare/tubular/src/js/tubular/services/popup.js
FN:1,(anonymous_1)
FN:16,(anonymous_2)
FN:22,(anonymous_3)
FN:28,(anonymous_4)
FN:43,(anonymous_5)
FN:55,(anonymous_6)
FN:58,(anonymous_7)
FNF:7
FNH:5
FNDA:1,(anonymous_1)
FNDA:84,(anonymous_2)
FNDA:0,(anonymous_3)
FNDA:0,(anonymous_4)
FNDA:1,(anonymous_5)
FNDA:1,(anonymous_6)
FNDA:1,(anonymous_7)
DA:1,1
DA:4,1
DA:21,84
DA:23,0
DA:25,0
DA:29,0
DA:31,0
DA:44,1
DA:45,0
DA:48,1
DA:56,1
DA:59,1
DA:64,1
LF:13
LH:8
BRDA:44,1,0,0
BRDA:44,1,1,1
BRF:2
BRH:1
end_of_record
TN:
SF:/home/travis/build/unosquare/tubular/src/js/tubular/services/popupCtrl.js
FN:1,(anonymous_1)
FN:12,(anonymous_2)
FN:21,(anonymous_3)
FN:37,(anonymous_4)
FN:46,(anonymous_5)
FN:57,(anonymous_6)
FNF:6
FNH:4
FNDA:1,(anonymous_1)
FNDA:6,(anonymous_2)
FNDA:3,(anonymous_3)
FNDA:0,(anonymous_4)
FNDA:0,(anonymous_5)
FNDA:1,(anonymous_6)
DA:1,1
DA:5,1
DA:19,6
DA:21,6
DA:22,3
DA:25,3
DA:26,1
DA:27,1
DA:30,2
DA:32,2
DA:33,1
DA:36,1
DA:38,0
DA:39,0
DA:40,0
DA:41,0
DA:42,0
DA:44,0
DA:47,0
DA:48,0
DA:49,0
DA:51,0
DA:54,1
DA:57,6
DA:58,1
DA:59,0
DA:62,1
LF:27
LH:16
BRDA:22,1,0,3
BRDA:22,1,1,0
BRDA:25,2,0,1
BRDA:25,2,1,2
BRDA:25,3,0,3
BRDA:25,3,1,1
BRDA:25,3,2,1
BRDA:32,4,0,1
BRDA:32,4,1,1
BRDA:32,5,0,2
BRDA:32,5,1,2
BRDA:41,6,0,0
BRDA:41,6,1,0
BRDA:58,7,0,0
BRDA:58,7,1,1
BRF:15
BRH:11
end_of_record
TN:
SF:/home/travis/build/unosquare/tubular/src/js/tubular/services/template.js
FN:1,(anonymous_1)
FN:16,(anonymous_2)
FN:21,(anonymous_3)
FN:181,(anonymous_4)
FN:182,(anonymous_5)
FN:184,(anonymous_6)
FN:209,(anonymous_7)
FN:261,(anonymous_8)
FN:307,(anonymous_9)
FN:326,(anonymous_10)
FN:330,(anonymous_11)
FN:365,(anonymous_12)
FN:398,(anonymous_13)
FN:415,(anonymous_14)
FN:431,(anonymous_15)
FN:442,(anonymous_16)
FN:444,(anonymous_17)
FN:447,(anonymous_18)
FN:449,(anonymous_19)
FN:451,(anonymous_20)
FN:484,(anonymous_21)
FN:485,(anonymous_22)
FN:487,(anonymous_23)
FN:510,(anonymous_24)
FN:564,(anonymous_25)
FN:566,(anonymous_26)
FN:570,(anonymous_27)
FN:589,(anonymous_28)
FN:590,(anonymous_29)
FN:600,(anonymous_30)
FN:615,(anonymous_31)
FN:620,(anonymous_32)
FN:624,(anonymous_33)
FN:631,(anonymous_34)
FN:633,(anonymous_35)
FN:639,(anonymous_36)
FNF:36
FNH:23
FNDA:1,(anonymous_1)
FNDA:98,(anonymous_2)
FNDA:98,(anonymous_3)
FNDA:2,(anonymous_4)
FNDA:14,(anonymous_5)
FNDA:30,(anonymous_6)
FNDA:1,(anonymous_7)
FNDA:7,(anonymous_8)
FNDA:116,(anonymous_9)
FNDA:16,(anonymous_10)
FNDA:112,(anonymous_11)
FNDA:112,(anonymous_12)
FNDA:2,(anonymous_13)
FNDA:1,(anonymous_14)
FNDA:3,(anonymous_15)
FNDA:7,(anonymous_16)
FNDA:7,(anonymous_17)
FNDA:7,(anonymous_18)
FNDA:7,(anonymous_19)
FNDA:7,(anonymous_20)
FNDA:7,(anonymous_21)
FNDA:49,(anonymous_22)
FNDA:105,(anonymous_23)
FNDA:0,(anonymous_24)
FNDA:0,(anonymous_25)
FNDA:0,(anonymous_26)
FNDA:0,(anonymous_27)
FNDA:0,(anonymous_28)
FNDA:0,(anonymous_29)
FNDA:0,(anonymous_30)
FNDA:0,(anonymous_31)
FNDA:0,(anonymous_32)
FNDA:0,(anonymous_33)
FNDA:0,(anonymous_34)
FNDA:0,(anonymous_35)
FNDA:0,(anonymous_36)
DA:1,1
DA:4,1
DA:19,98
DA:21,98
DA:22,98
DA:23,98
DA:26,98
DA:38,98
DA:146,98
DA:148,98
DA:149,98
DA:154,98
DA:162,98
DA:171,98
DA:181,98
DA:182,2
DA:183,14
DA:184,30
DA:186,14
DA:209,98
DA:210,1
DA:211,1
DA:213,1
DA:214,1
DA:215,1
DA:218,1
DA:219,1
DA:227,1
DA:228,1
DA:231,1
DA:232,1
DA:236,1
DA:237,1
DA:240,1
DA:262,7
DA:307,98
DA:308,116
DA:310,17
DA:312,17
DA:314,17
DA:316,65
DA:326,98
DA:327,16
DA:328,16
DA:330,16
DA:331,112
DA:334,112
DA:335,0
DA:338,112
DA:339,16
DA:344,96
DA:345,16
DA:346,80
DA:347,16
DA:353,64
DA:355,64
DA:356,16
DA:359,64
DA:363,16
DA:365,16
DA:366,112
DA:367,112
DA:370,112
DA:371,112
DA:372,112
DA:373,112
DA:374,112
DA:375,112
DA:376,112
DA:378,112
DA:379,112
DA:380,112
DA:381,112
DA:382,112
DA:383,112
DA:385,112
DA:386,96
DA:389,16
DA:390,16
DA:391,16
DA:392,16
DA:395,16
DA:398,98
DA:399,2
DA:401,2
DA:415,98
DA:416,1
DA:417,1
DA:419,1
DA:421,1
DA:431,98
DA:432,3
DA:433,3
DA:434,3
DA:436,3
DA:437,1
DA:439,2
DA:442,7
DA:444,7
DA:447,7
DA:449,7
DA:451,7
DA:456,3
DA:484,98
DA:485,7
DA:486,49
DA:487,105
DA:488,49
DA:490,49
DA:510,98
DA:511,0
DA:522,0
DA:553,0
DA:562,0
DA:564,0
DA:565,0
DA:566,0
DA:568,0
DA:571,0
DA:572,0
DA:575,0
DA:578,0
DA:581,0
DA:582,0
DA:583,0
DA:584,0
DA:589,0
DA:590,0
DA:592,0
DA:593,0
DA:596,0
DA:597,0
DA:600,0
DA:601,0
DA:602,0
DA:605,0
DA:606,0
DA:609,0
DA:610,0
DA:611,0
DA:612,0
DA:615,0
DA:616,0
DA:617,0
DA:620,0
DA:621,0
DA:624,0
DA:625,0
DA:626,0
DA:627,0
DA:631,0
DA:633,0
DA:635,0
DA:636,0
DA:639,0
DA:640,0
DA:641,0
DA:643,0
DA:644,0
DA:648,0
DA:651,0
DA:652,0
DA:653,0
DA:655,0
DA:658,0
DA:660,0
DA:661,0
DA:665,0
DA:666,0
DA:668,0
DA:669,0
LF:171
LH:109
BRDA:23,1,0,98
BRDA:23,1,1,98
BRDA:148,2,0,98
BRDA:148,2,1,0
BRDA:165,3,0,0
BRDA:165,3,1,98
BRDA:188,4,0,7
BRDA:188,4,1,7
BRDA:213,5,0,1
BRDA:213,5,1,0
BRDA:218,6,0,1
BRDA:218,6,1,0
BRDA:227,7,0,1
BRDA:227,7,1,0
BRDA:231,8,0,1
BRDA:231,8,1,0
BRDA:236,9,0,1
BRDA:236,9,1,0
BRDA:249,10,0,0
BRDA:249,10,1,1
BRDA:250,11,0,0
BRDA:250,11,1,1
BRDA:252,12,0,0
BRDA:252,12,1,1
BRDA:258,13,0,0
BRDA:258,13,1,1
BRDA:267,14,0,7
BRDA:267,14,1,0
BRDA:277,15,0,7
BRDA:277,15,1,0
BRDA:285,16,0,0
BRDA:285,16,1,1
BRDA:287,17,0,0
BRDA:287,17,1,0
BRDA:302,18,0,0
BRDA:302,18,1,1
BRDA:308,19,0,17
BRDA:308,19,1,17
BRDA:308,19,2,17
BRDA:308,19,3,65
BRDA:327,20,0,16
BRDA:327,20,1,0
BRDA:327,21,0,16
BRDA:327,21,1,16
BRDA:334,22,0,0
BRDA:334,22,1,112
BRDA:334,23,0,112
BRDA:334,23,1,112
BRDA:334,23,2,112
BRDA:338,24,0,16
BRDA:338,24,1,96
BRDA:338,25,0,112
BRDA:338,25,1,96
BRDA:344,26,0,16
BRDA:344,26,1,80
BRDA:344,27,0,96
BRDA:344,27,1,96
BRDA:346,28,0,16
BRDA:346,28,1,64
BRDA:346,29,0,80
BRDA:346,29,1,80
BRDA:355,30,0,16
BRDA:355,30,1,48
BRDA:385,31,0,96
BRDA:385,31,1,16
BRDA:403,32,0,2
BRDA:403,32,1,0
BRDA:432,33,0,1
BRDA:432,33,1,2
BRDA:436,34,0,1
BRDA:436,34,1,2
BRDA:440,35,0,1
BRDA:440,35,1,1
BRDA:465,36,0,0
BRDA:465,36,1,3
BRDA:471,37,0,3
BRDA:471,37,1,0
BRDA:495,38,0,28
BRDA:495,38,1,21
BRDA:496,39,0,42
BRDA:496,39,1,7
BRDA:499,40,0,35
BRDA:499,40,1,14
BRDA:500,41,0,42
BRDA:500,41,1,7
BRDA:501,42,0,49
BRDA:501,42,1,0
BRDA:502,43,0,14
BRDA:502,43,1,35
BRDA:503,44,0,49
BRDA:503,44,1,0
BRDA:554,45,0,0
BRDA:554,45,1,0
BRDA:555,46,0,0
BRDA:555,46,1,0
BRDA:556,47,0,0
BRDA:556,47,1,0
BRDA:557,48,0,0
BRDA:557,48,1,0
BRDA:558,49,0,0
BRDA:558,49,1,0
BRDA:558,49,2,0
BRDA:562,50,0,0
BRDA:562,50,1,0
BRDA:568,51,0,0
BRDA:568,51,1,0
BRDA:571,52,0,0
BRDA:571,52,1,0
BRDA:575,53,0,0
BRDA:575,53,1,0
BRDA:575,54,0,0
BRDA:575,54,1,0
BRDA:575,54,2,0
BRDA:575,54,3,0
BRDA:576,55,0,0
BRDA:576,55,1,0
BRDA:581,56,0,0
BRDA:581,56,1,0
BRDA:592,57,0,0
BRDA:592,57,1,0
BRDA:601,58,0,0
BRDA:601,58,1,0
BRDA:605,59,0,0
BRDA:605,59,1,0
BRDA:605,60,0,0
BRDA:605,60,1,0
BRDA:625,61,0,0
BRDA:625,61,1,0
BRDA:633,62,0,0
BRDA:633,62,1,0
BRDA:635,63,0,0
BRDA:635,63,1,0
BRDA:640,64,0,0
BRDA:640,64,1,0
BRDA:643,65,0,0
BRDA:643,65,1,0
BRDA:655,66,0,0
BRDA:655,66,1,0
BRDA:655,67,0,0
BRDA:655,67,1,0
BRDA:655,67,2,0
BRDA:660,68,0,0
BRDA:660,68,1,0
BRDA:665,69,0,0
BRDA:665,69,1,0
BRDA:665,70,0,0
BRDA:665,70,1,0
BRDA:668,71,0,0
BRDA:668,71,1,0
BRF:149
BRH:67
end_of_record
TN:
SF:/home/travis/build/unosquare/tubular/src/js/tubular/services/translate.js
FN:1,(anonymous_1)
FN:12,(anonymous_2)
FN:129,(anonymous_3)
FN:136,(anonymous_4)
FN:145,(anonymous_5)
FN:160,(anonymous_6)
FN:161,(anonymous_7)
FNF:7
FNH:7
FNDA:1,(anonymous_1)
FNDA:110,(anonymous_2)
FNDA:3,(anonymous_3)
FNDA:1,(anonymous_4)
FNDA:9,(anonymous_5)
FNDA:104,(anonymous_6)
FNDA:7,(anonymous_7)
DA:1,1
DA:4,1
DA:13,110
DA:15,110
DA:16,110
DA:18,110
DA:129,110
DA:131,3
DA:133,3
DA:136,110
DA:137,1
DA:140,1
DA:142,1
DA:145,110
DA:146,9
DA:148,9
DA:161,104
DA:162,7
DA:163,7
DA:165,7
DA:166,7
DA:167,7
DA:168,7
DA:170,7
DA:173,0
LF:25
LH:24
BRDA:137,1,0,1
BRDA:137,1,1,1
BRDA:137,1,2,0
BRDA:146,2,0,9
BRDA:146,2,1,1
BRDA:148,3,0,9
BRDA:148,3,1,0
BRDA:162,4,0,7
BRDA:162,4,1,0
BRDA:165,5,0,7
BRDA:165,5,1,2
BRDA:166,6,0,7
BRDA:166,6,1,6
BRDA:167,7,0,7
BRDA:167,7,1,6
BRDA:168,8,0,7
BRDA:168,8,1,7
BRF:17
BRH:14
end_of_record
TN:
SF:/home/travis/build/unosquare/tubular/src/js/tubular/services/tubularConfig.js
FN:1,(anonymous_1)
FN:5,(anonymous_2)
FN:43,setPlatformConfig
FN:54,addConfig
FN:72,createConfig
FN:73,(anonymous_6)
FN:82,(anonymous_7)
FN:103,stringObj
FN:119,(anonymous_9)
FNF:9
FNH:9
FNDA:1,(anonymous_1)
FNDA:178,(anonymous_2)
FNDA:178,setPlatformConfig
FNDA:534,addConfig
FNDA:1246,createConfig
FNDA:3026,(anonymous_6)
FNDA:242,(anonymous_7)
FNDA:219,stringObj
FNDA:99,(anonymous_9)
DA:1,1
DA:4,1
DA:7,178
DA:8,178
DA:9,178
DA:11,178
DA:25,178
DA:29,178
DA:43,1
DA:44,178
DA:45,178
DA:47,178
DA:49,178
DA:54,1
DA:55,534
DA:56,1602
DA:57,1424
DA:58,356
DA:59,0
DA:61,356
DA:63,1068
DA:64,0
DA:72,1
DA:73,1246
DA:75,3026
DA:77,890
DA:78,890
DA:82,2136
DA:83,242
DA:84,16
DA:85,16
DA:87,226
DA:94,219
DA:96,7
DA:103,1
DA:104,219
DA:105,219
DA:106,657
DA:107,657
DA:109,0
DA:112,219
DA:115,178
DA:119,178
DA:120,99
LF:44
LH:41
BRDA:56,1,0,1424
BRDA:56,1,1,178
BRDA:56,2,0,1602
BRDA:56,2,1,1424
BRDA:57,3,0,356
BRDA:57,3,1,1068
BRDA:58,4,0,0
BRDA:58,4,1,356
BRDA:63,5,0,0
BRDA:63,5,1,1068
BRDA:75,6,0,890
BRDA:75,6,1,2136
BRDA:83,7,0,16
BRDA:83,7,1,226
BRDA:87,8,0,219
BRDA:87,8,1,7
BRDA:106,9,0,657
BRDA:106,9,1,0
BRDA:106,10,0,657
BRDA:106,10,1,657
BRF:20
BRH:17
end_of_record
TN:
SF:/home/travis/build/unosquare/tubular/src/js/tubular/interceptors/auth.js
FN:1,(anonymous_1)
FN:14,(anonymous_2)
FN:28,request
FN:53,checkStatic
FN:57,requestError
FN:61,response
FN:65,responseError
FN:92,(anonymous_8)
FN:98,(anonymous_9)
FN:100,(anonymous_10)
FN:107,(anonymous_11)
FNF:11
FNH:7
FNDA:1,(anonymous_1)
FNDA:9,(anonymous_2)
FNDA:6,request
FNDA:6,checkStatic
FNDA:0,requestError
FNDA:0,response
FNDA:2,responseError
FNDA:1,(anonymous_8)
FNDA:1,(anonymous_9)
FNDA:0,(anonymous_10)
FNDA:0,(anonymous_11)
DA:1,1
DA:13,1
DA:16,9
DA:17,9
DA:19,9
DA:26,9
DA:28,1
DA:30,6
DA:31,6
DA:33,6
DA:36,6
DA:40,1
DA:44,1
DA:46,0
DA:50,6
DA:53,1
DA:54,6
DA:57,1
DA:58,0
DA:61,1
DA:62,0
DA:65,1
DA:66,2
DA:68,2
DA:70,2
DA:71,2
DA:72,2
DA:74,2
DA:81,1
DA:83,1
DA:84,1
DA:92,1
DA:93,1
DA:94,1
DA:96,1
DA:97,1
DA:98,1
DA:99,1
DA:101,0
DA:105,0
DA:108,0
DA:109,0
DA:110,0
DA:111,0
DA:112,0
DA:116,1
DA:119,2
DA:121,0
DA:124,0
DA:125,0
LF:50
LH:37
BRDA:33,1,0,6
BRDA:33,1,1,6
BRDA:36,2,0,1
BRDA:36,2,1,5
BRDA:36,3,0,6
BRDA:36,3,1,2
BRDA:36,3,2,1
BRDA:36,3,3,1
BRDA:44,4,0,0
BRDA:44,4,1,1
BRDA:44,5,0,1
BRDA:44,5,1,0
BRDA:44,5,2,0
BRDA:68,6,0,2
BRDA:68,6,1,0
BRDA:74,7,0,1
BRDA:74,7,1,1
BRDA:75,8,0,2
BRDA:75,8,1,2
BRDA:75,8,2,2
BRDA:75,8,3,1
BRDA:75,8,4,1
BRDA:83,9,0,1
BRDA:83,9,1,0
BRDA:96,10,0,1
BRDA:96,10,1,0
BRDA:96,11,0,1
BRDA:96,11,1,1
BRF:28
BRH:22
end_of_record
TN:
SF:/home/travis/build/unosquare/tubular/src/js/tubular/interceptors/no-cache.js
FN:1,(anonymous_1)
FN:14,(anonymous_2)
FN:17,(anonymous_3)
FNF:3
FNH:1
FNDA:1,(anonymous_1)
FNDA:0,(anonymous_2)
FNDA:0,(anonymous_3)
DA:1,1
DA:13,1
DA:16,0
DA:18,0
DA:19,0
DA:20,0
DA:23,0
LF:7
LH:2
BRDA:18,1,0,0
BRDA:18,1,1,0
BRDA:18,2,0,0
BRDA:18,2,1,0
BRDA:18,2,2,0
BRDA:19,3,0,0
BRDA:19,3,1,0
BRF:7
BRH:0
end_of_record
TN:
SF:/home/travis/build/unosquare/tubular/src/js/tubular/tubular-directives.js
FN:1,(anonymous_1)
FN:28,(anonymous_2)
FN:37,(anonymous_3)
FN:57,(anonymous_4)
FN:67,(anonymous_5)
FN:72,(anonymous_6)
FN:74,(anonymous_7)
FN:105,(anonymous_8)
FN:126,(anonymous_9)
FN:132,(anonymous_10)
FN:136,(anonymous_11)
FN:142,(anonymous_12)
FN:148,(anonymous_13)
FN:153,(anonymous_14)
FN:197,(anonymous_15)
FN:206,(anonymous_16)
FN:207,(anonymous_17)
FN:212,(anonymous_18)
FN:217,(anonymous_19)
FN:241,(anonymous_20)
FN:251,(anonymous_21)
FN:271,(anonymous_22)
FN:281,(anonymous_23)
FN:303,(anonymous_24)
FN:314,(anonymous_25)
FN:320,(anonymous_26)
FN:328,(anonymous_27)
FN:329,(anonymous_28)
FN:335,(anonymous_29)
FN:337,(anonymous_30)
FN:339,(anonymous_31)
FN:364,(anonymous_32)
FN:376,(anonymous_33)
FN:381,(anonymous_34)
FN:388,(anonymous_35)
FNF:35
FNH:1
FNDA:1,(anonymous_1)
FNDA:0,(anonymous_2)
FNDA:0,(anonymous_3)
FNDA:0,(anonymous_4)
FNDA:0,(anonymous_5)
FNDA:0,(anonymous_6)
FNDA:0,(anonymous_7)
FNDA:0,(anonymous_8)
FNDA:0,(anonymous_9)
FNDA:0,(anonymous_10)
FNDA:0,(anonymous_11)
FNDA:0,(anonymous_12)
FNDA:0,(anonymous_13)
FNDA:0,(anonymous_14)
FNDA:0,(anonymous_15)
FNDA:0,(anonymous_16)
FNDA:0,(anonymous_17)
FNDA:0,(anonymous_18)
FNDA:0,(anonymous_19)
FNDA:0,(anonymous_20)
FNDA:0,(anonymous_21)
FNDA:0,(anonymous_22)
FNDA:0,(anonymous_23)
FNDA:0,(anonymous_24)
FNDA:0,(anonymous_25)
FNDA:0,(anonymous_26)
FNDA:0,(anonymous_27)
FNDA:0,(anonymous_28)
FNDA:0,(anonymous_29)
FNDA:0,(anonymous_30)
FNDA:0,(anonymous_31)
FNDA:0,(anonymous_32)
FNDA:0,(anonymous_33)
FNDA:0,(anonymous_34)
FNDA:0,(anonymous_35)
DA:1,1
DA:14,1
DA:29,0
DA:38,0
DA:39,0
DA:59,0
DA:68,0
DA:69,0
DA:73,0
DA:75,0
DA:106,0
DA:127,0
DA:128,0
DA:129,0
DA:130,0
DA:132,0
DA:133,0
DA:136,0
DA:137,0
DA:138,0
DA:142,0
DA:143,0
DA:145,0
DA:148,0
DA:149,0
DA:150,0
DA:151,0
DA:152,0
DA:153,0
DA:154,0
DA:155,0
DA:158,0
DA:159,0
DA:162,0
DA:163,0
DA:166,0
DA:169,0
DA:170,0
DA:171,0
DA:172,0
DA:173,0
DA:174,0
DA:177,0
DA:178,0
DA:179,0
DA:198,0
DA:207,0
DA:208,0
DA:211,0
DA:213,0
DA:218,0
DA:219,0
DA:222,0
DA:223,0
DA:243,0
DA:252,0
DA:253,0
DA:273,0
DA:282,0
DA:283,0
DA:305,0
DA:315,0
DA:316,0
DA:317,0
DA:318,0
DA:320,0
DA:321,0
DA:322,0
DA:325,0
DA:328,0
DA:329,0
DA:330,0
DA:336,0
DA:339,0
DA:340,0
DA:366,0
DA:377,0
DA:378,0
DA:379,0
DA:381,0
DA:383,0
DA:386,0
DA:387,0
DA:388,0
DA:390,0
DA:391,0
LF:86
LH:2
BRDA:130,1,0,0
BRDA:130,1,1,0
BRDA:130,2,0,0
BRDA:130,2,1,0
BRDA:137,3,0,0
BRDA:137,3,1,0
BRDA:149,4,0,0
BRDA:149,4,1,0
BRDA:150,5,0,0
BRDA:150,5,1,0
BRDA:152,6,0,0
BRDA:152,6,1,0
BRDA:154,7,0,0
BRDA:154,7,1,0
BRDA:158,8,0,0
BRDA:158,8,1,0
BRDA:162,9,0,0
BRDA:162,9,1,0
BRDA:169,10,0,0
BRDA:169,10,1,0
BRDA:170,11,0,0
BRDA:170,11,1,0
BRDA:171,12,0,0
BRDA:171,12,1,0
BRDA:173,13,0,0
BRDA:173,13,1,0
BRDA:174,14,0,0
BRDA:174,14,1,0
BRDA:218,15,0,0
BRDA:218,15,1,0
BRDA:222,16,0,0
BRDA:222,16,1,0
BRDA:252,17,0,0
BRDA:252,17,1,0
BRDA:282,18,0,0
BRDA:282,18,1,0
BRDA:321,19,0,0
BRDA:321,19,1,0
BRDA:321,20,0,0
BRDA:321,20,1,0
BRDA:378,21,0,0
BRDA:378,21,1,0
BRDA:386,22,0,0
BRDA:386,22,1,0
BRDA:390,23,0,0
BRDA:390,23,1,0
BRF:46
BRH:0
end_of_record
TN:
SF:/home/travis/build/unosquare/tubular/src/js/tubular/directives/editors/tbSimpleEditor.js
FN:1,(anonymous_1)
FN:5,(anonymous_2)
FN:8,(anonymous_3)
FN:45,(anonymous_4)
FNF:4
FNH:4
FNDA:1,(anonymous_1)
FNDA:10,(anonymous_2)
FNDA:4,(anonymous_3)
FNDA:10,(anonymous_4)
DA:1,1
DA:4,1
DA:6,10
DA:8,10
DA:9,4
DA:10,1
DA:12,1
DA:13,1
DA:14,1
DA:15,1
DA:19,3
DA:20,1
DA:21,1
DA:22,1
DA:23,1
DA:24,1
DA:28,2
DA:29,1
DA:30,1
DA:31,1
DA:32,1
DA:36,1
DA:37,1
DA:38,1
DA:39,1
DA:40,1
DA:45,10
DA:46,10
DA:50,1
LF:29
LH:29
BRDA:9,1,0,1
BRDA:9,1,1,3
BRDA:9,2,0,4
BRDA:9,2,1,1
BRDA:12,3,0,1
BRDA:12,3,1,0
BRDA:14,4,0,1
BRDA:14,4,1,1
BRDA:19,5,0,1
BRDA:19,5,1,2
BRDA:20,6,0,1
BRDA:20,6,1,0
BRDA:28,7,0,1
BRDA:28,7,1,1
BRDA:28,8,0,2
BRDA:28,8,1,1
BRDA:29,9,0,1
BRDA:29,9,1,0
BRDA:36,10,0,1
BRDA:36,10,1,0
BRDA:36,11,0,1
BRDA:36,11,1,1
BRDA:37,12,0,1
BRDA:37,12,1,0
BRF:24
BRH:19
end_of_record
TN:
SF:/home/travis/build/unosquare/tubular/src/js/tubular/directives/form/tbForm.js
FN:1,(anonymous_1)
FN:33,(anonymous_2)
FN:50,(anonymous_3)
FN:52,(anonymous_4)
FNF:4
FNH:4
FNDA:1,(anonymous_1)
FNDA:10,(anonymous_2)
FNDA:10,(anonymous_3)
FNDA:10,(anonymous_4)
DA:1,1
DA:4,1
DA:34,10
DA:51,10
DA:53,10
LF:5
LH:5
BRF:0
BRH:0
end_of_record
TN:
SF:/home/travis/build/unosquare/tubular/src/js/tubular/directives/form/tbFormCtrl.js
FN:1,(anonymous_1)
FN:14,(anonymous_2)
FN:35,(anonymous_3)
FN:45,(anonymous_4)
FN:53,(anonymous_5)
FN:57,(anonymous_6)
FN:69,(anonymous_7)
FN:71,(anonymous_8)
FN:76,(anonymous_9)
FN:86,(anonymous_10)
FN:90,(anonymous_11)
FN:96,(anonymous_12)
FN:112,(anonymous_13)
FN:127,(anonymous_14)
FN:140,(anonymous_15)
FN:157,(anonymous_16)
FN:160,(anonymous_17)
FN:169,(anonymous_18)
FN:174,(anonymous_19)
FN:179,(anonymous_20)
FN:181,(anonymous_21)
FN:191,(anonymous_22)
FN:192,(anonymous_23)
FN:203,(anonymous_24)
FNF:24
FNH:2
FNDA:1,(anonymous_1)
FNDA:2,(anonymous_2)
FNDA:0,(anonymous_3)
FNDA:0,(anonymous_4)
FNDA:0,(anonymous_5)
FNDA:0,(anonymous_6)
FNDA:0,(anonymous_7)
FNDA:0,(anonymous_8)
FNDA:0,(anonymous_9)
FNDA:0,(anonymous_10)
FNDA:0,(anonymous_11)
FNDA:0,(anonymous_12)
FNDA:0,(anonymous_13)
FNDA:0,(anonymous_14)
FNDA:0,(anonymous_15)
FNDA:0,(anonymous_16)
FNDA:0,(anonymous_17)
FNDA:0,(anonymous_18)
FNDA:0,(anonymous_19)
FNDA:0,(anonymous_20)
FNDA:0,(anonymous_21)
FNDA:0,(anonymous_22)
FNDA:0,(anonymous_23)
FNDA:0,(anonymous_24)
DA:1,1
DA:4,1
DA:23,2
DA:24,2
DA:25,2
DA:26,2
DA:28,2
DA:30,2
DA:31,2
DA:35,2
DA:36,0
DA:40,2
DA:44,2
DA:46,0
DA:47,0
DA:50,0
DA:53,2
DA:54,0
DA:56,0
DA:58,0
DA:59,0
DA:62,0
DA:65,0
DA:66,0
DA:69,2
DA:70,0
DA:72,0
DA:76,2
DA:78,0
DA:80,0
DA:81,0
DA:85,0
DA:87,0
DA:88,0
DA:91,0
DA:95,0
DA:97,0
DA:99,0
DA:106,0
DA:109,0
DA:110,0
DA:113,0
DA:117,0
DA:120,0
DA:121,0
DA:124,0
DA:127,2
DA:128,0
DA:129,0
DA:132,0
DA:134,0
DA:135,0
DA:136,0
DA:139,0
DA:141,0
DA:143,0
DA:146,0
DA:148,0
DA:149,0
DA:152,0
DA:153,0
DA:154,0
DA:158,0
DA:161,0
DA:162,0
DA:167,2
DA:169,2
DA:170,0
DA:171,0
DA:174,2
DA:175,0
DA:176,0
DA:179,2
DA:180,0
DA:182,0
DA:183,0
DA:185,0
DA:186,0
DA:191,2
DA:192,0
DA:193,0
DA:195,0
DA:196,0
DA:201,0
DA:203,0
LF:85
LH:21
BRDA:30,1,0,2
BRDA:30,1,1,2
BRDA:31,2,0,2
BRDA:31,2,1,2
BRDA:40,3,0,2
BRDA:40,3,1,0
BRDA:46,4,0,0
BRDA:46,4,1,0
BRDA:58,5,0,0
BRDA:58,5,1,0
BRDA:78,6,0,0
BRDA:78,6,1,0
BRDA:80,7,0,0
BRDA:80,7,1,0
BRDA:81,8,0,0
BRDA:81,8,1,0
BRDA:81,9,0,0
BRDA:81,9,1,0
BRDA:81,9,2,0
BRDA:97,10,0,0
BRDA:97,10,1,0
BRDA:97,11,0,0
BRDA:97,11,1,0
BRDA:120,12,0,0
BRDA:120,12,1,0
BRDA:128,13,0,0
BRDA:128,13,1,0
BRDA:134,14,0,0
BRDA:134,14,1,0
BRDA:141,15,0,0
BRDA:141,15,1,0
BRDA:141,16,0,0
BRDA:141,16,1,0
BRDA:148,17,0,0
BRDA:148,17,1,0
BRDA:153,18,0,0
BRDA:153,18,1,0
BRDA:182,19,0,0
BRDA:182,19,1,0
BRDA:186,20,0,0
BRDA:186,20,1,0
BRDA:195,21,0,0
BRDA:195,21,1,0
BRF:43
BRH:5
end_of_record
TN:
SF:/home/travis/build/unosquare/tubular/src/js/tubular/directives/grid/components/tbTextSearch/tbTextSearch.js
FN:1,(anonymous_1)
FNF:1
FNH:1
FNDA:1,(anonymous_1)
DA:1,1
DA:4,1
LF:2
LH:2
BRF:0
BRH:0
end_of_record
TN:
SF:/home/travis/build/unosquare/tubular/src/js/tubular/directives/grid/components/tbTextSearch/tbTextSearchCtrl.js
FN:1,(anonymous_1)
FN:6,(anonymous_2)
FN:9,(anonymous_3)
FN:14,(anonymous_4)
FN:34,search
FNF:5
FNH:3
FNDA:1,(anonymous_1)
FNDA:3,(anonymous_2)
FNDA:3,(anonymous_3)
FNDA:0,(anonymous_4)
FNDA:0,search
DA:1,1
DA:4,1
DA:7,3
DA:9,3
DA:10,3
DA:11,3
DA:14,3
DA:15,0
DA:16,0
DA:19,0
DA:21,0
DA:22,0
DA:23,0
DA:26,0
DA:27,0
DA:30,0
DA:31,0
DA:34,1
DA:35,0
DA:36,0
DA:37,0
LF:21
LH:8
BRDA:10,1,0,3
BRDA:10,1,1,2
BRDA:15,2,0,0
BRDA:15,2,1,0
BRDA:15,3,0,0
BRDA:15,3,1,0
BRDA:21,4,0,0
BRDA:21,4,1,0
BRDA:21,5,0,0
BRDA:21,5,1,0
BRDA:26,6,0,0
BRDA:26,6,1,0
BRDA:26,7,0,0
BRDA:26,7,1,0
BRDA:26,7,2,0
BRF:15
BRH:2
end_of_record
TN:
SF:/home/travis/build/unosquare/tubular/src/js/tubular/directives/grid/tbGrid.js
FN:1,(anonymous_1)
FNF:1
FNH:1
FNDA:1,(anonymous_1)
DA:1,1
DA:4,1
LF:2
LH:2
BRF:0
BRH:0
end_of_record
TN:
SF:/home/travis/build/unosquare/tubular/src/js/tubular/directives/grid/tbGridCtrl.js
FN:1,(anonymous_1)
FN:14,(anonymous_2)
FN:26,(anonymous_3)
FN:70,(anonymous_4)
FN:80,(anonymous_5)
FN:90,(anonymous_6)
FN:100,(anonymous_7)
FN:112,(anonymous_8)
FN:120,(anonymous_9)
FN:132,(anonymous_10)
FN:142,(anonymous_11)
FN:153,(anonymous_12)
FN:172,(anonymous_13)
FN:176,(anonymous_14)
FN:179,(anonymous_15)
FN:185,(anonymous_16)
FN:194,(anonymous_17)
FN:195,(anonymous_18)
FN:224,(anonymous_19)
FN:246,(anonymous_20)
FN:276,(anonymous_21)
FN:279,(anonymous_22)
FN:284,(anonymous_23)
FN:304,(anonymous_24)
FN:308,(anonymous_25)
FN:333,(anonymous_26)
FN:334,(anonymous_27)
FN:361,(anonymous_28)
FN:362,(anonymous_29)
FN:369,(anonymous_30)
FN:374,(anonymous_31)
FN:378,(anonymous_32)
FN:386,(anonymous_33)
FN:395,(anonymous_34)
FN:399,(anonymous_35)
FN:405,(anonymous_36)
FN:406,(anonymous_37)
FNF:37
FNH:30
FNDA:1,(anonymous_1)
FNDA:79,(anonymous_2)
FNDA:79,(anonymous_3)
FNDA:2,(anonymous_4)
FNDA:2,(anonymous_5)
FNDA:0,(anonymous_6)
FNDA:2,(anonymous_7)
FNDA:1,(anonymous_8)
FNDA:3,(anonymous_9)
FNDA:1,(anonymous_10)
FNDA:3,(anonymous_11)
FNDA:1,(anonymous_12)
FNDA:0,(anonymous_13)
FNDA:0,(anonymous_14)
FNDA:0,(anonymous_15)
FNDA:2,(anonymous_16)
FNDA:1,(anonymous_17)
FNDA:1,(anonymous_18)
FNDA:14,(anonymous_19)
FNDA:9,(anonymous_20)
FNDA:0,(anonymous_21)
FNDA:0,(anonymous_22)
FNDA:13,(anonymous_23)
FNDA:11,(anonymous_24)
FNDA:0,(anonymous_25)
FNDA:7,(anonymous_26)
FNDA:14,(anonymous_27)
FNDA:6,(anonymous_28)
FNDA:3,(anonymous_29)
FNDA:12,(anonymous_30)
FNDA:3,(anonymous_31)
FNDA:9,(anonymous_32)
FNDA:2,(anonymous_33)
FNDA:1,(anonymous_34)
FNDA:1,(anonymous_35)
FNDA:2,(anonymous_36)
FNDA:2,(anonymous_37)
DA:1,1
DA:4,1
DA:22,79
DA:23,79
DA:24,79
DA:26,79
DA:27,79
DA:29,79
DA:30,79
DA:31,79
DA:33,79
DA:34,79
DA:36,79
DA:37,79
DA:38,79
DA:39,79
DA:40,79
DA:41,79
DA:42,79
DA:43,79
DA:44,79
DA:45,79
DA:46,79
DA:47,79
DA:48,79
DA:49,79
DA:51,79
DA:56,79
DA:57,79
DA:58,79
DA:59,79
DA:60,79
DA:61,79
DA:62,79
DA:63,79
DA:64,79
DA:67,79
DA:70,79
DA:71,2
DA:72,0
DA:75,2
DA:78,79
DA:80,79
DA:81,2
DA:82,0
DA:85,2
DA:88,79
DA:90,79
DA:91,0
DA:92,0
DA:95,0
DA:98,79
DA:100,79
DA:101,2
DA:102,2
DA:103,1
DA:106,2
DA:110,79
DA:112,79
DA:113,1
DA:114,1
DA:118,79
DA:120,79
DA:121,3
DA:122,0
DA:125,3
DA:126,1
DA:128,2
DA:132,79
DA:133,1
DA:135,1
DA:136,0
DA:139,1
DA:142,79
DA:143,3
DA:144,3
DA:145,3
DA:146,3
DA:148,3
DA:149,1
DA:153,79
DA:155,1
DA:156,1
DA:158,1
DA:159,0
DA:162,1
DA:169,1
DA:171,1
DA:173,0
DA:174,0
DA:177,0
DA:180,0
DA:181,0
DA:185,79
DA:186,2
DA:187,2
DA:189,1
DA:190,1
DA:193,1
DA:195,1
DA:197,1
DA:198,0
DA:201,1
DA:203,1
DA:206,1
DA:207,1
DA:208,1
DA:212,1
DA:213,0
DA:216,1
DA:219,0
DA:224,79
DA:225,14
DA:226,11
DA:227,11
DA:230,14
DA:246,79
DA:248,9
DA:249,0
DA:252,9
DA:253,9
DA:255,9
DA:256,9
DA:259,9
DA:260,2
DA:263,9
DA:264,9
DA:266,9
DA:268,9
DA:269,1
DA:272,9
DA:274,9
DA:276,9
DA:277,0
DA:278,0
DA:280,0
DA:284,79
DA:285,13
DA:287,13
DA:288,1
DA:294,1
DA:297,12
DA:299,12
DA:300,1
DA:301,1
DA:304,11
DA:305,11
DA:306,11
DA:308,11
DA:309,0
DA:316,11
DA:319,11
DA:321,11
DA:322,11
DA:323,11
DA:324,11
DA:325,11
DA:326,11
DA:328,11
DA:329,10
DA:333,79
DA:334,7
DA:335,14
DA:338,7
DA:340,6
DA:342,6
DA:345,6
DA:346,6
DA:351,6
DA:352,0
DA:353,0
DA:355,6
DA:356,6
DA:360,6
DA:361,6
DA:363,3
DA:364,3
DA:369,6
DA:370,12
DA:374,6
DA:375,3
DA:378,6
DA:379,9
DA:382,6
DA:383,6
DA:386,79
DA:387,2
DA:388,2
DA:389,2
DA:394,2
DA:396,1
DA:397,1
DA:400,1
DA:401,1
DA:405,79
DA:406,2
LF:196
LH:173
BRDA:29,1,0,79
BRDA:29,1,1,79
BRDA:33,2,0,79
BRDA:33,2,1,0
BRDA:34,3,0,79
BRDA:34,3,1,0
BRDA:34,4,0,79
BRDA:34,4,1,79
BRDA:36,5,0,79
BRDA:36,5,1,0
BRDA:37,6,0,79
BRDA:37,6,1,79
BRDA:38,7,0,79
BRDA:38,7,1,0
BRDA:45,8,0,79
BRDA:45,8,1,79
BRDA:46,9,0,79
BRDA:46,9,1,79
BRDA:49,10,0,79
BRDA:49,10,1,79
BRDA:50,11,0,79
BRDA:50,11,1,0
BRDA:50,12,0,79
BRDA:50,12,1,79
BRDA:53,13,0,79
BRDA:53,13,1,0
BRDA:59,14,0,0
BRDA:59,14,1,79
BRDA:60,15,0,79
BRDA:60,15,1,79
BRDA:62,16,0,79
BRDA:62,16,1,0
BRDA:63,17,0,79
BRDA:63,17,1,0
BRDA:64,18,0,79
BRDA:64,18,1,79
BRDA:71,19,0,0
BRDA:71,19,1,2
BRDA:71,20,0,2
BRDA:71,20,1,2
BRDA:81,21,0,0
BRDA:81,21,1,2
BRDA:81,22,0,2
BRDA:81,22,1,2
BRDA:81,22,2,2
BRDA:91,23,0,0
BRDA:91,23,1,0
BRDA:101,24,0,2
BRDA:101,24,1,0
BRDA:101,25,0,2
BRDA:101,25,1,2
BRDA:102,26,0,1
BRDA:102,26,1,1
BRDA:113,27,0,1
BRDA:113,27,1,0
BRDA:113,28,0,1
BRDA:113,28,1,1
BRDA:121,29,0,0
BRDA:121,29,1,3
BRDA:125,30,0,1
BRDA:125,30,1,2
BRDA:133,31,0,0
BRDA:133,31,1,1
BRDA:135,32,0,0
BRDA:135,32,1,1
BRDA:143,33,0,3
BRDA:143,33,1,2
BRDA:148,34,0,1
BRDA:148,34,1,2
BRDA:148,35,0,3
BRDA:148,35,1,3
BRDA:148,35,2,1
BRDA:158,36,0,0
BRDA:158,36,1,1
BRDA:187,37,0,1
BRDA:187,37,1,1
BRDA:187,38,0,2
BRDA:187,38,1,1
BRDA:197,39,0,0
BRDA:197,39,1,1
BRDA:206,40,0,1
BRDA:206,40,1,0
BRDA:212,41,0,0
BRDA:212,41,1,1
BRDA:212,42,0,1
BRDA:212,42,1,0
BRDA:216,43,0,0
BRDA:216,43,1,1
BRDA:216,44,0,1
BRDA:216,44,1,0
BRDA:216,44,2,0
BRDA:225,45,0,11
BRDA:225,45,1,3
BRDA:227,46,0,8
BRDA:227,46,1,3
BRDA:232,47,0,14
BRDA:232,47,1,0
BRDA:248,48,0,0
BRDA:248,48,1,9
BRDA:248,49,0,9
BRDA:248,49,1,9
BRDA:255,50,0,9
BRDA:255,50,1,0
BRDA:256,51,0,9
BRDA:256,51,1,8
BRDA:259,52,0,2
BRDA:259,52,1,7
BRDA:264,53,0,9
BRDA:264,53,1,0
BRDA:268,54,0,1
BRDA:268,54,1,8
BRDA:287,55,0,1
BRDA:287,55,1,12
BRDA:287,56,0,13
BRDA:287,56,1,12
BRDA:299,57,0,1
BRDA:299,57,1,11
BRDA:328,58,0,10
BRDA:328,58,1,1
BRDA:338,59,0,1
BRDA:338,59,1,6
BRDA:342,60,0,0
BRDA:342,60,1,6
BRDA:346,61,0,5
BRDA:346,61,1,1
BRDA:348,62,0,1
BRDA:348,62,1,0
BRDA:351,63,0,0
BRDA:351,63,1,6
BRDA:360,64,0,3
BRDA:360,64,1,3
BRDA:375,65,0,0
BRDA:375,65,1,3
BRF:133
BRH:99
end_of_record
TN:
SF:/home/travis/build/unosquare/tubular/src/js/tubular/tubular.js
FN:1,(anonymous_1)
FN:15,(anonymous_2)
FN:31,(anonymous_3)
FN:32,(anonymous_4)
FN:53,(anonymous_5)
FN:56,(anonymous_6)
FN:81,(anonymous_7)
FN:82,(anonymous_8)
FNF:8
FNH:8
FNDA:1,(anonymous_1)
FNDA:4,(anonymous_2)
FNDA:1,(anonymous_3)
FNDA:3,(anonymous_4)
FNDA:1,(anonymous_5)
FNDA:5,(anonymous_6)
FNDA:1,(anonymous_7)
FNDA:3,(anonymous_8)
DA:1,1
DA:13,1
DA:16,4
DA:17,4
DA:32,1
DA:33,3
DA:36,1
DA:39,2
DA:56,1
DA:57,5
DA:59,5
DA:60,2
DA:63,3
DA:64,1
DA:68,2
DA:82,1
DA:83,3
DA:84,2
DA:87,1
LF:19
LH:19
BRDA:33,1,0,1
BRDA:33,1,1,2
BRDA:33,2,0,3
BRDA:33,2,1,3
BRDA:33,2,2,1
BRDA:33,2,3,1
BRDA:39,3,0,2
BRDA:39,3,1,1
BRDA:57,4,0,5
BRDA:57,4,1,4
BRDA:59,5,0,2
BRDA:59,5,1,3
BRDA:60,6,0,2
BRDA:60,6,1,1
BRDA:63,7,0,1
BRDA:63,7,1,2
BRDA:83,8,0,2
BRDA:83,8,1,1
BRDA:84,9,0,2
BRDA:84,9,1,1
BRF:20
BRH:20
end_of_record
TN:
SF:/home/travis/build/unosquare/tubular/src/js/tubular-chart/chartjs/tbChartJs.js
FN:1,(anonymous_1)
FNF:1
FNH:1
FNDA:1,(anonymous_1)
DA:1,1
DA:4,1
LF:2
LH:2
BRF:0
BRH:0
end_of_record
TN:
SF:/home/travis/build/unosquare/tubular/src/js/tubular-chart/chartjs/tbChartJsCtrl.js
FN:1,(anonymous_1)
FN:9,(anonymous_2)
FN:23,(anonymous_3)
FN:26,(anonymous_4)
FN:49,(anonymous_5)
FN:55,(anonymous_6)
FN:62,(anonymous_7)
FN:64,(anonymous_8)
FN:71,(anonymous_9)
FNF:9
FNH:1
FNDA:1,(anonymous_1)
FNDA:0,(anonymous_2)
FNDA:0,(anonymous_3)
FNDA:0,(anonymous_4)
FNDA:0,(anonymous_5)
FNDA:0,(anonymous_6)
FNDA:0,(anonymous_7)
FNDA:0,(anonymous_8)
FNDA:0,(anonymous_9)
DA:1,1
DA:4,1
DA:12,0
DA:14,0
DA:15,0
DA:16,0
DA:19,0
DA:23,0
DA:25,0
DA:27,0
DA:28,0
DA:29,0
DA:30,0
DA:32,0
DA:33,0
DA:36,0
DA:39,0
DA:41,0
DA:42,0
DA:43,0
DA:45,0
DA:46,0
DA:50,0
DA:54,0
DA:56,0
DA:57,0
DA:61,0
DA:63,0
DA:64,0
DA:65,0
DA:71,0
DA:72,0
LF:32
LH:2
BRDA:15,1,0,0
BRDA:15,1,1,0
BRDA:16,2,0,0
BRDA:16,2,1,0
BRDA:19,3,0,0
BRDA:19,3,1,0
BRDA:27,4,0,0
BRDA:27,4,1,0
BRDA:27,5,0,0
BRDA:27,5,1,0
BRDA:27,5,2,0
BRDA:29,6,0,0
BRDA:29,6,1,0
BRDA:32,7,0,0
BRDA:32,7,1,0
BRDA:45,8,0,0
BRDA:45,8,1,0
BRDA:56,9,0,0
BRDA:56,9,1,0
BRDA:56,10,0,0
BRDA:56,10,1,0
BRDA:63,11,0,0
BRDA:63,11,1,0
BRDA:63,12,0,0
BRDA:63,12,1,0
BRF:25
BRH:0
end_of_record
TN:
SF:/home/travis/build/unosquare/tubular/src/js/tubular-chart/tubular-directives-highcharts.js
FN:1,(anonymous_1)
FN:42,(anonymous_2)
FN:80,(anonymous_3)
FN:84,(anonymous_4)
FN:90,(anonymous_5)
FN:106,(anonymous_6)
FN:113,(anonymous_7)
FN:124,(anonymous_8)
FN:132,(anonymous_9)
FN:138,(anonymous_10)
FNF:10
FNH:1
FNDA:1,(anonymous_1)
FNDA:0,(anonymous_2)
FNDA:0,(anonymous_3)
FNDA:0,(anonymous_4)
FNDA:0,(anonymous_5)
FNDA:0,(anonymous_6)
FNDA:0,(anonymous_7)
FNDA:0,(anonymous_8)
FNDA:0,(anonymous_9)
FNDA:0,(anonymous_10)
DA:1,1
DA:4,1
DA:43,0
DA:45,0
DA:46,0
DA:47,0
DA:49,0
DA:78,0
DA:80,0
DA:82,0
DA:84,0
DA:85,0
DA:86,0
DA:90,0
DA:91,0
DA:92,0
DA:93,0
DA:95,0
DA:96,0
DA:99,0
DA:102,0
DA:104,0
DA:105,0
DA:106,0
DA:107,0
DA:113,0
DA:114,0
DA:120,0
DA:123,0
DA:124,0
DA:125,0
DA:128,0
DA:132,0
DA:133,0
DA:134,0
DA:138,0
DA:139,0
DA:140,0
LF:38
LH:2
BRDA:46,1,0,0
BRDA:46,1,1,0
BRDA:47,2,0,0
BRDA:47,2,1,0
BRDA:56,3,0,0
BRDA:56,3,1,0
BRDA:63,4,0,0
BRDA:63,4,1,0
BRDA:69,5,0,0
BRDA:69,5,1,0
BRDA:78,6,0,0
BRDA:78,6,1,0
BRDA:91,7,0,0
BRDA:91,7,1,0
BRDA:91,8,0,0
BRDA:91,8,1,0
BRDA:91,8,2,0
BRDA:95,9,0,0
BRDA:95,9,1,0
BRDA:104,10,0,0
BRDA:104,10,1,0
BRDA:120,11,0,0
BRDA:120,11,1,0
BRDA:120,12,0,0
BRDA:120,12,1,0
BRDA:123,13,0,0
BRDA:123,13,1,0
BRDA:133,14,0,0
BRDA:133,14,1,0
BRDA:133,15,0,0
BRDA:133,15,1,0
BRDA:133,15,2,0
BRDA:139,16,0,0
BRDA:139,16,1,0
BRDA:139,17,0,0
BRDA:139,17,1,0
BRF:36
BRH:0
end_of_record
