TN:
SF:/home/travis/build/unosquare/tubular/src/js/tubular/tubular-services.js
FN:2,(anonymous_1)
FNF:1
FNH:1
FNDA:1,(anonymous_1)
DA:2,1
DA:14,1
DA:18,212
DA:19,212
LF:4
LH:4
BRF:0
BRH:0
end_of_record
TN:
SF:/home/travis/build/unosquare/tubular/src/js/tubular/tubular-models.js
FN:1,(anonymous_1)
FNF:1
FNH:1
FNDA:1,(anonymous_1)
DA:1,1
DA:13,1
LF:2
LH:2
BRF:0
BRH:0
end_of_record
TN:
SF:/home/travis/build/unosquare/tubular/src/js/tubular-chart/chartjs/tubular-chart.module.js
FNF:0
FNH:0
DA:1,1
DA:2,1
DA:4,1
LF:3
LH:3
BRF:0
BRH:0
end_of_record
TN:
SF:/home/travis/build/unosquare/tubular/src/js/tubular/models/tubular-column.js
FN:13,(anonymous_1)
FN:14,(anonymous_2)
FN:22,(anonymous_3)
FNF:3
FNH:3
FNDA:77,(anonymous_1)
FNDA:5,(anonymous_2)
FNDA:5,(anonymous_3)
DA:1,1
DA:2,1
DA:4,1
DA:14,77
DA:15,5
DA:17,5
DA:23,5
DA:24,5
DA:27,0
DA:28,0
DA:31,0
DA:32,0
DA:35,0
DA:45,5
LF:14
LH:9
BRDA:15,1,0,5
BRDA:15,1,1,4
BRDA:18,2,0,5
BRDA:18,2,1,4
BRDA:18,3,0,4
BRDA:18,3,1,0
BRDA:21,4,0,5
BRDA:21,4,1,5
BRDA:23,5,0,5
BRDA:23,5,1,0
BRDA:27,6,0,0
BRDA:27,6,1,0
BRDA:31,7,0,0
BRDA:31,7,1,0
BRDA:37,8,0,0
BRDA:37,8,1,5
BRDA:38,9,0,0
BRDA:38,9,1,5
BRDA:39,10,0,0
BRDA:39,10,1,5
BRDA:41,11,0,5
BRDA:41,11,1,5
BRDA:42,12,0,5
BRDA:42,12,1,5
BRF:24
BRH:15
end_of_record
TN:
SF:/home/travis/build/unosquare/tubular/src/js/tubular/models/tubular-model.js
FN:1,(anonymous_1)
FN:13,(anonymous_2)
FN:14,(anonymous_3)
FNF:3
FNH:3
FNDA:1,(anonymous_1)
FNDA:15,(anonymous_2)
FNDA:14,(anonymous_3)
DA:1,1
DA:4,1
DA:14,15
DA:15,14
DA:16,2
DA:23,2
DA:25,46
DA:26,14
DA:29,32
DA:30,32
DA:31,32
DA:33,2
DA:35,1
DA:36,13
DA:37,2
DA:41,1
DA:45,14
DA:46,14
DA:49,14
DA:50,14
DA:51,32
DA:53,32
DA:54,3
DA:55,1
DA:57,2
DA:60,32
DA:62,32
DA:63,15
DA:68,14
DA:69,14
DA:72,14
LF:31
LH:31
BRDA:16,1,0,2
BRDA:16,1,1,2
BRDA:23,2,0,1
BRDA:23,2,1,1
BRDA:25,3,0,14
BRDA:25,3,1,32
BRDA:31,4,0,0
BRDA:31,4,1,32
BRDA:36,5,0,2
BRDA:36,5,1,11
BRDA:45,6,0,7
BRDA:45,6,1,7
BRDA:49,7,0,14
BRDA:49,7,1,0
BRDA:51,8,0,17
BRDA:51,8,1,15
BRDA:53,9,0,3
BRDA:53,9,1,29
BRDA:53,10,0,32
BRDA:53,10,1,31
BRDA:53,10,2,30
BRDA:54,11,0,1
BRDA:54,11,1,2
BRDA:54,12,0,3
BRDA:54,12,1,3
BRDA:54,12,2,2
BRDA:57,13,0,1
BRDA:57,13,1,1
BRDA:62,14,0,15
BRDA:62,14,1,17
BRDA:68,15,0,14
BRDA:68,15,1,0
BRF:32
BRH:29
end_of_record
TN:
SF:/home/travis/build/unosquare/tubular/src/js/tubular/services/editor.js
FN:1,(anonymous_1)
FN:14,editorService
FN:24,setupScope
FNF:3
FNH:3
FNDA:1,(anonymous_1)
FNDA:15,editorService
FNDA:15,setupScope
DA:1,1
DA:4,1
DA:14,1
DA:15,15
DA:24,1
DA:25,15
DA:26,15
DA:27,15
DA:28,15
DA:29,15
DA:30,15
DA:31,15
DA:32,15
DA:35,15
DA:37,4
DA:38,4
DA:45,15
DA:46,0
DA:48,0
DA:49,0
DA:50,0
DA:52,0
DA:55,0
DA:58,0
DA:61,15
DA:63,0
DA:65,0
DA:68,15
DA:69,4
DA:70,4
DA:72,4
DA:74,1
DA:75,1
DA:77,1
DA:78,0
DA:81,1
DA:85,3
DA:86,0
DA:90,20
DA:91,10
DA:92,10
DA:95,0
DA:98,0
DA:99,0
DA:100,0
DA:103,0
DA:104,0
DA:105,0
DA:106,0
DA:107,0
DA:108,0
DA:112,0
DA:115,15
DA:118,15
DA:119,25
DA:122,0
DA:123,0
DA:126,0
DA:128,0
DA:130,0
DA:131,0
DA:133,0
DA:134,0
DA:135,0
DA:137,0
DA:138,0
DA:140,0
DA:143,0
DA:147,0
DA:148,0
DA:149,0
DA:154,0
DA:155,0
DA:156,0
DA:160,0
DA:161,0
DA:162,0
DA:165,0
DA:166,0
DA:169,0
DA:172,0
DA:175,0
DA:177,0
DA:178,0
DA:184,0
DA:185,0
DA:188,0
DA:189,0
DA:191,0
DA:192,0
DA:197,0
DA:199,0
DA:202,25
LF:93
LH:34
BRDA:25,1,0,15
BRDA:25,1,1,5
BRDA:26,2,0,5
BRDA:26,2,1,10
BRDA:27,3,0,15
BRDA:27,3,1,15
BRDA:28,4,0,15
BRDA:28,4,1,10
BRDA:28,5,0,10
BRDA:28,5,1,0
BRDA:29,6,0,15
BRDA:29,6,1,15
BRDA:30,7,0,15
BRDA:30,7,1,15
BRDA:31,8,0,15
BRDA:31,8,1,15
BRDA:49,9,0,0
BRDA:49,9,1,0
BRDA:52,10,0,0
BRDA:52,10,1,0
BRDA:65,11,0,0
BRDA:65,11,1,0
BRDA:72,12,0,1
BRDA:72,12,1,3
BRDA:72,13,0,4
BRDA:72,13,1,2
BRDA:72,13,2,3
BRDA:72,13,3,0
BRDA:72,13,4,0
BRDA:77,14,0,0
BRDA:77,14,1,1
BRDA:85,15,0,0
BRDA:85,15,1,3
BRDA:91,16,0,10
BRDA:91,16,1,0
BRDA:91,17,0,10
BRDA:91,17,1,10
BRDA:98,18,0,0
BRDA:98,18,1,0
BRDA:99,19,0,0
BRDA:99,19,1,0
BRDA:103,20,0,0
BRDA:103,20,1,0
BRDA:105,21,0,0
BRDA:105,21,1,0
BRDA:107,22,0,0
BRDA:107,22,1,0
BRDA:119,23,0,0
BRDA:119,23,1,25
BRDA:119,24,0,25
BRDA:119,24,1,25
BRDA:122,25,0,0
BRDA:122,25,1,0
BRDA:126,26,0,0
BRDA:126,26,1,0
BRDA:133,27,0,0
BRDA:133,27,1,0
BRDA:134,28,0,0
BRDA:134,28,1,0
BRDA:135,29,0,0
BRDA:135,29,1,0
BRDA:135,30,0,0
BRDA:135,30,1,0
BRDA:135,30,2,0
BRDA:135,30,3,0
BRDA:137,31,0,0
BRDA:137,31,1,0
BRDA:137,32,0,0
BRDA:137,32,1,0
BRDA:148,33,0,0
BRDA:148,33,1,0
BRDA:155,34,0,0
BRDA:155,34,1,0
BRDA:160,35,0,0
BRDA:160,35,1,0
BRDA:160,36,0,0
BRDA:160,36,1,0
BRDA:160,36,2,0
BRDA:161,37,0,0
BRDA:161,37,1,0
BRDA:161,38,0,0
BRDA:161,38,1,0
BRDA:161,38,2,0
BRDA:165,39,0,0
BRDA:165,39,1,0
BRDA:165,40,0,0
BRDA:165,40,1,0
BRDA:172,41,0,0
BRDA:172,41,1,0
BRDA:184,42,0,0
BRDA:184,42,1,0
BRDA:188,43,0,0
BRDA:188,43,1,0
BRDA:191,44,0,0
BRDA:191,44,1,0
BRF:95
BRH:28
end_of_record
TN:
SF:/home/travis/build/unosquare/tubular/src/js/tubular/services/gridExport.js
FN:2,(anonymous_1)
FN:15,(anonymous_2)
FN:94,getColumns
FN:98,getColumnsVisibility
FN:102,exportToCsv
FNF:5
FNH:1
FNDA:1,(anonymous_1)
FNDA:0,(anonymous_2)
FNDA:0,getColumns
FNDA:0,getColumnsVisibility
FNDA:0,exportToCsv
DA:2,1
DA:5,1
DA:16,0
DA:18,0
DA:19,0
DA:20,0
DA:22,0
DA:23,0
DA:24,0
DA:25,0
DA:27,0
DA:30,0
DA:32,0
DA:33,0
DA:35,0
DA:36,0
DA:40,0
DA:41,0
DA:44,0
DA:45,0
DA:47,0
DA:48,0
DA:49,0
DA:53,0
DA:54,0
DA:56,0
DA:57,0
DA:61,0
DA:62,0
DA:65,0
DA:66,0
DA:68,0
DA:71,0
DA:77,0
DA:78,0
DA:80,0
DA:81,0
DA:84,0
DA:85,0
DA:86,0
DA:87,0
DA:88,0
DA:94,1
DA:95,0
DA:98,1
DA:99,0
DA:102,1
DA:103,0
DA:104,0
DA:105,0
DA:108,0
DA:109,0
DA:110,0
DA:111,0
DA:113,0
DA:114,0
DA:117,0
DA:119,0
DA:120,0
DA:123,0
DA:124,0
DA:127,0
DA:131,0
DA:134,0
DA:136,0
DA:137,0
DA:140,0
DA:143,0
LF:68
LH:5
BRDA:40,1,0,0
BRDA:40,1,1,0
BRDA:40,2,0,0
BRDA:40,2,1,0
BRDA:57,3,0,0
BRDA:57,3,1,0
BRDA:61,4,0,0
BRDA:61,4,1,0
BRDA:66,5,0,0
BRDA:66,5,1,0
BRDA:66,6,0,0
BRDA:66,6,1,0
BRDA:80,7,0,0
BRDA:80,7,1,0
BRDA:104,8,0,0
BRDA:104,8,1,0
BRDA:110,9,0,0
BRDA:110,9,1,0
BRDA:111,10,0,0
BRDA:111,10,1,0
BRDA:113,11,0,0
BRDA:113,11,1,0
BRDA:119,12,0,0
BRDA:119,12,1,0
BRDA:123,13,0,0
BRDA:123,13,1,0
BRDA:136,14,0,0
BRDA:136,14,1,0
BRF:28
BRH:0
end_of_record
TN:
SF:/home/travis/build/unosquare/tubular/src/js/tubular/services/http.js
FN:1,(anonymous_1)
FN:21,(anonymous_2)
FN:31,init
FN:39,isAuthenticationExpired
FN:57,(anonymous_5)
FN:66,(anonymous_6)
FNF:6
FNH:6
FNDA:1,(anonymous_1)
FNDA:47,(anonymous_2)
FNDA:47,init
FNDA:6,isAuthenticationExpired
FNDA:5,(anonymous_5)
FNDA:2,(anonymous_6)
DA:1,1
DA:4,1
DA:27,47
DA:28,47
DA:29,47
DA:31,1
DA:32,47
DA:34,47
DA:35,2
DA:39,1
DA:40,6
DA:41,6
DA:43,6
DA:46,47
DA:53,47
DA:55,47
DA:57,47
DA:58,5
DA:59,5
DA:60,5
DA:61,5
DA:62,5
DA:63,5
DA:66,47
DA:67,2
DA:69,2
DA:75,1
DA:76,1
DA:78,1
DA:79,1
DA:83,47
DA:84,2
DA:85,2
DA:86,2
DA:87,2
DA:88,2
DA:89,2
DA:90,2
DA:92,2
DA:95,47
LF:40
LH:40
BRDA:34,1,0,2
BRDA:34,1,1,45
BRDA:55,2,0,5
BRDA:55,2,1,3
BRDA:85,3,0,2
BRDA:85,3,1,2
BRDA:85,3,2,1
BRF:7
BRH:7
end_of_record
TN:
SF:/home/travis/build/unosquare/tubular/src/js/tubular/services/localPager.js
FN:1,(anonymous_1)
FN:16,localPager
FN:42,sort
FN:63,search
FN:79,filter
FN:100,format
FN:114,createEmptyResponse
FNF:7
FNH:7
FNDA:1,(anonymous_1)
FNDA:82,localPager
FNDA:8,sort
FNDA:8,search
FNDA:8,filter
FNDA:8,format
FNDA:10,createEmptyResponse
DA:1,1
DA:4,1
DA:14,1
DA:16,1
DA:17,82
DA:18,10
DA:19,10
DA:20,8
DA:21,8
DA:23,8
DA:24,1
DA:25,3
DA:27,36
DA:30,8
DA:31,8
DA:32,8
DA:34,8
DA:37,2
DA:42,1
DA:43,8
DA:44,24
DA:45,24
DA:47,8
DA:48,2
DA:49,2
DA:50,102
DA:51,9
DA:53,93
DA:54,66
DA:56,27
DA:60,8
DA:63,1
DA:64,8
DA:65,2
DA:66,6
DA:67,6
DA:69,2
DA:70,2
DA:72,36
DA:76,6
DA:79,1
DA:82,8
DA:83,24
DA:84,24
DA:86,8
DA:87,6
DA:91,24
DA:93,24
DA:94,8
DA:96,16
DA:100,1
DA:101,8
DA:102,8
DA:103,8
DA:104,8
DA:105,8
DA:107,8
DA:108,8
DA:111,8
DA:114,1
DA:115,10
LF:61
LH:61
BRDA:19,1,0,8
BRDA:19,1,1,2
BRDA:19,2,0,10
BRDA:19,2,1,8
BRDA:23,3,0,1
BRDA:23,3,1,7
BRDA:44,4,0,2
BRDA:44,4,1,22
BRDA:44,5,0,1
BRDA:44,5,1,1
BRDA:50,6,0,9
BRDA:50,6,1,93
BRDA:53,7,0,66
BRDA:53,7,1,27
BRDA:54,8,0,0
BRDA:54,8,1,66
BRDA:56,9,0,1
BRDA:56,9,1,26
BRDA:64,10,0,2
BRDA:64,10,1,6
BRDA:64,11,0,8
BRDA:64,11,1,8
BRDA:64,11,2,2
BRDA:66,12,0,4
BRDA:66,12,1,2
BRDA:69,13,0,2
BRDA:69,13,1,0
BRDA:72,14,0,36
BRDA:72,14,1,36
BRDA:83,15,0,2
BRDA:83,15,1,22
BRDA:83,16,0,24
BRDA:83,16,1,24
BRDA:86,17,0,6
BRDA:86,17,1,2
BRDA:93,18,0,8
BRDA:93,18,1,16
BRDA:93,19,0,24
BRDA:93,19,1,12
BRDA:107,20,0,8
BRDA:107,20,1,0
BRF:41
BRH:38
end_of_record
TN:
SF:/home/travis/build/unosquare/tubular/src/js/tubular/services/popup.js
FN:1,(anonymous_1)
FN:16,(anonymous_2)
FNF:2
FNH:2
FNDA:1,(anonymous_1)
FNDA:77,(anonymous_2)
DA:1,1
DA:4,1
DA:21,77
DA:23,0
DA:25,0
DA:29,0
DA:31,0
DA:44,2
DA:45,1
DA:48,2
DA:55,2
DA:56,2
LF:12
LH:8
BRDA:44,1,0,1
BRDA:44,1,1,1
BRF:2
BRH:2
end_of_record
TN:
SF:/home/travis/build/unosquare/tubular/src/js/tubular/services/popupCtrl.js
FN:11,(anonymous_1)
FNF:1
FNH:1
FNDA:3,(anonymous_1)
DA:1,1
DA:2,1
DA:4,1
DA:18,3
DA:20,3
DA:21,0
DA:24,0
DA:25,0
DA:26,0
DA:29,0
DA:32,3
DA:33,0
DA:34,0
DA:37,0
LF:14
LH:6
BRDA:21,1,0,0
BRDA:21,1,1,0
BRDA:24,2,0,0
BRDA:24,2,1,0
BRDA:24,3,0,0
BRDA:24,3,1,0
BRDA:24,3,2,0
BRDA:33,4,0,0
BRDA:33,4,1,0
BRF:9
BRH:0
end_of_record
TN:
SF:/home/travis/build/unosquare/tubular/src/js/tubular/services/template.js
FN:16,(anonymous_1)
FN:167,(anonymous_2)
FN:244,(anonymous_3)
FN:487,(anonymous_4)
FN:498,(anonymous_5)
FNF:5
FNH:3
FNDA:93,(anonymous_1)
FNDA:1,(anonymous_2)
FNDA:21,(anonymous_3)
FNDA:0,(anonymous_4)
FNDA:0,(anonymous_5)
DA:1,1
DA:2,1
DA:4,1
DA:19,93
DA:21,93
DA:22,93
DA:23,93
DA:26,93
DA:38,93
DA:135,93
DA:143,93
DA:144,14
DA:145,15
DA:146,14
DA:148,14
DA:153,93
DA:154,14
DA:167,93
DA:168,1
DA:169,1
DA:171,1
DA:172,1
DA:173,1
DA:176,1
DA:177,1
DA:185,1
DA:186,1
DA:189,1
DA:190,1
DA:194,1
DA:195,1
DA:198,1
DA:199,1
DA:201,1
DA:225,93
DA:226,151
DA:228,22
DA:230,22
DA:232,22
DA:234,85
DA:244,93
DA:245,21
DA:246,21
DA:248,21
DA:249,149
DA:252,149
DA:253,2
DA:256,147
DA:257,21
DA:262,126
DA:263,21
DA:264,105
DA:265,21
DA:271,84
DA:273,84
DA:274,21
DA:277,84
DA:281,21
DA:283,21
DA:284,147
DA:285,147
DA:288,147
DA:289,147
DA:290,147
DA:291,147
DA:292,147
DA:293,147
DA:294,147
DA:296,147
DA:297,147
DA:298,147
DA:299,147
DA:300,147
DA:301,147
DA:303,147
DA:304,126
DA:307,21
DA:308,21
DA:309,21
DA:310,21
DA:313,21
DA:316,93
DA:317,3
DA:318,3
DA:320,3
DA:329,93
DA:330,2
DA:331,2
DA:333,2
DA:335,2
DA:345,93
DA:346,3
DA:347,3
DA:348,3
DA:350,3
DA:351,1
DA:353,2
DA:356,7
DA:358,7
DA:361,7
DA:363,7
DA:365,7
DA:370,3
DA:392,93
DA:393,56
DA:394,120
DA:395,56
DA:397,56
DA:410,93
DA:411,0
DA:422,0
DA:453,0
DA:462,0
DA:464,0
DA:465,0
DA:467,0
DA:469,0
DA:470,0
DA:473,0
DA:476,0
DA:479,0
DA:480,0
DA:481,0
DA:482,0
DA:487,0
DA:488,0
DA:490,0
DA:491,0
DA:494,0
DA:495,0
DA:498,0
DA:499,0
DA:500,0
DA:503,0
DA:504,0
DA:507,0
DA:508,0
DA:509,0
DA:510,0
DA:513,0
DA:514,0
DA:515,0
DA:518,0
DA:520,0
DA:521,0
DA:522,0
DA:523,0
DA:527,0
DA:529,0
DA:530,0
DA:531,0
DA:535,0
DA:536,0
DA:539,0
DA:540,0
DA:541,0
DA:543,0
DA:544,0
DA:548,0
DA:551,0
DA:552,0
DA:553,0
DA:555,0
DA:558,0
DA:560,0
DA:561,0
DA:565,0
DA:566,0
DA:568,0
DA:569,0
LF:170
LH:109
BRDA:23,1,0,93
BRDA:23,1,1,93
BRDA:135,2,0,0
BRDA:135,2,1,93
BRDA:144,3,0,7
BRDA:144,3,1,7
BRDA:146,4,0,14
BRDA:146,4,1,0
BRDA:149,5,0,7
BRDA:149,5,1,7
BRDA:156,6,0,14
BRDA:156,6,1,0
BRDA:157,7,0,14
BRDA:157,7,1,0
BRDA:171,8,0,1
BRDA:171,8,1,0
BRDA:176,9,0,1
BRDA:176,9,1,0
BRDA:185,10,0,1
BRDA:185,10,1,0
BRDA:189,11,0,1
BRDA:189,11,1,0
BRDA:194,12,0,1
BRDA:194,12,1,0
BRDA:203,13,0,0
BRDA:203,13,1,1
BRDA:203,14,0,0
BRDA:203,14,1,1
BRDA:212,15,0,0
BRDA:212,15,1,1
BRDA:213,16,0,0
BRDA:213,16,1,0
BRDA:221,17,0,0
BRDA:221,17,1,1
BRDA:226,18,0,22
BRDA:226,18,1,22
BRDA:226,18,2,22
BRDA:226,18,3,85
BRDA:245,19,0,20
BRDA:245,19,1,1
BRDA:245,20,0,21
BRDA:245,20,1,20
BRDA:252,21,0,2
BRDA:252,21,1,147
BRDA:252,22,0,149
BRDA:252,22,1,148
BRDA:252,22,2,147
BRDA:256,23,0,21
BRDA:256,23,1,126
BRDA:256,24,0,147
BRDA:256,24,1,126
BRDA:262,25,0,21
BRDA:262,25,1,105
BRDA:262,26,0,126
BRDA:262,26,1,126
BRDA:264,27,0,21
BRDA:264,27,1,84
BRDA:264,28,0,105
BRDA:264,28,1,105
BRDA:273,29,0,21
BRDA:273,29,1,63
BRDA:303,30,0,126
BRDA:303,30,1,21
BRDA:318,31,0,3
BRDA:318,31,1,1
BRDA:346,32,0,1
BRDA:346,32,1,2
BRDA:350,33,0,1
BRDA:350,33,1,2
BRDA:354,34,0,1
BRDA:354,34,1,1
BRDA:379,35,0,3
BRDA:379,35,1,0
BRDA:398,36,0,32
BRDA:398,36,1,24
BRDA:399,37,0,48
BRDA:399,37,1,8
BRDA:402,38,0,40
BRDA:402,38,1,16
BRDA:403,39,0,48
BRDA:403,39,1,8
BRDA:404,40,0,56
BRDA:404,40,1,0
BRDA:405,41,0,16
BRDA:405,41,1,40
BRDA:406,42,0,56
BRDA:406,42,1,0
BRDA:454,43,0,0
BRDA:454,43,1,0
BRDA:455,44,0,0
BRDA:455,44,1,0
BRDA:456,45,0,0
BRDA:456,45,1,0
BRDA:457,46,0,0
BRDA:457,46,1,0
BRDA:458,47,0,0
BRDA:458,47,1,0
BRDA:458,47,2,0
BRDA:462,48,0,0
BRDA:462,48,1,0
BRDA:467,49,0,0
BRDA:467,49,1,0
BRDA:469,50,0,0
BRDA:469,50,1,0
BRDA:473,51,0,0
BRDA:473,51,1,0
BRDA:473,52,0,0
BRDA:473,52,1,0
BRDA:473,52,2,0
BRDA:473,52,3,0
BRDA:474,53,0,0
BRDA:474,53,1,0
BRDA:479,54,0,0
BRDA:479,54,1,0
BRDA:490,55,0,0
BRDA:490,55,1,0
BRDA:499,56,0,0
BRDA:499,56,1,0
BRDA:503,57,0,0
BRDA:503,57,1,0
BRDA:503,58,0,0
BRDA:503,58,1,0
BRDA:521,59,0,0
BRDA:521,59,1,0
BRDA:530,60,0,0
BRDA:530,60,1,0
BRDA:535,61,0,0
BRDA:535,61,1,0
BRDA:540,62,0,0
BRDA:540,62,1,0
BRDA:543,63,0,0
BRDA:543,63,1,0
BRDA:555,64,0,0
BRDA:555,64,1,0
BRDA:555,65,0,0
BRDA:555,65,1,0
BRDA:555,65,2,0
BRDA:560,66,0,0
BRDA:560,66,1,0
BRDA:565,67,0,0
BRDA:565,67,1,0
BRDA:565,68,0,0
BRDA:565,68,1,0
BRDA:568,69,0,0
BRDA:568,69,1,0
BRF:145
BRH:69
end_of_record
TN:
SF:/home/travis/build/unosquare/tubular/src/js/tubular/services/translate.js
FN:1,(anonymous_1)
FN:12,(anonymous_2)
FNF:2
FNH:2
FNDA:1,(anonymous_1)
FNDA:93,(anonymous_2)
DA:1,1
DA:4,1
DA:13,93
DA:15,93
DA:16,93
DA:18,93
DA:130,93
DA:132,93
DA:133,1
DA:136,1
DA:139,93
DA:140,6
DA:142,6
LF:13
LH:13
BRDA:133,1,0,1
BRDA:133,1,1,1
BRDA:133,1,2,0
BRDA:140,2,0,6
BRDA:140,2,1,1
BRDA:142,3,0,6
BRDA:142,3,1,0
BRF:7
BRH:5
end_of_record
TN:
SF:/home/travis/build/unosquare/tubular/src/js/tubular/services/tubularConfig.js
FN:5,(anonymous_1)
FN:43,setPlatformConfig
FN:54,addConfig
FN:72,createConfig
FN:73,(anonymous_5)
FN:82,(anonymous_6)
FN:103,stringObj
FN:118,(anonymous_8)
FNF:8
FNH:8
FNDA:212,(anonymous_1)
FNDA:213,setPlatformConfig
FNDA:639,addConfig
FNDA:1487,createConfig
FNDA:3612,(anonymous_5)
FNDA:177,(anonymous_6)
FNDA:154,stringObj
FNDA:130,(anonymous_8)
DA:1,1
DA:2,1
DA:4,1
DA:7,212
DA:8,212
DA:9,212
DA:11,212
DA:25,212
DA:29,212
DA:43,1
DA:44,213
DA:45,213
DA:47,213
DA:49,213
DA:54,1
DA:55,639
DA:56,1917
DA:57,1704
DA:58,426
DA:59,0
DA:61,426
DA:63,1278
DA:64,0
DA:72,1
DA:73,1487
DA:75,3612
DA:77,1062
DA:78,1062
DA:82,2550
DA:83,177
DA:84,15
DA:85,15
DA:87,162
DA:94,154
DA:96,8
DA:103,1
DA:104,154
DA:105,154
DA:106,462
DA:107,462
DA:109,0
DA:112,154
DA:115,212
DA:118,212
DA:119,130
LF:45
LH:42
BRDA:56,1,0,1704
BRDA:56,1,1,213
BRDA:56,2,0,1917
BRDA:56,2,1,1704
BRDA:57,3,0,426
BRDA:57,3,1,1278
BRDA:58,4,0,0
BRDA:58,4,1,426
BRDA:63,5,0,0
BRDA:63,5,1,1278
BRDA:75,6,0,1062
BRDA:75,6,1,2550
BRDA:83,7,0,15
BRDA:83,7,1,162
BRDA:87,8,0,154
BRDA:87,8,1,8
BRDA:106,9,0,462
BRDA:106,9,1,0
BRDA:106,10,0,462
BRDA:106,10,1,462
BRF:20
BRH:17
end_of_record
TN:
SF:/home/travis/build/unosquare/tubular/src/js/tubular/interceptors/auth.js
FN:1,(anonymous_1)
FN:14,(anonymous_2)
FN:29,request
FN:66,checkStatic
FN:70,requestError
FN:74,response
FN:78,resolveRefreshToken
FN:114,responseError
FNF:8
FNH:7
FNDA:1,(anonymous_1)
FNDA:126,(anonymous_2)
FNDA:43,request
FNDA:43,checkStatic
FNDA:0,requestError
FNDA:35,response
FNDA:2,resolveRefreshToken
FNDA:6,responseError
DA:1,1
DA:13,1
DA:16,126
DA:17,126
DA:18,126
DA:20,126
DA:27,126
DA:29,1
DA:31,43
DA:32,0
DA:36,43
DA:37,43
DA:39,43
DA:42,43
DA:47,2
DA:48,1
DA:53,1
DA:56,0
DA:59,1
DA:63,42
DA:66,1
DA:67,43
DA:70,1
DA:71,0
DA:74,1
DA:75,35
DA:78,1
DA:79,2
DA:81,2
DA:83,2
DA:84,2
DA:92,2
DA:93,1
DA:94,1
DA:96,1
DA:97,1
DA:98,1
DA:99,1
DA:102,0
DA:105,1
DA:106,1
DA:107,1
DA:109,1
DA:110,1
DA:114,1
DA:115,6
DA:117,6
DA:118,5
DA:120,5
DA:123,4
DA:125,4
DA:129,2
DA:130,2
DA:133,2
DA:134,2
DA:139,4
DA:141,4
LF:57
LH:53
BRDA:31,1,0,0
BRDA:31,1,1,43
BRDA:39,2,0,43
BRDA:39,2,1,6
BRDA:42,3,0,2
BRDA:42,3,1,41
BRDA:42,4,0,43
BRDA:42,4,1,7
BRDA:42,4,2,2
BRDA:42,4,3,2
BRDA:47,5,0,1
BRDA:47,5,1,1
BRDA:53,6,0,0
BRDA:53,6,1,1
BRDA:53,7,0,1
BRDA:53,7,1,1
BRDA:53,7,2,1
BRDA:83,8,0,2
BRDA:83,8,1,0
BRDA:96,9,0,1
BRDA:96,9,1,0
BRDA:117,10,0,5
BRDA:117,10,1,1
BRDA:120,11,0,4
BRDA:120,11,1,1
BRDA:120,12,0,5
BRDA:120,12,1,4
BRDA:125,13,0,2
BRDA:125,13,1,2
BRDA:125,14,0,4
BRDA:125,14,1,2
BRDA:125,14,2,2
BRDA:125,14,3,2
BRF:33
BRH:29
end_of_record
TN:
SF:/home/travis/build/unosquare/tubular/src/js/tubular/interceptors/no-cache.js
FN:14,(anonymous_1)
FNF:1
FNH:1
FNDA:130,(anonymous_1)
DA:1,1
DA:2,1
DA:13,1
DA:16,130
DA:19,40
DA:20,5
DA:24,35
DA:26,35
DA:27,2
DA:28,2
DA:31,35
LF:11
LH:11
BRDA:19,1,0,5
BRDA:19,1,1,35
BRDA:26,2,0,2
BRDA:26,2,1,33
BRDA:27,3,0,2
BRDA:27,3,1,0
BRF:6
BRH:5
end_of_record
TN:
SF:/home/travis/build/unosquare/tubular/src/js/tubular/tubular-directives.js
FN:30,(anonymous_1)
FN:41,(anonymous_2)
FN:49,InitFromColumns
FN:94,(anonymous_4)
FN:106,(anonymous_5)
FN:114,InitFromColumns
FN:159,(anonymous_7)
FN:180,(anonymous_8)
FN:229,(anonymous_9)
FN:238,(anonymous_10)
FN:269,(anonymous_11)
FN:278,(anonymous_12)
FN:308,(anonymous_13)
FN:335,(anonymous_14)
FN:346,(anonymous_15)
FN:368,(anonymous_16)
FN:378,(anonymous_17)
FNF:17
FNH:0
FNDA:0,(anonymous_1)
FNDA:0,(anonymous_2)
FNDA:0,InitFromColumns
FNDA:0,(anonymous_4)
FNDA:0,(anonymous_5)
FNDA:0,InitFromColumns
FNDA:0,(anonymous_7)
FNDA:0,(anonymous_8)
FNDA:0,(anonymous_9)
FNDA:0,(anonymous_10)
FNDA:0,(anonymous_11)
FNDA:0,(anonymous_12)
FNDA:0,(anonymous_13)
FNDA:0,(anonymous_14)
FNDA:0,(anonymous_15)
FNDA:0,(anonymous_16)
FNDA:0,(anonymous_17)
DA:1,1
DA:2,1
DA:14,1
DA:31,0
DA:42,0
DA:43,0
DA:46,0
DA:49,1
DA:50,0
DA:52,0
DA:54,0
DA:55,0
DA:59,0
DA:61,0
DA:63,0
DA:64,0
DA:65,0
DA:66,0
DA:68,0
DA:69,0
DA:70,0
DA:73,0
DA:95,0
DA:107,0
DA:108,0
DA:111,0
DA:114,1
DA:115,0
DA:117,0
DA:119,0
DA:120,0
DA:124,0
DA:125,0
DA:126,0
DA:127,0
DA:128,0
DA:131,0
DA:160,0
DA:181,0
DA:182,0
DA:184,0
DA:186,0
DA:187,0
DA:188,0
DA:192,0
DA:193,0
DA:195,0
DA:198,0
DA:210,0
DA:211,0
DA:230,0
DA:239,0
DA:242,0
DA:246,0
DA:247,0
DA:250,0
DA:251,0
DA:271,0
DA:279,0
DA:280,0
DA:299,0
DA:309,0
DA:310,0
DA:311,0
DA:313,0
DA:317,0
DA:337,0
DA:347,0
DA:348,0
DA:349,0
DA:352,0
DA:354,0
DA:355,0
DA:356,0
DA:358,0
DA:359,0
DA:370,0
DA:379,0
DA:380,0
DA:381,0
DA:384,0
DA:386,0
DA:387,0
DA:388,0
DA:390,0
DA:391,0
LF:86
LH:5
BRDA:52,1,0,0
BRDA:52,1,1,0
BRDA:54,2,0,0
BRDA:54,2,1,0
BRDA:59,3,0,0
BRDA:59,3,1,0
BRDA:59,4,0,0
BRDA:59,4,1,0
BRDA:73,5,0,0
BRDA:73,5,1,0
BRDA:117,6,0,0
BRDA:117,6,1,0
BRDA:119,7,0,0
BRDA:119,7,1,0
BRDA:124,8,0,0
BRDA:124,8,1,0
BRDA:124,9,0,0
BRDA:124,9,1,0
BRDA:181,10,0,0
BRDA:181,10,1,0
BRDA:187,11,0,0
BRDA:187,11,1,0
BRDA:246,12,0,0
BRDA:246,12,1,0
BRDA:250,13,0,0
BRDA:250,13,1,0
BRDA:279,14,0,0
BRDA:279,14,1,0
BRDA:348,15,0,0
BRDA:348,15,1,0
BRDA:349,16,0,0
BRDA:349,16,1,0
BRDA:354,17,0,0
BRDA:354,17,1,0
BRDA:358,18,0,0
BRDA:358,18,1,0
BRDA:380,19,0,0
BRDA:380,19,1,0
BRDA:381,20,0,0
BRDA:381,20,1,0
BRDA:386,21,0,0
BRDA:386,21,1,0
BRDA:390,22,0,0
BRDA:390,22,1,0
BRF:44
BRH:0
end_of_record
TN:
SF:/home/travis/build/unosquare/tubular/src/js/tubular/directives/editors/tbSimpleEditor.js
FN:5,(anonymous_1)
FNF:1
FNH:1
FNDA:10,(anonymous_1)
DA:1,1
DA:2,1
DA:4,1
DA:6,10
DA:8,10
DA:9,4
DA:10,1
DA:12,1
DA:13,1
DA:14,1
DA:15,1
DA:19,3
DA:20,1
DA:21,1
DA:22,1
DA:23,1
DA:24,1
DA:28,2
DA:29,1
DA:30,1
DA:31,1
DA:32,1
DA:36,1
DA:37,1
DA:38,1
DA:39,1
DA:40,1
DA:45,10
DA:48,1
LF:29
LH:29
BRDA:9,1,0,1
BRDA:9,1,1,3
BRDA:9,2,0,4
BRDA:9,2,1,1
BRDA:12,3,0,1
BRDA:12,3,1,0
BRDA:14,4,0,1
BRDA:14,4,1,1
BRDA:19,5,0,1
BRDA:19,5,1,2
BRDA:20,6,0,1
BRDA:20,6,1,0
BRDA:28,7,0,1
BRDA:28,7,1,1
BRDA:28,8,0,2
BRDA:28,8,1,1
BRDA:29,9,0,1
BRDA:29,9,1,0
BRDA:36,10,0,1
BRDA:36,10,1,0
BRDA:36,11,0,1
BRDA:36,11,1,1
BRDA:37,12,0,1
BRDA:37,12,1,0
BRF:24
BRH:19
end_of_record
TN:
SF:/home/travis/build/unosquare/tubular/src/js/tubular/directives/form/tbForm.js
FN:32,(anonymous_1)
FNF:1
FNH:1
FNDA:9,(anonymous_1)
DA:1,1
DA:2,1
DA:4,1
DA:33,9
DA:48,9
LF:5
LH:5
BRF:0
BRH:0
end_of_record
TN:
SF:/home/travis/build/unosquare/tubular/src/js/tubular/directives/form/tbFormCtrl.js
FN:13,(anonymous_1)
FN:23,getUrlWithKey
FN:63,(anonymous_3)
FNF:3
FNH:1
FNDA:2,(anonymous_1)
FNDA:0,getUrlWithKey
FNDA:0,(anonymous_3)
DA:1,1
DA:2,1
DA:3,1
DA:5,1
DA:20,2
DA:21,2
DA:23,1
DA:24,0
DA:25,0
DA:27,0
DA:28,0
DA:31,0
DA:34,2
DA:36,2
DA:37,2
DA:41,2
DA:44,2
DA:48,2
DA:49,0
DA:51,0
DA:52,0
DA:53,0
DA:57,0
DA:58,0
DA:61,2
DA:63,2
DA:64,0
DA:65,0
DA:68,0
DA:69,0
DA:70,0
DA:71,0
DA:73,0
DA:76,0
DA:77,0
DA:80,0
DA:83,2
DA:84,0
DA:85,0
DA:88,0
DA:89,0
DA:90,0
DA:93,0
DA:95,0
DA:102,0
DA:103,0
DA:105,0
DA:107,0
DA:108,0
DA:111,0
DA:113,0
DA:114,0
DA:116,0
DA:118,0
DA:119,0
DA:124,2
DA:126,2
DA:127,0
DA:128,0
DA:131,2
DA:132,0
DA:133,0
DA:136,2
DA:137,0
DA:138,0
DA:139,0
DA:141,0
DA:143,0
DA:144,0
DA:150,2
DA:151,0
DA:152,0
DA:154,0
DA:155,0
DA:159,0
DA:161,0
LF:76
LH:21
BRDA:27,1,0,0
BRDA:27,1,1,0
BRDA:36,2,0,2
BRDA:36,2,1,2
BRDA:37,3,0,2
BRDA:37,3,1,2
BRDA:44,4,0,2
BRDA:44,4,1,0
BRDA:52,5,0,0
BRDA:52,5,1,0
BRDA:64,6,0,0
BRDA:64,6,1,0
BRDA:68,7,0,0
BRDA:68,7,1,0
BRDA:68,7,2,0
BRDA:76,8,0,0
BRDA:76,8,1,0
BRDA:84,9,0,0
BRDA:84,9,1,0
BRDA:88,10,0,0
BRDA:88,10,1,0
BRDA:88,11,0,0
BRDA:88,11,1,0
BRDA:88,11,2,0
BRDA:98,12,0,0
BRDA:98,12,1,0
BRDA:98,13,0,0
BRDA:98,13,1,0
BRDA:107,14,0,0
BRDA:107,14,1,0
BRDA:113,15,0,0
BRDA:113,15,1,0
BRDA:138,16,0,0
BRDA:138,16,1,0
BRDA:143,17,0,0
BRDA:143,17,1,0
BRDA:154,18,0,0
BRDA:154,18,1,0
BRF:38
BRH:5
end_of_record
TN:
SF:/home/travis/build/unosquare/tubular/src/js/tubular/directives/grid/components/tbTextSearch/tbTextSearch.js
FN:1,(anonymous_1)
FNF:1
FNH:1
FNDA:1,(anonymous_1)
DA:1,1
DA:4,1
LF:2
LH:2
BRF:0
BRH:0
end_of_record
TN:
SF:/home/travis/build/unosquare/tubular/src/js/tubular/directives/grid/components/tbTextSearch/tbTextSearchCtrl.js
FN:1,(anonymous_1)
FN:6,(anonymous_2)
FN:34,search
FNF:3
FNH:2
FNDA:1,(anonymous_1)
FNDA:3,(anonymous_2)
FNDA:0,search
DA:1,1
DA:4,1
DA:7,3
DA:9,3
DA:10,3
DA:11,3
DA:14,3
DA:15,0
DA:16,0
DA:19,0
DA:21,0
DA:22,0
DA:23,0
DA:26,0
DA:27,0
DA:30,0
DA:31,0
DA:34,1
DA:35,0
DA:36,0
DA:37,0
LF:21
LH:8
BRDA:10,1,0,3
BRDA:10,1,1,2
BRDA:15,2,0,0
BRDA:15,2,1,0
BRDA:15,3,0,0
BRDA:15,3,1,0
BRDA:21,4,0,0
BRDA:21,4,1,0
BRDA:21,5,0,0
BRDA:21,5,1,0
BRDA:26,6,0,0
BRDA:26,6,1,0
BRDA:26,7,0,0
BRDA:26,7,1,0
BRDA:26,7,2,0
BRF:15
BRH:2
end_of_record
TN:
SF:/home/travis/build/unosquare/tubular/src/js/tubular/directives/grid/tbGrid.js
FN:1,(anonymous_1)
FNF:1
FNH:1
FNDA:1,(anonymous_1)
DA:1,1
DA:4,1
LF:2
LH:2
BRF:0
BRH:0
end_of_record
TN:
SF:/home/travis/build/unosquare/tubular/src/js/tubular/directives/grid/tbGridCtrl.js
FN:14,(anonymous_1)
FN:182,getRequiredAuthentication
FN:186,addTimeZoneToUrl
FNF:3
FNH:2
FNDA:71,(anonymous_1)
FNDA:11,getRequiredAuthentication
FNDA:0,addTimeZoneToUrl
DA:1,1
DA:2,1
DA:4,1
DA:22,71
DA:23,71
DA:24,71
DA:26,71
DA:27,71
DA:28,0
DA:30,71
DA:32,71
DA:33,71
DA:34,71
DA:36,71
DA:37,71
DA:38,71
DA:39,71
DA:40,71
DA:41,71
DA:42,71
DA:43,71
DA:44,71
DA:45,71
DA:46,71
DA:47,71
DA:48,71
DA:49,71
DA:50,71
DA:51,71
DA:56,71
DA:57,71
DA:58,71
DA:59,71
DA:60,71
DA:61,71
DA:62,71
DA:65,71
DA:68,71
DA:69,2
DA:70,0
DA:73,2
DA:76,71
DA:78,71
DA:79,2
DA:80,0
DA:83,2
DA:86,71
DA:88,71
DA:89,0
DA:90,0
DA:93,0
DA:96,71
DA:98,71
DA:99,0
DA:100,0
DA:103,0
DA:106,71
DA:108,71
DA:109,2
DA:110,2
DA:111,1
DA:114,2
DA:118,71
DA:120,71
DA:121,1
DA:122,1
DA:126,71
DA:128,71
DA:129,3
DA:130,0
DA:133,3
DA:134,1
DA:136,2
DA:140,71
DA:141,1
DA:142,0
DA:145,1
DA:146,0
DA:149,1
DA:152,71
DA:153,3
DA:154,3
DA:155,3
DA:156,3
DA:158,3
DA:159,1
DA:163,71
DA:164,1
DA:165,1
DA:167,1
DA:168,0
DA:171,1
DA:174,0
DA:175,0
DA:177,0
DA:178,0
DA:182,1
DA:183,11
DA:186,1
DA:187,0
DA:193,71
DA:194,0
DA:195,0
DA:198,0
DA:199,0
DA:200,0
DA:203,0
DA:204,0
DA:205,0
DA:206,0
DA:207,0
DA:209,0
DA:211,0
DA:212,0
DA:213,0
DA:214,0
DA:215,0
DA:216,0
DA:217,0
DA:219,0
DA:229,0
DA:230,0
DA:231,0
DA:232,0
DA:233,0
DA:234,0
DA:236,0
DA:238,0
DA:239,0
DA:240,0
DA:242,0
DA:245,0
DA:248,71
DA:249,2
DA:250,2
DA:252,1
DA:253,1
DA:256,1
DA:257,1
DA:259,1
DA:260,0
DA:263,1
DA:265,1
DA:268,1
DA:269,1
DA:270,1
DA:274,1
DA:275,0
DA:278,1
DA:281,0
DA:286,71
DA:287,10
DA:288,9
DA:289,9
DA:292,10
DA:293,0
DA:306,10
DA:321,71
DA:322,0
DA:324,0
DA:325,0
DA:327,0
DA:331,71
DA:332,7
DA:334,7
DA:335,0
DA:338,7
DA:340,7
DA:342,0
DA:345,71
DA:347,7
DA:348,0
DA:351,7
DA:352,0
DA:355,7
DA:356,7
DA:358,7
DA:359,7
DA:362,7
DA:364,7
DA:365,7
DA:367,7
DA:368,0
DA:371,7
DA:375,71
DA:376,0
DA:377,0
DA:380,71
DA:381,13
DA:383,13
DA:384,2
DA:388,2
DA:391,11
DA:393,11
DA:395,11
DA:396,11
DA:397,11
DA:399,11
DA:400,0
DA:403,11
DA:406,11
DA:408,11
DA:409,11
DA:410,11
DA:411,11
DA:412,11
DA:413,11
DA:415,11
DA:416,10
DA:420,71
DA:421,14
DA:423,7
DA:424,1
DA:427,6
DA:429,6
DA:430,0
DA:434,6
DA:435,6
DA:440,6
DA:441,0
DA:442,0
DA:444,6
DA:445,6
DA:449,6
DA:450,6
DA:452,3
DA:453,3
DA:458,12
DA:461,6
DA:462,3
DA:465,9
DA:467,6
DA:468,6
DA:471,71
DA:472,0
DA:473,0
DA:474,0
DA:479,0
DA:480,0
DA:481,0
DA:484,71
LF:241
LH:167
BRDA:27,1,0,0
BRDA:27,1,1,71
BRDA:27,2,0,71
BRDA:27,2,1,0
BRDA:32,3,0,71
BRDA:32,3,1,71
BRDA:36,4,0,71
BRDA:36,4,1,0
BRDA:37,5,0,71
BRDA:37,5,1,0
BRDA:37,6,0,71
BRDA:37,6,1,71
BRDA:38,7,0,71
BRDA:38,7,1,0
BRDA:39,8,0,71
BRDA:39,8,1,71
BRDA:40,9,0,71
BRDA:40,9,1,0
BRDA:47,10,0,71
BRDA:47,10,1,71
BRDA:48,11,0,71
BRDA:48,11,1,71
BRDA:50,12,0,71
BRDA:50,12,1,0
BRDA:50,13,0,71
BRDA:50,13,1,71
BRDA:53,14,0,71
BRDA:53,14,1,0
BRDA:58,15,0,71
BRDA:58,15,1,71
BRDA:60,16,0,71
BRDA:60,16,1,0
BRDA:61,17,0,71
BRDA:61,17,1,0
BRDA:62,18,0,71
BRDA:62,18,1,71
BRDA:69,19,0,0
BRDA:69,19,1,2
BRDA:69,20,0,2
BRDA:69,20,1,2
BRDA:79,21,0,0
BRDA:79,21,1,2
BRDA:79,22,0,2
BRDA:79,22,1,2
BRDA:79,22,2,2
BRDA:79,22,3,2
BRDA:89,23,0,0
BRDA:89,23,1,0
BRDA:89,24,0,0
BRDA:89,24,1,0
BRDA:89,24,2,0
BRDA:89,24,3,0
BRDA:99,25,0,0
BRDA:99,25,1,0
BRDA:109,26,0,2
BRDA:109,26,1,0
BRDA:109,27,0,2
BRDA:109,27,1,2
BRDA:110,28,0,1
BRDA:110,28,1,1
BRDA:121,29,0,1
BRDA:121,29,1,0
BRDA:121,30,0,1
BRDA:121,30,1,1
BRDA:129,31,0,0
BRDA:129,31,1,3
BRDA:133,32,0,1
BRDA:133,32,1,2
BRDA:141,33,0,0
BRDA:141,33,1,1
BRDA:145,34,0,0
BRDA:145,34,1,1
BRDA:153,35,0,3
BRDA:153,35,1,2
BRDA:158,36,0,1
BRDA:158,36,1,2
BRDA:158,37,0,3
BRDA:158,37,1,3
BRDA:158,37,2,1
BRDA:167,38,0,0
BRDA:167,38,1,1
BRDA:183,39,0,0
BRDA:183,39,1,11
BRDA:188,40,0,0
BRDA:188,40,1,0
BRDA:194,41,0,0
BRDA:194,41,1,0
BRDA:198,42,0,0
BRDA:198,42,1,0
BRDA:198,43,0,0
BRDA:198,43,1,0
BRDA:198,43,2,0
BRDA:220,44,0,0
BRDA:220,44,1,0
BRDA:221,45,0,0
BRDA:221,45,1,0
BRDA:221,46,0,0
BRDA:221,46,1,0
BRDA:222,47,0,0
BRDA:222,47,1,0
BRDA:250,48,0,1
BRDA:250,48,1,1
BRDA:250,49,0,2
BRDA:250,49,1,1
BRDA:259,50,0,0
BRDA:259,50,1,1
BRDA:268,51,0,1
BRDA:268,51,1,0
BRDA:274,52,0,0
BRDA:274,52,1,1
BRDA:274,53,0,1
BRDA:274,53,1,0
BRDA:278,54,0,0
BRDA:278,54,1,1
BRDA:278,55,0,1
BRDA:278,55,1,0
BRDA:278,55,2,0
BRDA:287,56,0,9
BRDA:287,56,1,1
BRDA:289,57,0,6
BRDA:289,57,1,3
BRDA:292,58,0,0
BRDA:292,58,1,10
BRDA:308,59,0,10
BRDA:308,59,1,0
BRDA:324,60,0,0
BRDA:324,60,1,0
BRDA:334,61,0,0
BRDA:334,61,1,7
BRDA:347,62,0,0
BRDA:347,62,1,7
BRDA:347,63,0,7
BRDA:347,63,1,7
BRDA:347,63,2,7
BRDA:351,64,0,0
BRDA:351,64,1,7
BRDA:358,65,0,7
BRDA:358,65,1,0
BRDA:359,66,0,7
BRDA:359,66,1,6
BRDA:362,67,0,1
BRDA:362,67,1,6
BRDA:365,68,0,7
BRDA:365,68,1,0
BRDA:367,69,0,0
BRDA:367,69,1,7
BRDA:383,70,0,2
BRDA:383,70,1,11
BRDA:383,71,0,13
BRDA:383,71,1,12
BRDA:383,71,2,12
BRDA:415,72,0,10
BRDA:415,72,1,1
BRDA:423,73,0,1
BRDA:423,73,1,6
BRDA:429,74,0,0
BRDA:429,74,1,6
BRDA:435,75,0,5
BRDA:435,75,1,1
BRDA:437,76,0,1
BRDA:437,76,1,0
BRDA:440,77,0,0
BRDA:440,77,1,6
BRDA:449,78,0,3
BRDA:449,78,1,3
BRDA:462,79,0,0
BRDA:462,79,1,3
BRF:167
BRH:102
end_of_record
TN:
SF:/home/travis/build/unosquare/tubular/src/js/tubular/tubular.js
FN:1,(anonymous_1)
FNF:1
FNH:1
FNDA:1,(anonymous_1)
DA:1,1
DA:13,1
LF:2
LH:2
BRF:0
BRH:0
end_of_record
TN:
SF:/home/travis/build/unosquare/tubular/src/js/tubular/filters/errormessage.js
FN:1,(anonymous_1)
FN:16,(anonymous_2)
FNF:2
FNH:2
FNDA:1,(anonymous_1)
FNDA:3,(anonymous_2)
DA:1,1
DA:4,1
DA:17,3
DA:18,3
DA:19,1
DA:22,2
LF:6
LH:6
BRDA:18,1,0,1
BRDA:18,1,1,2
BRDA:18,2,0,3
BRDA:18,2,1,2
BRDA:18,2,2,1
BRDA:22,3,0,2
BRDA:22,3,1,1
BRF:7
BRH:7
end_of_record
TN:
SF:/home/travis/build/unosquare/tubular/src/js/tubular/filters/moment.js
FN:1,(anonymous_1)
FN:16,(anonymous_2)
FNF:2
FNH:2
FNDA:1,(anonymous_1)
FNDA:3,(anonymous_2)
DA:1,1
DA:4,1
DA:17,3
DA:18,3
LF:4
LH:4
BRDA:18,1,0,2
BRDA:18,1,1,1
BRDA:18,2,0,2
BRDA:18,2,1,1
BRF:4
BRH:4
end_of_record
TN:
SF:/home/travis/build/unosquare/tubular/src/js/tubular/filters/numberorcurrency.js
FN:1,(anonymous_1)
FN:17,(anonymous_2)
FNF:2
FNH:2
FNDA:1,(anonymous_1)
FNDA:5,(anonymous_2)
DA:1,1
DA:4,1
DA:18,5
DA:19,5
DA:21,5
DA:22,2
DA:25,3
LF:7
LH:7
BRDA:19,1,0,5
BRDA:19,1,1,4
BRDA:21,2,0,2
BRDA:21,2,1,3
BRDA:22,3,0,2
BRDA:22,3,1,1
BRDA:25,4,0,1
BRDA:25,4,1,2
BRF:8
BRH:8
end_of_record
TN:
SF:/home/travis/build/unosquare/tubular/src/js/tubular/filters/translate.js
FN:1,(anonymous_1)
FN:12,(anonymous_2)
FN:13,(anonymous_3)
FNF:3
FNH:3
FNDA:1,(anonymous_1)
FNDA:93,(anonymous_2)
FNDA:10,(anonymous_3)
DA:1,1
DA:4,1
DA:13,93
DA:14,10
DA:15,0
DA:18,10
DA:24,10
LF:7
LH:6
BRDA:14,1,0,0
BRDA:14,1,1,10
BRDA:19,2,0,10
BRDA:19,2,1,2
BRDA:20,3,0,10
BRDA:20,3,1,6
BRDA:21,4,0,10
BRDA:21,4,1,7
BRDA:22,5,0,10
BRDA:22,5,1,8
BRF:10
BRH:9
end_of_record
TN:
SF:/home/travis/build/unosquare/tubular/src/js/tubular-chart/chartjs/tbChartJs.js
FNF:0
FNH:0
DA:1,1
DA:2,1
DA:4,1
LF:3
LH:3
BRF:0
BRH:0
end_of_record
TN:
SF:/home/travis/build/unosquare/tubular/src/js/tubular-chart/chartjs/tbChartJsCtrl.js
FN:8,(anonymous_1)
FNF:1
FNH:0
FNDA:0,(anonymous_1)
DA:1,1
DA:2,1
DA:4,1
DA:11,0
DA:13,0
DA:14,0
DA:17,0
DA:21,0
DA:22,0
DA:25,0
DA:27,0
DA:28,0
DA:30,0
DA:31,0
DA:34,0
DA:38,0
DA:39,0
DA:42,0
DA:45,0
DA:47,0
DA:48,0
DA:49,0
DA:51,0
DA:52,0
DA:54,0
DA:57,0
DA:58,0
DA:59,0
DA:63,0
DA:64,0
DA:65,0
DA:67,0
LF:32
LH:3
BRDA:13,1,0,0
BRDA:13,1,1,0
BRDA:14,2,0,0
BRDA:14,2,1,0
BRDA:17,3,0,0
BRDA:17,3,1,0
BRDA:27,4,0,0
BRDA:27,4,1,0
BRDA:27,5,0,0
BRDA:27,5,1,0
BRDA:27,5,2,0
BRDA:30,6,0,0
BRDA:30,6,1,0
BRDA:38,7,0,0
BRDA:38,7,1,0
BRDA:51,8,0,0
BRDA:51,8,1,0
BRDA:58,9,0,0
BRDA:58,9,1,0
BRDA:58,10,0,0
BRDA:58,10,1,0
BRDA:64,11,0,0
BRDA:64,11,1,0
BRDA:64,12,0,0
BRDA:64,12,1,0
BRF:25
BRH:0
end_of_record
TN:
SF:/home/travis/build/unosquare/tubular/src/js/tubular-chart/tubular-directives-highcharts.js
FN:42,(anonymous_1)
FNF:1
FNH:0
FNDA:0,(anonymous_1)
DA:1,1
DA:2,1
DA:4,1
DA:43,0
DA:45,0
DA:46,0
DA:48,0
DA:77,0
DA:79,0
DA:80,0
DA:82,0
DA:85,0
DA:86,0
DA:90,0
DA:91,0
DA:93,0
DA:94,0
DA:95,0
DA:97,0
DA:98,0
DA:101,0
DA:104,0
DA:106,0
DA:107,0
DA:108,0
DA:110,0
DA:112,0
DA:115,0
DA:116,0
DA:117,0
DA:121,0
DA:122,0
DA:123,0
DA:127,0
DA:128,0
DA:129,0
LF:36
LH:3
BRDA:45,1,0,0
BRDA:45,1,1,0
BRDA:46,2,0,0
BRDA:46,2,1,0
BRDA:55,3,0,0
BRDA:55,3,1,0
BRDA:62,4,0,0
BRDA:62,4,1,0
BRDA:68,5,0,0
BRDA:68,5,1,0
BRDA:77,6,0,0
BRDA:77,6,1,0
BRDA:93,7,0,0
BRDA:93,7,1,0
BRDA:93,8,0,0
BRDA:93,8,1,0
BRDA:93,8,2,0
BRDA:97,9,0,0
BRDA:97,9,1,0
BRDA:106,10,0,0
BRDA:106,10,1,0
BRDA:112,11,0,0
BRDA:112,11,1,0
BRDA:112,12,0,0
BRDA:112,12,1,0
BRDA:115,13,0,0
BRDA:115,13,1,0
BRDA:122,14,0,0
BRDA:122,14,1,0
BRDA:122,15,0,0
BRDA:122,15,1,0
BRDA:122,15,2,0
BRDA:128,16,0,0
BRDA:128,16,1,0
BRDA:128,17,0,0
BRDA:128,17,1,0
BRF:36
BRH:0
end_of_record
